[0.175s] DEBUG:colcon:Command line arguments: ['/usr/bin/colcon', 'build', '--cmake-args', '-DCMAKE_EXPORT_COMPILE_COMMANDS=ON']
[0.175s] DEBUG:colcon:Parsed command line arguments: Namespace(log_base=None, log_level=None, verb_name='build', build_base='build', install_base='install', merge_install=False, symlink_install=False, test_result_base=None, continue_on_error=False, executor='parallel', parallel_workers=32, event_handlers=None, ignore_user_meta=False, metas=['./colcon.meta'], base_paths=['.'], packages_ignore=None, packages_ignore_regex=None, paths=None, packages_up_to=None, packages_up_to_regex=None, packages_above=None, packages_above_and_dependencies=None, packages_above_depth=None, packages_select_by_dep=None, packages_skip_by_dep=None, packages_skip_up_to=None, packages_select_build_failed=False, packages_skip_build_finished=False, packages_select_test_failures=False, packages_skip_test_passed=False, packages_select=None, packages_skip=None, packages_select_regex=None, packages_skip_regex=None, packages_start=None, packages_end=None, allow_overriding=[], cmake_args=['-DCMAKE_EXPORT_COMPILE_COMMANDS=ON'], cmake_target=None, cmake_target_skip_unavailable=False, cmake_clean_cache=False, cmake_clean_first=False, cmake_force_configure=False, ament_cmake_args=None, catkin_cmake_args=None, catkin_skip_building_tests=False, mixin_files=None, mixin=None, verb_parser=<colcon_mixin.mixin.mixin_argument.MixinArgumentDecorator object at 0x7fd74fd2dd80>, verb_extension=<colcon_core.verb.build.BuildVerb object at 0x7fd74fd2d810>, main=<bound method BuildVerb.main of <colcon_core.verb.build.BuildVerb object at 0x7fd74fd2d810>>, mixin_verb=('build',))
[0.350s] Level 1:colcon.colcon_core.package_discovery:discover_packages(colcon_meta) check parameters
[0.351s] Level 1:colcon.colcon_core.package_discovery:discover_packages(recursive) check parameters
[0.351s] Level 1:colcon.colcon_core.package_discovery:discover_packages(ignore) check parameters
[0.351s] Level 1:colcon.colcon_core.package_discovery:discover_packages(path) check parameters
[0.351s] Level 1:colcon.colcon_core.package_discovery:discover_packages(colcon_meta) discover
[0.351s] Level 1:colcon.colcon_core.package_discovery:discover_packages(recursive) discover
[0.351s] INFO:colcon.colcon_core.package_discovery:Crawling recursively for packages in '/home/mhdns/bumperbot_ws'
[0.351s] Level 1:colcon.colcon_core.package_identification:_identify(.) by extensions ['ignore', 'ignore_ament_install']
[0.351s] Level 1:colcon.colcon_core.package_identification:_identify(.) by extension 'ignore'
[0.351s] Level 1:colcon.colcon_core.package_identification:_identify(.) by extension 'ignore_ament_install'
[0.351s] Level 1:colcon.colcon_core.package_identification:_identify(.) by extensions ['colcon_pkg']
[0.351s] Level 1:colcon.colcon_core.package_identification:_identify(.) by extension 'colcon_pkg'
[0.351s] Level 1:colcon.colcon_core.package_identification:_identify(.) by extensions ['colcon_meta']
[0.351s] Level 1:colcon.colcon_core.package_identification:_identify(.) by extension 'colcon_meta'
[0.351s] Level 1:colcon.colcon_core.package_identification:_identify(.) by extensions ['ros']
[0.351s] Level 1:colcon.colcon_core.package_identification:_identify(.) by extension 'ros'
[0.360s] Level 1:colcon.colcon_core.package_identification:_identify(.) by extensions ['cmake', 'python']
[0.360s] Level 1:colcon.colcon_core.package_identification:_identify(.) by extension 'cmake'
[0.360s] Level 1:colcon.colcon_core.package_identification:_identify(.) by extension 'python'
[0.360s] Level 1:colcon.colcon_core.package_identification:_identify(.) by extensions ['python_setup_py']
[0.360s] Level 1:colcon.colcon_core.package_identification:_identify(.) by extension 'python_setup_py'
[0.361s] Level 1:colcon.colcon_core.package_identification:_identify(build) by extensions ['ignore', 'ignore_ament_install']
[0.361s] Level 1:colcon.colcon_core.package_identification:_identify(build) by extension 'ignore'
[0.361s] Level 1:colcon.colcon_core.package_identification:_identify(build) ignored
[0.361s] Level 1:colcon.colcon_core.package_identification:_identify(install) by extensions ['ignore', 'ignore_ament_install']
[0.361s] Level 1:colcon.colcon_core.package_identification:_identify(install) by extension 'ignore'
[0.361s] Level 1:colcon.colcon_core.package_identification:_identify(install) ignored
[0.361s] Level 1:colcon.colcon_core.package_identification:_identify(log) by extensions ['ignore', 'ignore_ament_install']
[0.361s] Level 1:colcon.colcon_core.package_identification:_identify(log) by extension 'ignore'
[0.361s] Level 1:colcon.colcon_core.package_identification:_identify(log) ignored
[0.361s] Level 1:colcon.colcon_core.package_identification:_identify(src) by extensions ['ignore', 'ignore_ament_install']
[0.361s] Level 1:colcon.colcon_core.package_identification:_identify(src) by extension 'ignore'
[0.361s] Level 1:colcon.colcon_core.package_identification:_identify(src) by extension 'ignore_ament_install'
[0.361s] Level 1:colcon.colcon_core.package_identification:_identify(src) by extensions ['colcon_pkg']
[0.361s] Level 1:colcon.colcon_core.package_identification:_identify(src) by extension 'colcon_pkg'
[0.361s] Level 1:colcon.colcon_core.package_identification:_identify(src) by extensions ['colcon_meta']
[0.361s] Level 1:colcon.colcon_core.package_identification:_identify(src) by extension 'colcon_meta'
[0.361s] Level 1:colcon.colcon_core.package_identification:_identify(src) by extensions ['ros']
[0.361s] Level 1:colcon.colcon_core.package_identification:_identify(src) by extension 'ros'
[0.361s] Level 1:colcon.colcon_core.package_identification:_identify(src) by extensions ['cmake', 'python']
[0.361s] Level 1:colcon.colcon_core.package_identification:_identify(src) by extension 'cmake'
[0.361s] Level 1:colcon.colcon_core.package_identification:_identify(src) by extension 'python'
[0.361s] Level 1:colcon.colcon_core.package_identification:_identify(src) by extensions ['python_setup_py']
[0.361s] Level 1:colcon.colcon_core.package_identification:_identify(src) by extension 'python_setup_py'
[0.362s] Level 1:colcon.colcon_core.package_identification:_identify(src/bumperbot_controller) by extensions ['ignore', 'ignore_ament_install']
[0.362s] Level 1:colcon.colcon_core.package_identification:_identify(src/bumperbot_controller) by extension 'ignore'
[0.362s] Level 1:colcon.colcon_core.package_identification:_identify(src/bumperbot_controller) by extension 'ignore_ament_install'
[0.362s] Level 1:colcon.colcon_core.package_identification:_identify(src/bumperbot_controller) by extensions ['colcon_pkg']
[0.362s] Level 1:colcon.colcon_core.package_identification:_identify(src/bumperbot_controller) by extension 'colcon_pkg'
[0.362s] Level 1:colcon.colcon_core.package_identification:_identify(src/bumperbot_controller) by extensions ['colcon_meta']
[0.362s] Level 1:colcon.colcon_core.package_identification:_identify(src/bumperbot_controller) by extension 'colcon_meta'
[0.362s] Level 1:colcon.colcon_core.package_identification:_identify(src/bumperbot_controller) by extensions ['ros']
[0.362s] Level 1:colcon.colcon_core.package_identification:_identify(src/bumperbot_controller) by extension 'ros'
[0.364s] DEBUG:colcon.colcon_core.package_identification:Package 'src/bumperbot_controller' with type 'ros.ament_cmake' and name 'bumperbot_controller'
[0.364s] Level 1:colcon.colcon_core.package_identification:_identify(src/bumperbot_cpp_examples) by extensions ['ignore', 'ignore_ament_install']
[0.364s] Level 1:colcon.colcon_core.package_identification:_identify(src/bumperbot_cpp_examples) by extension 'ignore'
[0.364s] Level 1:colcon.colcon_core.package_identification:_identify(src/bumperbot_cpp_examples) by extension 'ignore_ament_install'
[0.364s] Level 1:colcon.colcon_core.package_identification:_identify(src/bumperbot_cpp_examples) by extensions ['colcon_pkg']
[0.364s] Level 1:colcon.colcon_core.package_identification:_identify(src/bumperbot_cpp_examples) by extension 'colcon_pkg'
[0.364s] Level 1:colcon.colcon_core.package_identification:_identify(src/bumperbot_cpp_examples) by extensions ['colcon_meta']
[0.364s] Level 1:colcon.colcon_core.package_identification:_identify(src/bumperbot_cpp_examples) by extension 'colcon_meta'
[0.364s] Level 1:colcon.colcon_core.package_identification:_identify(src/bumperbot_cpp_examples) by extensions ['ros']
[0.364s] Level 1:colcon.colcon_core.package_identification:_identify(src/bumperbot_cpp_examples) by extension 'ros'
[0.365s] DEBUG:colcon.colcon_core.package_identification:Package 'src/bumperbot_cpp_examples' with type 'ros.ament_cmake' and name 'bumperbot_cpp_examples'
[0.365s] Level 1:colcon.colcon_core.package_identification:_identify(src/bumperbot_description) by extensions ['ignore', 'ignore_ament_install']
[0.365s] Level 1:colcon.colcon_core.package_identification:_identify(src/bumperbot_description) by extension 'ignore'
[0.365s] Level 1:colcon.colcon_core.package_identification:_identify(src/bumperbot_description) by extension 'ignore_ament_install'
[0.365s] Level 1:colcon.colcon_core.package_identification:_identify(src/bumperbot_description) by extensions ['colcon_pkg']
[0.365s] Level 1:colcon.colcon_core.package_identification:_identify(src/bumperbot_description) by extension 'colcon_pkg'
[0.365s] Level 1:colcon.colcon_core.package_identification:_identify(src/bumperbot_description) by extensions ['colcon_meta']
[0.365s] Level 1:colcon.colcon_core.package_identification:_identify(src/bumperbot_description) by extension 'colcon_meta'
[0.365s] Level 1:colcon.colcon_core.package_identification:_identify(src/bumperbot_description) by extensions ['ros']
[0.365s] Level 1:colcon.colcon_core.package_identification:_identify(src/bumperbot_description) by extension 'ros'
[0.366s] DEBUG:colcon.colcon_core.package_identification:Package 'src/bumperbot_description' with type 'ros.ament_cmake' and name 'bumperbot_description'
[0.366s] Level 1:colcon.colcon_core.package_identification:_identify(src/bumperbot_localization) by extensions ['ignore', 'ignore_ament_install']
[0.366s] Level 1:colcon.colcon_core.package_identification:_identify(src/bumperbot_localization) by extension 'ignore'
[0.366s] Level 1:colcon.colcon_core.package_identification:_identify(src/bumperbot_localization) by extension 'ignore_ament_install'
[0.366s] Level 1:colcon.colcon_core.package_identification:_identify(src/bumperbot_localization) by extensions ['colcon_pkg']
[0.366s] Level 1:colcon.colcon_core.package_identification:_identify(src/bumperbot_localization) by extension 'colcon_pkg'
[0.366s] Level 1:colcon.colcon_core.package_identification:_identify(src/bumperbot_localization) by extensions ['colcon_meta']
[0.366s] Level 1:colcon.colcon_core.package_identification:_identify(src/bumperbot_localization) by extension 'colcon_meta'
[0.366s] Level 1:colcon.colcon_core.package_identification:_identify(src/bumperbot_localization) by extensions ['ros']
[0.366s] Level 1:colcon.colcon_core.package_identification:_identify(src/bumperbot_localization) by extension 'ros'
[0.367s] DEBUG:colcon.colcon_core.package_identification:Package 'src/bumperbot_localization' with type 'ros.ament_cmake' and name 'bumperbot_localization'
[0.367s] Level 1:colcon.colcon_core.package_identification:_identify(src/bumperbot_msgs) by extensions ['ignore', 'ignore_ament_install']
[0.367s] Level 1:colcon.colcon_core.package_identification:_identify(src/bumperbot_msgs) by extension 'ignore'
[0.367s] Level 1:colcon.colcon_core.package_identification:_identify(src/bumperbot_msgs) by extension 'ignore_ament_install'
[0.367s] Level 1:colcon.colcon_core.package_identification:_identify(src/bumperbot_msgs) by extensions ['colcon_pkg']
[0.367s] Level 1:colcon.colcon_core.package_identification:_identify(src/bumperbot_msgs) by extension 'colcon_pkg'
[0.367s] Level 1:colcon.colcon_core.package_identification:_identify(src/bumperbot_msgs) by extensions ['colcon_meta']
[0.367s] Level 1:colcon.colcon_core.package_identification:_identify(src/bumperbot_msgs) by extension 'colcon_meta'
[0.367s] Level 1:colcon.colcon_core.package_identification:_identify(src/bumperbot_msgs) by extensions ['ros']
[0.367s] Level 1:colcon.colcon_core.package_identification:_identify(src/bumperbot_msgs) by extension 'ros'
[0.368s] DEBUG:colcon.colcon_core.package_identification:Package 'src/bumperbot_msgs' with type 'ros.ament_cmake' and name 'bumperbot_msgs'
[0.368s] Level 1:colcon.colcon_core.package_identification:_identify(src/bumperbot_py_examples) by extensions ['ignore', 'ignore_ament_install']
[0.368s] Level 1:colcon.colcon_core.package_identification:_identify(src/bumperbot_py_examples) by extension 'ignore'
[0.368s] Level 1:colcon.colcon_core.package_identification:_identify(src/bumperbot_py_examples) by extension 'ignore_ament_install'
[0.368s] Level 1:colcon.colcon_core.package_identification:_identify(src/bumperbot_py_examples) by extensions ['colcon_pkg']
[0.368s] Level 1:colcon.colcon_core.package_identification:_identify(src/bumperbot_py_examples) by extension 'colcon_pkg'
[0.368s] Level 1:colcon.colcon_core.package_identification:_identify(src/bumperbot_py_examples) by extensions ['colcon_meta']
[0.368s] Level 1:colcon.colcon_core.package_identification:_identify(src/bumperbot_py_examples) by extension 'colcon_meta'
[0.368s] Level 1:colcon.colcon_core.package_identification:_identify(src/bumperbot_py_examples) by extensions ['ros']
[0.368s] Level 1:colcon.colcon_core.package_identification:_identify(src/bumperbot_py_examples) by extension 'ros'
[0.368s] DEBUG:colcon.colcon_core.package_identification:Package 'src/bumperbot_py_examples' with type 'ros.ament_python' and name 'bumperbot_py_examples'
[0.368s] Level 1:colcon.colcon_core.package_discovery:discover_packages(recursive) using defaults
[0.368s] Level 1:colcon.colcon_core.package_discovery:discover_packages(ignore) discover
[0.368s] Level 1:colcon.colcon_core.package_discovery:discover_packages(ignore) using defaults
[0.368s] Level 1:colcon.colcon_core.package_discovery:discover_packages(path) discover
[0.368s] Level 1:colcon.colcon_core.package_discovery:discover_packages(path) using defaults
[0.388s] Level 1:colcon.colcon_core.package_discovery:discover_packages(prefix_path) check parameters
[0.388s] Level 1:colcon.colcon_core.package_discovery:discover_packages(prefix_path) discover
[0.390s] DEBUG:colcon.colcon_installed_package_information.package_discovery:Found 329 installed packages in /opt/ros/humble
[0.392s] Level 1:colcon.colcon_core.package_discovery:discover_packages(prefix_path) using defaults
[0.424s] Level 5:colcon.colcon_core.verb:set package 'bumperbot_controller' build argument 'cmake_args' from command line to '['-DCMAKE_EXPORT_COMPILE_COMMANDS=ON']'
[0.424s] Level 5:colcon.colcon_core.verb:set package 'bumperbot_controller' build argument 'cmake_target' from command line to 'None'
[0.424s] Level 5:colcon.colcon_core.verb:set package 'bumperbot_controller' build argument 'cmake_target_skip_unavailable' from command line to 'False'
[0.424s] Level 5:colcon.colcon_core.verb:set package 'bumperbot_controller' build argument 'cmake_clean_cache' from command line to 'False'
[0.424s] Level 5:colcon.colcon_core.verb:set package 'bumperbot_controller' build argument 'cmake_clean_first' from command line to 'False'
[0.424s] Level 5:colcon.colcon_core.verb:set package 'bumperbot_controller' build argument 'cmake_force_configure' from command line to 'False'
[0.424s] Level 5:colcon.colcon_core.verb:set package 'bumperbot_controller' build argument 'ament_cmake_args' from command line to 'None'
[0.424s] Level 5:colcon.colcon_core.verb:set package 'bumperbot_controller' build argument 'catkin_cmake_args' from command line to 'None'
[0.424s] Level 5:colcon.colcon_core.verb:set package 'bumperbot_controller' build argument 'catkin_skip_building_tests' from command line to 'False'
[0.424s] DEBUG:colcon.colcon_core.verb:Building package 'bumperbot_controller' with the following arguments: {'ament_cmake_args': None, 'build_base': '/home/mhdns/bumperbot_ws/build/bumperbot_controller', 'catkin_cmake_args': None, 'catkin_skip_building_tests': False, 'cmake_args': ['-DCMAKE_EXPORT_COMPILE_COMMANDS=ON'], 'cmake_clean_cache': False, 'cmake_clean_first': False, 'cmake_force_configure': False, 'cmake_target': None, 'cmake_target_skip_unavailable': False, 'install_base': '/home/mhdns/bumperbot_ws/install/bumperbot_controller', 'merge_install': False, 'path': '/home/mhdns/bumperbot_ws/src/bumperbot_controller', 'symlink_install': False, 'test_result_base': None}
[0.424s] Level 5:colcon.colcon_core.verb:set package 'bumperbot_description' build argument 'cmake_args' from command line to '['-DCMAKE_EXPORT_COMPILE_COMMANDS=ON']'
[0.424s] Level 5:colcon.colcon_core.verb:set package 'bumperbot_description' build argument 'cmake_target' from command line to 'None'
[0.424s] Level 5:colcon.colcon_core.verb:set package 'bumperbot_description' build argument 'cmake_target_skip_unavailable' from command line to 'False'
[0.424s] Level 5:colcon.colcon_core.verb:set package 'bumperbot_description' build argument 'cmake_clean_cache' from command line to 'False'
[0.424s] Level 5:colcon.colcon_core.verb:set package 'bumperbot_description' build argument 'cmake_clean_first' from command line to 'False'
[0.424s] Level 5:colcon.colcon_core.verb:set package 'bumperbot_description' build argument 'cmake_force_configure' from command line to 'False'
[0.424s] Level 5:colcon.colcon_core.verb:set package 'bumperbot_description' build argument 'ament_cmake_args' from command line to 'None'
[0.424s] Level 5:colcon.colcon_core.verb:set package 'bumperbot_description' build argument 'catkin_cmake_args' from command line to 'None'
[0.424s] Level 5:colcon.colcon_core.verb:set package 'bumperbot_description' build argument 'catkin_skip_building_tests' from command line to 'False'
[0.424s] DEBUG:colcon.colcon_core.verb:Building package 'bumperbot_description' with the following arguments: {'ament_cmake_args': None, 'build_base': '/home/mhdns/bumperbot_ws/build/bumperbot_description', 'catkin_cmake_args': None, 'catkin_skip_building_tests': False, 'cmake_args': ['-DCMAKE_EXPORT_COMPILE_COMMANDS=ON'], 'cmake_clean_cache': False, 'cmake_clean_first': False, 'cmake_force_configure': False, 'cmake_target': None, 'cmake_target_skip_unavailable': False, 'install_base': '/home/mhdns/bumperbot_ws/install/bumperbot_description', 'merge_install': False, 'path': '/home/mhdns/bumperbot_ws/src/bumperbot_description', 'symlink_install': False, 'test_result_base': None}
[0.425s] Level 5:colcon.colcon_core.verb:set package 'bumperbot_localization' build argument 'cmake_args' from command line to '['-DCMAKE_EXPORT_COMPILE_COMMANDS=ON']'
[0.425s] Level 5:colcon.colcon_core.verb:set package 'bumperbot_localization' build argument 'cmake_target' from command line to 'None'
[0.425s] Level 5:colcon.colcon_core.verb:set package 'bumperbot_localization' build argument 'cmake_target_skip_unavailable' from command line to 'False'
[0.425s] Level 5:colcon.colcon_core.verb:set package 'bumperbot_localization' build argument 'cmake_clean_cache' from command line to 'False'
[0.425s] Level 5:colcon.colcon_core.verb:set package 'bumperbot_localization' build argument 'cmake_clean_first' from command line to 'False'
[0.425s] Level 5:colcon.colcon_core.verb:set package 'bumperbot_localization' build argument 'cmake_force_configure' from command line to 'False'
[0.425s] Level 5:colcon.colcon_core.verb:set package 'bumperbot_localization' build argument 'ament_cmake_args' from command line to 'None'
[0.425s] Level 5:colcon.colcon_core.verb:set package 'bumperbot_localization' build argument 'catkin_cmake_args' from command line to 'None'
[0.425s] Level 5:colcon.colcon_core.verb:set package 'bumperbot_localization' build argument 'catkin_skip_building_tests' from command line to 'False'
[0.425s] DEBUG:colcon.colcon_core.verb:Building package 'bumperbot_localization' with the following arguments: {'ament_cmake_args': None, 'build_base': '/home/mhdns/bumperbot_ws/build/bumperbot_localization', 'catkin_cmake_args': None, 'catkin_skip_building_tests': False, 'cmake_args': ['-DCMAKE_EXPORT_COMPILE_COMMANDS=ON'], 'cmake_clean_cache': False, 'cmake_clean_first': False, 'cmake_force_configure': False, 'cmake_target': None, 'cmake_target_skip_unavailable': False, 'install_base': '/home/mhdns/bumperbot_ws/install/bumperbot_localization', 'merge_install': False, 'path': '/home/mhdns/bumperbot_ws/src/bumperbot_localization', 'symlink_install': False, 'test_result_base': None}
[0.425s] Level 5:colcon.colcon_core.verb:set package 'bumperbot_msgs' build argument 'cmake_args' from command line to '['-DCMAKE_EXPORT_COMPILE_COMMANDS=ON']'
[0.425s] Level 5:colcon.colcon_core.verb:set package 'bumperbot_msgs' build argument 'cmake_target' from command line to 'None'
[0.425s] Level 5:colcon.colcon_core.verb:set package 'bumperbot_msgs' build argument 'cmake_target_skip_unavailable' from command line to 'False'
[0.425s] Level 5:colcon.colcon_core.verb:set package 'bumperbot_msgs' build argument 'cmake_clean_cache' from command line to 'False'
[0.425s] Level 5:colcon.colcon_core.verb:set package 'bumperbot_msgs' build argument 'cmake_clean_first' from command line to 'False'
[0.425s] Level 5:colcon.colcon_core.verb:set package 'bumperbot_msgs' build argument 'cmake_force_configure' from command line to 'False'
[0.425s] Level 5:colcon.colcon_core.verb:set package 'bumperbot_msgs' build argument 'ament_cmake_args' from command line to 'None'
[0.425s] Level 5:colcon.colcon_core.verb:set package 'bumperbot_msgs' build argument 'catkin_cmake_args' from command line to 'None'
[0.425s] Level 5:colcon.colcon_core.verb:set package 'bumperbot_msgs' build argument 'catkin_skip_building_tests' from command line to 'False'
[0.425s] DEBUG:colcon.colcon_core.verb:Building package 'bumperbot_msgs' with the following arguments: {'ament_cmake_args': None, 'build_base': '/home/mhdns/bumperbot_ws/build/bumperbot_msgs', 'catkin_cmake_args': None, 'catkin_skip_building_tests': False, 'cmake_args': ['-DCMAKE_EXPORT_COMPILE_COMMANDS=ON'], 'cmake_clean_cache': False, 'cmake_clean_first': False, 'cmake_force_configure': False, 'cmake_target': None, 'cmake_target_skip_unavailable': False, 'install_base': '/home/mhdns/bumperbot_ws/install/bumperbot_msgs', 'merge_install': False, 'path': '/home/mhdns/bumperbot_ws/src/bumperbot_msgs', 'symlink_install': False, 'test_result_base': None}
[0.426s] Level 5:colcon.colcon_core.verb:set package 'bumperbot_cpp_examples' build argument 'cmake_args' from command line to '['-DCMAKE_EXPORT_COMPILE_COMMANDS=ON']'
[0.426s] Level 5:colcon.colcon_core.verb:set package 'bumperbot_cpp_examples' build argument 'cmake_target' from command line to 'None'
[0.426s] Level 5:colcon.colcon_core.verb:set package 'bumperbot_cpp_examples' build argument 'cmake_target_skip_unavailable' from command line to 'False'
[0.426s] Level 5:colcon.colcon_core.verb:set package 'bumperbot_cpp_examples' build argument 'cmake_clean_cache' from command line to 'False'
[0.426s] Level 5:colcon.colcon_core.verb:set package 'bumperbot_cpp_examples' build argument 'cmake_clean_first' from command line to 'False'
[0.426s] Level 5:colcon.colcon_core.verb:set package 'bumperbot_cpp_examples' build argument 'cmake_force_configure' from command line to 'False'
[0.426s] Level 5:colcon.colcon_core.verb:set package 'bumperbot_cpp_examples' build argument 'ament_cmake_args' from command line to 'None'
[0.426s] Level 5:colcon.colcon_core.verb:set package 'bumperbot_cpp_examples' build argument 'catkin_cmake_args' from command line to 'None'
[0.426s] Level 5:colcon.colcon_core.verb:set package 'bumperbot_cpp_examples' build argument 'catkin_skip_building_tests' from command line to 'False'
[0.426s] DEBUG:colcon.colcon_core.verb:Building package 'bumperbot_cpp_examples' with the following arguments: {'ament_cmake_args': None, 'build_base': '/home/mhdns/bumperbot_ws/build/bumperbot_cpp_examples', 'catkin_cmake_args': None, 'catkin_skip_building_tests': False, 'cmake_args': ['-DCMAKE_EXPORT_COMPILE_COMMANDS=ON'], 'cmake_clean_cache': False, 'cmake_clean_first': False, 'cmake_force_configure': False, 'cmake_target': None, 'cmake_target_skip_unavailable': False, 'install_base': '/home/mhdns/bumperbot_ws/install/bumperbot_cpp_examples', 'merge_install': False, 'path': '/home/mhdns/bumperbot_ws/src/bumperbot_cpp_examples', 'symlink_install': False, 'test_result_base': None}
[0.426s] Level 5:colcon.colcon_core.verb:set package 'bumperbot_py_examples' build argument 'cmake_args' from command line to '['-DCMAKE_EXPORT_COMPILE_COMMANDS=ON']'
[0.426s] Level 5:colcon.colcon_core.verb:set package 'bumperbot_py_examples' build argument 'cmake_target' from command line to 'None'
[0.426s] Level 5:colcon.colcon_core.verb:set package 'bumperbot_py_examples' build argument 'cmake_target_skip_unavailable' from command line to 'False'
[0.426s] Level 5:colcon.colcon_core.verb:set package 'bumperbot_py_examples' build argument 'cmake_clean_cache' from command line to 'False'
[0.426s] Level 5:colcon.colcon_core.verb:set package 'bumperbot_py_examples' build argument 'cmake_clean_first' from command line to 'False'
[0.426s] Level 5:colcon.colcon_core.verb:set package 'bumperbot_py_examples' build argument 'cmake_force_configure' from command line to 'False'
[0.426s] Level 5:colcon.colcon_core.verb:set package 'bumperbot_py_examples' build argument 'ament_cmake_args' from command line to 'None'
[0.426s] Level 5:colcon.colcon_core.verb:set package 'bumperbot_py_examples' build argument 'catkin_cmake_args' from command line to 'None'
[0.426s] Level 5:colcon.colcon_core.verb:set package 'bumperbot_py_examples' build argument 'catkin_skip_building_tests' from command line to 'False'
[0.426s] DEBUG:colcon.colcon_core.verb:Building package 'bumperbot_py_examples' with the following arguments: {'ament_cmake_args': None, 'build_base': '/home/mhdns/bumperbot_ws/build/bumperbot_py_examples', 'catkin_cmake_args': None, 'catkin_skip_building_tests': False, 'cmake_args': ['-DCMAKE_EXPORT_COMPILE_COMMANDS=ON'], 'cmake_clean_cache': False, 'cmake_clean_first': False, 'cmake_force_configure': False, 'cmake_target': None, 'cmake_target_skip_unavailable': False, 'install_base': '/home/mhdns/bumperbot_ws/install/bumperbot_py_examples', 'merge_install': False, 'path': '/home/mhdns/bumperbot_ws/src/bumperbot_py_examples', 'symlink_install': False, 'test_result_base': None}
[0.426s] INFO:colcon.colcon_core.executor:Executing jobs using 'parallel' executor
[0.427s] DEBUG:colcon.colcon_parallel_executor.executor.parallel:run_until_complete
[0.427s] INFO:colcon.colcon_ros.task.ament_cmake.build:Building ROS package in '/home/mhdns/bumperbot_ws/src/bumperbot_msgs' with build type 'ament_cmake'
[0.427s] INFO:colcon.colcon_cmake.task.cmake.build:Building CMake package in '/home/mhdns/bumperbot_ws/src/bumperbot_msgs'
[0.430s] INFO:colcon.colcon_core.plugin_system:Skipping extension 'colcon_core.shell.bat': Not used on non-Windows systems
[0.430s] INFO:colcon.colcon_core.shell:Skip shell extension 'powershell' for command environment: Not usable outside of PowerShell
[0.430s] DEBUG:colcon.colcon_core.shell:Skip shell extension 'dsv' for command environment
[0.433s] INFO:colcon.colcon_ros.task.ament_cmake.build:Building ROS package in '/home/mhdns/bumperbot_ws/src/bumperbot_controller' with build type 'ament_cmake'
[0.433s] INFO:colcon.colcon_cmake.task.cmake.build:Building CMake package in '/home/mhdns/bumperbot_ws/src/bumperbot_controller'
[0.433s] INFO:colcon.colcon_core.shell:Skip shell extension 'powershell' for command environment: Not usable outside of PowerShell
[0.433s] DEBUG:colcon.colcon_core.shell:Skip shell extension 'dsv' for command environment
[0.435s] INFO:colcon.colcon_ros.task.ament_cmake.build:Building ROS package in '/home/mhdns/bumperbot_ws/src/bumperbot_description' with build type 'ament_cmake'
[0.435s] INFO:colcon.colcon_cmake.task.cmake.build:Building CMake package in '/home/mhdns/bumperbot_ws/src/bumperbot_description'
[0.435s] INFO:colcon.colcon_core.shell:Skip shell extension 'powershell' for command environment: Not usable outside of PowerShell
[0.435s] DEBUG:colcon.colcon_core.shell:Skip shell extension 'dsv' for command environment
[0.437s] INFO:colcon.colcon_ros.task.ament_cmake.build:Building ROS package in '/home/mhdns/bumperbot_ws/src/bumperbot_localization' with build type 'ament_cmake'
[0.437s] INFO:colcon.colcon_cmake.task.cmake.build:Building CMake package in '/home/mhdns/bumperbot_ws/src/bumperbot_localization'
[0.437s] INFO:colcon.colcon_core.shell:Skip shell extension 'powershell' for command environment: Not usable outside of PowerShell
[0.437s] DEBUG:colcon.colcon_core.shell:Skip shell extension 'dsv' for command environment
[0.443s] DEBUG:colcon.colcon_core.event_handler.log_command:Invoking command in '/home/mhdns/bumperbot_ws/build/bumperbot_msgs': /usr/bin/cmake /home/mhdns/bumperbot_ws/src/bumperbot_msgs -DCMAKE_EXPORT_COMPILE_COMMANDS=ON -DCMAKE_INSTALL_PREFIX=/home/mhdns/bumperbot_ws/install/bumperbot_msgs
[0.445s] DEBUG:colcon.colcon_core.event_handler.log_command:Invoking command in '/home/mhdns/bumperbot_ws/build/bumperbot_controller': /usr/bin/cmake /home/mhdns/bumperbot_ws/src/bumperbot_controller -DCMAKE_EXPORT_COMPILE_COMMANDS=ON -DCMAKE_INSTALL_PREFIX=/home/mhdns/bumperbot_ws/install/bumperbot_controller
[0.449s] DEBUG:colcon.colcon_core.event_handler.log_command:Invoking command in '/home/mhdns/bumperbot_ws/build/bumperbot_description': /usr/bin/cmake /home/mhdns/bumperbot_ws/src/bumperbot_description -DCMAKE_EXPORT_COMPILE_COMMANDS=ON -DCMAKE_INSTALL_PREFIX=/home/mhdns/bumperbot_ws/install/bumperbot_description
[0.451s] DEBUG:colcon.colcon_core.event_handler.log_command:Invoking command in '/home/mhdns/bumperbot_ws/build/bumperbot_localization': /usr/bin/cmake /home/mhdns/bumperbot_ws/src/bumperbot_localization -DCMAKE_EXPORT_COMPILE_COMMANDS=ON -DCMAKE_INSTALL_PREFIX=/home/mhdns/bumperbot_ws/install/bumperbot_localization
[0.638s] DEBUG:colcon.colcon_core.event_handler.log_command:Invoked command in '/home/mhdns/bumperbot_ws/build/bumperbot_description' returned '0': /usr/bin/cmake /home/mhdns/bumperbot_ws/src/bumperbot_description -DCMAKE_EXPORT_COMPILE_COMMANDS=ON -DCMAKE_INSTALL_PREFIX=/home/mhdns/bumperbot_ws/install/bumperbot_description
[0.640s] DEBUG:colcon.colcon_core.event_handler.log_command:Invoking command in '/home/mhdns/bumperbot_ws/build/bumperbot_description': /usr/bin/cmake --build /home/mhdns/bumperbot_ws/build/bumperbot_description -- -j32 -l32
[0.647s] DEBUG:colcon.colcon_core.event_handler.log_command:Invoked command in '/home/mhdns/bumperbot_ws/build/bumperbot_description' returned '0': /usr/bin/cmake --build /home/mhdns/bumperbot_ws/build/bumperbot_description -- -j32 -l32
[0.660s] DEBUG:colcon.colcon_core.event_handler.log_command:Invoking command in '/home/mhdns/bumperbot_ws/build/bumperbot_description': /usr/bin/cmake --install /home/mhdns/bumperbot_ws/build/bumperbot_description
[0.668s] Level 1:colcon.colcon_core.environment:create_environment_scripts_only(bumperbot_description)
[0.670s] DEBUG:colcon.colcon_core.event_handler.log_command:Invoked command in '/home/mhdns/bumperbot_ws/build/bumperbot_description' returned '0': /usr/bin/cmake --install /home/mhdns/bumperbot_ws/build/bumperbot_description
[0.674s] Level 1:colcon.colcon_core.environment:checking '/home/mhdns/bumperbot_ws/install/bumperbot_description' for CMake module files
[0.674s] Level 1:colcon.colcon_core.environment:checking '/home/mhdns/bumperbot_ws/install/bumperbot_description' for CMake config files
[0.674s] Level 1:colcon.colcon_core.shell:create_environment_hook('bumperbot_description', 'cmake_prefix_path')
[0.674s] INFO:colcon.colcon_core.shell:Creating environment hook '/home/mhdns/bumperbot_ws/install/bumperbot_description/share/bumperbot_description/hook/cmake_prefix_path.ps1'
[0.675s] INFO:colcon.colcon_core.shell:Creating environment descriptor '/home/mhdns/bumperbot_ws/install/bumperbot_description/share/bumperbot_description/hook/cmake_prefix_path.dsv'
[0.675s] INFO:colcon.colcon_core.shell:Creating environment hook '/home/mhdns/bumperbot_ws/install/bumperbot_description/share/bumperbot_description/hook/cmake_prefix_path.sh'
[0.676s] Level 1:colcon.colcon_core.environment:checking '/home/mhdns/bumperbot_ws/install/bumperbot_description/bin'
[0.676s] Level 1:colcon.colcon_core.environment:checking '/home/mhdns/bumperbot_ws/install/bumperbot_description/lib/pkgconfig/bumperbot_description.pc'
[0.676s] Level 1:colcon.colcon_core.environment:checking '/home/mhdns/bumperbot_ws/install/bumperbot_description/lib/python3.10/site-packages'
[0.676s] Level 1:colcon.colcon_core.environment:checking '/home/mhdns/bumperbot_ws/install/bumperbot_description/bin'
[0.677s] INFO:colcon.colcon_core.shell:Creating package script '/home/mhdns/bumperbot_ws/install/bumperbot_description/share/bumperbot_description/package.ps1'
[0.677s] INFO:colcon.colcon_core.shell:Creating package descriptor '/home/mhdns/bumperbot_ws/install/bumperbot_description/share/bumperbot_description/package.dsv'
[0.678s] INFO:colcon.colcon_core.shell:Creating package script '/home/mhdns/bumperbot_ws/install/bumperbot_description/share/bumperbot_description/package.sh'
[0.678s] INFO:colcon.colcon_core.shell:Creating package script '/home/mhdns/bumperbot_ws/install/bumperbot_description/share/bumperbot_description/package.bash'
[0.679s] INFO:colcon.colcon_core.shell:Creating package script '/home/mhdns/bumperbot_ws/install/bumperbot_description/share/bumperbot_description/package.zsh'
[0.680s] Level 1:colcon.colcon_core.environment:create_file_with_runtime_dependencies(/home/mhdns/bumperbot_ws/install/bumperbot_description/share/colcon-core/packages/bumperbot_description)
[0.689s] Level 1:colcon.colcon_core.environment:create_environment_scripts_only(bumperbot_description)
[0.689s] Level 1:colcon.colcon_core.environment:checking '/home/mhdns/bumperbot_ws/install/bumperbot_description' for CMake module files
[0.690s] Level 1:colcon.colcon_core.environment:checking '/home/mhdns/bumperbot_ws/install/bumperbot_description' for CMake config files
[0.690s] Level 1:colcon.colcon_core.shell:create_environment_hook('bumperbot_description', 'cmake_prefix_path')
[0.690s] INFO:colcon.colcon_core.shell:Creating environment hook '/home/mhdns/bumperbot_ws/install/bumperbot_description/share/bumperbot_description/hook/cmake_prefix_path.ps1'
[0.690s] INFO:colcon.colcon_core.shell:Creating environment descriptor '/home/mhdns/bumperbot_ws/install/bumperbot_description/share/bumperbot_description/hook/cmake_prefix_path.dsv'
[0.690s] INFO:colcon.colcon_core.shell:Creating environment hook '/home/mhdns/bumperbot_ws/install/bumperbot_description/share/bumperbot_description/hook/cmake_prefix_path.sh'
[0.691s] Level 1:colcon.colcon_core.environment:checking '/home/mhdns/bumperbot_ws/install/bumperbot_description/bin'
[0.691s] Level 1:colcon.colcon_core.environment:checking '/home/mhdns/bumperbot_ws/install/bumperbot_description/lib/pkgconfig/bumperbot_description.pc'
[0.691s] Level 1:colcon.colcon_core.environment:checking '/home/mhdns/bumperbot_ws/install/bumperbot_description/lib/python3.10/site-packages'
[0.691s] Level 1:colcon.colcon_core.environment:checking '/home/mhdns/bumperbot_ws/install/bumperbot_description/bin'
[0.691s] INFO:colcon.colcon_core.shell:Creating package script '/home/mhdns/bumperbot_ws/install/bumperbot_description/share/bumperbot_description/package.ps1'
[0.691s] INFO:colcon.colcon_core.shell:Creating package descriptor '/home/mhdns/bumperbot_ws/install/bumperbot_description/share/bumperbot_description/package.dsv'
[0.692s] INFO:colcon.colcon_core.shell:Creating package script '/home/mhdns/bumperbot_ws/install/bumperbot_description/share/bumperbot_description/package.sh'
[0.692s] INFO:colcon.colcon_core.shell:Creating package script '/home/mhdns/bumperbot_ws/install/bumperbot_description/share/bumperbot_description/package.bash'
[0.692s] INFO:colcon.colcon_core.shell:Creating package script '/home/mhdns/bumperbot_ws/install/bumperbot_description/share/bumperbot_description/package.zsh'
[0.692s] Level 1:colcon.colcon_core.environment:create_file_with_runtime_dependencies(/home/mhdns/bumperbot_ws/install/bumperbot_description/share/colcon-core/packages/bumperbot_description)
[0.957s] DEBUG:colcon.colcon_core.event_handler.log_command:Invoked command in '/home/mhdns/bumperbot_ws/build/bumperbot_localization' returned '1': /usr/bin/cmake /home/mhdns/bumperbot_ws/src/bumperbot_localization -DCMAKE_EXPORT_COMPILE_COMMANDS=ON -DCMAKE_INSTALL_PREFIX=/home/mhdns/bumperbot_ws/install/bumperbot_localization
[0.964s] Level 1:colcon.colcon_core.environment:create_environment_scripts_only(bumperbot_localization)
[0.964s] Level 1:colcon.colcon_core.environment:checking '/home/mhdns/bumperbot_ws/install/bumperbot_localization' for CMake module files
[0.964s] Level 1:colcon.colcon_core.environment:checking '/home/mhdns/bumperbot_ws/install/bumperbot_localization' for CMake config files
[0.965s] Level 1:colcon.colcon_core.shell:create_environment_hook('bumperbot_localization', 'cmake_prefix_path')
[0.965s] INFO:colcon.colcon_core.shell:Creating environment hook '/home/mhdns/bumperbot_ws/install/bumperbot_localization/share/bumperbot_localization/hook/cmake_prefix_path.ps1'
[0.965s] INFO:colcon.colcon_core.shell:Creating environment descriptor '/home/mhdns/bumperbot_ws/install/bumperbot_localization/share/bumperbot_localization/hook/cmake_prefix_path.dsv'
[0.965s] INFO:colcon.colcon_core.shell:Creating environment hook '/home/mhdns/bumperbot_ws/install/bumperbot_localization/share/bumperbot_localization/hook/cmake_prefix_path.sh'
[0.966s] Level 1:colcon.colcon_core.environment:checking '/home/mhdns/bumperbot_ws/install/bumperbot_localization/bin'
[0.966s] Level 1:colcon.colcon_core.environment:checking '/home/mhdns/bumperbot_ws/install/bumperbot_localization/lib/pkgconfig/bumperbot_localization.pc'
[0.966s] Level 1:colcon.colcon_core.environment:checking '/home/mhdns/bumperbot_ws/install/bumperbot_localization/lib/python3.10/site-packages'
[0.966s] Level 1:colcon.colcon_core.environment:checking '/home/mhdns/bumperbot_ws/install/bumperbot_localization/bin'
[0.966s] INFO:colcon.colcon_core.shell:Creating package script '/home/mhdns/bumperbot_ws/install/bumperbot_localization/share/bumperbot_localization/package.ps1'
[0.966s] INFO:colcon.colcon_core.shell:Creating package descriptor '/home/mhdns/bumperbot_ws/install/bumperbot_localization/share/bumperbot_localization/package.dsv'
[0.966s] INFO:colcon.colcon_core.shell:Creating package script '/home/mhdns/bumperbot_ws/install/bumperbot_localization/share/bumperbot_localization/package.sh'
[0.967s] INFO:colcon.colcon_core.shell:Creating package script '/home/mhdns/bumperbot_ws/install/bumperbot_localization/share/bumperbot_localization/package.bash'
[0.967s] INFO:colcon.colcon_core.shell:Creating package script '/home/mhdns/bumperbot_ws/install/bumperbot_localization/share/bumperbot_localization/package.zsh'
[0.967s] Level 1:colcon.colcon_core.environment:create_file_with_runtime_dependencies(/home/mhdns/bumperbot_ws/install/bumperbot_localization/share/colcon-core/packages/bumperbot_localization)
[4.029s] DEBUG:colcon.colcon_parallel_executor.executor.parallel:closing loop
[4.029s] DEBUG:colcon.colcon_parallel_executor.executor.parallel:loop closed
[4.029s] DEBUG:colcon.colcon_parallel_executor.executor.parallel:run_until_complete finished with '1'
[4.029s] DEBUG:colcon.colcon_core.event_reactor:joining thread
[4.038s] INFO:colcon.colcon_core.plugin_system:Skipping extension 'colcon_notification.desktop_notification.terminal_notifier': Not used on non-Darwin systems
[4.038s] INFO:colcon.colcon_core.plugin_system:Skipping extension 'colcon_notification.desktop_notification.win32': Not used on non-Windows systems
[4.038s] INFO:colcon.colcon_notification.desktop_notification:Sending desktop notification using 'notify2'
[4.041s] DEBUG:colcon.colcon_core.event_reactor:joined thread
[4.042s] INFO:colcon.colcon_core.shell:Creating prefix script '/home/mhdns/bumperbot_ws/install/local_setup.ps1'
[4.044s] INFO:colcon.colcon_core.shell:Creating prefix util module '/home/mhdns/bumperbot_ws/install/_local_setup_util_ps1.py'
[4.046s] INFO:colcon.colcon_core.shell:Creating prefix chain script '/home/mhdns/bumperbot_ws/install/setup.ps1'
[4.047s] INFO:colcon.colcon_core.shell:Creating prefix script '/home/mhdns/bumperbot_ws/install/local_setup.sh'
[4.047s] INFO:colcon.colcon_core.shell:Creating prefix util module '/home/mhdns/bumperbot_ws/install/_local_setup_util_sh.py'
[4.047s] INFO:colcon.colcon_core.shell:Creating prefix chain script '/home/mhdns/bumperbot_ws/install/setup.sh'
[4.048s] INFO:colcon.colcon_core.shell:Creating prefix script '/home/mhdns/bumperbot_ws/install/local_setup.bash'
[4.049s] INFO:colcon.colcon_core.shell:Creating prefix chain script '/home/mhdns/bumperbot_ws/install/setup.bash'
[4.049s] INFO:colcon.colcon_core.shell:Creating prefix script '/home/mhdns/bumperbot_ws/install/local_setup.zsh'
[4.050s] INFO:colcon.colcon_core.shell:Creating prefix chain script '/home/mhdns/bumperbot_ws/install/setup.zsh'
