[0.012s] Invoking command in '/home/mhdns/bumperbot_ws/build/bumperbot_controller': /usr/bin/cmake /home/mhdns/bumperbot_ws/src/bumperbot_controller -DCMAKE_INSTALL_PREFIX=/home/mhdns/bumperbot_ws/install/bumperbot_controller
[0.048s] -- Found ament_cmake: 1.3.9 (/opt/ros/humble/share/ament_cmake/cmake)
[0.145s] -- Found rclpy: 3.3.13 (/opt/ros/humble/share/rclpy/cmake)
[0.145s] -- Found std_msgs: 4.2.4 (/opt/ros/humble/share/std_msgs/cmake)
[0.231s] -- Found rosidl_generator_c: 3.1.5 (/opt/ros/humble/share/rosidl_generator_c/cmake)
[0.235s] -- Found rosidl_adapter: 3.1.5 (/opt/ros/humble/share/rosidl_adapter/cmake)
[0.248s] -- Found rosidl_generator_cpp: 3.1.5 (/opt/ros/humble/share/rosidl_generator_cpp/cmake)
[0.257s] -- Using all available rosidl_typesupport_c: rosidl_typesupport_fastrtps_c;rosidl_typesupport_introspection_c
[0.272s] -- Using all available rosidl_typesupport_cpp: rosidl_typesupport_fastrtps_cpp;rosidl_typesupport_introspection_cpp
[0.315s] -- Found geometry_msgs: 4.2.4 (/opt/ros/humble/share/geometry_msgs/cmake)
[0.348s] -- Found rclcpp: 16.0.9 (/opt/ros/humble/share/rclcpp/cmake)
[0.397s] -- Found rmw_implementation_cmake: 6.1.2 (/opt/ros/humble/share/rmw_implementation_cmake/cmake)
[0.399s] -- Found rmw_fastrtps_cpp: 6.2.6 (/opt/ros/humble/share/rmw_fastrtps_cpp/cmake)
[3.318s] -- Using RMW implementation 'rmw_fastrtps_cpp' as default
[3.421s] -- Found sensor_msgs: 4.2.4 (/opt/ros/humble/share/sensor_msgs/cmake)
[3.479s] -- Found nav_msgs: 4.2.4 (/opt/ros/humble/share/nav_msgs/cmake)
[3.538s] -- Found tf2: 0.25.7 (/opt/ros/humble/share/tf2/cmake)
[3.545s] -- Found tf2_ros: 0.25.7 (/opt/ros/humble/share/tf2_ros/cmake)
[3.830s] -- Found ament_lint_auto: 0.12.11 (/opt/ros/humble/share/ament_lint_auto/cmake)
[3.873s] -- Added test 'cppcheck' to perform static code analysis on C / C++ code
[3.873s] -- Configured cppcheck include dirs: /home/mhdns/bumperbot_ws/src/bumperbot_controller/include
[3.873s] -- Configured cppcheck exclude dirs and/or files: 
[3.873s] -- Added test 'flake8' to check Python code syntax and style conventions
[3.873s] -- Added test 'lint_cmake' to check CMake code style
[3.874s] -- Added test 'pep257' to check Python code against some of the docstring style conventions in PEP 257
[3.875s] -- Added test 'uncrustify' to check C / C++ code style
[3.875s] -- Configured uncrustify additional arguments: 
[3.875s] -- Added test 'xmllint' to check XML markup files
[3.876s] -- Configuring done
[3.888s] -- Generating done
[3.897s] -- Build files have been written to: /home/mhdns/bumperbot_ws/build/bumperbot_controller
[3.905s] Invoked command in '/home/mhdns/bumperbot_ws/build/bumperbot_controller' returned '0': /usr/bin/cmake /home/mhdns/bumperbot_ws/src/bumperbot_controller -DCMAKE_INSTALL_PREFIX=/home/mhdns/bumperbot_ws/install/bumperbot_controller
[3.906s] Invoking command in '/home/mhdns/bumperbot_ws/build/bumperbot_controller': /usr/bin/cmake --build /home/mhdns/bumperbot_ws/build/bumperbot_controller -- -j32 -l32
[3.915s] 
[3.920s] [0/2] cd /home/mhdns/bumperbot_ws/build/bumperbot_controller && /usr/bin/cmake -E copy_directory /home/mhdns/bumperbot_ws/src/bumperbot_controller/bumperbot_controller /home/mhdns/bumperbot_ws/build/bumperbot_controller/ament_cmake_python/bumperbot_controller/bumperbot_controller[K
[3.920s] [1/2] cd /home/mhdns/bumperbot_ws/build/bumperbot_controller && /usr/bin/cmake -E copy_directory /home/mhdns/bumperbot_ws/src/bumperbot_controller/bumperbot_controller /home/mhdns/bumperbot_ws/build/bumperbot_controller/ament_cmake_python/bumperbot_controller/bumperbot_controller[K
[4.067s] [1/2] cd /home/mhdns/bumperbot_ws/build/bumperbot_controller/ament_cmake_python/bumperbot_controller && /usr/bin/python3 setup.py egg_info[K
[4.067s] [2/2] cd /home/mhdns/bumperbot_ws/build/bumperbot_controller/ament_cmake_python/bumperbot_controller && /usr/bin/python3 setup.py egg_info[K
[4.067s] running egg_info
[4.067s] writing bumperbot_controller.egg-info/PKG-INFO
[4.067s] writing dependency_links to bumperbot_controller.egg-info/dependency_links.txt
[4.067s] writing top-level names to bumperbot_controller.egg-info/top_level.txt
[4.067s] reading manifest file 'bumperbot_controller.egg-info/SOURCES.txt'
[4.067s] writing manifest file 'bumperbot_controller.egg-info/SOURCES.txt'
[4.068s] Invoked command in '/home/mhdns/bumperbot_ws/build/bumperbot_controller' returned '0': /usr/bin/cmake --build /home/mhdns/bumperbot_ws/build/bumperbot_controller -- -j32 -l32
[4.081s] Invoking command in '/home/mhdns/bumperbot_ws/build/bumperbot_controller': /usr/bin/cmake --install /home/mhdns/bumperbot_ws/build/bumperbot_controller
[4.084s] -- Install configuration: ""
[4.084s] -- Up-to-date: /home/mhdns/bumperbot_ws/install/bumperbot_controller/share/bumperbot_controller/environment/pythonpath.sh
[4.085s] -- Installing: /home/mhdns/bumperbot_ws/install/bumperbot_controller/share/bumperbot_controller/environment/pythonpath.dsv
[4.085s] -- Up-to-date: /home/mhdns/bumperbot_ws/install/bumperbot_controller/local/lib/python3.10/dist-packages/bumperbot_controller-0.0.0-py3.10.egg-info
[4.085s] -- Installing: /home/mhdns/bumperbot_ws/install/bumperbot_controller/local/lib/python3.10/dist-packages/bumperbot_controller-0.0.0-py3.10.egg-info/PKG-INFO
[4.085s] -- Installing: /home/mhdns/bumperbot_ws/install/bumperbot_controller/local/lib/python3.10/dist-packages/bumperbot_controller-0.0.0-py3.10.egg-info/dependency_links.txt
[4.086s] -- Installing: /home/mhdns/bumperbot_ws/install/bumperbot_controller/local/lib/python3.10/dist-packages/bumperbot_controller-0.0.0-py3.10.egg-info/top_level.txt
[4.086s] -- Installing: /home/mhdns/bumperbot_ws/install/bumperbot_controller/local/lib/python3.10/dist-packages/bumperbot_controller-0.0.0-py3.10.egg-info/SOURCES.txt
[4.086s] -- Up-to-date: /home/mhdns/bumperbot_ws/install/bumperbot_controller/local/lib/python3.10/dist-packages/bumperbot_controller
[4.086s] -- Up-to-date: /home/mhdns/bumperbot_ws/install/bumperbot_controller/local/lib/python3.10/dist-packages/bumperbot_controller/simple_controller.py
[4.087s] -- Installing: /home/mhdns/bumperbot_ws/install/bumperbot_controller/local/lib/python3.10/dist-packages/bumperbot_controller/noisy_controller.py
[4.087s] -- Up-to-date: /home/mhdns/bumperbot_ws/install/bumperbot_controller/local/lib/python3.10/dist-packages/bumperbot_controller/__init__.py
[4.106s] Listing '/home/mhdns/bumperbot_ws/install/bumperbot_controller/local/lib/python3.10/dist-packages/bumperbot_controller'...
[4.106s] Compiling '/home/mhdns/bumperbot_ws/install/bumperbot_controller/local/lib/python3.10/dist-packages/bumperbot_controller/noisy_controller.py'...
[4.109s] -- Up-to-date: /home/mhdns/bumperbot_ws/install/bumperbot_controller/include/include
[4.109s] -- Up-to-date: /home/mhdns/bumperbot_ws/install/bumperbot_controller/include/include/bumperbot_controller
[4.109s] -- Up-to-date: /home/mhdns/bumperbot_ws/install/bumperbot_controller/include/include/bumperbot_controller/simple_controller.hpp
[4.110s] -- Up-to-date: /home/mhdns/bumperbot_ws/install/bumperbot_controller/lib/bumperbot_controller/simple_controller
[4.110s] -- Up-to-date: /home/mhdns/bumperbot_ws/install/bumperbot_controller/lib/bumperbot_controller/trajectory_drawer
[4.111s] -- Up-to-date: /home/mhdns/bumperbot_ws/install/bumperbot_controller/lib/bumperbot_controller/simple_controller.py
[4.111s] -- Installing: /home/mhdns/bumperbot_ws/install/bumperbot_controller/lib/bumperbot_controller/noisy_controller.py
[4.111s] -- Up-to-date: /home/mhdns/bumperbot_ws/install/bumperbot_controller/share/bumperbot_controller/config
[4.111s] -- Up-to-date: /home/mhdns/bumperbot_ws/install/bumperbot_controller/share/bumperbot_controller/config/bumperbot_controllers.yaml
[4.111s] -- Up-to-date: /home/mhdns/bumperbot_ws/install/bumperbot_controller/share/bumperbot_controller/config/joy_config.yaml
[4.111s] -- Up-to-date: /home/mhdns/bumperbot_ws/install/bumperbot_controller/share/bumperbot_controller/config/joy_teleop.yaml
[4.112s] -- Up-to-date: /home/mhdns/bumperbot_ws/install/bumperbot_controller/share/bumperbot_controller/launch
[4.112s] -- Up-to-date: /home/mhdns/bumperbot_ws/install/bumperbot_controller/share/bumperbot_controller/launch/joystick_teleop.launch.py
[4.112s] -- Up-to-date: /home/mhdns/bumperbot_ws/install/bumperbot_controller/share/bumperbot_controller/launch/controller.launch.py
[4.112s] -- Up-to-date: /home/mhdns/bumperbot_ws/install/bumperbot_controller/share/ament_index/resource_index/package_run_dependencies/bumperbot_controller
[4.112s] -- Up-to-date: /home/mhdns/bumperbot_ws/install/bumperbot_controller/share/ament_index/resource_index/parent_prefix_path/bumperbot_controller
[4.112s] -- Up-to-date: /home/mhdns/bumperbot_ws/install/bumperbot_controller/share/bumperbot_controller/environment/ament_prefix_path.sh
[4.112s] -- Installing: /home/mhdns/bumperbot_ws/install/bumperbot_controller/share/bumperbot_controller/environment/ament_prefix_path.dsv
[4.112s] -- Up-to-date: /home/mhdns/bumperbot_ws/install/bumperbot_controller/share/bumperbot_controller/environment/path.sh
[4.112s] -- Installing: /home/mhdns/bumperbot_ws/install/bumperbot_controller/share/bumperbot_controller/environment/path.dsv
[4.112s] -- Up-to-date: /home/mhdns/bumperbot_ws/install/bumperbot_controller/share/bumperbot_controller/local_setup.bash
[4.112s] -- Up-to-date: /home/mhdns/bumperbot_ws/install/bumperbot_controller/share/bumperbot_controller/local_setup.sh
[4.112s] -- Up-to-date: /home/mhdns/bumperbot_ws/install/bumperbot_controller/share/bumperbot_controller/local_setup.zsh
[4.113s] -- Installing: /home/mhdns/bumperbot_ws/install/bumperbot_controller/share/bumperbot_controller/local_setup.dsv
[4.113s] -- Installing: /home/mhdns/bumperbot_ws/install/bumperbot_controller/share/bumperbot_controller/package.dsv
[4.113s] -- Up-to-date: /home/mhdns/bumperbot_ws/install/bumperbot_controller/share/ament_index/resource_index/packages/bumperbot_controller
[4.113s] -- Up-to-date: /home/mhdns/bumperbot_ws/install/bumperbot_controller/share/bumperbot_controller/cmake/bumperbot_controllerConfig.cmake
[4.113s] -- Up-to-date: /home/mhdns/bumperbot_ws/install/bumperbot_controller/share/bumperbot_controller/cmake/bumperbot_controllerConfig-version.cmake
[4.113s] -- Up-to-date: /home/mhdns/bumperbot_ws/install/bumperbot_controller/share/bumperbot_controller/package.xml
[4.114s] Invoked command in '/home/mhdns/bumperbot_ws/build/bumperbot_controller' returned '0': /usr/bin/cmake --install /home/mhdns/bumperbot_ws/build/bumperbot_controller
