[0.021s] Invoking command in '/home/mhdns/bumperbot_ws/src/build/bumperbot_description': /usr/bin/cmake /home/mhdns/bumperbot_ws/src/bumperbot_description -DCMAKE_INSTALL_PREFIX=/home/mhdns/bumperbot_ws/src/install/bumperbot_description
[0.156s] -- The C compiler identification is GNU 11.4.0
[0.422s] -- The CXX compiler identification is GNU 11.4.0
[0.582s] -- Detecting C compiler ABI info
[0.650s] -- Detecting C compiler ABI info - done
[0.654s] -- Check for working C compiler: /usr/bin/cc - skipped
[0.655s] -- Detecting C compile features
[0.655s] -- Detecting C compile features - done
[0.657s] -- Detecting CXX compiler ABI info
[0.724s] -- Detecting CXX compiler ABI info - done
[0.728s] -- Check for working CXX compiler: /usr/bin/c++ - skipped
[0.728s] -- Detecting CXX compile features
[0.729s] -- Detecting CXX compile features - done
[0.733s] -- Found ament_cmake: 1.3.9 (/opt/ros/humble/share/ament_cmake/cmake)
[0.829s] -- Found Python3: /usr/bin/python3 (found version "3.10.12") found components: Interpreter 
[0.904s] -- Found ament_lint_auto: 0.12.11 (/opt/ros/humble/share/ament_lint_auto/cmake)
[0.963s] -- Added test 'flake8' to check Python code syntax and style conventions
[0.964s] -- Added test 'lint_cmake' to check CMake code style
[0.964s] -- Added test 'pep257' to check Python code against some of the docstring style conventions in PEP 257
[0.966s] -- Added test 'xmllint' to check XML markup files
[0.967s] -- Configuring done
[0.969s] -- Generating done
[0.972s] -- Build files have been written to: /home/mhdns/bumperbot_ws/src/build/bumperbot_description
[0.980s] Invoked command in '/home/mhdns/bumperbot_ws/src/build/bumperbot_description' returned '0': /usr/bin/cmake /home/mhdns/bumperbot_ws/src/bumperbot_description -DCMAKE_INSTALL_PREFIX=/home/mhdns/bumperbot_ws/src/install/bumperbot_description
[0.981s] Invoking command in '/home/mhdns/bumperbot_ws/src/build/bumperbot_description': /usr/bin/cmake --build /home/mhdns/bumperbot_ws/src/build/bumperbot_description -- -j32 -l32
[0.986s] ninja: no work to do.
[1.003s] Invoked command in '/home/mhdns/bumperbot_ws/src/build/bumperbot_description' returned '0': /usr/bin/cmake --build /home/mhdns/bumperbot_ws/src/build/bumperbot_description -- -j32 -l32
[1.011s] Invoking command in '/home/mhdns/bumperbot_ws/src/build/bumperbot_description': /usr/bin/cmake --install /home/mhdns/bumperbot_ws/src/build/bumperbot_description
[1.016s] -- Install configuration: ""
[1.016s] -- Installing: /home/mhdns/bumperbot_ws/src/install/bumperbot_description/share/bumperbot_description/meshes
[1.016s] -- Installing: /home/mhdns/bumperbot_ws/src/install/bumperbot_description/share/bumperbot_description/meshes/base_link.STL
[1.042s] -- Installing: /home/mhdns/bumperbot_ws/src/install/bumperbot_description/share/bumperbot_description/meshes/wheel_right_link.STL
[1.044s] -- Installing: /home/mhdns/bumperbot_ws/src/install/bumperbot_description/share/bumperbot_description/meshes/imu_link.STL
[1.045s] -- Installing: /home/mhdns/bumperbot_ws/src/install/bumperbot_description/share/bumperbot_description/meshes/wheel_left_link.STL
[1.048s] -- Installing: /home/mhdns/bumperbot_ws/src/install/bumperbot_description/share/bumperbot_description/meshes/caster_rear_link.STL
[1.049s] -- Installing: /home/mhdns/bumperbot_ws/src/install/bumperbot_description/share/bumperbot_description/meshes/caster_front_link.STL
[1.051s] -- Installing: /home/mhdns/bumperbot_ws/src/install/bumperbot_description/share/bumperbot_description/models
[1.051s] -- Installing: /home/mhdns/bumperbot_ws/src/install/bumperbot_description/share/bumperbot_description/models/sun
[1.051s] -- Installing: /home/mhdns/bumperbot_ws/src/install/bumperbot_description/share/bumperbot_description/models/sun/model-1_3.sdf:Zone.Identifier
[1.051s] -- Installing: /home/mhdns/bumperbot_ws/src/install/bumperbot_description/share/bumperbot_description/models/sun/model.sdf:Zone.Identifier
[1.052s] -- Installing: /home/mhdns/bumperbot_ws/src/install/bumperbot_description/share/bumperbot_description/models/sun/model-1_4.sdf:Zone.Identifier
[1.052s] -- Installing: /home/mhdns/bumperbot_ws/src/install/bumperbot_description/share/bumperbot_description/models/sun/model-1_4.sdf
[1.052s] -- Installing: /home/mhdns/bumperbot_ws/src/install/bumperbot_description/share/bumperbot_description/models/sun/model.config:Zone.Identifier
[1.052s] -- Installing: /home/mhdns/bumperbot_ws/src/install/bumperbot_description/share/bumperbot_description/models/sun/model.config
[1.053s] -- Installing: /home/mhdns/bumperbot_ws/src/install/bumperbot_description/share/bumperbot_description/models/sun/model-1_3.sdf
[1.053s] -- Installing: /home/mhdns/bumperbot_ws/src/install/bumperbot_description/share/bumperbot_description/models/sun/model-1_2.sdf
[1.053s] -- Installing: /home/mhdns/bumperbot_ws/src/install/bumperbot_description/share/bumperbot_description/models/sun/model.sdf
[1.054s] -- Installing: /home/mhdns/bumperbot_ws/src/install/bumperbot_description/share/bumperbot_description/models/sun/model-1_2.sdf:Zone.Identifier
[1.054s] -- Installing: /home/mhdns/bumperbot_ws/src/install/bumperbot_description/share/bumperbot_description/models/ground_plane
[1.054s] -- Installing: /home/mhdns/bumperbot_ws/src/install/bumperbot_description/share/bumperbot_description/models/ground_plane/model-1_3.sdf:Zone.Identifier
[1.055s] -- Installing: /home/mhdns/bumperbot_ws/src/install/bumperbot_description/share/bumperbot_description/models/ground_plane/model.sdf:Zone.Identifier
[1.055s] -- Installing: /home/mhdns/bumperbot_ws/src/install/bumperbot_description/share/bumperbot_description/models/ground_plane/model-1_4.sdf:Zone.Identifier
[1.055s] -- Installing: /home/mhdns/bumperbot_ws/src/install/bumperbot_description/share/bumperbot_description/models/ground_plane/model-1_4.sdf
[1.056s] -- Installing: /home/mhdns/bumperbot_ws/src/install/bumperbot_description/share/bumperbot_description/models/ground_plane/model.config:Zone.Identifier
[1.056s] -- Installing: /home/mhdns/bumperbot_ws/src/install/bumperbot_description/share/bumperbot_description/models/ground_plane/model.config
[1.056s] -- Installing: /home/mhdns/bumperbot_ws/src/install/bumperbot_description/share/bumperbot_description/models/ground_plane/model-1_3.sdf
[1.057s] -- Installing: /home/mhdns/bumperbot_ws/src/install/bumperbot_description/share/bumperbot_description/models/ground_plane/model-1_2.sdf
[1.057s] -- Installing: /home/mhdns/bumperbot_ws/src/install/bumperbot_description/share/bumperbot_description/models/ground_plane/model.sdf
[1.057s] -- Installing: /home/mhdns/bumperbot_ws/src/install/bumperbot_description/share/bumperbot_description/models/ground_plane/model-1_2.sdf:Zone.Identifier
[1.057s] -- Installing: /home/mhdns/bumperbot_ws/src/install/bumperbot_description/share/bumperbot_description/urdf
[1.058s] -- Installing: /home/mhdns/bumperbot_ws/src/install/bumperbot_description/share/bumperbot_description/urdf/bumperbot_ros2_control.xacro
[1.058s] -- Installing: /home/mhdns/bumperbot_ws/src/install/bumperbot_description/share/bumperbot_description/urdf/bumperbot_gazebo.xacro
[1.058s] -- Installing: /home/mhdns/bumperbot_ws/src/install/bumperbot_description/share/bumperbot_description/urdf/bumperbot.urdf.xacro
[1.059s] -- Installing: /home/mhdns/bumperbot_ws/src/install/bumperbot_description/share/bumperbot_description/launch
[1.059s] -- Installing: /home/mhdns/bumperbot_ws/src/install/bumperbot_description/share/bumperbot_description/launch/gazebo.launch.py
[1.059s] -- Installing: /home/mhdns/bumperbot_ws/src/install/bumperbot_description/share/bumperbot_description/launch/display.launch.py
[1.060s] -- Installing: /home/mhdns/bumperbot_ws/src/install/bumperbot_description/share/ament_index/resource_index/package_run_dependencies/bumperbot_description
[1.060s] -- Installing: /home/mhdns/bumperbot_ws/src/install/bumperbot_description/share/ament_index/resource_index/parent_prefix_path/bumperbot_description
[1.061s] -- Installing: /home/mhdns/bumperbot_ws/src/install/bumperbot_description/share/bumperbot_description/environment/ament_prefix_path.sh
[1.061s] -- Installing: /home/mhdns/bumperbot_ws/src/install/bumperbot_description/share/bumperbot_description/environment/ament_prefix_path.dsv
[1.061s] -- Installing: /home/mhdns/bumperbot_ws/src/install/bumperbot_description/share/bumperbot_description/environment/path.sh
[1.061s] -- Installing: /home/mhdns/bumperbot_ws/src/install/bumperbot_description/share/bumperbot_description/environment/path.dsv
[1.061s] -- Installing: /home/mhdns/bumperbot_ws/src/install/bumperbot_description/share/bumperbot_description/local_setup.bash
[1.061s] -- Installing: /home/mhdns/bumperbot_ws/src/install/bumperbot_description/share/bumperbot_description/local_setup.sh
[1.061s] -- Installing: /home/mhdns/bumperbot_ws/src/install/bumperbot_description/share/bumperbot_description/local_setup.zsh
[1.061s] -- Installing: /home/mhdns/bumperbot_ws/src/install/bumperbot_description/share/bumperbot_description/local_setup.dsv
[1.062s] -- Installing: /home/mhdns/bumperbot_ws/src/install/bumperbot_description/share/bumperbot_description/package.dsv
[1.062s] -- Installing: /home/mhdns/bumperbot_ws/src/install/bumperbot_description/share/ament_index/resource_index/packages/bumperbot_description
[1.062s] -- Installing: /home/mhdns/bumperbot_ws/src/install/bumperbot_description/share/bumperbot_description/cmake/bumperbot_descriptionConfig.cmake
[1.062s] -- Installing: /home/mhdns/bumperbot_ws/src/install/bumperbot_description/share/bumperbot_description/cmake/bumperbot_descriptionConfig-version.cmake
[1.062s] -- Installing: /home/mhdns/bumperbot_ws/src/install/bumperbot_description/share/bumperbot_description/package.xml
[1.064s] Invoked command in '/home/mhdns/bumperbot_ws/src/build/bumperbot_description' returned '0': /usr/bin/cmake --install /home/mhdns/bumperbot_ws/src/build/bumperbot_description
