[0.017s] Invoking command in '/home/mhdns/bumperbot_ws/build/bumperbot_localization': /usr/bin/cmake /home/mhdns/bumperbot_ws/src/bumperbot_localization -DCMAKE_INSTALL_PREFIX=/home/mhdns/bumperbot_ws/install/bumperbot_localization
[0.168s] -- The C compiler identification is GNU 11.4.0
[0.432s] -- The CXX compiler identification is GNU 11.4.0
[0.612s] -- Detecting C compiler ABI info
[0.681s] -- Detecting C compiler ABI info - done
[0.686s] -- Check for working C compiler: /usr/bin/cc - skipped
[0.686s] -- Detecting C compile features
[0.687s] -- Detecting C compile features - done
[0.689s] -- Detecting CXX compiler ABI info
[0.767s] -- Detecting CXX compiler ABI info - done
[0.771s] -- Check for working CXX compiler: /usr/bin/c++ - skipped
[0.772s] -- Detecting CXX compile features
[0.772s] -- Detecting CXX compile features - done
[0.774s] -- Found ament_cmake: 1.3.9 (/opt/ros/humble/share/ament_cmake/cmake)
[0.862s] -- Found Python3: /usr/bin/python3 (found version "3.10.12") found components: Interpreter 
[0.920s] -- Found ament_lint_auto: 0.12.11 (/opt/ros/humble/share/ament_lint_auto/cmake)
[0.969s] -- Added test 'lint_cmake' to check CMake code style
[0.969s] -- Added test 'xmllint' to check XML markup files
[0.970s] -- Configuring done
[0.974s] -- Generating done
[0.977s] -- Build files have been written to: /home/mhdns/bumperbot_ws/build/bumperbot_localization
[0.981s] Invoked command in '/home/mhdns/bumperbot_ws/build/bumperbot_localization' returned '0': /usr/bin/cmake /home/mhdns/bumperbot_ws/src/bumperbot_localization -DCMAKE_INSTALL_PREFIX=/home/mhdns/bumperbot_ws/install/bumperbot_localization
[0.982s] Invoking command in '/home/mhdns/bumperbot_ws/build/bumperbot_localization': /usr/bin/cmake --build /home/mhdns/bumperbot_ws/build/bumperbot_localization -- -j32 -l32
[0.989s] ninja: no work to do.
[0.991s] Invoked command in '/home/mhdns/bumperbot_ws/build/bumperbot_localization' returned '0': /usr/bin/cmake --build /home/mhdns/bumperbot_ws/build/bumperbot_localization -- -j32 -l32
[1.000s] Invoking command in '/home/mhdns/bumperbot_ws/build/bumperbot_localization': /usr/bin/cmake --install /home/mhdns/bumperbot_ws/build/bumperbot_localization
[1.003s] -- Install configuration: ""
[1.005s] -- Installing: /home/mhdns/bumperbot_ws/install/bumperbot_localization/share/ament_index/resource_index/package_run_dependencies/bumperbot_localization
[1.005s] -- Installing: /home/mhdns/bumperbot_ws/install/bumperbot_localization/share/ament_index/resource_index/parent_prefix_path/bumperbot_localization
[1.005s] -- Installing: /home/mhdns/bumperbot_ws/install/bumperbot_localization/share/bumperbot_localization/environment/ament_prefix_path.sh
[1.005s] -- Installing: /home/mhdns/bumperbot_ws/install/bumperbot_localization/share/bumperbot_localization/environment/ament_prefix_path.dsv
[1.006s] -- Installing: /home/mhdns/bumperbot_ws/install/bumperbot_localization/share/bumperbot_localization/environment/path.sh
[1.006s] -- Installing: /home/mhdns/bumperbot_ws/install/bumperbot_localization/share/bumperbot_localization/environment/path.dsv
[1.006s] -- Installing: /home/mhdns/bumperbot_ws/install/bumperbot_localization/share/bumperbot_localization/local_setup.bash
[1.006s] -- Installing: /home/mhdns/bumperbot_ws/install/bumperbot_localization/share/bumperbot_localization/local_setup.sh
[1.006s] -- Installing: /home/mhdns/bumperbot_ws/install/bumperbot_localization/share/bumperbot_localization/local_setup.zsh
[1.006s] -- Installing: /home/mhdns/bumperbot_ws/install/bumperbot_localization/share/bumperbot_localization/local_setup.dsv
[1.006s] -- Installing: /home/mhdns/bumperbot_ws/install/bumperbot_localization/share/bumperbot_localization/package.dsv
[1.007s] -- Installing: /home/mhdns/bumperbot_ws/install/bumperbot_localization/share/ament_index/resource_index/packages/bumperbot_localization
[1.007s] -- Installing: /home/mhdns/bumperbot_ws/install/bumperbot_localization/share/bumperbot_localization/cmake/bumperbot_localizationConfig.cmake
[1.007s] -- Installing: /home/mhdns/bumperbot_ws/install/bumperbot_localization/share/bumperbot_localization/cmake/bumperbot_localizationConfig-version.cmake
[1.007s] -- Installing: /home/mhdns/bumperbot_ws/install/bumperbot_localization/share/bumperbot_localization/package.xml
[1.009s] Invoked command in '/home/mhdns/bumperbot_ws/build/bumperbot_localization' returned '0': /usr/bin/cmake --install /home/mhdns/bumperbot_ws/build/bumperbot_localization
