[0.013s] Invoking command in '/home/mhdns/bumperbot_ws/build/bumperbot_localization': /usr/bin/cmake /home/mhdns/bumperbot_ws/src/bumperbot_localization -DCMAKE_EXPORT_COMPILE_COMMANDS=ON -DCMAKE_INSTALL_PREFIX=/home/mhdns/bumperbot_ws/install/bumperbot_localization
[0.020s] -- Found ament_cmake: 1.3.9 (/opt/ros/humble/share/ament_cmake/cmake)
[0.094s] -- Found rclpy: 3.3.13 (/opt/ros/humble/share/rclpy/cmake)
[0.094s] -- Found sensor_msgs: 4.2.4 (/opt/ros/humble/share/sensor_msgs/cmake)
[0.179s] -- Found rosidl_generator_c: 3.1.5 (/opt/ros/humble/share/rosidl_generator_c/cmake)
[0.179s] -- Found rosidl_adapter: 3.1.5 (/opt/ros/humble/share/rosidl_adapter/cmake)
[0.183s] -- Found rosidl_generator_cpp: 3.1.5 (/opt/ros/humble/share/rosidl_generator_cpp/cmake)
[0.190s] -- Using all available rosidl_typesupport_c: rosidl_typesupport_fastrtps_c;rosidl_typesupport_introspection_c
[0.200s] -- Using all available rosidl_typesupport_cpp: rosidl_typesupport_fastrtps_cpp;rosidl_typesupport_introspection_cpp
[0.334s] -- Found nav_msgs: 4.2.4 (/opt/ros/humble/share/nav_msgs/cmake)
[0.424s] [31mCMake Error at /opt/ros/humble/share/ament_cmake_target_dependencies/cmake/ament_target_dependencies.cmake:77 (message):
[0.424s]   ament_target_dependencies() the passed package name 'rclcpp' was not found
[0.424s]   before
[0.424s] Call Stack (most recent call first):
[0.424s]   CMakeLists.txt:21 (ament_target_dependencies)
[0.424s] 
[0.424s] [0m
[0.424s] -- Configuring incomplete, errors occurred!
[0.424s] See also "/home/mhdns/bumperbot_ws/build/bumperbot_localization/CMakeFiles/CMakeOutput.log".
[0.465s] Invoked command in '/home/mhdns/bumperbot_ws/build/bumperbot_localization' returned '1': /usr/bin/cmake /home/mhdns/bumperbot_ws/src/bumperbot_localization -DCMAKE_EXPORT_COMPILE_COMMANDS=ON -DCMAKE_INSTALL_PREFIX=/home/mhdns/bumperbot_ws/install/bumperbot_localization
