[0.015s] Invoking command in '/home/mhdns/bumperbot_ws/build/bumperbot_controller': /usr/bin/cmake --build /home/mhdns/bumperbot_ws/build/bumperbot_controller -- -j32 -l32
[0.024s] 
[0.024s] [0/1] Re-running CMake...[K
[0.035s] -- Found ament_cmake: 1.3.9 (/opt/ros/humble/share/ament_cmake/cmake)
[0.136s] -- Found rclpy: 3.3.13 (/opt/ros/humble/share/rclpy/cmake)
[0.136s] -- Found std_msgs: 4.2.4 (/opt/ros/humble/share/std_msgs/cmake)
[0.234s] -- Found rosidl_generator_c: 3.1.5 (/opt/ros/humble/share/rosidl_generator_c/cmake)
[0.236s] -- Found rosidl_adapter: 3.1.5 (/opt/ros/humble/share/rosidl_adapter/cmake)
[0.240s] -- Found rosidl_generator_cpp: 3.1.5 (/opt/ros/humble/share/rosidl_generator_cpp/cmake)
[0.248s] -- Using all available rosidl_typesupport_c: rosidl_typesupport_fastrtps_c;rosidl_typesupport_introspection_c
[0.259s] -- Using all available rosidl_typesupport_cpp: rosidl_typesupport_fastrtps_cpp;rosidl_typesupport_introspection_cpp
[0.299s] -- Found geometry_msgs: 4.2.4 (/opt/ros/humble/share/geometry_msgs/cmake)
[0.324s] -- Found rclcpp: 16.0.9 (/opt/ros/humble/share/rclcpp/cmake)
[0.359s] -- Found rmw_implementation_cmake: 6.1.2 (/opt/ros/humble/share/rmw_implementation_cmake/cmake)
[0.360s] -- Found rmw_fastrtps_cpp: 6.2.6 (/opt/ros/humble/share/rmw_fastrtps_cpp/cmake)
[3.517s] -- Using RMW implementation 'rmw_fastrtps_cpp' as default
[3.598s] -- Found sensor_msgs: 4.2.4 (/opt/ros/humble/share/sensor_msgs/cmake)
[3.651s] -- Found nav_msgs: 4.2.4 (/opt/ros/humble/share/nav_msgs/cmake)
[3.743s] -- Found ament_lint_auto: 0.12.11 (/opt/ros/humble/share/ament_lint_auto/cmake)
[3.786s] -- Added test 'cppcheck' to perform static code analysis on C / C++ code
[3.786s] -- Configured cppcheck include dirs: /home/mhdns/bumperbot_ws/src/bumperbot_controller/include
[3.786s] -- Configured cppcheck exclude dirs and/or files: 
[3.787s] -- Added test 'flake8' to check Python code syntax and style conventions
[3.787s] -- Added test 'lint_cmake' to check CMake code style
[3.787s] -- Added test 'pep257' to check Python code against some of the docstring style conventions in PEP 257
[3.788s] -- Added test 'uncrustify' to check C / C++ code style
[3.788s] -- Configured uncrustify additional arguments: 
[3.788s] -- Added test 'xmllint' to check XML markup files
[3.789s] -- Configuring done
[3.795s] -- Generating done
[3.799s] -- Build files have been written to: /home/mhdns/bumperbot_ws/build/bumperbot_controller
[3.808s] 
[3.813s] [0/2] cd /home/mhdns/bumperbot_ws/build/bumperbot_controller && /usr/bin/cmake -E copy_directory /home/mhdns/bumperbot_ws/src/bumperbot_controller/bumperbot_controller /home/mhdns/bumperbot_ws/build/bumperbot_controller/ament_cmake_python/bumperbot_controller/bumperbot_controller[K
[3.813s] [1/2] cd /home/mhdns/bumperbot_ws/build/bumperbot_controller && /usr/bin/cmake -E copy_directory /home/mhdns/bumperbot_ws/src/bumperbot_controller/bumperbot_controller /home/mhdns/bumperbot_ws/build/bumperbot_controller/ament_cmake_python/bumperbot_controller/bumperbot_controller[K
[3.959s] [1/2] cd /home/mhdns/bumperbot_ws/build/bumperbot_controller/ament_cmake_python/bumperbot_controller && /usr/bin/python3 setup.py egg_info[K
[3.959s] [2/2] cd /home/mhdns/bumperbot_ws/build/bumperbot_controller/ament_cmake_python/bumperbot_controller && /usr/bin/python3 setup.py egg_info[K
[3.960s] running egg_info
[3.960s] writing bumperbot_controller.egg-info/PKG-INFO
[3.960s] writing dependency_links to bumperbot_controller.egg-info/dependency_links.txt
[3.960s] writing top-level names to bumperbot_controller.egg-info/top_level.txt
[3.960s] reading manifest file 'bumperbot_controller.egg-info/SOURCES.txt'
[3.960s] writing manifest file 'bumperbot_controller.egg-info/SOURCES.txt'
[3.961s] Invoked command in '/home/mhdns/bumperbot_ws/build/bumperbot_controller' returned '0': /usr/bin/cmake --build /home/mhdns/bumperbot_ws/build/bumperbot_controller -- -j32 -l32
[3.974s] Invoking command in '/home/mhdns/bumperbot_ws/build/bumperbot_controller': /usr/bin/cmake --install /home/mhdns/bumperbot_ws/build/bumperbot_controller
[3.978s] -- Install configuration: ""
[3.978s] -- Up-to-date: /home/mhdns/bumperbot_ws/install/bumperbot_controller/share/bumperbot_controller/environment/pythonpath.sh
[3.978s] -- Installing: /home/mhdns/bumperbot_ws/install/bumperbot_controller/share/bumperbot_controller/environment/pythonpath.dsv
[3.978s] -- Up-to-date: /home/mhdns/bumperbot_ws/install/bumperbot_controller/local/lib/python3.10/dist-packages/bumperbot_controller-0.0.0-py3.10.egg-info
[3.978s] -- Installing: /home/mhdns/bumperbot_ws/install/bumperbot_controller/local/lib/python3.10/dist-packages/bumperbot_controller-0.0.0-py3.10.egg-info/PKG-INFO
[3.978s] -- Installing: /home/mhdns/bumperbot_ws/install/bumperbot_controller/local/lib/python3.10/dist-packages/bumperbot_controller-0.0.0-py3.10.egg-info/dependency_links.txt
[3.978s] -- Installing: /home/mhdns/bumperbot_ws/install/bumperbot_controller/local/lib/python3.10/dist-packages/bumperbot_controller-0.0.0-py3.10.egg-info/top_level.txt
[3.978s] -- Installing: /home/mhdns/bumperbot_ws/install/bumperbot_controller/local/lib/python3.10/dist-packages/bumperbot_controller-0.0.0-py3.10.egg-info/SOURCES.txt
[3.978s] -- Up-to-date: /home/mhdns/bumperbot_ws/install/bumperbot_controller/local/lib/python3.10/dist-packages/bumperbot_controller
[3.979s] -- Installing: /home/mhdns/bumperbot_ws/install/bumperbot_controller/local/lib/python3.10/dist-packages/bumperbot_controller/simple_controller.py
[3.979s] -- Up-to-date: /home/mhdns/bumperbot_ws/install/bumperbot_controller/local/lib/python3.10/dist-packages/bumperbot_controller/__init__.py
[3.997s] Listing '/home/mhdns/bumperbot_ws/install/bumperbot_controller/local/lib/python3.10/dist-packages/bumperbot_controller'...
[3.997s] Compiling '/home/mhdns/bumperbot_ws/install/bumperbot_controller/local/lib/python3.10/dist-packages/bumperbot_controller/simple_controller.py'...
[4.000s] -- Up-to-date: /home/mhdns/bumperbot_ws/install/bumperbot_controller/include/include
[4.000s] -- Up-to-date: /home/mhdns/bumperbot_ws/install/bumperbot_controller/include/include/bumperbot_controller
[4.000s] -- Up-to-date: /home/mhdns/bumperbot_ws/install/bumperbot_controller/include/include/bumperbot_controller/simple_controller.hpp
[4.000s] -- Up-to-date: /home/mhdns/bumperbot_ws/install/bumperbot_controller/lib/bumperbot_controller/simple_controller
[4.000s] -- Installing: /home/mhdns/bumperbot_ws/install/bumperbot_controller/lib/bumperbot_controller/simple_controller.py
[4.001s] -- Up-to-date: /home/mhdns/bumperbot_ws/install/bumperbot_controller/share/bumperbot_controller/config
[4.001s] -- Up-to-date: /home/mhdns/bumperbot_ws/install/bumperbot_controller/share/bumperbot_controller/config/bumperbot_controllers.yaml
[4.001s] -- Up-to-date: /home/mhdns/bumperbot_ws/install/bumperbot_controller/share/bumperbot_controller/config/joy_config.yaml
[4.001s] -- Up-to-date: /home/mhdns/bumperbot_ws/install/bumperbot_controller/share/bumperbot_controller/config/joy_teleop.yaml
[4.001s] -- Up-to-date: /home/mhdns/bumperbot_ws/install/bumperbot_controller/share/bumperbot_controller/launch
[4.001s] -- Up-to-date: /home/mhdns/bumperbot_ws/install/bumperbot_controller/share/bumperbot_controller/launch/joystick_teleop.launch.py
[4.001s] -- Up-to-date: /home/mhdns/bumperbot_ws/install/bumperbot_controller/share/bumperbot_controller/launch/controller.launch.py
[4.001s] -- Installing: /home/mhdns/bumperbot_ws/install/bumperbot_controller/share/ament_index/resource_index/package_run_dependencies/bumperbot_controller
[4.002s] -- Up-to-date: /home/mhdns/bumperbot_ws/install/bumperbot_controller/share/ament_index/resource_index/parent_prefix_path/bumperbot_controller
[4.002s] -- Up-to-date: /home/mhdns/bumperbot_ws/install/bumperbot_controller/share/bumperbot_controller/environment/ament_prefix_path.sh
[4.002s] -- Installing: /home/mhdns/bumperbot_ws/install/bumperbot_controller/share/bumperbot_controller/environment/ament_prefix_path.dsv
[4.002s] -- Up-to-date: /home/mhdns/bumperbot_ws/install/bumperbot_controller/share/bumperbot_controller/environment/path.sh
[4.002s] -- Installing: /home/mhdns/bumperbot_ws/install/bumperbot_controller/share/bumperbot_controller/environment/path.dsv
[4.002s] -- Up-to-date: /home/mhdns/bumperbot_ws/install/bumperbot_controller/share/bumperbot_controller/local_setup.bash
[4.002s] -- Up-to-date: /home/mhdns/bumperbot_ws/install/bumperbot_controller/share/bumperbot_controller/local_setup.sh
[4.002s] -- Up-to-date: /home/mhdns/bumperbot_ws/install/bumperbot_controller/share/bumperbot_controller/local_setup.zsh
[4.002s] -- Installing: /home/mhdns/bumperbot_ws/install/bumperbot_controller/share/bumperbot_controller/local_setup.dsv
[4.002s] -- Installing: /home/mhdns/bumperbot_ws/install/bumperbot_controller/share/bumperbot_controller/package.dsv
[4.002s] -- Up-to-date: /home/mhdns/bumperbot_ws/install/bumperbot_controller/share/ament_index/resource_index/packages/bumperbot_controller
[4.002s] -- Up-to-date: /home/mhdns/bumperbot_ws/install/bumperbot_controller/share/bumperbot_controller/cmake/bumperbot_controllerConfig.cmake
[4.002s] -- Up-to-date: /home/mhdns/bumperbot_ws/install/bumperbot_controller/share/bumperbot_controller/cmake/bumperbot_controllerConfig-version.cmake
[4.002s] -- Installing: /home/mhdns/bumperbot_ws/install/bumperbot_controller/share/bumperbot_controller/package.xml
[4.004s] Invoked command in '/home/mhdns/bumperbot_ws/build/bumperbot_controller' returned '0': /usr/bin/cmake --install /home/mhdns/bumperbot_ws/build/bumperbot_controller
