[0.015s] Invoking command in '/home/mhdns/bumperbot_ws/build/bumperbot_msgs': /usr/bin/cmake /home/mhdns/bumperbot_ws/src/bumperbot_msgs -DCMAKE_INSTALL_PREFIX=/home/mhdns/bumperbot_ws/install/bumperbot_msgs
[0.054s] -- Found ament_cmake: 1.3.9 (/opt/ros/humble/share/ament_cmake/cmake)
[0.159s] -- Found std_msgs: 4.2.4 (/opt/ros/humble/share/std_msgs/cmake)
[0.247s] -- Found rosidl_generator_c: 3.1.5 (/opt/ros/humble/share/rosidl_generator_c/cmake)
[0.250s] -- Found rosidl_adapter: 3.1.5 (/opt/ros/humble/share/rosidl_adapter/cmake)
[0.258s] -- Found rosidl_generator_cpp: 3.1.5 (/opt/ros/humble/share/rosidl_generator_cpp/cmake)
[0.271s] -- Using all available rosidl_typesupport_c: rosidl_typesupport_fastrtps_c;rosidl_typesupport_introspection_c
[0.287s] -- Using all available rosidl_typesupport_cpp: rosidl_typesupport_fastrtps_cpp;rosidl_typesupport_introspection_cpp
[0.330s] -- Found geometry_msgs: 4.2.4 (/opt/ros/humble/share/geometry_msgs/cmake)
[0.362s] -- Found rosidl_default_generators: 1.2.0 (/opt/ros/humble/share/rosidl_default_generators/cmake)
[0.587s] -- Found ament_cmake_ros: 0.10.0 (/opt/ros/humble/share/ament_cmake_ros/cmake)
[0.874s] -- Using all available rosidl_typesupport_c: rosidl_typesupport_fastrtps_c;rosidl_typesupport_introspection_c
[0.993s] -- Using all available rosidl_typesupport_cpp: rosidl_typesupport_fastrtps_cpp;rosidl_typesupport_introspection_cpp
[1.012s] -- Found python_cmake_module: 0.10.0 (/opt/ros/humble/share/python_cmake_module/cmake)
[1.031s] -- Using PYTHON_EXECUTABLE: /usr/bin/python3
[1.031s] -- Using PYTHON_INCLUDE_DIRS: /usr/include/python3.10
[1.031s] -- Using PYTHON_LIBRARIES: /usr/lib/x86_64-linux-gnu/libpython3.10.so
[1.056s] -- Found ament_lint_auto: 0.12.11 (/opt/ros/humble/share/ament_lint_auto/cmake)
[1.081s] -- Added test 'cppcheck' to perform static code analysis on C / C++ code
[1.081s] -- Configured cppcheck include dirs: 
[1.081s] -- Configured cppcheck exclude dirs and/or files: 
[1.082s] -- Added test 'flake8' to check Python code syntax and style conventions
[1.084s] -- Added test 'lint_cmake' to check CMake code style
[1.085s] -- Added test 'pep257' to check Python code against some of the docstring style conventions in PEP 257
[1.091s] -- Added test 'uncrustify' to check C / C++ code style
[1.091s] -- Configured uncrustify additional arguments: 
[1.092s] -- Added test 'xmllint' to check XML markup files
[1.093s] -- Configuring done
[1.126s] -- Generating done
[1.138s] -- Build files have been written to: /home/mhdns/bumperbot_ws/build/bumperbot_msgs
[1.147s] Invoked command in '/home/mhdns/bumperbot_ws/build/bumperbot_msgs' returned '0': /usr/bin/cmake /home/mhdns/bumperbot_ws/src/bumperbot_msgs -DCMAKE_INSTALL_PREFIX=/home/mhdns/bumperbot_ws/install/bumperbot_msgs
[1.148s] Invoking command in '/home/mhdns/bumperbot_ws/build/bumperbot_msgs': /usr/bin/cmake --build /home/mhdns/bumperbot_ws/build/bumperbot_msgs -- -j32 -l32
[1.157s] 
