[0.521s] Invoking command in '/home/mhdns/bumperbot_ws/src/bumperbot_py_examples': PYTHONPATH=/home/mhdns/bumperbot_ws/src/build/bumperbot_py_examples/prefix_override:/usr/lib/python3/dist-packages/colcon_core/task/python/colcon_distutils_commands:/home/mhdns/bumperbot_ws/src/install/bumperbot_py_examples/lib/python3.10/site-packages:${PYTHONPATH} /usr/bin/python3 -W ignore:setup.py install is deprecated setup.py egg_info --egg-base ../build/bumperbot_py_examples build --build-base /home/mhdns/bumperbot_ws/src/build/bumperbot_py_examples/build install --record /home/mhdns/bumperbot_ws/src/build/bumperbot_py_examples/install.log --single-version-externally-managed install_data
[0.663s] running egg_info
[0.664s] creating ../build/bumperbot_py_examples/bumperbot_py_examples.egg-info
[0.664s] writing ../build/bumperbot_py_examples/bumperbot_py_examples.egg-info/PKG-INFO
[0.664s] writing dependency_links to ../build/bumperbot_py_examples/bumperbot_py_examples.egg-info/dependency_links.txt
[0.664s] writing entry points to ../build/bumperbot_py_examples/bumperbot_py_examples.egg-info/entry_points.txt
[0.665s] writing requirements to ../build/bumperbot_py_examples/bumperbot_py_examples.egg-info/requires.txt
[0.665s] writing top-level names to ../build/bumperbot_py_examples/bumperbot_py_examples.egg-info/top_level.txt
[0.665s] writing manifest file '../build/bumperbot_py_examples/bumperbot_py_examples.egg-info/SOURCES.txt'
[0.666s] reading manifest file '../build/bumperbot_py_examples/bumperbot_py_examples.egg-info/SOURCES.txt'
[0.666s] writing manifest file '../build/bumperbot_py_examples/bumperbot_py_examples.egg-info/SOURCES.txt'
[0.666s] running build
[0.666s] running build_py
[0.667s] creating /home/mhdns/bumperbot_ws/src/build/bumperbot_py_examples/build
[0.667s] creating /home/mhdns/bumperbot_ws/src/build/bumperbot_py_examples/build/lib
[0.667s] creating /home/mhdns/bumperbot_ws/src/build/bumperbot_py_examples/build/lib/bumperbot_py_examples
[0.667s] copying bumperbot_py_examples/simple_turtlesim_kinematics.py -> /home/mhdns/bumperbot_ws/src/build/bumperbot_py_examples/build/lib/bumperbot_py_examples
[0.667s] copying bumperbot_py_examples/simple_service_server.py -> /home/mhdns/bumperbot_ws/src/build/bumperbot_py_examples/build/lib/bumperbot_py_examples
[0.667s] copying bumperbot_py_examples/__init__.py -> /home/mhdns/bumperbot_ws/src/build/bumperbot_py_examples/build/lib/bumperbot_py_examples
[0.668s] copying bumperbot_py_examples/simple_parameter.py -> /home/mhdns/bumperbot_ws/src/build/bumperbot_py_examples/build/lib/bumperbot_py_examples
[0.668s] copying bumperbot_py_examples/simple_publisher.py -> /home/mhdns/bumperbot_ws/src/build/bumperbot_py_examples/build/lib/bumperbot_py_examples
[0.668s] copying bumperbot_py_examples/simple_tf_kinematics.py -> /home/mhdns/bumperbot_ws/src/build/bumperbot_py_examples/build/lib/bumperbot_py_examples
[0.668s] copying bumperbot_py_examples/simple_subscriber.py -> /home/mhdns/bumperbot_ws/src/build/bumperbot_py_examples/build/lib/bumperbot_py_examples
[0.669s] running install
[0.669s] running install_lib
[0.670s] creating /home/mhdns/bumperbot_ws/src/install/bumperbot_py_examples/lib/python3.10/site-packages/bumperbot_py_examples
[0.670s] copying /home/mhdns/bumperbot_ws/src/build/bumperbot_py_examples/build/lib/bumperbot_py_examples/simple_turtlesim_kinematics.py -> /home/mhdns/bumperbot_ws/src/install/bumperbot_py_examples/lib/python3.10/site-packages/bumperbot_py_examples
[0.670s] copying /home/mhdns/bumperbot_ws/src/build/bumperbot_py_examples/build/lib/bumperbot_py_examples/simple_service_server.py -> /home/mhdns/bumperbot_ws/src/install/bumperbot_py_examples/lib/python3.10/site-packages/bumperbot_py_examples
[0.670s] copying /home/mhdns/bumperbot_ws/src/build/bumperbot_py_examples/build/lib/bumperbot_py_examples/__init__.py -> /home/mhdns/bumperbot_ws/src/install/bumperbot_py_examples/lib/python3.10/site-packages/bumperbot_py_examples
[0.671s] copying /home/mhdns/bumperbot_ws/src/build/bumperbot_py_examples/build/lib/bumperbot_py_examples/simple_parameter.py -> /home/mhdns/bumperbot_ws/src/install/bumperbot_py_examples/lib/python3.10/site-packages/bumperbot_py_examples
[0.671s] copying /home/mhdns/bumperbot_ws/src/build/bumperbot_py_examples/build/lib/bumperbot_py_examples/simple_publisher.py -> /home/mhdns/bumperbot_ws/src/install/bumperbot_py_examples/lib/python3.10/site-packages/bumperbot_py_examples
[0.671s] copying /home/mhdns/bumperbot_ws/src/build/bumperbot_py_examples/build/lib/bumperbot_py_examples/simple_tf_kinematics.py -> /home/mhdns/bumperbot_ws/src/install/bumperbot_py_examples/lib/python3.10/site-packages/bumperbot_py_examples
[0.671s] copying /home/mhdns/bumperbot_ws/src/build/bumperbot_py_examples/build/lib/bumperbot_py_examples/simple_subscriber.py -> /home/mhdns/bumperbot_ws/src/install/bumperbot_py_examples/lib/python3.10/site-packages/bumperbot_py_examples
[0.671s] byte-compiling /home/mhdns/bumperbot_ws/src/install/bumperbot_py_examples/lib/python3.10/site-packages/bumperbot_py_examples/simple_turtlesim_kinematics.py to simple_turtlesim_kinematics.cpython-310.pyc
[0.671s] byte-compiling /home/mhdns/bumperbot_ws/src/install/bumperbot_py_examples/lib/python3.10/site-packages/bumperbot_py_examples/simple_service_server.py to simple_service_server.cpython-310.pyc
[0.672s] byte-compiling /home/mhdns/bumperbot_ws/src/install/bumperbot_py_examples/lib/python3.10/site-packages/bumperbot_py_examples/__init__.py to __init__.cpython-310.pyc
[0.672s] byte-compiling /home/mhdns/bumperbot_ws/src/install/bumperbot_py_examples/lib/python3.10/site-packages/bumperbot_py_examples/simple_parameter.py to simple_parameter.cpython-310.pyc
[0.672s] byte-compiling /home/mhdns/bumperbot_ws/src/install/bumperbot_py_examples/lib/python3.10/site-packages/bumperbot_py_examples/simple_publisher.py to simple_publisher.cpython-310.pyc
[0.672s] byte-compiling /home/mhdns/bumperbot_ws/src/install/bumperbot_py_examples/lib/python3.10/site-packages/bumperbot_py_examples/simple_tf_kinematics.py to simple_tf_kinematics.cpython-310.pyc
[0.673s] byte-compiling /home/mhdns/bumperbot_ws/src/install/bumperbot_py_examples/lib/python3.10/site-packages/bumperbot_py_examples/simple_subscriber.py to simple_subscriber.cpython-310.pyc
[0.673s] running install_data
[0.673s] creating /home/mhdns/bumperbot_ws/src/install/bumperbot_py_examples/share/ament_index
[0.674s] creating /home/mhdns/bumperbot_ws/src/install/bumperbot_py_examples/share/ament_index/resource_index
[0.674s] creating /home/mhdns/bumperbot_ws/src/install/bumperbot_py_examples/share/ament_index/resource_index/packages
[0.674s] copying resource/bumperbot_py_examples -> /home/mhdns/bumperbot_ws/src/install/bumperbot_py_examples/share/ament_index/resource_index/packages
[0.674s] copying package.xml -> /home/mhdns/bumperbot_ws/src/install/bumperbot_py_examples/share/bumperbot_py_examples
[0.674s] running install_egg_info
[0.675s] Copying ../build/bumperbot_py_examples/bumperbot_py_examples.egg-info to /home/mhdns/bumperbot_ws/src/install/bumperbot_py_examples/lib/python3.10/site-packages/bumperbot_py_examples-0.0.0-py3.10.egg-info
[0.676s] running install_scripts
[0.690s] Installing simple_parameter script to /home/mhdns/bumperbot_ws/src/install/bumperbot_py_examples/lib/bumperbot_py_examples
[0.690s] Installing simple_publisher script to /home/mhdns/bumperbot_ws/src/install/bumperbot_py_examples/lib/bumperbot_py_examples
[0.690s] Installing simple_subscriber script to /home/mhdns/bumperbot_ws/src/install/bumperbot_py_examples/lib/bumperbot_py_examples
[0.690s] Installing simple_tf_kinematics script to /home/mhdns/bumperbot_ws/src/install/bumperbot_py_examples/lib/bumperbot_py_examples
[0.690s] Installing simple_turtlesim_kinematics script to /home/mhdns/bumperbot_ws/src/install/bumperbot_py_examples/lib/bumperbot_py_examples
[0.690s] writing list of installed files to '/home/mhdns/bumperbot_ws/src/build/bumperbot_py_examples/install.log'
[0.709s] Invoked command in '/home/mhdns/bumperbot_ws/src/bumperbot_py_examples' returned '0': PYTHONPATH=/home/mhdns/bumperbot_ws/src/build/bumperbot_py_examples/prefix_override:/usr/lib/python3/dist-packages/colcon_core/task/python/colcon_distutils_commands:/home/mhdns/bumperbot_ws/src/install/bumperbot_py_examples/lib/python3.10/site-packages:${PYTHONPATH} /usr/bin/python3 -W ignore:setup.py install is deprecated setup.py egg_info --egg-base ../build/bumperbot_py_examples build --build-base /home/mhdns/bumperbot_ws/src/build/bumperbot_py_examples/build install --record /home/mhdns/bumperbot_ws/src/build/bumperbot_py_examples/install.log --single-version-externally-managed install_data
