[0.538s] Invoking command in '/home/mhdns/bumperbot_ws/src/bumperbot_py_examples': PYTHONPATH=/home/mhdns/bumperbot_ws/build/bumperbot_py_examples/prefix_override:/usr/lib/python3/dist-packages/colcon_core/task/python/colcon_distutils_commands:/home/mhdns/bumperbot_ws/install/bumperbot_py_examples/lib/python3.10/site-packages:${PYTHONPATH} /usr/bin/python3 -W ignore:setup.py install is deprecated setup.py egg_info --egg-base ../../build/bumperbot_py_examples build --build-base /home/mhdns/bumperbot_ws/build/bumperbot_py_examples/build install --record /home/mhdns/bumperbot_ws/build/bumperbot_py_examples/install.log --single-version-externally-managed install_data
[0.679s] running egg_info
[0.679s] writing ../../build/bumperbot_py_examples/bumperbot_py_examples.egg-info/PKG-INFO
[0.679s] writing dependency_links to ../../build/bumperbot_py_examples/bumperbot_py_examples.egg-info/dependency_links.txt
[0.680s] writing entry points to ../../build/bumperbot_py_examples/bumperbot_py_examples.egg-info/entry_points.txt
[0.680s] writing requirements to ../../build/bumperbot_py_examples/bumperbot_py_examples.egg-info/requires.txt
[0.680s] writing top-level names to ../../build/bumperbot_py_examples/bumperbot_py_examples.egg-info/top_level.txt
[0.681s] reading manifest file '../../build/bumperbot_py_examples/bumperbot_py_examples.egg-info/SOURCES.txt'
[0.682s] writing manifest file '../../build/bumperbot_py_examples/bumperbot_py_examples.egg-info/SOURCES.txt'
[0.682s] running build
[0.682s] running build_py
[0.682s] copying bumperbot_py_examples/simple_tf_kinematics.py -> /home/mhdns/bumperbot_ws/build/bumperbot_py_examples/build/lib/bumperbot_py_examples
[0.683s] running install
[0.683s] running install_lib
[0.683s] copying /home/mhdns/bumperbot_ws/build/bumperbot_py_examples/build/lib/bumperbot_py_examples/simple_tf_kinematics.py -> /home/mhdns/bumperbot_ws/install/bumperbot_py_examples/lib/python3.10/site-packages/bumperbot_py_examples
[0.684s] byte-compiling /home/mhdns/bumperbot_ws/install/bumperbot_py_examples/lib/python3.10/site-packages/bumperbot_py_examples/simple_tf_kinematics.py to simple_tf_kinematics.cpython-310.pyc
[0.685s] running install_data
[0.685s] running install_egg_info
[0.686s] removing '/home/mhdns/bumperbot_ws/install/bumperbot_py_examples/lib/python3.10/site-packages/bumperbot_py_examples-0.0.0-py3.10.egg-info' (and everything under it)
[0.686s] Copying ../../build/bumperbot_py_examples/bumperbot_py_examples.egg-info to /home/mhdns/bumperbot_ws/install/bumperbot_py_examples/lib/python3.10/site-packages/bumperbot_py_examples-0.0.0-py3.10.egg-info
[0.687s] running install_scripts
[0.700s] Installing simple_parameter script to /home/mhdns/bumperbot_ws/install/bumperbot_py_examples/lib/bumperbot_py_examples
[0.700s] Installing simple_publisher script to /home/mhdns/bumperbot_ws/install/bumperbot_py_examples/lib/bumperbot_py_examples
[0.700s] Installing simple_subscriber script to /home/mhdns/bumperbot_ws/install/bumperbot_py_examples/lib/bumperbot_py_examples
[0.700s] Installing simple_tf_kinematics script to /home/mhdns/bumperbot_ws/install/bumperbot_py_examples/lib/bumperbot_py_examples
[0.701s] Installing simple_turtlesim_kinematics script to /home/mhdns/bumperbot_ws/install/bumperbot_py_examples/lib/bumperbot_py_examples
[0.701s] writing list of installed files to '/home/mhdns/bumperbot_ws/build/bumperbot_py_examples/install.log'
[0.717s] Invoked command in '/home/mhdns/bumperbot_ws/src/bumperbot_py_examples' returned '0': PYTHONPATH=/home/mhdns/bumperbot_ws/build/bumperbot_py_examples/prefix_override:/usr/lib/python3/dist-packages/colcon_core/task/python/colcon_distutils_commands:/home/mhdns/bumperbot_ws/install/bumperbot_py_examples/lib/python3.10/site-packages:${PYTHONPATH} /usr/bin/python3 -W ignore:setup.py install is deprecated setup.py egg_info --egg-base ../../build/bumperbot_py_examples build --build-base /home/mhdns/bumperbot_ws/build/bumperbot_py_examples/build install --record /home/mhdns/bumperbot_ws/build/bumperbot_py_examples/install.log --single-version-externally-managed install_data
