-- Found ament_cmake: 1.3.9 (/opt/ros/humble/share/ament_cmake/cmake)
-- Found std_msgs: 4.2.4 (/opt/ros/humble/share/std_msgs/cmake)
-- Found rosidl_generator_c: 3.1.5 (/opt/ros/humble/share/rosidl_generator_c/cmake)
-- Found rosidl_adapter: 3.1.5 (/opt/ros/humble/share/rosidl_adapter/cmake)
-- Found rosidl_generator_cpp: 3.1.5 (/opt/ros/humble/share/rosidl_generator_cpp/cmake)
-- Using all available rosidl_typesupport_c: rosidl_typesupport_fastrtps_c;rosidl_typesupport_introspection_c
-- Using all available rosidl_typesupport_cpp: rosidl_typesupport_fastrtps_cpp;rosidl_typesupport_introspection_cpp
-- Found geometry_msgs: 4.2.4 (/opt/ros/humble/share/geometry_msgs/cmake)
-- Found rosidl_default_generators: 1.2.0 (/opt/ros/humble/share/rosidl_default_generators/cmake)
-- Found ament_cmake_ros: 0.10.0 (/opt/ros/humble/share/ament_cmake_ros/cmake)
-- Using all available rosidl_typesupport_c: rosidl_typesupport_fastrtps_c;rosidl_typesupport_introspection_c
-- Using all available rosidl_typesupport_cpp: rosidl_typesupport_fastrtps_cpp;rosidl_typesupport_introspection_cpp
-- Found python_cmake_module: 0.10.0 (/opt/ros/humble/share/python_cmake_module/cmake)
-- Using PYTHON_EXECUTABLE: /usr/bin/python3
-- Using PYTHON_INCLUDE_DIRS: /usr/include/python3.10
-- Using PYTHON_LIBRARIES: /usr/lib/x86_64-linux-gnu/libpython3.10.so
-- Found ament_lint_auto: 0.12.11 (/opt/ros/humble/share/ament_lint_auto/cmake)
-- Added test 'cppcheck' to perform static code analysis on C / C++ code
-- Configured cppcheck include dirs: 
-- Configured cppcheck exclude dirs and/or files: 
-- Added test 'flake8' to check Python code syntax and style conventions
-- Added test 'lint_cmake' to check CMake code style
-- Added test 'pep257' to check Python code against some of the docstring style conventions in PEP 257
-- Added test 'uncrustify' to check C / C++ code style
-- Configured uncrustify additional arguments: 
-- Added test 'xmllint' to check XML markup files
-- Configuring done
-- Generating done
-- Build files have been written to: /home/mhdns/bumperbot_ws/build/bumperbot_msgs

[0/41] Generating C++ code for ROS interfaces[K
[0/41] Generating C code for ROS interfaces[K
[0/41] cd /home/mhdns/bumperbot_ws/build/bumperbot_msgs && /usr/bin/cmake -E copy_directory /home/mhdns/bumperbot_ws/build/bumperbot_msgs/rosidl_generator_py/bumperbot_msgs /home/mhdns/bumperbot_ws/build/bumperbot_msgs/ament_cmake_python/bumperbot_msgs/bumperbot_msgs[K
[1/41] cd /home/mhdns/bumperbot_ws/build/bumperbot_msgs && /usr/bin/cmake -E copy_directory /home/mhdns/bumperbot_ws/build/bumperbot_msgs/rosidl_generator_py/bumperbot_msgs /home/mhdns/bumperbot_ws/build/bumperbot_msgs/ament_cmake_python/bumperbot_msgs/bumperbot_msgs[K
[1/41] cd /home/mhdns/bumperbot_ws/build/bumperbot_msgs/ament_cmake_python/bumperbot_msgs && /usr/bin/python3 setup.py egg_info[K
[2/41] cd /home/mhdns/bumperbot_ws/build/bumperbot_msgs/ament_cmake_python/bumperbot_msgs && /usr/bin/python3 setup.py egg_info[K
running egg_info
writing bumperbot_msgs.egg-info/PKG-INFO
writing dependency_links to bumperbot_msgs.egg-info/dependency_links.txt
writing top-level names to bumperbot_msgs.egg-info/top_level.txt
reading manifest file 'bumperbot_msgs.egg-info/SOURCES.txt'
writing manifest file 'bumperbot_msgs.egg-info/SOURCES.txt'

[3/41] Generating C++ code for ROS interfaces[K
[3/41] Generating C++ type support for eProsima Fast-RTPS[K
[3/41] Generating C++ introspection for ROS interfaces[K
[3/41] Generating C++ type support dispatch for ROS interfaces[K
[4/41] Generating C code for ROS interfaces[K
[4/41] Building C object CMakeFiles/bumperbot_msgs__rosidl_generator_c.dir/rosidl_generator_c/bumperbot_msgs/srv/detail/add_two_ints__functions.c.o[K
[4/41] Building C object CMakeFiles/bumperbot_msgs__rosidl_generator_c.dir/rosidl_generator_c/bumperbot_msgs/srv/detail/get_transform__functions.c.o[K
[5/41] Building C object CMakeFiles/bumperbot_msgs__rosidl_generator_c.dir/rosidl_generator_c/bumperbot_msgs/srv/detail/add_two_ints__functions.c.o[K
[6/41] Building C object CMakeFiles/bumperbot_msgs__rosidl_generator_c.dir/rosidl_generator_c/bumperbot_msgs/srv/detail/get_transform__functions.c.o[K
[6/41] Linking C shared library libbumperbot_msgs__rosidl_generator_c.so[K
[7/41] Linking C shared library libbumperbot_msgs__rosidl_generator_c.so[K
[7/41] Generating C introspection for ROS interfaces[K
[7/41] Generating C type support for eProsima Fast-RTPS[K
[7/41] Generating C type support dispatch for ROS interfaces[K
[8/41] Generating C++ type support dispatch for ROS interfaces[K
[8/41] Building CXX object CMakeFiles/bumperbot_msgs__rosidl_typesupport_cpp.dir/rosidl_typesupport_cpp/bumperbot_msgs/srv/add_two_ints__type_support.cpp.o[K
[8/41] Building CXX object CMakeFiles/bumperbot_msgs__rosidl_typesupport_cpp.dir/rosidl_typesupport_cpp/bumperbot_msgs/srv/get_transform__type_support.cpp.o[K
[9/41] Generating C++ introspection for ROS interfaces[K
[9/41] Building CXX object CMakeFiles/bumperbot_msgs__rosidl_typesupport_introspection_cpp.dir/rosidl_typesupport_introspection_cpp/bumperbot_msgs/srv/detail/add_two_ints__type_support.cpp.o[K
[9/41] Building CXX object CMakeFiles/bumperbot_msgs__rosidl_typesupport_introspection_cpp.dir/rosidl_typesupport_introspection_cpp/bumperbot_msgs/srv/detail/get_transform__type_support.cpp.o[K
[10/41] Generating C++ type support for eProsima Fast-RTPS[K
[10/41] Building CXX object CMakeFiles/bumperbot_msgs__rosidl_typesupport_fastrtps_cpp.dir/rosidl_typesupport_fastrtps_cpp/bumperbot_msgs/srv/detail/dds_fastrtps/add_two_ints__type_support.cpp.o[K
[10/41] Building CXX object CMakeFiles/bumperbot_msgs__rosidl_typesupport_fastrtps_cpp.dir/rosidl_typesupport_fastrtps_cpp/bumperbot_msgs/srv/detail/dds_fastrtps/get_transform__type_support.cpp.o[K
[11/41] Generating C type support dispatch for ROS interfaces[K
[11/41] Building CXX object CMakeFiles/bumperbot_msgs__rosidl_typesupport_c.dir/rosidl_typesupport_c/bumperbot_msgs/srv/add_two_ints__type_support.cpp.o[K
[11/41] Building CXX object CMakeFiles/bumperbot_msgs__rosidl_typesupport_c.dir/rosidl_typesupport_c/bumperbot_msgs/srv/get_transform__type_support.cpp.o[K
[12/41] Building CXX object CMakeFiles/bumperbot_msgs__rosidl_typesupport_c.dir/rosidl_typesupport_c/bumperbot_msgs/srv/add_two_ints__type_support.cpp.o[K
[13/41] Building CXX object CMakeFiles/bumperbot_msgs__rosidl_typesupport_c.dir/rosidl_typesupport_c/bumperbot_msgs/srv/get_transform__type_support.cpp.o[K
[13/41] Linking CXX shared library libbumperbot_msgs__rosidl_typesupport_c.so[K
[14/41] Generating C introspection for ROS interfaces[K
[14/41] Building C object CMakeFiles/bumperbot_msgs__rosidl_typesupport_introspection_c.dir/rosidl_typesupport_introspection_c/bumperbot_msgs/srv/detail/add_two_ints__type_support.c.o[K
[14/41] Building C object CMakeFiles/bumperbot_msgs__rosidl_typesupport_introspection_c.dir/rosidl_typesupport_introspection_c/bumperbot_msgs/srv/detail/get_transform__type_support.c.o[K
[15/41] Generating C type support for eProsima Fast-RTPS[K
[15/41] Building CXX object CMakeFiles/bumperbot_msgs__rosidl_typesupport_fastrtps_c.dir/rosidl_typesupport_fastrtps_c/bumperbot_msgs/srv/detail/add_two_ints__type_support_c.cpp.o[K
[15/41] Building CXX object CMakeFiles/bumperbot_msgs__rosidl_typesupport_fastrtps_c.dir/rosidl_typesupport_fastrtps_c/bumperbot_msgs/srv/detail/get_transform__type_support_c.cpp.o[K
[16/41] Building C object CMakeFiles/bumperbot_msgs__rosidl_typesupport_introspection_c.dir/rosidl_typesupport_introspection_c/bumperbot_msgs/srv/detail/add_two_ints__type_support.c.o[K
[17/41] Building C object CMakeFiles/bumperbot_msgs__rosidl_typesupport_introspection_c.dir/rosidl_typesupport_introspection_c/bumperbot_msgs/srv/detail/get_transform__type_support.c.o[K
[17/41] Linking C shared library libbumperbot_msgs__rosidl_typesupport_introspection_c.so[K
[18/41] Linking CXX shared library libbumperbot_msgs__rosidl_typesupport_c.so[K
[19/41] Building CXX object CMakeFiles/bumperbot_msgs__rosidl_typesupport_cpp.dir/rosidl_typesupport_cpp/bumperbot_msgs/srv/get_transform__type_support.cpp.o[K
[20/41] Building CXX object CMakeFiles/bumperbot_msgs__rosidl_typesupport_cpp.dir/rosidl_typesupport_cpp/bumperbot_msgs/srv/add_two_ints__type_support.cpp.o[K
[20/41] Linking CXX shared library libbumperbot_msgs__rosidl_typesupport_cpp.so[K
[21/41] Linking C shared library libbumperbot_msgs__rosidl_typesupport_introspection_c.so[K
[22/41] Linking CXX shared library libbumperbot_msgs__rosidl_typesupport_cpp.so[K
[23/41] Building CXX object CMakeFiles/bumperbot_msgs__rosidl_typesupport_introspection_cpp.dir/rosidl_typesupport_introspection_cpp/bumperbot_msgs/srv/detail/get_transform__type_support.cpp.o[K
[24/41] Building CXX object CMakeFiles/bumperbot_msgs__rosidl_typesupport_fastrtps_cpp.dir/rosidl_typesupport_fastrtps_cpp/bumperbot_msgs/srv/detail/dds_fastrtps/add_two_ints__type_support.cpp.o[K
[25/41] Building CXX object CMakeFiles/bumperbot_msgs__rosidl_typesupport_fastrtps_cpp.dir/rosidl_typesupport_fastrtps_cpp/bumperbot_msgs/srv/detail/dds_fastrtps/get_transform__type_support.cpp.o[K
[25/41] Linking CXX shared library libbumperbot_msgs__rosidl_typesupport_fastrtps_cpp.so[K
[26/41] Building CXX object CMakeFiles/bumperbot_msgs__rosidl_typesupport_introspection_cpp.dir/rosidl_typesupport_introspection_cpp/bumperbot_msgs/srv/detail/add_two_ints__type_support.cpp.o[K
[26/41] Linking CXX shared library libbumperbot_msgs__rosidl_typesupport_introspection_cpp.so[K
[27/41] Building CXX object CMakeFiles/bumperbot_msgs__rosidl_typesupport_fastrtps_c.dir/rosidl_typesupport_fastrtps_c/bumperbot_msgs/srv/detail/add_two_ints__type_support_c.cpp.o[K
[28/41] Building CXX object CMakeFiles/bumperbot_msgs__rosidl_typesupport_fastrtps_c.dir/rosidl_typesupport_fastrtps_c/bumperbot_msgs/srv/detail/get_transform__type_support_c.cpp.o[K
[28/41] Linking CXX shared library libbumperbot_msgs__rosidl_typesupport_fastrtps_c.so[K
[29/41] Linking CXX shared library libbumperbot_msgs__rosidl_typesupport_fastrtps_cpp.so[K
[30/41] Linking CXX shared library libbumperbot_msgs__rosidl_typesupport_introspection_cpp.so[K
[31/41] Linking CXX shared library libbumperbot_msgs__rosidl_typesupport_fastrtps_c.so[K
[31/41] Generating Python code for ROS interfaces[K
[32/41] Generating Python code for ROS interfaces[K
[32/41] Building C object CMakeFiles/bumperbot_msgs__rosidl_generator_py.dir/rosidl_generator_py/bumperbot_msgs/srv/_add_two_ints_s.c.o[K
[32/41] Building C object CMakeFiles/bumperbot_msgs__rosidl_generator_py.dir/rosidl_generator_py/bumperbot_msgs/srv/_get_transform_s.c.o[K
[32/41] Building C object CMakeFiles/bumperbot_msgs__rosidl_typesupport_fastrtps_c__pyext.dir/rosidl_generator_py/bumperbot_msgs/_bumperbot_msgs_s.ep.rosidl_typesupport_fastrtps_c.c.o[K
[32/41] Building C object CMakeFiles/bumperbot_msgs__rosidl_typesupport_introspection_c__pyext.dir/rosidl_generator_py/bumperbot_msgs/_bumperbot_msgs_s.ep.rosidl_typesupport_introspection_c.c.o[K
[32/41] Building C object CMakeFiles/bumperbot_msgs__rosidl_typesupport_c__pyext.dir/rosidl_generator_py/bumperbot_msgs/_bumperbot_msgs_s.ep.rosidl_typesupport_c.c.o[K
[33/41] Building C object CMakeFiles/bumperbot_msgs__rosidl_generator_py.dir/rosidl_generator_py/bumperbot_msgs/srv/_add_two_ints_s.c.o[K
[34/41] Building C object CMakeFiles/bumperbot_msgs__rosidl_generator_py.dir/rosidl_generator_py/bumperbot_msgs/srv/_get_transform_s.c.o[K
[34/41] Linking C shared library rosidl_generator_py/bumperbot_msgs/libbumperbot_msgs__rosidl_generator_py.so[K
[35/41] Building C object CMakeFiles/bumperbot_msgs__rosidl_typesupport_introspection_c__pyext.dir/rosidl_generator_py/bumperbot_msgs/_bumperbot_msgs_s.ep.rosidl_typesupport_introspection_c.c.o[K
[36/41] Building C object CMakeFiles/bumperbot_msgs__rosidl_typesupport_fastrtps_c__pyext.dir/rosidl_generator_py/bumperbot_msgs/_bumperbot_msgs_s.ep.rosidl_typesupport_fastrtps_c.c.o[K
[37/41] Building C object CMakeFiles/bumperbot_msgs__rosidl_typesupport_c__pyext.dir/rosidl_generator_py/bumperbot_msgs/_bumperbot_msgs_s.ep.rosidl_typesupport_c.c.o[K
[38/41] Linking C shared library rosidl_generator_py/bumperbot_msgs/libbumperbot_msgs__rosidl_generator_py.so[K
[38/41] Linking C shared library rosidl_generator_py/bumperbot_msgs/bumperbot_msgs_s__rosidl_typesupport_fastrtps_c.cpython-310-x86_64-linux-gnu.so[K
[38/41] Linking C shared library rosidl_generator_py/bumperbot_msgs/bumperbot_msgs_s__rosidl_typesupport_introspection_c.cpython-310-x86_64-linux-gnu.so[K
[38/41] Linking C shared library rosidl_generator_py/bumperbot_msgs/bumperbot_msgs_s__rosidl_typesupport_c.cpython-310-x86_64-linux-gnu.so[K
[39/41] Linking C shared library rosidl_generator_py/bumperbot_msgs/bumperbot_msgs_s__rosidl_typesupport_c.cpython-310-x86_64-linux-gnu.so[K
[40/41] Linking C shared library rosidl_generator_py/bumperbot_msgs/bumperbot_msgs_s__rosidl_typesupport_introspection_c.cpython-310-x86_64-linux-gnu.so[K
[41/41] Linking C shared library rosidl_generator_py/bumperbot_msgs/bumperbot_msgs_s__rosidl_typesupport_fastrtps_c.cpython-310-x86_64-linux-gnu.so[K
-- Install configuration: ""
-- Installing: /home/mhdns/bumperbot_ws/install/bumperbot_msgs/share/ament_index/resource_index/rosidl_interfaces/bumperbot_msgs
-- Up-to-date: /home/mhdns/bumperbot_ws/install/bumperbot_msgs/include/bumperbot_msgs/bumperbot_msgs
-- Up-to-date: /home/mhdns/bumperbot_ws/install/bumperbot_msgs/include/bumperbot_msgs/bumperbot_msgs/srv
-- Up-to-date: /home/mhdns/bumperbot_ws/install/bumperbot_msgs/include/bumperbot_msgs/bumperbot_msgs/srv/detail
-- Installing: /home/mhdns/bumperbot_ws/install/bumperbot_msgs/include/bumperbot_msgs/bumperbot_msgs/srv/detail/add_two_ints__functions.h
-- Installing: /home/mhdns/bumperbot_ws/install/bumperbot_msgs/include/bumperbot_msgs/bumperbot_msgs/srv/detail/get_transform__struct.h
-- Installing: /home/mhdns/bumperbot_ws/install/bumperbot_msgs/include/bumperbot_msgs/bumperbot_msgs/srv/detail/add_two_ints__functions.c
-- Installing: /home/mhdns/bumperbot_ws/install/bumperbot_msgs/include/bumperbot_msgs/bumperbot_msgs/srv/detail/add_two_ints__type_support.h
-- Installing: /home/mhdns/bumperbot_ws/install/bumperbot_msgs/include/bumperbot_msgs/bumperbot_msgs/srv/detail/get_transform__type_support.h
-- Installing: /home/mhdns/bumperbot_ws/install/bumperbot_msgs/include/bumperbot_msgs/bumperbot_msgs/srv/detail/get_transform__functions.c
-- Installing: /home/mhdns/bumperbot_ws/install/bumperbot_msgs/include/bumperbot_msgs/bumperbot_msgs/srv/detail/get_transform__functions.h
-- Installing: /home/mhdns/bumperbot_ws/install/bumperbot_msgs/include/bumperbot_msgs/bumperbot_msgs/srv/detail/add_two_ints__struct.h
-- Installing: /home/mhdns/bumperbot_ws/install/bumperbot_msgs/include/bumperbot_msgs/bumperbot_msgs/srv/add_two_ints.h
-- Installing: /home/mhdns/bumperbot_ws/install/bumperbot_msgs/include/bumperbot_msgs/bumperbot_msgs/srv/get_transform.h
-- Up-to-date: /home/mhdns/bumperbot_ws/install/bumperbot_msgs/include/bumperbot_msgs/bumperbot_msgs/msg
-- Up-to-date: /home/mhdns/bumperbot_ws/install/bumperbot_msgs/include/bumperbot_msgs/bumperbot_msgs/msg/rosidl_generator_c__visibility_control.h
-- Up-to-date: /home/mhdns/bumperbot_ws/install/bumperbot_msgs/share/bumperbot_msgs/environment/library_path.sh
-- Installing: /home/mhdns/bumperbot_ws/install/bumperbot_msgs/share/bumperbot_msgs/environment/library_path.dsv
-- Installing: /home/mhdns/bumperbot_ws/install/bumperbot_msgs/lib/libbumperbot_msgs__rosidl_generator_c.so
-- Set runtime path of "/home/mhdns/bumperbot_ws/install/bumperbot_msgs/lib/libbumperbot_msgs__rosidl_generator_c.so" to ""
-- Up-to-date: /home/mhdns/bumperbot_ws/install/bumperbot_msgs/include/bumperbot_msgs/bumperbot_msgs
-- Up-to-date: /home/mhdns/bumperbot_ws/install/bumperbot_msgs/include/bumperbot_msgs/bumperbot_msgs/srv
-- Up-to-date: /home/mhdns/bumperbot_ws/install/bumperbot_msgs/include/bumperbot_msgs/bumperbot_msgs/srv/detail
-- Installing: /home/mhdns/bumperbot_ws/install/bumperbot_msgs/include/bumperbot_msgs/bumperbot_msgs/srv/detail/get_transform__rosidl_typesupport_fastrtps_c.h
-- Installing: /home/mhdns/bumperbot_ws/install/bumperbot_msgs/include/bumperbot_msgs/bumperbot_msgs/srv/detail/add_two_ints__rosidl_typesupport_fastrtps_c.h
-- Up-to-date: /home/mhdns/bumperbot_ws/install/bumperbot_msgs/include/bumperbot_msgs/bumperbot_msgs/msg
-- Up-to-date: /home/mhdns/bumperbot_ws/install/bumperbot_msgs/include/bumperbot_msgs/bumperbot_msgs/msg/rosidl_typesupport_fastrtps_c__visibility_control.h
-- Installing: /home/mhdns/bumperbot_ws/install/bumperbot_msgs/lib/libbumperbot_msgs__rosidl_typesupport_fastrtps_c.so
-- Set runtime path of "/home/mhdns/bumperbot_ws/install/bumperbot_msgs/lib/libbumperbot_msgs__rosidl_typesupport_fastrtps_c.so" to ""
-- Up-to-date: /home/mhdns/bumperbot_ws/install/bumperbot_msgs/include/bumperbot_msgs/bumperbot_msgs
-- Up-to-date: /home/mhdns/bumperbot_ws/install/bumperbot_msgs/include/bumperbot_msgs/bumperbot_msgs/srv
-- Installing: /home/mhdns/bumperbot_ws/install/bumperbot_msgs/include/bumperbot_msgs/bumperbot_msgs/srv/get_transform.hpp
-- Up-to-date: /home/mhdns/bumperbot_ws/install/bumperbot_msgs/include/bumperbot_msgs/bumperbot_msgs/srv/detail
-- Installing: /home/mhdns/bumperbot_ws/install/bumperbot_msgs/include/bumperbot_msgs/bumperbot_msgs/srv/detail/add_two_ints__builder.hpp
-- Installing: /home/mhdns/bumperbot_ws/install/bumperbot_msgs/include/bumperbot_msgs/bumperbot_msgs/srv/detail/get_transform__builder.hpp
-- Installing: /home/mhdns/bumperbot_ws/install/bumperbot_msgs/include/bumperbot_msgs/bumperbot_msgs/srv/detail/get_transform__struct.hpp
-- Installing: /home/mhdns/bumperbot_ws/install/bumperbot_msgs/include/bumperbot_msgs/bumperbot_msgs/srv/detail/add_two_ints__traits.hpp
-- Installing: /home/mhdns/bumperbot_ws/install/bumperbot_msgs/include/bumperbot_msgs/bumperbot_msgs/srv/detail/add_two_ints__struct.hpp
-- Installing: /home/mhdns/bumperbot_ws/install/bumperbot_msgs/include/bumperbot_msgs/bumperbot_msgs/srv/detail/get_transform__traits.hpp
-- Installing: /home/mhdns/bumperbot_ws/install/bumperbot_msgs/include/bumperbot_msgs/bumperbot_msgs/srv/add_two_ints.hpp
-- Up-to-date: /home/mhdns/bumperbot_ws/install/bumperbot_msgs/include/bumperbot_msgs/bumperbot_msgs
-- Up-to-date: /home/mhdns/bumperbot_ws/install/bumperbot_msgs/include/bumperbot_msgs/bumperbot_msgs/srv
-- Up-to-date: /home/mhdns/bumperbot_ws/install/bumperbot_msgs/include/bumperbot_msgs/bumperbot_msgs/srv/detail
-- Up-to-date: /home/mhdns/bumperbot_ws/install/bumperbot_msgs/include/bumperbot_msgs/bumperbot_msgs/srv/detail/dds_fastrtps
-- Installing: /home/mhdns/bumperbot_ws/install/bumperbot_msgs/include/bumperbot_msgs/bumperbot_msgs/srv/detail/get_transform__rosidl_typesupport_fastrtps_cpp.hpp
-- Installing: /home/mhdns/bumperbot_ws/install/bumperbot_msgs/include/bumperbot_msgs/bumperbot_msgs/srv/detail/add_two_ints__rosidl_typesupport_fastrtps_cpp.hpp
-- Up-to-date: /home/mhdns/bumperbot_ws/install/bumperbot_msgs/include/bumperbot_msgs/bumperbot_msgs/msg
-- Up-to-date: /home/mhdns/bumperbot_ws/install/bumperbot_msgs/include/bumperbot_msgs/bumperbot_msgs/msg/rosidl_typesupport_fastrtps_cpp__visibility_control.h
-- Installing: /home/mhdns/bumperbot_ws/install/bumperbot_msgs/lib/libbumperbot_msgs__rosidl_typesupport_fastrtps_cpp.so
-- Set runtime path of "/home/mhdns/bumperbot_ws/install/bumperbot_msgs/lib/libbumperbot_msgs__rosidl_typesupport_fastrtps_cpp.so" to ""
-- Up-to-date: /home/mhdns/bumperbot_ws/install/bumperbot_msgs/include/bumperbot_msgs/bumperbot_msgs
-- Up-to-date: /home/mhdns/bumperbot_ws/install/bumperbot_msgs/include/bumperbot_msgs/bumperbot_msgs/srv
-- Up-to-date: /home/mhdns/bumperbot_ws/install/bumperbot_msgs/include/bumperbot_msgs/bumperbot_msgs/srv/detail
-- Installing: /home/mhdns/bumperbot_ws/install/bumperbot_msgs/include/bumperbot_msgs/bumperbot_msgs/srv/detail/get_transform__rosidl_typesupport_introspection_c.h
-- Installing: /home/mhdns/bumperbot_ws/install/bumperbot_msgs/include/bumperbot_msgs/bumperbot_msgs/srv/detail/get_transform__type_support.c
-- Installing: /home/mhdns/bumperbot_ws/install/bumperbot_msgs/include/bumperbot_msgs/bumperbot_msgs/srv/detail/add_two_ints__rosidl_typesupport_introspection_c.h
-- Installing: /home/mhdns/bumperbot_ws/install/bumperbot_msgs/include/bumperbot_msgs/bumperbot_msgs/srv/detail/add_two_ints__type_support.c
-- Up-to-date: /home/mhdns/bumperbot_ws/install/bumperbot_msgs/include/bumperbot_msgs/bumperbot_msgs/msg
-- Up-to-date: /home/mhdns/bumperbot_ws/install/bumperbot_msgs/include/bumperbot_msgs/bumperbot_msgs/msg/rosidl_typesupport_introspection_c__visibility_control.h
-- Installing: /home/mhdns/bumperbot_ws/install/bumperbot_msgs/lib/libbumperbot_msgs__rosidl_typesupport_introspection_c.so
-- Set runtime path of "/home/mhdns/bumperbot_ws/install/bumperbot_msgs/lib/libbumperbot_msgs__rosidl_typesupport_introspection_c.so" to ""
-- Installing: /home/mhdns/bumperbot_ws/install/bumperbot_msgs/lib/libbumperbot_msgs__rosidl_typesupport_c.so
-- Set runtime path of "/home/mhdns/bumperbot_ws/install/bumperbot_msgs/lib/libbumperbot_msgs__rosidl_typesupport_c.so" to ""
-- Up-to-date: /home/mhdns/bumperbot_ws/install/bumperbot_msgs/include/bumperbot_msgs/bumperbot_msgs
-- Up-to-date: /home/mhdns/bumperbot_ws/install/bumperbot_msgs/include/bumperbot_msgs/bumperbot_msgs/srv
-- Up-to-date: /home/mhdns/bumperbot_ws/install/bumperbot_msgs/include/bumperbot_msgs/bumperbot_msgs/srv/detail
-- Installing: /home/mhdns/bumperbot_ws/install/bumperbot_msgs/include/bumperbot_msgs/bumperbot_msgs/srv/detail/add_two_ints__rosidl_typesupport_introspection_cpp.hpp
-- Installing: /home/mhdns/bumperbot_ws/install/bumperbot_msgs/include/bumperbot_msgs/bumperbot_msgs/srv/detail/get_transform__rosidl_typesupport_introspection_cpp.hpp
-- Installing: /home/mhdns/bumperbot_ws/install/bumperbot_msgs/include/bumperbot_msgs/bumperbot_msgs/srv/detail/get_transform__type_support.cpp
-- Installing: /home/mhdns/bumperbot_ws/install/bumperbot_msgs/include/bumperbot_msgs/bumperbot_msgs/srv/detail/add_two_ints__type_support.cpp
-- Installing: /home/mhdns/bumperbot_ws/install/bumperbot_msgs/lib/libbumperbot_msgs__rosidl_typesupport_introspection_cpp.so
-- Set runtime path of "/home/mhdns/bumperbot_ws/install/bumperbot_msgs/lib/libbumperbot_msgs__rosidl_typesupport_introspection_cpp.so" to ""
-- Installing: /home/mhdns/bumperbot_ws/install/bumperbot_msgs/lib/libbumperbot_msgs__rosidl_typesupport_cpp.so
-- Set runtime path of "/home/mhdns/bumperbot_ws/install/bumperbot_msgs/lib/libbumperbot_msgs__rosidl_typesupport_cpp.so" to ""
-- Up-to-date: /home/mhdns/bumperbot_ws/install/bumperbot_msgs/share/bumperbot_msgs/environment/pythonpath.sh
-- Installing: /home/mhdns/bumperbot_ws/install/bumperbot_msgs/share/bumperbot_msgs/environment/pythonpath.dsv
-- Up-to-date: /home/mhdns/bumperbot_ws/install/bumperbot_msgs/local/lib/python3.10/dist-packages/bumperbot_msgs-0.0.0-py3.10.egg-info
-- Installing: /home/mhdns/bumperbot_ws/install/bumperbot_msgs/local/lib/python3.10/dist-packages/bumperbot_msgs-0.0.0-py3.10.egg-info/PKG-INFO
-- Installing: /home/mhdns/bumperbot_ws/install/bumperbot_msgs/local/lib/python3.10/dist-packages/bumperbot_msgs-0.0.0-py3.10.egg-info/dependency_links.txt
-- Installing: /home/mhdns/bumperbot_ws/install/bumperbot_msgs/local/lib/python3.10/dist-packages/bumperbot_msgs-0.0.0-py3.10.egg-info/top_level.txt
-- Installing: /home/mhdns/bumperbot_ws/install/bumperbot_msgs/local/lib/python3.10/dist-packages/bumperbot_msgs-0.0.0-py3.10.egg-info/SOURCES.txt
-- Up-to-date: /home/mhdns/bumperbot_ws/install/bumperbot_msgs/local/lib/python3.10/dist-packages/bumperbot_msgs
-- Installing: /home/mhdns/bumperbot_ws/install/bumperbot_msgs/local/lib/python3.10/dist-packages/bumperbot_msgs/libbumperbot_msgs__rosidl_generator_py.so
-- Installing: /home/mhdns/bumperbot_ws/install/bumperbot_msgs/local/lib/python3.10/dist-packages/bumperbot_msgs/_bumperbot_msgs_s.ep.rosidl_typesupport_introspection_c.c
-- Installing: /home/mhdns/bumperbot_ws/install/bumperbot_msgs/local/lib/python3.10/dist-packages/bumperbot_msgs/_bumperbot_msgs_s.ep.rosidl_typesupport_c.c
-- Installing: /home/mhdns/bumperbot_ws/install/bumperbot_msgs/local/lib/python3.10/dist-packages/bumperbot_msgs/bumperbot_msgs_s__rosidl_typesupport_fastrtps_c.cpython-310-x86_64-linux-gnu.so
-- Installing: /home/mhdns/bumperbot_ws/install/bumperbot_msgs/local/lib/python3.10/dist-packages/bumperbot_msgs/__init__.py
-- Installing: /home/mhdns/bumperbot_ws/install/bumperbot_msgs/local/lib/python3.10/dist-packages/bumperbot_msgs/bumperbot_msgs_s__rosidl_typesupport_c.cpython-310-x86_64-linux-gnu.so
-- Installing: /home/mhdns/bumperbot_ws/install/bumperbot_msgs/local/lib/python3.10/dist-packages/bumperbot_msgs/_bumperbot_msgs_s.ep.rosidl_typesupport_fastrtps_c.c
-- Up-to-date: /home/mhdns/bumperbot_ws/install/bumperbot_msgs/local/lib/python3.10/dist-packages/bumperbot_msgs/srv
-- Installing: /home/mhdns/bumperbot_ws/install/bumperbot_msgs/local/lib/python3.10/dist-packages/bumperbot_msgs/srv/_add_two_ints_s.c
-- Installing: /home/mhdns/bumperbot_ws/install/bumperbot_msgs/local/lib/python3.10/dist-packages/bumperbot_msgs/srv/_get_transform.py
-- Installing: /home/mhdns/bumperbot_ws/install/bumperbot_msgs/local/lib/python3.10/dist-packages/bumperbot_msgs/srv/__init__.py
-- Installing: /home/mhdns/bumperbot_ws/install/bumperbot_msgs/local/lib/python3.10/dist-packages/bumperbot_msgs/srv/_add_two_ints.py
-- Installing: /home/mhdns/bumperbot_ws/install/bumperbot_msgs/local/lib/python3.10/dist-packages/bumperbot_msgs/srv/_get_transform_s.c
-- Installing: /home/mhdns/bumperbot_ws/install/bumperbot_msgs/local/lib/python3.10/dist-packages/bumperbot_msgs/bumperbot_msgs_s__rosidl_typesupport_introspection_c.cpython-310-x86_64-linux-gnu.so
Listing '/home/mhdns/bumperbot_ws/install/bumperbot_msgs/local/lib/python3.10/dist-packages/bumperbot_msgs'...
Compiling '/home/mhdns/bumperbot_ws/install/bumperbot_msgs/local/lib/python3.10/dist-packages/bumperbot_msgs/__init__.py'...
Listing '/home/mhdns/bumperbot_ws/install/bumperbot_msgs/local/lib/python3.10/dist-packages/bumperbot_msgs/srv'...
Compiling '/home/mhdns/bumperbot_ws/install/bumperbot_msgs/local/lib/python3.10/dist-packages/bumperbot_msgs/srv/__init__.py'...
Compiling '/home/mhdns/bumperbot_ws/install/bumperbot_msgs/local/lib/python3.10/dist-packages/bumperbot_msgs/srv/_add_two_ints.py'...
Compiling '/home/mhdns/bumperbot_ws/install/bumperbot_msgs/local/lib/python3.10/dist-packages/bumperbot_msgs/srv/_get_transform.py'...
-- Installing: /home/mhdns/bumperbot_ws/install/bumperbot_msgs/local/lib/python3.10/dist-packages/bumperbot_msgs/bumperbot_msgs_s__rosidl_typesupport_fastrtps_c.cpython-310-x86_64-linux-gnu.so
-- Set runtime path of "/home/mhdns/bumperbot_ws/install/bumperbot_msgs/local/lib/python3.10/dist-packages/bumperbot_msgs/bumperbot_msgs_s__rosidl_typesupport_fastrtps_c.cpython-310-x86_64-linux-gnu.so" to ""
-- Installing: /home/mhdns/bumperbot_ws/install/bumperbot_msgs/local/lib/python3.10/dist-packages/bumperbot_msgs/bumperbot_msgs_s__rosidl_typesupport_introspection_c.cpython-310-x86_64-linux-gnu.so
-- Set runtime path of "/home/mhdns/bumperbot_ws/install/bumperbot_msgs/local/lib/python3.10/dist-packages/bumperbot_msgs/bumperbot_msgs_s__rosidl_typesupport_introspection_c.cpython-310-x86_64-linux-gnu.so" to ""
-- Installing: /home/mhdns/bumperbot_ws/install/bumperbot_msgs/local/lib/python3.10/dist-packages/bumperbot_msgs/bumperbot_msgs_s__rosidl_typesupport_c.cpython-310-x86_64-linux-gnu.so
-- Set runtime path of "/home/mhdns/bumperbot_ws/install/bumperbot_msgs/local/lib/python3.10/dist-packages/bumperbot_msgs/bumperbot_msgs_s__rosidl_typesupport_c.cpython-310-x86_64-linux-gnu.so" to ""
-- Installing: /home/mhdns/bumperbot_ws/install/bumperbot_msgs/lib/libbumperbot_msgs__rosidl_generator_py.so
-- Set runtime path of "/home/mhdns/bumperbot_ws/install/bumperbot_msgs/lib/libbumperbot_msgs__rosidl_generator_py.so" to ""
-- Up-to-date: /home/mhdns/bumperbot_ws/install/bumperbot_msgs/share/bumperbot_msgs/srv/AddTwoInts.idl
-- Installing: /home/mhdns/bumperbot_ws/install/bumperbot_msgs/share/bumperbot_msgs/srv/GetTransform.idl
-- Up-to-date: /home/mhdns/bumperbot_ws/install/bumperbot_msgs/share/bumperbot_msgs/srv/AddTwoInts.srv
-- Up-to-date: /home/mhdns/bumperbot_ws/install/bumperbot_msgs/share/bumperbot_msgs/srv/AddTwoInts_Request.msg
-- Up-to-date: /home/mhdns/bumperbot_ws/install/bumperbot_msgs/share/bumperbot_msgs/srv/AddTwoInts_Response.msg
-- Installing: /home/mhdns/bumperbot_ws/install/bumperbot_msgs/share/bumperbot_msgs/srv/GetTransform.srv
-- Installing: /home/mhdns/bumperbot_ws/install/bumperbot_msgs/share/bumperbot_msgs/srv/GetTransform_Request.msg
-- Installing: /home/mhdns/bumperbot_ws/install/bumperbot_msgs/share/bumperbot_msgs/srv/GetTransform_Response.msg
-- Installing: /home/mhdns/bumperbot_ws/install/bumperbot_msgs/share/ament_index/resource_index/package_run_dependencies/bumperbot_msgs
-- Up-to-date: /home/mhdns/bumperbot_ws/install/bumperbot_msgs/share/ament_index/resource_index/parent_prefix_path/bumperbot_msgs
-- Up-to-date: /home/mhdns/bumperbot_ws/install/bumperbot_msgs/share/bumperbot_msgs/environment/ament_prefix_path.sh
-- Installing: /home/mhdns/bumperbot_ws/install/bumperbot_msgs/share/bumperbot_msgs/environment/ament_prefix_path.dsv
-- Up-to-date: /home/mhdns/bumperbot_ws/install/bumperbot_msgs/share/bumperbot_msgs/environment/path.sh
-- Installing: /home/mhdns/bumperbot_ws/install/bumperbot_msgs/share/bumperbot_msgs/environment/path.dsv
-- Up-to-date: /home/mhdns/bumperbot_ws/install/bumperbot_msgs/share/bumperbot_msgs/local_setup.bash
-- Up-to-date: /home/mhdns/bumperbot_ws/install/bumperbot_msgs/share/bumperbot_msgs/local_setup.sh
-- Up-to-date: /home/mhdns/bumperbot_ws/install/bumperbot_msgs/share/bumperbot_msgs/local_setup.zsh
-- Installing: /home/mhdns/bumperbot_ws/install/bumperbot_msgs/share/bumperbot_msgs/local_setup.dsv
-- Installing: /home/mhdns/bumperbot_ws/install/bumperbot_msgs/share/bumperbot_msgs/package.dsv
-- Up-to-date: /home/mhdns/bumperbot_ws/install/bumperbot_msgs/share/ament_index/resource_index/packages/bumperbot_msgs
-- Old export file "/home/mhdns/bumperbot_ws/install/bumperbot_msgs/share/bumperbot_msgs/cmake/export_bumperbot_msgs__rosidl_generator_cExport.cmake" will be replaced.  Removing files [/home/mhdns/bumperbot_ws/install/bumperbot_msgs/share/bumperbot_msgs/cmake/export_bumperbot_msgs__rosidl_generator_cExport-noconfig.cmake].
-- Installing: /home/mhdns/bumperbot_ws/install/bumperbot_msgs/share/bumperbot_msgs/cmake/export_bumperbot_msgs__rosidl_generator_cExport.cmake
-- Installing: /home/mhdns/bumperbot_ws/install/bumperbot_msgs/share/bumperbot_msgs/cmake/export_bumperbot_msgs__rosidl_generator_cExport-noconfig.cmake
-- Old export file "/home/mhdns/bumperbot_ws/install/bumperbot_msgs/share/bumperbot_msgs/cmake/export_bumperbot_msgs__rosidl_typesupport_fastrtps_cExport.cmake" will be replaced.  Removing files [/home/mhdns/bumperbot_ws/install/bumperbot_msgs/share/bumperbot_msgs/cmake/export_bumperbot_msgs__rosidl_typesupport_fastrtps_cExport-noconfig.cmake].
-- Installing: /home/mhdns/bumperbot_ws/install/bumperbot_msgs/share/bumperbot_msgs/cmake/export_bumperbot_msgs__rosidl_typesupport_fastrtps_cExport.cmake
-- Installing: /home/mhdns/bumperbot_ws/install/bumperbot_msgs/share/bumperbot_msgs/cmake/export_bumperbot_msgs__rosidl_typesupport_fastrtps_cExport-noconfig.cmake
-- Installing: /home/mhdns/bumperbot_ws/install/bumperbot_msgs/share/bumperbot_msgs/cmake/export_bumperbot_msgs__rosidl_generator_cppExport.cmake
-- Old export file "/home/mhdns/bumperbot_ws/install/bumperbot_msgs/share/bumperbot_msgs/cmake/export_bumperbot_msgs__rosidl_typesupport_fastrtps_cppExport.cmake" will be replaced.  Removing files [/home/mhdns/bumperbot_ws/install/bumperbot_msgs/share/bumperbot_msgs/cmake/export_bumperbot_msgs__rosidl_typesupport_fastrtps_cppExport-noconfig.cmake].
-- Installing: /home/mhdns/bumperbot_ws/install/bumperbot_msgs/share/bumperbot_msgs/cmake/export_bumperbot_msgs__rosidl_typesupport_fastrtps_cppExport.cmake
-- Installing: /home/mhdns/bumperbot_ws/install/bumperbot_msgs/share/bumperbot_msgs/cmake/export_bumperbot_msgs__rosidl_typesupport_fastrtps_cppExport-noconfig.cmake
-- Old export file "/home/mhdns/bumperbot_ws/install/bumperbot_msgs/share/bumperbot_msgs/cmake/bumperbot_msgs__rosidl_typesupport_introspection_cExport.cmake" will be replaced.  Removing files [/home/mhdns/bumperbot_ws/install/bumperbot_msgs/share/bumperbot_msgs/cmake/bumperbot_msgs__rosidl_typesupport_introspection_cExport-noconfig.cmake].
-- Installing: /home/mhdns/bumperbot_ws/install/bumperbot_msgs/share/bumperbot_msgs/cmake/bumperbot_msgs__rosidl_typesupport_introspection_cExport.cmake
-- Installing: /home/mhdns/bumperbot_ws/install/bumperbot_msgs/share/bumperbot_msgs/cmake/bumperbot_msgs__rosidl_typesupport_introspection_cExport-noconfig.cmake
-- Old export file "/home/mhdns/bumperbot_ws/install/bumperbot_msgs/share/bumperbot_msgs/cmake/bumperbot_msgs__rosidl_typesupport_cExport.cmake" will be replaced.  Removing files [/home/mhdns/bumperbot_ws/install/bumperbot_msgs/share/bumperbot_msgs/cmake/bumperbot_msgs__rosidl_typesupport_cExport-noconfig.cmake].
-- Installing: /home/mhdns/bumperbot_ws/install/bumperbot_msgs/share/bumperbot_msgs/cmake/bumperbot_msgs__rosidl_typesupport_cExport.cmake
-- Installing: /home/mhdns/bumperbot_ws/install/bumperbot_msgs/share/bumperbot_msgs/cmake/bumperbot_msgs__rosidl_typesupport_cExport-noconfig.cmake
-- Old export file "/home/mhdns/bumperbot_ws/install/bumperbot_msgs/share/bumperbot_msgs/cmake/bumperbot_msgs__rosidl_typesupport_introspection_cppExport.cmake" will be replaced.  Removing files [/home/mhdns/bumperbot_ws/install/bumperbot_msgs/share/bumperbot_msgs/cmake/bumperbot_msgs__rosidl_typesupport_introspection_cppExport-noconfig.cmake].
-- Installing: /home/mhdns/bumperbot_ws/install/bumperbot_msgs/share/bumperbot_msgs/cmake/bumperbot_msgs__rosidl_typesupport_introspection_cppExport.cmake
-- Installing: /home/mhdns/bumperbot_ws/install/bumperbot_msgs/share/bumperbot_msgs/cmake/bumperbot_msgs__rosidl_typesupport_introspection_cppExport-noconfig.cmake
-- Old export file "/home/mhdns/bumperbot_ws/install/bumperbot_msgs/share/bumperbot_msgs/cmake/bumperbot_msgs__rosidl_typesupport_cppExport.cmake" will be replaced.  Removing files [/home/mhdns/bumperbot_ws/install/bumperbot_msgs/share/bumperbot_msgs/cmake/bumperbot_msgs__rosidl_typesupport_cppExport-noconfig.cmake].
-- Installing: /home/mhdns/bumperbot_ws/install/bumperbot_msgs/share/bumperbot_msgs/cmake/bumperbot_msgs__rosidl_typesupport_cppExport.cmake
-- Installing: /home/mhdns/bumperbot_ws/install/bumperbot_msgs/share/bumperbot_msgs/cmake/bumperbot_msgs__rosidl_typesupport_cppExport-noconfig.cmake
-- Old export file "/home/mhdns/bumperbot_ws/install/bumperbot_msgs/share/bumperbot_msgs/cmake/export_bumperbot_msgs__rosidl_generator_pyExport.cmake" will be replaced.  Removing files [/home/mhdns/bumperbot_ws/install/bumperbot_msgs/share/bumperbot_msgs/cmake/export_bumperbot_msgs__rosidl_generator_pyExport-noconfig.cmake].
-- Installing: /home/mhdns/bumperbot_ws/install/bumperbot_msgs/share/bumperbot_msgs/cmake/export_bumperbot_msgs__rosidl_generator_pyExport.cmake
-- Installing: /home/mhdns/bumperbot_ws/install/bumperbot_msgs/share/bumperbot_msgs/cmake/export_bumperbot_msgs__rosidl_generator_pyExport-noconfig.cmake
-- Installing: /home/mhdns/bumperbot_ws/install/bumperbot_msgs/share/bumperbot_msgs/cmake/rosidl_cmake-extras.cmake
-- Installing: /home/mhdns/bumperbot_ws/install/bumperbot_msgs/share/bumperbot_msgs/cmake/ament_cmake_export_dependencies-extras.cmake
-- Up-to-date: /home/mhdns/bumperbot_ws/install/bumperbot_msgs/share/bumperbot_msgs/cmake/ament_cmake_export_include_directories-extras.cmake
-- Up-to-date: /home/mhdns/bumperbot_ws/install/bumperbot_msgs/share/bumperbot_msgs/cmake/ament_cmake_export_libraries-extras.cmake
-- Up-to-date: /home/mhdns/bumperbot_ws/install/bumperbot_msgs/share/bumperbot_msgs/cmake/ament_cmake_export_targets-extras.cmake
-- Up-to-date: /home/mhdns/bumperbot_ws/install/bumperbot_msgs/share/bumperbot_msgs/cmake/rosidl_cmake_export_typesupport_targets-extras.cmake
-- Up-to-date: /home/mhdns/bumperbot_ws/install/bumperbot_msgs/share/bumperbot_msgs/cmake/rosidl_cmake_export_typesupport_libraries-extras.cmake
-- Installing: /home/mhdns/bumperbot_ws/install/bumperbot_msgs/share/bumperbot_msgs/cmake/bumperbot_msgsConfig.cmake
-- Up-to-date: /home/mhdns/bumperbot_ws/install/bumperbot_msgs/share/bumperbot_msgs/cmake/bumperbot_msgsConfig-version.cmake
-- Installing: /home/mhdns/bumperbot_ws/install/bumperbot_msgs/share/bumperbot_msgs/package.xml
