[0.019s] Invoking command in '/home/mhdns/bumperbot_ws/src/build/bumperbot_msgs': /usr/bin/cmake /home/mhdns/bumperbot_ws/src/bumperbot_msgs -DCMAKE_INSTALL_PREFIX=/home/mhdns/bumperbot_ws/src/install/bumperbot_msgs
[0.154s] -- The C compiler identification is GNU 11.4.0
[0.420s] -- The CXX compiler identification is GNU 11.4.0
[0.595s] -- Detecting C compiler ABI info
[0.664s] -- Detecting C compiler ABI info - done
[0.669s] -- Check for working C compiler: /usr/bin/cc - skipped
[0.669s] -- Detecting C compile features
[0.669s] -- Detecting C compile features - done
[0.671s] -- Detecting CXX compiler ABI info
[0.753s] -- Detecting CXX compiler ABI info - done
[0.757s] -- Check for working CXX compiler: /usr/bin/c++ - skipped
[0.757s] -- Detecting CXX compile features
[0.758s] -- Detecting CXX compile features - done
[0.760s] -- Found ament_cmake: 1.3.9 (/opt/ros/humble/share/ament_cmake/cmake)
[0.851s] -- Found Python3: /usr/bin/python3 (found version "3.10.12") found components: Interpreter 
[0.907s] -- Found ament_lint_auto: 0.12.11 (/opt/ros/humble/share/ament_lint_auto/cmake)
[0.960s] -- Added test 'lint_cmake' to check CMake code style
[0.962s] -- Added test 'xmllint' to check XML markup files
[0.963s] -- Configuring done
[0.966s] -- Generating done
[0.970s] -- Build files have been written to: /home/mhdns/bumperbot_ws/src/build/bumperbot_msgs
[0.976s] Invoked command in '/home/mhdns/bumperbot_ws/src/build/bumperbot_msgs' returned '0': /usr/bin/cmake /home/mhdns/bumperbot_ws/src/bumperbot_msgs -DCMAKE_INSTALL_PREFIX=/home/mhdns/bumperbot_ws/src/install/bumperbot_msgs
[0.977s] Invoking command in '/home/mhdns/bumperbot_ws/src/build/bumperbot_msgs': /usr/bin/cmake --build /home/mhdns/bumperbot_ws/src/build/bumperbot_msgs -- -j32 -l32
[0.983s] ninja: no work to do.
[0.985s] Invoked command in '/home/mhdns/bumperbot_ws/src/build/bumperbot_msgs' returned '0': /usr/bin/cmake --build /home/mhdns/bumperbot_ws/src/build/bumperbot_msgs -- -j32 -l32
[1.000s] Invoking command in '/home/mhdns/bumperbot_ws/src/build/bumperbot_msgs': /usr/bin/cmake --install /home/mhdns/bumperbot_ws/src/build/bumperbot_msgs
[1.003s] -- Install configuration: ""
[1.004s] -- Installing: /home/mhdns/bumperbot_ws/src/install/bumperbot_msgs/share/ament_index/resource_index/package_run_dependencies/bumperbot_msgs
[1.004s] -- Installing: /home/mhdns/bumperbot_ws/src/install/bumperbot_msgs/share/ament_index/resource_index/parent_prefix_path/bumperbot_msgs
[1.004s] -- Installing: /home/mhdns/bumperbot_ws/src/install/bumperbot_msgs/share/bumperbot_msgs/environment/ament_prefix_path.sh
[1.004s] -- Installing: /home/mhdns/bumperbot_ws/src/install/bumperbot_msgs/share/bumperbot_msgs/environment/ament_prefix_path.dsv
[1.005s] -- Installing: /home/mhdns/bumperbot_ws/src/install/bumperbot_msgs/share/bumperbot_msgs/environment/path.sh
[1.005s] -- Installing: /home/mhdns/bumperbot_ws/src/install/bumperbot_msgs/share/bumperbot_msgs/environment/path.dsv
[1.005s] -- Installing: /home/mhdns/bumperbot_ws/src/install/bumperbot_msgs/share/bumperbot_msgs/local_setup.bash
[1.005s] -- Installing: /home/mhdns/bumperbot_ws/src/install/bumperbot_msgs/share/bumperbot_msgs/local_setup.sh
[1.005s] -- Installing: /home/mhdns/bumperbot_ws/src/install/bumperbot_msgs/share/bumperbot_msgs/local_setup.zsh
[1.006s] -- Installing: /home/mhdns/bumperbot_ws/src/install/bumperbot_msgs/share/bumperbot_msgs/local_setup.dsv
[1.006s] -- Installing: /home/mhdns/bumperbot_ws/src/install/bumperbot_msgs/share/bumperbot_msgs/package.dsv
[1.006s] -- Installing: /home/mhdns/bumperbot_ws/src/install/bumperbot_msgs/share/ament_index/resource_index/packages/bumperbot_msgs
[1.006s] -- Installing: /home/mhdns/bumperbot_ws/src/install/bumperbot_msgs/share/bumperbot_msgs/cmake/bumperbot_msgsConfig.cmake
[1.006s] -- Installing: /home/mhdns/bumperbot_ws/src/install/bumperbot_msgs/share/bumperbot_msgs/cmake/bumperbot_msgsConfig-version.cmake
[1.006s] -- Installing: /home/mhdns/bumperbot_ws/src/install/bumperbot_msgs/share/bumperbot_msgs/package.xml
[1.011s] Invoked command in '/home/mhdns/bumperbot_ws/src/build/bumperbot_msgs' returned '0': /usr/bin/cmake --install /home/mhdns/bumperbot_ws/src/build/bumperbot_msgs
