[0.265s] DEBUG:colcon:Command line arguments: ['/usr/bin/colcon', 'build']
[0.265s] DEBUG:colcon:Parsed command line arguments: Namespace(log_base=None, log_level=None, verb_name='build', build_base='build', install_base='install', merge_install=False, symlink_install=False, test_result_base=None, continue_on_error=False, executor='parallel', parallel_workers=32, event_handlers=None, ignore_user_meta=False, metas=['./colcon.meta'], base_paths=['.'], packages_ignore=None, packages_ignore_regex=None, paths=None, packages_up_to=None, packages_up_to_regex=None, packages_above=None, packages_above_and_dependencies=None, packages_above_depth=None, packages_select_by_dep=None, packages_skip_by_dep=None, packages_skip_up_to=None, packages_select_build_failed=False, packages_skip_build_finished=False, packages_select_test_failures=False, packages_skip_test_passed=False, packages_select=None, packages_skip=None, packages_select_regex=None, packages_skip_regex=None, packages_start=None, packages_end=None, allow_overriding=[], cmake_args=None, cmake_target=None, cmake_target_skip_unavailable=False, cmake_clean_cache=False, cmake_clean_first=False, cmake_force_configure=False, ament_cmake_args=None, catkin_cmake_args=None, catkin_skip_building_tests=False, mixin_files=None, mixin=None, verb_parser=<colcon_mixin.mixin.mixin_argument.MixinArgumentDecorator object at 0x7ff667aadcf0>, verb_extension=<colcon_core.verb.build.BuildVerb object at 0x7ff667aad780>, main=<bound method BuildVerb.main of <colcon_core.verb.build.BuildVerb object at 0x7ff667aad780>>, mixin_verb=('build',))
[0.443s] Level 1:colcon.colcon_core.package_discovery:discover_packages(colcon_meta) check parameters
[0.444s] Level 1:colcon.colcon_core.package_discovery:discover_packages(recursive) check parameters
[0.444s] Level 1:colcon.colcon_core.package_discovery:discover_packages(ignore) check parameters
[0.444s] Level 1:colcon.colcon_core.package_discovery:discover_packages(path) check parameters
[0.444s] Level 1:colcon.colcon_core.package_discovery:discover_packages(colcon_meta) discover
[0.444s] Level 1:colcon.colcon_core.package_discovery:discover_packages(recursive) discover
[0.444s] INFO:colcon.colcon_core.package_discovery:Crawling recursively for packages in '/home/mhdns/bumperbot_ws'
[0.444s] Level 1:colcon.colcon_core.package_identification:_identify(.) by extensions ['ignore', 'ignore_ament_install']
[0.444s] Level 1:colcon.colcon_core.package_identification:_identify(.) by extension 'ignore'
[0.444s] Level 1:colcon.colcon_core.package_identification:_identify(.) by extension 'ignore_ament_install'
[0.444s] Level 1:colcon.colcon_core.package_identification:_identify(.) by extensions ['colcon_pkg']
[0.444s] Level 1:colcon.colcon_core.package_identification:_identify(.) by extension 'colcon_pkg'
[0.444s] Level 1:colcon.colcon_core.package_identification:_identify(.) by extensions ['colcon_meta']
[0.444s] Level 1:colcon.colcon_core.package_identification:_identify(.) by extension 'colcon_meta'
[0.444s] Level 1:colcon.colcon_core.package_identification:_identify(.) by extensions ['ros']
[0.444s] Level 1:colcon.colcon_core.package_identification:_identify(.) by extension 'ros'
[0.454s] Level 1:colcon.colcon_core.package_identification:_identify(.) by extensions ['cmake', 'python']
[0.454s] Level 1:colcon.colcon_core.package_identification:_identify(.) by extension 'cmake'
[0.454s] Level 1:colcon.colcon_core.package_identification:_identify(.) by extension 'python'
[0.454s] Level 1:colcon.colcon_core.package_identification:_identify(.) by extensions ['python_setup_py']
[0.454s] Level 1:colcon.colcon_core.package_identification:_identify(.) by extension 'python_setup_py'
[0.454s] Level 1:colcon.colcon_core.package_identification:_identify(build) by extensions ['ignore', 'ignore_ament_install']
[0.454s] Level 1:colcon.colcon_core.package_identification:_identify(build) by extension 'ignore'
[0.454s] Level 1:colcon.colcon_core.package_identification:_identify(build) ignored
[0.454s] Level 1:colcon.colcon_core.package_identification:_identify(install) by extensions ['ignore', 'ignore_ament_install']
[0.455s] Level 1:colcon.colcon_core.package_identification:_identify(install) by extension 'ignore'
[0.455s] Level 1:colcon.colcon_core.package_identification:_identify(install) ignored
[0.455s] Level 1:colcon.colcon_core.package_identification:_identify(log) by extensions ['ignore', 'ignore_ament_install']
[0.455s] Level 1:colcon.colcon_core.package_identification:_identify(log) by extension 'ignore'
[0.455s] Level 1:colcon.colcon_core.package_identification:_identify(log) ignored
[0.455s] Level 1:colcon.colcon_core.package_identification:_identify(src) by extensions ['ignore', 'ignore_ament_install']
[0.455s] Level 1:colcon.colcon_core.package_identification:_identify(src) by extension 'ignore'
[0.455s] Level 1:colcon.colcon_core.package_identification:_identify(src) by extension 'ignore_ament_install'
[0.455s] Level 1:colcon.colcon_core.package_identification:_identify(src) by extensions ['colcon_pkg']
[0.455s] Level 1:colcon.colcon_core.package_identification:_identify(src) by extension 'colcon_pkg'
[0.455s] Level 1:colcon.colcon_core.package_identification:_identify(src) by extensions ['colcon_meta']
[0.455s] Level 1:colcon.colcon_core.package_identification:_identify(src) by extension 'colcon_meta'
[0.455s] Level 1:colcon.colcon_core.package_identification:_identify(src) by extensions ['ros']
[0.455s] Level 1:colcon.colcon_core.package_identification:_identify(src) by extension 'ros'
[0.455s] Level 1:colcon.colcon_core.package_identification:_identify(src) by extensions ['cmake', 'python']
[0.455s] Level 1:colcon.colcon_core.package_identification:_identify(src) by extension 'cmake'
[0.455s] Level 1:colcon.colcon_core.package_identification:_identify(src) by extension 'python'
[0.455s] Level 1:colcon.colcon_core.package_identification:_identify(src) by extensions ['python_setup_py']
[0.455s] Level 1:colcon.colcon_core.package_identification:_identify(src) by extension 'python_setup_py'
[0.455s] Level 1:colcon.colcon_core.package_identification:_identify(src/bumperbot_cpp_examples) by extensions ['ignore', 'ignore_ament_install']
[0.455s] Level 1:colcon.colcon_core.package_identification:_identify(src/bumperbot_cpp_examples) by extension 'ignore'
[0.455s] Level 1:colcon.colcon_core.package_identification:_identify(src/bumperbot_cpp_examples) by extension 'ignore_ament_install'
[0.455s] Level 1:colcon.colcon_core.package_identification:_identify(src/bumperbot_cpp_examples) by extensions ['colcon_pkg']
[0.455s] Level 1:colcon.colcon_core.package_identification:_identify(src/bumperbot_cpp_examples) by extension 'colcon_pkg'
[0.455s] Level 1:colcon.colcon_core.package_identification:_identify(src/bumperbot_cpp_examples) by extensions ['colcon_meta']
[0.455s] Level 1:colcon.colcon_core.package_identification:_identify(src/bumperbot_cpp_examples) by extension 'colcon_meta'
[0.455s] Level 1:colcon.colcon_core.package_identification:_identify(src/bumperbot_cpp_examples) by extensions ['ros']
[0.455s] Level 1:colcon.colcon_core.package_identification:_identify(src/bumperbot_cpp_examples) by extension 'ros'
[0.458s] DEBUG:colcon.colcon_core.package_identification:Package 'src/bumperbot_cpp_examples' with type 'ros.ament_cmake' and name 'bumperbot_cpp_examples'
[0.458s] Level 1:colcon.colcon_core.package_identification:_identify(src/bumperbot_py_examples) by extensions ['ignore', 'ignore_ament_install']
[0.458s] Level 1:colcon.colcon_core.package_identification:_identify(src/bumperbot_py_examples) by extension 'ignore'
[0.458s] Level 1:colcon.colcon_core.package_identification:_identify(src/bumperbot_py_examples) by extension 'ignore_ament_install'
[0.458s] Level 1:colcon.colcon_core.package_identification:_identify(src/bumperbot_py_examples) by extensions ['colcon_pkg']
[0.458s] Level 1:colcon.colcon_core.package_identification:_identify(src/bumperbot_py_examples) by extension 'colcon_pkg'
[0.458s] Level 1:colcon.colcon_core.package_identification:_identify(src/bumperbot_py_examples) by extensions ['colcon_meta']
[0.458s] Level 1:colcon.colcon_core.package_identification:_identify(src/bumperbot_py_examples) by extension 'colcon_meta'
[0.458s] Level 1:colcon.colcon_core.package_identification:_identify(src/bumperbot_py_examples) by extensions ['ros']
[0.458s] Level 1:colcon.colcon_core.package_identification:_identify(src/bumperbot_py_examples) by extension 'ros'
[0.459s] DEBUG:colcon.colcon_core.package_identification:Package 'src/bumperbot_py_examples' with type 'ros.ament_python' and name 'bumperbot_py_examples'
[0.459s] Level 1:colcon.colcon_core.package_discovery:discover_packages(recursive) using defaults
[0.459s] Level 1:colcon.colcon_core.package_discovery:discover_packages(ignore) discover
[0.459s] Level 1:colcon.colcon_core.package_discovery:discover_packages(ignore) using defaults
[0.459s] Level 1:colcon.colcon_core.package_discovery:discover_packages(path) discover
[0.459s] Level 1:colcon.colcon_core.package_discovery:discover_packages(path) using defaults
[0.481s] Level 1:colcon.colcon_core.package_discovery:discover_packages(prefix_path) check parameters
[0.481s] Level 1:colcon.colcon_core.package_discovery:discover_packages(prefix_path) discover
[0.484s] DEBUG:colcon.colcon_installed_package_information.package_discovery:Found 327 installed packages in /opt/ros/humble
[0.485s] Level 1:colcon.colcon_core.package_discovery:discover_packages(prefix_path) using defaults
[0.518s] Level 5:colcon.colcon_core.verb:set package 'bumperbot_cpp_examples' build argument 'cmake_args' from command line to 'None'
[0.518s] Level 5:colcon.colcon_core.verb:set package 'bumperbot_cpp_examples' build argument 'cmake_target' from command line to 'None'
[0.518s] Level 5:colcon.colcon_core.verb:set package 'bumperbot_cpp_examples' build argument 'cmake_target_skip_unavailable' from command line to 'False'
[0.518s] Level 5:colcon.colcon_core.verb:set package 'bumperbot_cpp_examples' build argument 'cmake_clean_cache' from command line to 'False'
[0.518s] Level 5:colcon.colcon_core.verb:set package 'bumperbot_cpp_examples' build argument 'cmake_clean_first' from command line to 'False'
[0.518s] Level 5:colcon.colcon_core.verb:set package 'bumperbot_cpp_examples' build argument 'cmake_force_configure' from command line to 'False'
[0.518s] Level 5:colcon.colcon_core.verb:set package 'bumperbot_cpp_examples' build argument 'ament_cmake_args' from command line to 'None'
[0.518s] Level 5:colcon.colcon_core.verb:set package 'bumperbot_cpp_examples' build argument 'catkin_cmake_args' from command line to 'None'
[0.518s] Level 5:colcon.colcon_core.verb:set package 'bumperbot_cpp_examples' build argument 'catkin_skip_building_tests' from command line to 'False'
[0.518s] DEBUG:colcon.colcon_core.verb:Building package 'bumperbot_cpp_examples' with the following arguments: {'ament_cmake_args': None, 'build_base': '/home/mhdns/bumperbot_ws/build/bumperbot_cpp_examples', 'catkin_cmake_args': None, 'catkin_skip_building_tests': False, 'cmake_args': None, 'cmake_clean_cache': False, 'cmake_clean_first': False, 'cmake_force_configure': False, 'cmake_target': None, 'cmake_target_skip_unavailable': False, 'install_base': '/home/mhdns/bumperbot_ws/install/bumperbot_cpp_examples', 'merge_install': False, 'path': '/home/mhdns/bumperbot_ws/src/bumperbot_cpp_examples', 'symlink_install': False, 'test_result_base': None}
[0.518s] Level 5:colcon.colcon_core.verb:set package 'bumperbot_py_examples' build argument 'cmake_args' from command line to 'None'
[0.518s] Level 5:colcon.colcon_core.verb:set package 'bumperbot_py_examples' build argument 'cmake_target' from command line to 'None'
[0.518s] Level 5:colcon.colcon_core.verb:set package 'bumperbot_py_examples' build argument 'cmake_target_skip_unavailable' from command line to 'False'
[0.519s] Level 5:colcon.colcon_core.verb:set package 'bumperbot_py_examples' build argument 'cmake_clean_cache' from command line to 'False'
[0.519s] Level 5:colcon.colcon_core.verb:set package 'bumperbot_py_examples' build argument 'cmake_clean_first' from command line to 'False'
[0.519s] Level 5:colcon.colcon_core.verb:set package 'bumperbot_py_examples' build argument 'cmake_force_configure' from command line to 'False'
[0.519s] Level 5:colcon.colcon_core.verb:set package 'bumperbot_py_examples' build argument 'ament_cmake_args' from command line to 'None'
[0.519s] Level 5:colcon.colcon_core.verb:set package 'bumperbot_py_examples' build argument 'catkin_cmake_args' from command line to 'None'
[0.519s] Level 5:colcon.colcon_core.verb:set package 'bumperbot_py_examples' build argument 'catkin_skip_building_tests' from command line to 'False'
[0.519s] DEBUG:colcon.colcon_core.verb:Building package 'bumperbot_py_examples' with the following arguments: {'ament_cmake_args': None, 'build_base': '/home/mhdns/bumperbot_ws/build/bumperbot_py_examples', 'catkin_cmake_args': None, 'catkin_skip_building_tests': False, 'cmake_args': None, 'cmake_clean_cache': False, 'cmake_clean_first': False, 'cmake_force_configure': False, 'cmake_target': None, 'cmake_target_skip_unavailable': False, 'install_base': '/home/mhdns/bumperbot_ws/install/bumperbot_py_examples', 'merge_install': False, 'path': '/home/mhdns/bumperbot_ws/src/bumperbot_py_examples', 'symlink_install': False, 'test_result_base': None}
[0.519s] INFO:colcon.colcon_core.executor:Executing jobs using 'parallel' executor
[0.519s] DEBUG:colcon.colcon_parallel_executor.executor.parallel:run_until_complete
[0.520s] INFO:colcon.colcon_ros.task.ament_cmake.build:Building ROS package in '/home/mhdns/bumperbot_ws/src/bumperbot_cpp_examples' with build type 'ament_cmake'
[0.520s] INFO:colcon.colcon_cmake.task.cmake.build:Building CMake package in '/home/mhdns/bumperbot_ws/src/bumperbot_cpp_examples'
[0.524s] INFO:colcon.colcon_core.plugin_system:Skipping extension 'colcon_core.shell.bat': Not used on non-Windows systems
[0.524s] INFO:colcon.colcon_core.shell:Skip shell extension 'powershell' for command environment: Not usable outside of PowerShell
[0.524s] DEBUG:colcon.colcon_core.shell:Skip shell extension 'dsv' for command environment
[0.527s] INFO:colcon.colcon_ros.task.ament_python.build:Building ROS package in '/home/mhdns/bumperbot_ws/src/bumperbot_py_examples' with build type 'ament_python'
[0.527s] Level 1:colcon.colcon_core.shell:create_environment_hook('bumperbot_py_examples', 'ament_prefix_path')
[0.527s] INFO:colcon.colcon_core.shell:Creating environment hook '/home/mhdns/bumperbot_ws/install/bumperbot_py_examples/share/bumperbot_py_examples/hook/ament_prefix_path.ps1'
[0.528s] INFO:colcon.colcon_core.shell:Creating environment descriptor '/home/mhdns/bumperbot_ws/install/bumperbot_py_examples/share/bumperbot_py_examples/hook/ament_prefix_path.dsv'
[0.528s] INFO:colcon.colcon_core.shell:Creating environment hook '/home/mhdns/bumperbot_ws/install/bumperbot_py_examples/share/bumperbot_py_examples/hook/ament_prefix_path.sh'
[0.529s] INFO:colcon.colcon_core.shell:Skip shell extension 'powershell' for command environment: Not usable outside of PowerShell
[0.529s] DEBUG:colcon.colcon_core.shell:Skip shell extension 'dsv' for command environment
[0.533s] DEBUG:colcon.colcon_core.event_handler.log_command:Invoking command in '/home/mhdns/bumperbot_ws/build/bumperbot_cpp_examples': /usr/bin/cmake /home/mhdns/bumperbot_ws/src/bumperbot_cpp_examples -DCMAKE_INSTALL_PREFIX=/home/mhdns/bumperbot_ws/install/bumperbot_cpp_examples
[0.684s] INFO:colcon.colcon_core.task.python.build:Building Python package in '/home/mhdns/bumperbot_ws/src/bumperbot_py_examples'
[0.685s] INFO:colcon.colcon_core.shell:Skip shell extension 'powershell' for command environment: Not usable outside of PowerShell
[0.685s] DEBUG:colcon.colcon_core.shell:Skip shell extension 'dsv' for command environment
[1.037s] DEBUG:colcon.colcon_core.event_handler.log_command:Invoking command in '/home/mhdns/bumperbot_ws/src/bumperbot_py_examples': PYTHONPATH=/home/mhdns/bumperbot_ws/build/bumperbot_py_examples/prefix_override:/usr/lib/python3/dist-packages/colcon_core/task/python/colcon_distutils_commands:/home/mhdns/bumperbot_ws/install/bumperbot_py_examples/lib/python3.10/site-packages:${PYTHONPATH} /usr/bin/python3 -W ignore:setup.py install is deprecated setup.py egg_info --egg-base ../../build/bumperbot_py_examples build --build-base /home/mhdns/bumperbot_ws/build/bumperbot_py_examples/build install --record /home/mhdns/bumperbot_ws/build/bumperbot_py_examples/install.log --single-version-externally-managed install_data
[1.208s] DEBUG:colcon.colcon_core.event_handler.log_command:Invoked command in '/home/mhdns/bumperbot_ws/src/bumperbot_py_examples' returned '0': PYTHONPATH=/home/mhdns/bumperbot_ws/build/bumperbot_py_examples/prefix_override:/usr/lib/python3/dist-packages/colcon_core/task/python/colcon_distutils_commands:/home/mhdns/bumperbot_ws/install/bumperbot_py_examples/lib/python3.10/site-packages:${PYTHONPATH} /usr/bin/python3 -W ignore:setup.py install is deprecated setup.py egg_info --egg-base ../../build/bumperbot_py_examples build --build-base /home/mhdns/bumperbot_ws/build/bumperbot_py_examples/build install --record /home/mhdns/bumperbot_ws/build/bumperbot_py_examples/install.log --single-version-externally-managed install_data
[1.213s] Level 1:colcon.colcon_core.environment:checking '/home/mhdns/bumperbot_ws/install/bumperbot_py_examples' for CMake module files
[1.214s] Level 1:colcon.colcon_core.environment:checking '/home/mhdns/bumperbot_ws/install/bumperbot_py_examples' for CMake config files
[1.214s] Level 1:colcon.colcon_core.environment:checking '/home/mhdns/bumperbot_ws/install/bumperbot_py_examples/lib'
[1.214s] Level 1:colcon.colcon_core.environment:checking '/home/mhdns/bumperbot_ws/install/bumperbot_py_examples/bin'
[1.214s] Level 1:colcon.colcon_core.environment:checking '/home/mhdns/bumperbot_ws/install/bumperbot_py_examples/lib/pkgconfig/bumperbot_py_examples.pc'
[1.215s] Level 1:colcon.colcon_core.environment:checking '/home/mhdns/bumperbot_ws/install/bumperbot_py_examples/lib/python3.10/site-packages'
[1.215s] Level 1:colcon.colcon_core.shell:create_environment_hook('bumperbot_py_examples', 'pythonpath')
[1.215s] INFO:colcon.colcon_core.shell:Creating environment hook '/home/mhdns/bumperbot_ws/install/bumperbot_py_examples/share/bumperbot_py_examples/hook/pythonpath.ps1'
[1.215s] INFO:colcon.colcon_core.shell:Creating environment descriptor '/home/mhdns/bumperbot_ws/install/bumperbot_py_examples/share/bumperbot_py_examples/hook/pythonpath.dsv'
[1.215s] INFO:colcon.colcon_core.shell:Creating environment hook '/home/mhdns/bumperbot_ws/install/bumperbot_py_examples/share/bumperbot_py_examples/hook/pythonpath.sh'
[1.216s] Level 1:colcon.colcon_core.environment:checking '/home/mhdns/bumperbot_ws/install/bumperbot_py_examples/bin'
[1.216s] Level 1:colcon.colcon_core.environment:create_environment_scripts_only(bumperbot_py_examples)
[1.216s] INFO:colcon.colcon_core.shell:Creating package script '/home/mhdns/bumperbot_ws/install/bumperbot_py_examples/share/bumperbot_py_examples/package.ps1'
[1.216s] INFO:colcon.colcon_core.shell:Creating package descriptor '/home/mhdns/bumperbot_ws/install/bumperbot_py_examples/share/bumperbot_py_examples/package.dsv'
[1.217s] INFO:colcon.colcon_core.shell:Creating package script '/home/mhdns/bumperbot_ws/install/bumperbot_py_examples/share/bumperbot_py_examples/package.sh'
[1.218s] INFO:colcon.colcon_core.shell:Creating package script '/home/mhdns/bumperbot_ws/install/bumperbot_py_examples/share/bumperbot_py_examples/package.bash'
[1.218s] INFO:colcon.colcon_core.shell:Creating package script '/home/mhdns/bumperbot_ws/install/bumperbot_py_examples/share/bumperbot_py_examples/package.zsh'
[1.219s] Level 1:colcon.colcon_core.environment:create_file_with_runtime_dependencies(/home/mhdns/bumperbot_ws/install/bumperbot_py_examples/share/colcon-core/packages/bumperbot_py_examples)
[3.728s] DEBUG:colcon.colcon_core.event_handler.log_command:Invoked command in '/home/mhdns/bumperbot_ws/build/bumperbot_cpp_examples' returned '0': /usr/bin/cmake /home/mhdns/bumperbot_ws/src/bumperbot_cpp_examples -DCMAKE_INSTALL_PREFIX=/home/mhdns/bumperbot_ws/install/bumperbot_cpp_examples
[3.729s] DEBUG:colcon.colcon_core.event_handler.log_command:Invoking command in '/home/mhdns/bumperbot_ws/build/bumperbot_cpp_examples': /usr/bin/cmake --build /home/mhdns/bumperbot_ws/build/bumperbot_cpp_examples -- -j32 -l32
[6.595s] DEBUG:colcon.colcon_core.event_handler.log_command:Invoked command in '/home/mhdns/bumperbot_ws/build/bumperbot_cpp_examples' returned '0': /usr/bin/cmake --build /home/mhdns/bumperbot_ws/build/bumperbot_cpp_examples -- -j32 -l32
[6.614s] DEBUG:colcon.colcon_core.event_handler.log_command:Invoking command in '/home/mhdns/bumperbot_ws/build/bumperbot_cpp_examples': /usr/bin/cmake --install /home/mhdns/bumperbot_ws/build/bumperbot_cpp_examples
[6.622s] Level 1:colcon.colcon_core.environment:create_environment_scripts_only(bumperbot_cpp_examples)
[6.622s] Level 1:colcon.colcon_core.environment:checking '/home/mhdns/bumperbot_ws/install/bumperbot_cpp_examples' for CMake module files
[6.622s] DEBUG:colcon.colcon_core.event_handler.log_command:Invoked command in '/home/mhdns/bumperbot_ws/build/bumperbot_cpp_examples' returned '0': /usr/bin/cmake --install /home/mhdns/bumperbot_ws/build/bumperbot_cpp_examples
[6.622s] Level 1:colcon.colcon_core.environment:checking '/home/mhdns/bumperbot_ws/install/bumperbot_cpp_examples' for CMake config files
[6.623s] Level 1:colcon.colcon_core.shell:create_environment_hook('bumperbot_cpp_examples', 'cmake_prefix_path')
[6.623s] INFO:colcon.colcon_core.shell:Creating environment hook '/home/mhdns/bumperbot_ws/install/bumperbot_cpp_examples/share/bumperbot_cpp_examples/hook/cmake_prefix_path.ps1'
[6.623s] INFO:colcon.colcon_core.shell:Creating environment descriptor '/home/mhdns/bumperbot_ws/install/bumperbot_cpp_examples/share/bumperbot_cpp_examples/hook/cmake_prefix_path.dsv'
[6.623s] INFO:colcon.colcon_core.shell:Creating environment hook '/home/mhdns/bumperbot_ws/install/bumperbot_cpp_examples/share/bumperbot_cpp_examples/hook/cmake_prefix_path.sh'
[6.624s] Level 1:colcon.colcon_core.environment:checking '/home/mhdns/bumperbot_ws/install/bumperbot_cpp_examples/lib'
[6.624s] Level 1:colcon.colcon_core.environment:checking '/home/mhdns/bumperbot_ws/install/bumperbot_cpp_examples/bin'
[6.624s] Level 1:colcon.colcon_core.environment:checking '/home/mhdns/bumperbot_ws/install/bumperbot_cpp_examples/lib/pkgconfig/bumperbot_cpp_examples.pc'
[6.624s] Level 1:colcon.colcon_core.environment:checking '/home/mhdns/bumperbot_ws/install/bumperbot_cpp_examples/lib/python3.10/site-packages'
[6.624s] Level 1:colcon.colcon_core.environment:checking '/home/mhdns/bumperbot_ws/install/bumperbot_cpp_examples/bin'
[6.624s] INFO:colcon.colcon_core.shell:Creating package script '/home/mhdns/bumperbot_ws/install/bumperbot_cpp_examples/share/bumperbot_cpp_examples/package.ps1'
[6.624s] INFO:colcon.colcon_core.shell:Creating package descriptor '/home/mhdns/bumperbot_ws/install/bumperbot_cpp_examples/share/bumperbot_cpp_examples/package.dsv'
[6.625s] INFO:colcon.colcon_core.shell:Creating package script '/home/mhdns/bumperbot_ws/install/bumperbot_cpp_examples/share/bumperbot_cpp_examples/package.sh'
[6.625s] INFO:colcon.colcon_core.shell:Creating package script '/home/mhdns/bumperbot_ws/install/bumperbot_cpp_examples/share/bumperbot_cpp_examples/package.bash'
[6.625s] INFO:colcon.colcon_core.shell:Creating package script '/home/mhdns/bumperbot_ws/install/bumperbot_cpp_examples/share/bumperbot_cpp_examples/package.zsh'
[6.625s] Level 1:colcon.colcon_core.environment:create_file_with_runtime_dependencies(/home/mhdns/bumperbot_ws/install/bumperbot_cpp_examples/share/colcon-core/packages/bumperbot_cpp_examples)
[6.640s] Level 1:colcon.colcon_core.environment:create_environment_scripts_only(bumperbot_cpp_examples)
[6.640s] Level 1:colcon.colcon_core.environment:checking '/home/mhdns/bumperbot_ws/install/bumperbot_cpp_examples' for CMake module files
[6.640s] Level 1:colcon.colcon_core.environment:checking '/home/mhdns/bumperbot_ws/install/bumperbot_cpp_examples' for CMake config files
[6.640s] Level 1:colcon.colcon_core.shell:create_environment_hook('bumperbot_cpp_examples', 'cmake_prefix_path')
[6.640s] INFO:colcon.colcon_core.shell:Creating environment hook '/home/mhdns/bumperbot_ws/install/bumperbot_cpp_examples/share/bumperbot_cpp_examples/hook/cmake_prefix_path.ps1'
[6.641s] INFO:colcon.colcon_core.shell:Creating environment descriptor '/home/mhdns/bumperbot_ws/install/bumperbot_cpp_examples/share/bumperbot_cpp_examples/hook/cmake_prefix_path.dsv'
[6.641s] INFO:colcon.colcon_core.shell:Creating environment hook '/home/mhdns/bumperbot_ws/install/bumperbot_cpp_examples/share/bumperbot_cpp_examples/hook/cmake_prefix_path.sh'
[6.641s] Level 1:colcon.colcon_core.environment:checking '/home/mhdns/bumperbot_ws/install/bumperbot_cpp_examples/lib'
[6.641s] Level 1:colcon.colcon_core.environment:checking '/home/mhdns/bumperbot_ws/install/bumperbot_cpp_examples/bin'
[6.641s] Level 1:colcon.colcon_core.environment:checking '/home/mhdns/bumperbot_ws/install/bumperbot_cpp_examples/lib/pkgconfig/bumperbot_cpp_examples.pc'
[6.641s] Level 1:colcon.colcon_core.environment:checking '/home/mhdns/bumperbot_ws/install/bumperbot_cpp_examples/lib/python3.10/site-packages'
[6.641s] Level 1:colcon.colcon_core.environment:checking '/home/mhdns/bumperbot_ws/install/bumperbot_cpp_examples/bin'
[6.642s] INFO:colcon.colcon_core.shell:Creating package script '/home/mhdns/bumperbot_ws/install/bumperbot_cpp_examples/share/bumperbot_cpp_examples/package.ps1'
[6.642s] INFO:colcon.colcon_core.shell:Creating package descriptor '/home/mhdns/bumperbot_ws/install/bumperbot_cpp_examples/share/bumperbot_cpp_examples/package.dsv'
[6.642s] INFO:colcon.colcon_core.shell:Creating package script '/home/mhdns/bumperbot_ws/install/bumperbot_cpp_examples/share/bumperbot_cpp_examples/package.sh'
[6.642s] INFO:colcon.colcon_core.shell:Creating package script '/home/mhdns/bumperbot_ws/install/bumperbot_cpp_examples/share/bumperbot_cpp_examples/package.bash'
[6.643s] INFO:colcon.colcon_core.shell:Creating package script '/home/mhdns/bumperbot_ws/install/bumperbot_cpp_examples/share/bumperbot_cpp_examples/package.zsh'
[6.643s] Level 1:colcon.colcon_core.environment:create_file_with_runtime_dependencies(/home/mhdns/bumperbot_ws/install/bumperbot_cpp_examples/share/colcon-core/packages/bumperbot_cpp_examples)
[6.643s] DEBUG:colcon.colcon_parallel_executor.executor.parallel:closing loop
[6.643s] DEBUG:colcon.colcon_parallel_executor.executor.parallel:loop closed
[6.644s] DEBUG:colcon.colcon_parallel_executor.executor.parallel:run_until_complete finished with '0'
[6.644s] DEBUG:colcon.colcon_core.event_reactor:joining thread
[6.652s] INFO:colcon.colcon_core.plugin_system:Skipping extension 'colcon_notification.desktop_notification.terminal_notifier': Not used on non-Darwin systems
[6.652s] INFO:colcon.colcon_core.plugin_system:Skipping extension 'colcon_notification.desktop_notification.win32': Not used on non-Windows systems
[6.652s] INFO:colcon.colcon_notification.desktop_notification:Sending desktop notification using 'notify2'
[6.799s] DEBUG:colcon.colcon_core.event_reactor:joined thread
[6.800s] INFO:colcon.colcon_core.shell:Creating prefix script '/home/mhdns/bumperbot_ws/install/local_setup.ps1'
[6.801s] INFO:colcon.colcon_core.shell:Creating prefix util module '/home/mhdns/bumperbot_ws/install/_local_setup_util_ps1.py'
[6.802s] INFO:colcon.colcon_core.shell:Creating prefix chain script '/home/mhdns/bumperbot_ws/install/setup.ps1'
[6.803s] INFO:colcon.colcon_core.shell:Creating prefix script '/home/mhdns/bumperbot_ws/install/local_setup.sh'
[6.803s] INFO:colcon.colcon_core.shell:Creating prefix util module '/home/mhdns/bumperbot_ws/install/_local_setup_util_sh.py'
[6.803s] INFO:colcon.colcon_core.shell:Creating prefix chain script '/home/mhdns/bumperbot_ws/install/setup.sh'
[6.804s] INFO:colcon.colcon_core.shell:Creating prefix script '/home/mhdns/bumperbot_ws/install/local_setup.bash'
[6.805s] INFO:colcon.colcon_core.shell:Creating prefix chain script '/home/mhdns/bumperbot_ws/install/setup.bash'
[6.805s] INFO:colcon.colcon_core.shell:Creating prefix script '/home/mhdns/bumperbot_ws/install/local_setup.zsh'
[6.806s] INFO:colcon.colcon_core.shell:Creating prefix chain script '/home/mhdns/bumperbot_ws/install/setup.zsh'
