[0.015s] Invoking command in '/home/mhdns/bumperbot_ws/build/bumperbot_cpp_examples': /usr/bin/cmake --build /home/mhdns/bumperbot_ws/build/bumperbot_cpp_examples -- -j32 -l32
[0.064s] [35m[1mConsolidate compiler generated dependencies of target simple_tf_kinematics[0m
[0.071s] [ 80%] Built target simple_publisher
[0.071s] [ 80%] Built target simple_subscriber
[0.071s] [ 80%] Built target simple_turtlesim_kinematics
[0.071s] [ 80%] Built target simple_parameter
[0.077s] [ 90%] [32mBuilding CXX object CMakeFiles/simple_tf_kinematics.dir/src/simple_tf_kinematics.cpp.o[0m
[2.626s] [100%] [32m[1mLinking CXX executable simple_tf_kinematics[0m
[2.805s] [100%] Built target simple_tf_kinematics
[2.812s] Invoked command in '/home/mhdns/bumperbot_ws/build/bumperbot_cpp_examples' returned '0': /usr/bin/cmake --build /home/mhdns/bumperbot_ws/build/bumperbot_cpp_examples -- -j32 -l32
[2.833s] Invoking command in '/home/mhdns/bumperbot_ws/build/bumperbot_cpp_examples': /usr/bin/cmake --install /home/mhdns/bumperbot_ws/build/bumperbot_cpp_examples
[2.837s] -- Install configuration: ""
[2.837s] -- Up-to-date: /home/mhdns/bumperbot_ws/install/bumperbot_cpp_examples/include/include
[2.837s] -- Up-to-date: /home/mhdns/bumperbot_ws/install/bumperbot_cpp_examples/include/include/bumperbot_cpp_examples
[2.837s] -- Installing: /home/mhdns/bumperbot_ws/install/bumperbot_cpp_examples/include/include/bumperbot_cpp_examples/simple_tf_kinematics.hpp
[2.838s] -- Up-to-date: /home/mhdns/bumperbot_ws/install/bumperbot_cpp_examples/include/include/bumperbot_cpp_examples/simple_turtlesim_kinematics.hpp
[2.838s] -- Up-to-date: /home/mhdns/bumperbot_ws/install/bumperbot_cpp_examples/lib/bumperbot_cpp_examples/simple_publisher
[2.839s] -- Up-to-date: /home/mhdns/bumperbot_ws/install/bumperbot_cpp_examples/lib/bumperbot_cpp_examples/simple_subscriber
[2.840s] -- Up-to-date: /home/mhdns/bumperbot_ws/install/bumperbot_cpp_examples/lib/bumperbot_cpp_examples/simple_parameter
[2.840s] -- Up-to-date: /home/mhdns/bumperbot_ws/install/bumperbot_cpp_examples/lib/bumperbot_cpp_examples/simple_turtlesim_kinematics
[2.841s] -- Installing: /home/mhdns/bumperbot_ws/install/bumperbot_cpp_examples/lib/bumperbot_cpp_examples/simple_tf_kinematics
[2.842s] -- Set runtime path of "/home/mhdns/bumperbot_ws/install/bumperbot_cpp_examples/lib/bumperbot_cpp_examples/simple_tf_kinematics" to ""
[2.842s] -- Up-to-date: /home/mhdns/bumperbot_ws/install/bumperbot_cpp_examples/share/ament_index/resource_index/package_run_dependencies/bumperbot_cpp_examples
[2.842s] -- Up-to-date: /home/mhdns/bumperbot_ws/install/bumperbot_cpp_examples/share/ament_index/resource_index/parent_prefix_path/bumperbot_cpp_examples
[2.843s] -- Up-to-date: /home/mhdns/bumperbot_ws/install/bumperbot_cpp_examples/share/bumperbot_cpp_examples/environment/ament_prefix_path.sh
[2.843s] -- Up-to-date: /home/mhdns/bumperbot_ws/install/bumperbot_cpp_examples/share/bumperbot_cpp_examples/environment/ament_prefix_path.dsv
[2.843s] -- Up-to-date: /home/mhdns/bumperbot_ws/install/bumperbot_cpp_examples/share/bumperbot_cpp_examples/environment/path.sh
[2.843s] -- Up-to-date: /home/mhdns/bumperbot_ws/install/bumperbot_cpp_examples/share/bumperbot_cpp_examples/environment/path.dsv
[2.843s] -- Up-to-date: /home/mhdns/bumperbot_ws/install/bumperbot_cpp_examples/share/bumperbot_cpp_examples/local_setup.bash
[2.843s] -- Up-to-date: /home/mhdns/bumperbot_ws/install/bumperbot_cpp_examples/share/bumperbot_cpp_examples/local_setup.sh
[2.843s] -- Up-to-date: /home/mhdns/bumperbot_ws/install/bumperbot_cpp_examples/share/bumperbot_cpp_examples/local_setup.zsh
[2.843s] -- Up-to-date: /home/mhdns/bumperbot_ws/install/bumperbot_cpp_examples/share/bumperbot_cpp_examples/local_setup.dsv
[2.843s] -- Installing: /home/mhdns/bumperbot_ws/install/bumperbot_cpp_examples/share/bumperbot_cpp_examples/package.dsv
[2.844s] -- Up-to-date: /home/mhdns/bumperbot_ws/install/bumperbot_cpp_examples/share/ament_index/resource_index/packages/bumperbot_cpp_examples
[2.844s] -- Up-to-date: /home/mhdns/bumperbot_ws/install/bumperbot_cpp_examples/share/bumperbot_cpp_examples/cmake/bumperbot_cpp_examplesConfig.cmake
[2.844s] -- Up-to-date: /home/mhdns/bumperbot_ws/install/bumperbot_cpp_examples/share/bumperbot_cpp_examples/cmake/bumperbot_cpp_examplesConfig-version.cmake
[2.844s] -- Up-to-date: /home/mhdns/bumperbot_ws/install/bumperbot_cpp_examples/share/bumperbot_cpp_examples/package.xml
[2.845s] Invoked command in '/home/mhdns/bumperbot_ws/build/bumperbot_cpp_examples' returned '0': /usr/bin/cmake --install /home/mhdns/bumperbot_ws/build/bumperbot_cpp_examples
