
[0/4] Building CXX object CMakeFiles/imu_republisher.dir/src/imu_republisher.cpp.o[K
[0/4] cd /home/mhdns/bumperbot_ws/build/bumperbot_localization && /usr/bin/cmake -E copy_directory /home/mhdns/bumperbot_ws/src/bumperbot_localization/bumperbot_localization /home/mhdns/bumperbot_ws/build/bumperbot_localization/ament_cmake_python/bumperbot_localization/bumperbot_localization[K
[1/4] cd /home/mhdns/bumperbot_ws/build/bumperbot_localization && /usr/bin/cmake -E copy_directory /home/mhdns/bumperbot_ws/src/bumperbot_localization/bumperbot_localization /home/mhdns/bumperbot_ws/build/bumperbot_localization/ament_cmake_python/bumperbot_localization/bumperbot_localization[K
[1/4] cd /home/mhdns/bumperbot_ws/build/bumperbot_localization/ament_cmake_python/bumperbot_localization && /usr/bin/python3 setup.py egg_info[K
[2/4] cd /home/mhdns/bumperbot_ws/build/bumperbot_localization/ament_cmake_python/bumperbot_localization && /usr/bin/python3 setup.py egg_info[K
running egg_info
writing bumperbot_localization.egg-info/PKG-INFO
writing dependency_links to bumperbot_localization.egg-info/dependency_links.txt
writing top-level names to bumperbot_localization.egg-info/top_level.txt
reading manifest file 'bumperbot_localization.egg-info/SOURCES.txt'
writing manifest file 'bumperbot_localization.egg-info/SOURCES.txt'

[3/4] Building CXX object CMakeFiles/imu_republisher.dir/src/imu_republisher.cpp.o[K
[3/4] Linking CXX executable imu_republisher[K
[4/4] Linking CXX executable imu_republisher[K
-- Install configuration: ""
-- Up-to-date: /home/mhdns/bumperbot_ws/install/bumperbot_localization/share/bumperbot_localization/environment/pythonpath.sh
-- Up-to-date: /home/mhdns/bumperbot_ws/install/bumperbot_localization/share/bumperbot_localization/environment/pythonpath.dsv
-- Up-to-date: /home/mhdns/bumperbot_ws/install/bumperbot_localization/local/lib/python3.10/dist-packages/bumperbot_localization-0.0.0-py3.10.egg-info
-- Installing: /home/mhdns/bumperbot_ws/install/bumperbot_localization/local/lib/python3.10/dist-packages/bumperbot_localization-0.0.0-py3.10.egg-info/PKG-INFO
-- Installing: /home/mhdns/bumperbot_ws/install/bumperbot_localization/local/lib/python3.10/dist-packages/bumperbot_localization-0.0.0-py3.10.egg-info/dependency_links.txt
-- Installing: /home/mhdns/bumperbot_ws/install/bumperbot_localization/local/lib/python3.10/dist-packages/bumperbot_localization-0.0.0-py3.10.egg-info/top_level.txt
-- Installing: /home/mhdns/bumperbot_ws/install/bumperbot_localization/local/lib/python3.10/dist-packages/bumperbot_localization-0.0.0-py3.10.egg-info/SOURCES.txt
-- Up-to-date: /home/mhdns/bumperbot_ws/install/bumperbot_localization/local/lib/python3.10/dist-packages/bumperbot_localization
-- Up-to-date: /home/mhdns/bumperbot_ws/install/bumperbot_localization/local/lib/python3.10/dist-packages/bumperbot_localization/__init__.py
-- Up-to-date: /home/mhdns/bumperbot_ws/install/bumperbot_localization/local/lib/python3.10/dist-packages/bumperbot_localization/imu_republisher.py
-- Up-to-date: /home/mhdns/bumperbot_ws/install/bumperbot_localization/local/lib/python3.10/dist-packages/bumperbot_localization/kalman_filter.py
Listing '/home/mhdns/bumperbot_ws/install/bumperbot_localization/local/lib/python3.10/dist-packages/bumperbot_localization'...
-- Up-to-date: /home/mhdns/bumperbot_ws/install/bumperbot_localization/include/include
-- Up-to-date: /home/mhdns/bumperbot_ws/install/bumperbot_localization/include/include/bumperbot_localization
-- Up-to-date: /home/mhdns/bumperbot_ws/install/bumperbot_localization/include/include/bumperbot_localization/kalman_filter.hpp
-- Up-to-date: /home/mhdns/bumperbot_ws/install/bumperbot_localization/lib/bumperbot_localization/kalman_filter
-- Installing: /home/mhdns/bumperbot_ws/install/bumperbot_localization/lib/bumperbot_localization/imu_republisher
-- Set runtime path of "/home/mhdns/bumperbot_ws/install/bumperbot_localization/lib/bumperbot_localization/imu_republisher" to ""
-- Up-to-date: /home/mhdns/bumperbot_ws/install/bumperbot_localization/lib/bumperbot_localization/kalman_filter.py
-- Up-to-date: /home/mhdns/bumperbot_ws/install/bumperbot_localization/lib/bumperbot_localization/imu_republisher.py
-- Up-to-date: /home/mhdns/bumperbot_ws/install/bumperbot_localization/share/ament_index/resource_index/package_run_dependencies/bumperbot_localization
-- Up-to-date: /home/mhdns/bumperbot_ws/install/bumperbot_localization/share/ament_index/resource_index/parent_prefix_path/bumperbot_localization
-- Up-to-date: /home/mhdns/bumperbot_ws/install/bumperbot_localization/share/bumperbot_localization/environment/ament_prefix_path.sh
-- Up-to-date: /home/mhdns/bumperbot_ws/install/bumperbot_localization/share/bumperbot_localization/environment/ament_prefix_path.dsv
-- Up-to-date: /home/mhdns/bumperbot_ws/install/bumperbot_localization/share/bumperbot_localization/environment/path.sh
-- Up-to-date: /home/mhdns/bumperbot_ws/install/bumperbot_localization/share/bumperbot_localization/environment/path.dsv
-- Up-to-date: /home/mhdns/bumperbot_ws/install/bumperbot_localization/share/bumperbot_localization/local_setup.bash
-- Up-to-date: /home/mhdns/bumperbot_ws/install/bumperbot_localization/share/bumperbot_localization/local_setup.sh
-- Up-to-date: /home/mhdns/bumperbot_ws/install/bumperbot_localization/share/bumperbot_localization/local_setup.zsh
-- Up-to-date: /home/mhdns/bumperbot_ws/install/bumperbot_localization/share/bumperbot_localization/local_setup.dsv
-- Up-to-date: /home/mhdns/bumperbot_ws/install/bumperbot_localization/share/bumperbot_localization/package.dsv
-- Up-to-date: /home/mhdns/bumperbot_ws/install/bumperbot_localization/share/ament_index/resource_index/packages/bumperbot_localization
-- Up-to-date: /home/mhdns/bumperbot_ws/install/bumperbot_localization/share/bumperbot_localization/cmake/bumperbot_localizationConfig.cmake
-- Up-to-date: /home/mhdns/bumperbot_ws/install/bumperbot_localization/share/bumperbot_localization/cmake/bumperbot_localizationConfig-version.cmake
-- Up-to-date: /home/mhdns/bumperbot_ws/install/bumperbot_localization/share/bumperbot_localization/package.xml
