[0.016s] Invoking command in '/home/mhdns/bumperbot_ws/build/bumperbot_localization': /usr/bin/cmake --build /home/mhdns/bumperbot_ws/build/bumperbot_localization -- -j32 -l32
[0.040s] 
[0.040s] [0/4] Building CXX object CMakeFiles/imu_republisher.dir/src/imu_republisher.cpp.o[K
[0.047s] [0/4] cd /home/mhdns/bumperbot_ws/build/bumperbot_localization && /usr/bin/cmake -E copy_directory /home/mhdns/bumperbot_ws/src/bumperbot_localization/bumperbot_localization /home/mhdns/bumperbot_ws/build/bumperbot_localization/ament_cmake_python/bumperbot_localization/bumperbot_localization[K
[0.047s] [1/4] cd /home/mhdns/bumperbot_ws/build/bumperbot_localization && /usr/bin/cmake -E copy_directory /home/mhdns/bumperbot_ws/src/bumperbot_localization/bumperbot_localization /home/mhdns/bumperbot_ws/build/bumperbot_localization/ament_cmake_python/bumperbot_localization/bumperbot_localization[K
[0.202s] [1/4] cd /home/mhdns/bumperbot_ws/build/bumperbot_localization/ament_cmake_python/bumperbot_localization && /usr/bin/python3 setup.py egg_info[K
[0.202s] [2/4] cd /home/mhdns/bumperbot_ws/build/bumperbot_localization/ament_cmake_python/bumperbot_localization && /usr/bin/python3 setup.py egg_info[K
[0.203s] running egg_info
[0.203s] writing bumperbot_localization.egg-info/PKG-INFO
[0.203s] writing dependency_links to bumperbot_localization.egg-info/dependency_links.txt
[0.203s] writing top-level names to bumperbot_localization.egg-info/top_level.txt
[0.203s] reading manifest file 'bumperbot_localization.egg-info/SOURCES.txt'
[0.203s] writing manifest file 'bumperbot_localization.egg-info/SOURCES.txt'
[5.860s] 
[5.860s] [3/4] Building CXX object CMakeFiles/imu_republisher.dir/src/imu_republisher.cpp.o[K
[6.161s] [3/4] Linking CXX executable imu_republisher[K
[6.161s] [4/4] Linking CXX executable imu_republisher[K
[6.163s] Invoked command in '/home/mhdns/bumperbot_ws/build/bumperbot_localization' returned '0': /usr/bin/cmake --build /home/mhdns/bumperbot_ws/build/bumperbot_localization -- -j32 -l32
[6.175s] Invoking command in '/home/mhdns/bumperbot_ws/build/bumperbot_localization': /usr/bin/cmake --install /home/mhdns/bumperbot_ws/build/bumperbot_localization
[6.179s] -- Install configuration: ""
[6.179s] -- Up-to-date: /home/mhdns/bumperbot_ws/install/bumperbot_localization/share/bumperbot_localization/environment/pythonpath.sh
[6.179s] -- Up-to-date: /home/mhdns/bumperbot_ws/install/bumperbot_localization/share/bumperbot_localization/environment/pythonpath.dsv
[6.179s] -- Up-to-date: /home/mhdns/bumperbot_ws/install/bumperbot_localization/local/lib/python3.10/dist-packages/bumperbot_localization-0.0.0-py3.10.egg-info
[6.179s] -- Installing: /home/mhdns/bumperbot_ws/install/bumperbot_localization/local/lib/python3.10/dist-packages/bumperbot_localization-0.0.0-py3.10.egg-info/PKG-INFO
[6.179s] -- Installing: /home/mhdns/bumperbot_ws/install/bumperbot_localization/local/lib/python3.10/dist-packages/bumperbot_localization-0.0.0-py3.10.egg-info/dependency_links.txt
[6.180s] -- Installing: /home/mhdns/bumperbot_ws/install/bumperbot_localization/local/lib/python3.10/dist-packages/bumperbot_localization-0.0.0-py3.10.egg-info/top_level.txt
[6.180s] -- Installing: /home/mhdns/bumperbot_ws/install/bumperbot_localization/local/lib/python3.10/dist-packages/bumperbot_localization-0.0.0-py3.10.egg-info/SOURCES.txt
[6.180s] -- Up-to-date: /home/mhdns/bumperbot_ws/install/bumperbot_localization/local/lib/python3.10/dist-packages/bumperbot_localization
[6.180s] -- Up-to-date: /home/mhdns/bumperbot_ws/install/bumperbot_localization/local/lib/python3.10/dist-packages/bumperbot_localization/__init__.py
[6.180s] -- Up-to-date: /home/mhdns/bumperbot_ws/install/bumperbot_localization/local/lib/python3.10/dist-packages/bumperbot_localization/imu_republisher.py
[6.180s] -- Up-to-date: /home/mhdns/bumperbot_ws/install/bumperbot_localization/local/lib/python3.10/dist-packages/bumperbot_localization/kalman_filter.py
[6.198s] Listing '/home/mhdns/bumperbot_ws/install/bumperbot_localization/local/lib/python3.10/dist-packages/bumperbot_localization'...
[6.200s] -- Up-to-date: /home/mhdns/bumperbot_ws/install/bumperbot_localization/include/include
[6.201s] -- Up-to-date: /home/mhdns/bumperbot_ws/install/bumperbot_localization/include/include/bumperbot_localization
[6.201s] -- Up-to-date: /home/mhdns/bumperbot_ws/install/bumperbot_localization/include/include/bumperbot_localization/kalman_filter.hpp
[6.202s] -- Up-to-date: /home/mhdns/bumperbot_ws/install/bumperbot_localization/lib/bumperbot_localization/kalman_filter
[6.202s] -- Installing: /home/mhdns/bumperbot_ws/install/bumperbot_localization/lib/bumperbot_localization/imu_republisher
[6.206s] -- Set runtime path of "/home/mhdns/bumperbot_ws/install/bumperbot_localization/lib/bumperbot_localization/imu_republisher" to ""
[6.206s] -- Up-to-date: /home/mhdns/bumperbot_ws/install/bumperbot_localization/lib/bumperbot_localization/kalman_filter.py
[6.206s] -- Up-to-date: /home/mhdns/bumperbot_ws/install/bumperbot_localization/lib/bumperbot_localization/imu_republisher.py
[6.206s] -- Up-to-date: /home/mhdns/bumperbot_ws/install/bumperbot_localization/share/ament_index/resource_index/package_run_dependencies/bumperbot_localization
[6.206s] -- Up-to-date: /home/mhdns/bumperbot_ws/install/bumperbot_localization/share/ament_index/resource_index/parent_prefix_path/bumperbot_localization
[6.206s] -- Up-to-date: /home/mhdns/bumperbot_ws/install/bumperbot_localization/share/bumperbot_localization/environment/ament_prefix_path.sh
[6.207s] -- Up-to-date: /home/mhdns/bumperbot_ws/install/bumperbot_localization/share/bumperbot_localization/environment/ament_prefix_path.dsv
[6.207s] -- Up-to-date: /home/mhdns/bumperbot_ws/install/bumperbot_localization/share/bumperbot_localization/environment/path.sh
[6.207s] -- Up-to-date: /home/mhdns/bumperbot_ws/install/bumperbot_localization/share/bumperbot_localization/environment/path.dsv
[6.207s] -- Up-to-date: /home/mhdns/bumperbot_ws/install/bumperbot_localization/share/bumperbot_localization/local_setup.bash
[6.207s] -- Up-to-date: /home/mhdns/bumperbot_ws/install/bumperbot_localization/share/bumperbot_localization/local_setup.sh
[6.207s] -- Up-to-date: /home/mhdns/bumperbot_ws/install/bumperbot_localization/share/bumperbot_localization/local_setup.zsh
[6.207s] -- Up-to-date: /home/mhdns/bumperbot_ws/install/bumperbot_localization/share/bumperbot_localization/local_setup.dsv
[6.207s] -- Up-to-date: /home/mhdns/bumperbot_ws/install/bumperbot_localization/share/bumperbot_localization/package.dsv
[6.207s] -- Up-to-date: /home/mhdns/bumperbot_ws/install/bumperbot_localization/share/ament_index/resource_index/packages/bumperbot_localization
[6.207s] -- Up-to-date: /home/mhdns/bumperbot_ws/install/bumperbot_localization/share/bumperbot_localization/cmake/bumperbot_localizationConfig.cmake
[6.207s] -- Up-to-date: /home/mhdns/bumperbot_ws/install/bumperbot_localization/share/bumperbot_localization/cmake/bumperbot_localizationConfig-version.cmake
[6.207s] -- Up-to-date: /home/mhdns/bumperbot_ws/install/bumperbot_localization/share/bumperbot_localization/package.xml
[6.208s] Invoked command in '/home/mhdns/bumperbot_ws/build/bumperbot_localization' returned '0': /usr/bin/cmake --install /home/mhdns/bumperbot_ws/build/bumperbot_localization
