[0.019s] Invoking command in '/home/mhdns/bumperbot_ws/src/build/bumperbot_cpp_examples': /usr/bin/cmake /home/mhdns/bumperbot_ws/src/bumperbot_cpp_examples -DCMAKE_INSTALL_PREFIX=/home/mhdns/bumperbot_ws/src/install/bumperbot_cpp_examples
[0.159s] -- The C compiler identification is GNU 11.4.0
[0.424s] -- The CXX compiler identification is GNU 11.4.0
[0.585s] -- Detecting C compiler ABI info
[0.646s] -- Detecting C compiler ABI info - done
[0.650s] -- Check for working C compiler: /usr/bin/cc - skipped
[0.651s] -- Detecting C compile features
[0.651s] -- Detecting C compile features - done
[0.654s] -- Detecting CXX compiler ABI info
[0.725s] -- Detecting CXX compiler ABI info - done
[0.730s] -- Check for working CXX compiler: /usr/bin/c++ - skipped
[0.730s] -- Detecting CXX compile features
[0.730s] -- Detecting CXX compile features - done
[0.735s] -- Found ament_cmake: 1.3.9 (/opt/ros/humble/share/ament_cmake/cmake)
[0.831s] -- Found Python3: /usr/bin/python3 (found version "3.10.12") found components: Interpreter 
[0.906s] -- Found rclcpp: 16.0.9 (/opt/ros/humble/share/rclcpp/cmake)
[1.009s] -- Found rosidl_generator_c: 3.1.5 (/opt/ros/humble/share/rosidl_generator_c/cmake)
[1.015s] -- Found rosidl_adapter: 3.1.5 (/opt/ros/humble/share/rosidl_adapter/cmake)
[1.024s] -- Found rosidl_generator_cpp: 3.1.5 (/opt/ros/humble/share/rosidl_generator_cpp/cmake)
[1.042s] -- Using all available rosidl_typesupport_c: rosidl_typesupport_fastrtps_c;rosidl_typesupport_introspection_c
[1.063s] -- Using all available rosidl_typesupport_cpp: rosidl_typesupport_fastrtps_cpp;rosidl_typesupport_introspection_cpp
[1.128s] -- Found rmw_implementation_cmake: 6.1.2 (/opt/ros/humble/share/rmw_implementation_cmake/cmake)
[1.132s] -- Found rmw_fastrtps_cpp: 6.2.6 (/opt/ros/humble/share/rmw_fastrtps_cpp/cmake)
[1.737s] -- Found OpenSSL: /usr/lib/x86_64-linux-gnu/libcrypto.so (found version "3.0.2")  
[2.074s] -- Found FastRTPS: /opt/ros/humble/include  
[2.665s] -- Using RMW implementation 'rmw_fastrtps_cpp' as default
[2.675s] -- Looking for pthread.h
[2.733s] -- Looking for pthread.h - found
[2.733s] -- Performing Test CMAKE_HAVE_LIBC_PTHREAD
[2.790s] -- Performing Test CMAKE_HAVE_LIBC_PTHREAD - Success
[2.791s] -- Found Threads: TRUE  
[2.904s] -- Found turtlesim: 1.4.2 (/opt/ros/humble/share/turtlesim/cmake)
[3.008s] -- Found tf2_ros: 0.25.7 (/opt/ros/humble/share/tf2_ros/cmake)
[3.249s] -- Found ament_lint_auto: 0.12.11 (/opt/ros/humble/share/ament_lint_auto/cmake)
[3.299s] -- Added test 'cppcheck' to perform static code analysis on C / C++ code
[3.299s] -- Configured cppcheck include dirs: /home/mhdns/bumperbot_ws/src/bumperbot_cpp_examples/include
[3.299s] -- Configured cppcheck exclude dirs and/or files: 
[3.301s] -- Added test 'lint_cmake' to check CMake code style
[3.303s] -- Added test 'uncrustify' to check C / C++ code style
[3.303s] -- Configured uncrustify additional arguments: 
[3.304s] -- Added test 'xmllint' to check XML markup files
[3.305s] -- Configuring done
[3.319s] -- Generating done
[3.328s] -- Build files have been written to: /home/mhdns/bumperbot_ws/src/build/bumperbot_cpp_examples
[3.337s] Invoked command in '/home/mhdns/bumperbot_ws/src/build/bumperbot_cpp_examples' returned '0': /usr/bin/cmake /home/mhdns/bumperbot_ws/src/bumperbot_cpp_examples -DCMAKE_INSTALL_PREFIX=/home/mhdns/bumperbot_ws/src/install/bumperbot_cpp_examples
[3.338s] Invoking command in '/home/mhdns/bumperbot_ws/src/build/bumperbot_cpp_examples': /usr/bin/cmake --build /home/mhdns/bumperbot_ws/src/build/bumperbot_cpp_examples -- -j32 -l32
[3.347s] 
[3.347s] [0/10] Building CXX object CMakeFiles/simple_publisher.dir/src/simple_publisher.cpp.o[K
[3.347s] [0/10] Building CXX object CMakeFiles/simple_subscriber.dir/src/simple_subscriber.cpp.o[K
[3.347s] [0/10] Building CXX object CMakeFiles/simple_parameter.dir/src/simple_parameter.cpp.o[K
[3.347s] [0/10] Building CXX object CMakeFiles/simple_turtlesim_kinematics.dir/src/simple_turtlesim_kinematics.cpp.o[K
[5.793s] [0/10] Building CXX object CMakeFiles/simple_tf_kinematics.dir/src/simple_tf_kinematics.cpp.o[K
[5.794s] [1/10] Building CXX object CMakeFiles/simple_parameter.dir/src/simple_parameter.cpp.o[K
[5.909s] [1/10] Linking CXX executable simple_parameter[K
[6.667s] [2/10] Linking CXX executable simple_parameter[K
[6.667s] [3/10] Building CXX object CMakeFiles/simple_tf_kinematics.dir/src/simple_tf_kinematics.cpp.o[K
[6.763s] [3/10] Linking CXX executable simple_tf_kinematics[K
[6.764s] [4/10] Building CXX object CMakeFiles/simple_publisher.dir/src/simple_publisher.cpp.o[K
[6.863s] [4/10] Linking CXX executable simple_publisher[K
[6.915s] [5/10] Linking CXX executable simple_tf_kinematics[K
[9.686s] [6/10] Linking CXX executable simple_publisher[K
[9.687s] [7/10] Building CXX object CMakeFiles/simple_subscriber.dir/src/simple_subscriber.cpp.o[K
[9.697s] [7/10] Linking CXX executable simple_subscriber[K
[9.697s] [8/10] Building CXX object CMakeFiles/simple_turtlesim_kinematics.dir/src/simple_turtlesim_kinematics.cpp.o[K
[9.964s] [8/10] Linking CXX executable simple_turtlesim_kinematics[K
[9.994s] [9/10] Linking CXX executable simple_subscriber[K
[9.994s] [10/10] Linking CXX executable simple_turtlesim_kinematics[K
[9.996s] Invoked command in '/home/mhdns/bumperbot_ws/src/build/bumperbot_cpp_examples' returned '0': /usr/bin/cmake --build /home/mhdns/bumperbot_ws/src/build/bumperbot_cpp_examples -- -j32 -l32
[10.011s] Invoking command in '/home/mhdns/bumperbot_ws/src/build/bumperbot_cpp_examples': /usr/bin/cmake --install /home/mhdns/bumperbot_ws/src/build/bumperbot_cpp_examples
[10.016s] -- Install configuration: ""
[10.016s] -- Installing: /home/mhdns/bumperbot_ws/src/install/bumperbot_cpp_examples/include/include
[10.016s] -- Installing: /home/mhdns/bumperbot_ws/src/install/bumperbot_cpp_examples/include/include/bumperbot_cpp_examples
[10.017s] -- Installing: /home/mhdns/bumperbot_ws/src/install/bumperbot_cpp_examples/include/include/bumperbot_cpp_examples/simple_tf_kinematics.hpp
[10.017s] -- Installing: /home/mhdns/bumperbot_ws/src/install/bumperbot_cpp_examples/include/include/bumperbot_cpp_examples/simple_turtlesim_kinematics.hpp
[10.017s] -- Installing: /home/mhdns/bumperbot_ws/src/install/bumperbot_cpp_examples/lib/bumperbot_cpp_examples/simple_publisher
[10.018s] -- Set runtime path of "/home/mhdns/bumperbot_ws/src/install/bumperbot_cpp_examples/lib/bumperbot_cpp_examples/simple_publisher" to ""
[10.018s] -- Installing: /home/mhdns/bumperbot_ws/src/install/bumperbot_cpp_examples/lib/bumperbot_cpp_examples/simple_subscriber
[10.021s] -- Set runtime path of "/home/mhdns/bumperbot_ws/src/install/bumperbot_cpp_examples/lib/bumperbot_cpp_examples/simple_subscriber" to ""
[10.021s] -- Installing: /home/mhdns/bumperbot_ws/src/install/bumperbot_cpp_examples/lib/bumperbot_cpp_examples/simple_parameter
[10.022s] -- Set runtime path of "/home/mhdns/bumperbot_ws/src/install/bumperbot_cpp_examples/lib/bumperbot_cpp_examples/simple_parameter" to ""
[10.022s] -- Installing: /home/mhdns/bumperbot_ws/src/install/bumperbot_cpp_examples/lib/bumperbot_cpp_examples/simple_turtlesim_kinematics
[10.025s] -- Set runtime path of "/home/mhdns/bumperbot_ws/src/install/bumperbot_cpp_examples/lib/bumperbot_cpp_examples/simple_turtlesim_kinematics" to ""
[10.025s] -- Installing: /home/mhdns/bumperbot_ws/src/install/bumperbot_cpp_examples/lib/bumperbot_cpp_examples/simple_tf_kinematics
[10.027s] -- Set runtime path of "/home/mhdns/bumperbot_ws/src/install/bumperbot_cpp_examples/lib/bumperbot_cpp_examples/simple_tf_kinematics" to ""
[10.027s] -- Installing: /home/mhdns/bumperbot_ws/src/install/bumperbot_cpp_examples/share/ament_index/resource_index/package_run_dependencies/bumperbot_cpp_examples
[10.028s] -- Installing: /home/mhdns/bumperbot_ws/src/install/bumperbot_cpp_examples/share/ament_index/resource_index/parent_prefix_path/bumperbot_cpp_examples
[10.028s] -- Installing: /home/mhdns/bumperbot_ws/src/install/bumperbot_cpp_examples/share/bumperbot_cpp_examples/environment/ament_prefix_path.sh
[10.028s] -- Installing: /home/mhdns/bumperbot_ws/src/install/bumperbot_cpp_examples/share/bumperbot_cpp_examples/environment/ament_prefix_path.dsv
[10.028s] -- Installing: /home/mhdns/bumperbot_ws/src/install/bumperbot_cpp_examples/share/bumperbot_cpp_examples/environment/path.sh
[10.028s] -- Installing: /home/mhdns/bumperbot_ws/src/install/bumperbot_cpp_examples/share/bumperbot_cpp_examples/environment/path.dsv
[10.029s] -- Installing: /home/mhdns/bumperbot_ws/src/install/bumperbot_cpp_examples/share/bumperbot_cpp_examples/local_setup.bash
[10.029s] -- Installing: /home/mhdns/bumperbot_ws/src/install/bumperbot_cpp_examples/share/bumperbot_cpp_examples/local_setup.sh
[10.029s] -- Installing: /home/mhdns/bumperbot_ws/src/install/bumperbot_cpp_examples/share/bumperbot_cpp_examples/local_setup.zsh
[10.029s] -- Installing: /home/mhdns/bumperbot_ws/src/install/bumperbot_cpp_examples/share/bumperbot_cpp_examples/local_setup.dsv
[10.029s] -- Installing: /home/mhdns/bumperbot_ws/src/install/bumperbot_cpp_examples/share/bumperbot_cpp_examples/package.dsv
[10.029s] -- Installing: /home/mhdns/bumperbot_ws/src/install/bumperbot_cpp_examples/share/ament_index/resource_index/packages/bumperbot_cpp_examples
[10.029s] -- Installing: /home/mhdns/bumperbot_ws/src/install/bumperbot_cpp_examples/share/bumperbot_cpp_examples/cmake/bumperbot_cpp_examplesConfig.cmake
[10.030s] -- Installing: /home/mhdns/bumperbot_ws/src/install/bumperbot_cpp_examples/share/bumperbot_cpp_examples/cmake/bumperbot_cpp_examplesConfig-version.cmake
[10.030s] -- Installing: /home/mhdns/bumperbot_ws/src/install/bumperbot_cpp_examples/share/bumperbot_cpp_examples/package.xml
[10.031s] Invoked command in '/home/mhdns/bumperbot_ws/src/build/bumperbot_cpp_examples' returned '0': /usr/bin/cmake --install /home/mhdns/bumperbot_ws/src/build/bumperbot_cpp_examples
