[0.580s] Invoking command in '/home/mhdns/bumperbot_ws/src/bumperbot_py_examples': AMENT_PREFIX_PATH=/home/mhdns/bumperbot_ws/install/bumperbot_msgs:${AMENT_PREFIX_PATH} CMAKE_PREFIX_PATH=/home/mhdns/bumperbot_ws/install/bumperbot_msgs:${CMAKE_PREFIX_PATH} LD_LIBRARY_PATH=/home/mhdns/bumperbot_ws/install/bumperbot_msgs/lib:${LD_LIBRARY_PATH} PYTHONPATH=/home/mhdns/bumperbot_ws/build/bumperbot_py_examples/prefix_override:/usr/lib/python3/dist-packages/colcon_core/task/python/colcon_distutils_commands:/home/mhdns/bumperbot_ws/install/bumperbot_py_examples/lib/python3.10/site-packages:/home/mhdns/bumperbot_ws/install/bumperbot_msgs/local/lib/python3.10/dist-packages:${PYTHONPATH} /usr/bin/python3 -W ignore:setup.py install is deprecated setup.py egg_info --egg-base ../../build/bumperbot_py_examples build --build-base /home/mhdns/bumperbot_ws/build/bumperbot_py_examples/build install --record /home/mhdns/bumperbot_ws/build/bumperbot_py_examples/install.log --single-version-externally-managed install_data
[0.720s] running egg_info
[0.720s] writing ../../build/bumperbot_py_examples/bumperbot_py_examples.egg-info/PKG-INFO
[0.720s] writing dependency_links to ../../build/bumperbot_py_examples/bumperbot_py_examples.egg-info/dependency_links.txt
[0.720s] writing entry points to ../../build/bumperbot_py_examples/bumperbot_py_examples.egg-info/entry_points.txt
[0.721s] writing requirements to ../../build/bumperbot_py_examples/bumperbot_py_examples.egg-info/requires.txt
[0.721s] writing top-level names to ../../build/bumperbot_py_examples/bumperbot_py_examples.egg-info/top_level.txt
[0.722s] reading manifest file '../../build/bumperbot_py_examples/bumperbot_py_examples.egg-info/SOURCES.txt'
[0.723s] writing manifest file '../../build/bumperbot_py_examples/bumperbot_py_examples.egg-info/SOURCES.txt'
[0.723s] running build
[0.723s] running build_py
[0.723s] copying bumperbot_py_examples/simple_tf_kinematics.py -> /home/mhdns/bumperbot_ws/build/bumperbot_py_examples/build/lib/bumperbot_py_examples
[0.723s] running install
[0.724s] running install_lib
[0.724s] copying /home/mhdns/bumperbot_ws/build/bumperbot_py_examples/build/lib/bumperbot_py_examples/simple_tf_kinematics.py -> /home/mhdns/bumperbot_ws/install/bumperbot_py_examples/lib/python3.10/site-packages/bumperbot_py_examples
[0.725s] byte-compiling /home/mhdns/bumperbot_ws/install/bumperbot_py_examples/lib/python3.10/site-packages/bumperbot_py_examples/simple_tf_kinematics.py to simple_tf_kinematics.cpython-310.pyc
[0.726s] running install_data
[0.726s] running install_egg_info
[0.727s] removing '/home/mhdns/bumperbot_ws/install/bumperbot_py_examples/lib/python3.10/site-packages/bumperbot_py_examples-0.0.0-py3.10.egg-info' (and everything under it)
[0.727s] Copying ../../build/bumperbot_py_examples/bumperbot_py_examples.egg-info to /home/mhdns/bumperbot_ws/install/bumperbot_py_examples/lib/python3.10/site-packages/bumperbot_py_examples-0.0.0-py3.10.egg-info
[0.728s] running install_scripts
[0.741s] Installing simple_parameter script to /home/mhdns/bumperbot_ws/install/bumperbot_py_examples/lib/bumperbot_py_examples
[0.742s] Installing simple_publisher script to /home/mhdns/bumperbot_ws/install/bumperbot_py_examples/lib/bumperbot_py_examples
[0.742s] Installing simple_service_client script to /home/mhdns/bumperbot_ws/install/bumperbot_py_examples/lib/bumperbot_py_examples
[0.742s] Installing simple_service_server script to /home/mhdns/bumperbot_ws/install/bumperbot_py_examples/lib/bumperbot_py_examples
[0.742s] Installing simple_subscriber script to /home/mhdns/bumperbot_ws/install/bumperbot_py_examples/lib/bumperbot_py_examples
[0.743s] Installing simple_tf_kinematics script to /home/mhdns/bumperbot_ws/install/bumperbot_py_examples/lib/bumperbot_py_examples
[0.743s] Installing simple_turtlesim_kinematics script to /home/mhdns/bumperbot_ws/install/bumperbot_py_examples/lib/bumperbot_py_examples
[0.743s] writing list of installed files to '/home/mhdns/bumperbot_ws/build/bumperbot_py_examples/install.log'
[0.758s] Invoked command in '/home/mhdns/bumperbot_ws/src/bumperbot_py_examples' returned '0': AMENT_PREFIX_PATH=/home/mhdns/bumperbot_ws/install/bumperbot_msgs:${AMENT_PREFIX_PATH} CMAKE_PREFIX_PATH=/home/mhdns/bumperbot_ws/install/bumperbot_msgs:${CMAKE_PREFIX_PATH} LD_LIBRARY_PATH=/home/mhdns/bumperbot_ws/install/bumperbot_msgs/lib:${LD_LIBRARY_PATH} PYTHONPATH=/home/mhdns/bumperbot_ws/build/bumperbot_py_examples/prefix_override:/usr/lib/python3/dist-packages/colcon_core/task/python/colcon_distutils_commands:/home/mhdns/bumperbot_ws/install/bumperbot_py_examples/lib/python3.10/site-packages:/home/mhdns/bumperbot_ws/install/bumperbot_msgs/local/lib/python3.10/dist-packages:${PYTHONPATH} /usr/bin/python3 -W ignore:setup.py install is deprecated setup.py egg_info --egg-base ../../build/bumperbot_py_examples build --build-base /home/mhdns/bumperbot_ws/build/bumperbot_py_examples/build install --record /home/mhdns/bumperbot_ws/build/bumperbot_py_examples/install.log --single-version-externally-managed install_data
