[0.015s] Invoking command in '/home/mhdns/bumperbot_ws/build/bumperbot_localization': /usr/bin/cmake --build /home/mhdns/bumperbot_ws/build/bumperbot_localization -- -j32 -l32
[0.022s] 
[0.027s] [0/2] cd /home/mhdns/bumperbot_ws/build/bumperbot_localization && /usr/bin/cmake -E copy_directory /home/mhdns/bumperbot_ws/src/bumperbot_localization/bumperbot_localization /home/mhdns/bumperbot_ws/build/bumperbot_localization/ament_cmake_python/bumperbot_localization/bumperbot_localization[K
[0.027s] [1/2] cd /home/mhdns/bumperbot_ws/build/bumperbot_localization && /usr/bin/cmake -E copy_directory /home/mhdns/bumperbot_ws/src/bumperbot_localization/bumperbot_localization /home/mhdns/bumperbot_ws/build/bumperbot_localization/ament_cmake_python/bumperbot_localization/bumperbot_localization[K
[0.193s] [1/2] cd /home/mhdns/bumperbot_ws/build/bumperbot_localization/ament_cmake_python/bumperbot_localization && /usr/bin/python3 setup.py egg_info[K
[0.193s] [2/2] cd /home/mhdns/bumperbot_ws/build/bumperbot_localization/ament_cmake_python/bumperbot_localization && /usr/bin/python3 setup.py egg_info[K
[0.193s] running egg_info
[0.193s] writing bumperbot_localization.egg-info/PKG-INFO
[0.193s] writing dependency_links to bumperbot_localization.egg-info/dependency_links.txt
[0.193s] writing top-level names to bumperbot_localization.egg-info/top_level.txt
[0.193s] reading manifest file 'bumperbot_localization.egg-info/SOURCES.txt'
[0.193s] writing manifest file 'bumperbot_localization.egg-info/SOURCES.txt'
[0.218s] Invoked command in '/home/mhdns/bumperbot_ws/build/bumperbot_localization' returned '0': /usr/bin/cmake --build /home/mhdns/bumperbot_ws/build/bumperbot_localization -- -j32 -l32
[0.231s] Invoking command in '/home/mhdns/bumperbot_ws/build/bumperbot_localization': /usr/bin/cmake --install /home/mhdns/bumperbot_ws/build/bumperbot_localization
[0.235s] -- Install configuration: ""
[0.235s] -- Up-to-date: /home/mhdns/bumperbot_ws/install/bumperbot_localization/share/bumperbot_localization/environment/pythonpath.sh
[0.235s] -- Up-to-date: /home/mhdns/bumperbot_ws/install/bumperbot_localization/share/bumperbot_localization/environment/pythonpath.dsv
[0.236s] -- Up-to-date: /home/mhdns/bumperbot_ws/install/bumperbot_localization/local/lib/python3.10/dist-packages/bumperbot_localization-0.0.0-py3.10.egg-info
[0.236s] -- Installing: /home/mhdns/bumperbot_ws/install/bumperbot_localization/local/lib/python3.10/dist-packages/bumperbot_localization-0.0.0-py3.10.egg-info/PKG-INFO
[0.236s] -- Installing: /home/mhdns/bumperbot_ws/install/bumperbot_localization/local/lib/python3.10/dist-packages/bumperbot_localization-0.0.0-py3.10.egg-info/dependency_links.txt
[0.236s] -- Installing: /home/mhdns/bumperbot_ws/install/bumperbot_localization/local/lib/python3.10/dist-packages/bumperbot_localization-0.0.0-py3.10.egg-info/top_level.txt
[0.236s] -- Installing: /home/mhdns/bumperbot_ws/install/bumperbot_localization/local/lib/python3.10/dist-packages/bumperbot_localization-0.0.0-py3.10.egg-info/SOURCES.txt
[0.236s] -- Up-to-date: /home/mhdns/bumperbot_ws/install/bumperbot_localization/local/lib/python3.10/dist-packages/bumperbot_localization
[0.236s] -- Up-to-date: /home/mhdns/bumperbot_ws/install/bumperbot_localization/local/lib/python3.10/dist-packages/bumperbot_localization/__init__.py
[0.237s] -- Installing: /home/mhdns/bumperbot_ws/install/bumperbot_localization/local/lib/python3.10/dist-packages/bumperbot_localization/kalman_filter.py
[0.256s] Listing '/home/mhdns/bumperbot_ws/install/bumperbot_localization/local/lib/python3.10/dist-packages/bumperbot_localization'...
[0.256s] Compiling '/home/mhdns/bumperbot_ws/install/bumperbot_localization/local/lib/python3.10/dist-packages/bumperbot_localization/kalman_filter.py'...
[0.260s] -- Up-to-date: /home/mhdns/bumperbot_ws/install/bumperbot_localization/include/include
[0.260s] -- Up-to-date: /home/mhdns/bumperbot_ws/install/bumperbot_localization/include/include/bumperbot_localization
[0.260s] -- Up-to-date: /home/mhdns/bumperbot_ws/install/bumperbot_localization/include/include/bumperbot_localization/kalman_filter.hpp
[0.260s] -- Up-to-date: /home/mhdns/bumperbot_ws/install/bumperbot_localization/lib/bumperbot_localization/kalman_filter
[0.260s] -- Installing: /home/mhdns/bumperbot_ws/install/bumperbot_localization/lib/bumperbot_localization/kalman_filter.py
[0.260s] -- Up-to-date: /home/mhdns/bumperbot_ws/install/bumperbot_localization/share/ament_index/resource_index/package_run_dependencies/bumperbot_localization
[0.261s] -- Up-to-date: /home/mhdns/bumperbot_ws/install/bumperbot_localization/share/ament_index/resource_index/parent_prefix_path/bumperbot_localization
[0.261s] -- Up-to-date: /home/mhdns/bumperbot_ws/install/bumperbot_localization/share/bumperbot_localization/environment/ament_prefix_path.sh
[0.261s] -- Up-to-date: /home/mhdns/bumperbot_ws/install/bumperbot_localization/share/bumperbot_localization/environment/ament_prefix_path.dsv
[0.261s] -- Up-to-date: /home/mhdns/bumperbot_ws/install/bumperbot_localization/share/bumperbot_localization/environment/path.sh
[0.261s] -- Up-to-date: /home/mhdns/bumperbot_ws/install/bumperbot_localization/share/bumperbot_localization/environment/path.dsv
[0.261s] -- Up-to-date: /home/mhdns/bumperbot_ws/install/bumperbot_localization/share/bumperbot_localization/local_setup.bash
[0.261s] -- Up-to-date: /home/mhdns/bumperbot_ws/install/bumperbot_localization/share/bumperbot_localization/local_setup.sh
[0.261s] -- Up-to-date: /home/mhdns/bumperbot_ws/install/bumperbot_localization/share/bumperbot_localization/local_setup.zsh
[0.261s] -- Up-to-date: /home/mhdns/bumperbot_ws/install/bumperbot_localization/share/bumperbot_localization/local_setup.dsv
[0.261s] -- Installing: /home/mhdns/bumperbot_ws/install/bumperbot_localization/share/bumperbot_localization/package.dsv
[0.261s] -- Up-to-date: /home/mhdns/bumperbot_ws/install/bumperbot_localization/share/ament_index/resource_index/packages/bumperbot_localization
[0.261s] -- Up-to-date: /home/mhdns/bumperbot_ws/install/bumperbot_localization/share/bumperbot_localization/cmake/bumperbot_localizationConfig.cmake
[0.261s] -- Up-to-date: /home/mhdns/bumperbot_ws/install/bumperbot_localization/share/bumperbot_localization/cmake/bumperbot_localizationConfig-version.cmake
[0.261s] -- Up-to-date: /home/mhdns/bumperbot_ws/install/bumperbot_localization/share/bumperbot_localization/package.xml
[0.300s] Invoked command in '/home/mhdns/bumperbot_ws/build/bumperbot_localization' returned '0': /usr/bin/cmake --install /home/mhdns/bumperbot_ws/build/bumperbot_localization
