[0.012s] Invoking command in '/home/mhdns/bumperbot_ws/build/bumperbot_description': /usr/bin/cmake /home/mhdns/bumperbot_ws/src/bumperbot_description -DCMAKE_INSTALL_PREFIX=/home/mhdns/bumperbot_ws/install/bumperbot_description
[0.038s] -- Found ament_cmake: 1.3.9 (/opt/ros/humble/share/ament_cmake/cmake)
[0.137s] -- Found ament_lint_auto: 0.12.11 (/opt/ros/humble/share/ament_lint_auto/cmake)
[0.187s] -- Added test 'flake8' to check Python code syntax and style conventions
[0.188s] -- Added test 'lint_cmake' to check CMake code style
[0.188s] -- Added test 'pep257' to check Python code against some of the docstring style conventions in PEP 257
[0.190s] -- Added test 'xmllint' to check XML markup files
[0.192s] -- Configuring done
[0.195s] -- Generating done
[0.200s] -- Build files have been written to: /home/mhdns/bumperbot_ws/build/bumperbot_description
[0.203s] Invoked command in '/home/mhdns/bumperbot_ws/build/bumperbot_description' returned '0': /usr/bin/cmake /home/mhdns/bumperbot_ws/src/bumperbot_description -DCMAKE_INSTALL_PREFIX=/home/mhdns/bumperbot_ws/install/bumperbot_description
[0.204s] Invoking command in '/home/mhdns/bumperbot_ws/build/bumperbot_description': /usr/bin/cmake --build /home/mhdns/bumperbot_ws/build/bumperbot_description -- -j32 -l32
[0.210s] ninja: no work to do.
[0.212s] Invoked command in '/home/mhdns/bumperbot_ws/build/bumperbot_description' returned '0': /usr/bin/cmake --build /home/mhdns/bumperbot_ws/build/bumperbot_description -- -j32 -l32
[0.225s] Invoking command in '/home/mhdns/bumperbot_ws/build/bumperbot_description': /usr/bin/cmake --install /home/mhdns/bumperbot_ws/build/bumperbot_description
[0.228s] -- Install configuration: ""
[0.228s] -- Up-to-date: /home/mhdns/bumperbot_ws/install/bumperbot_description/share/bumperbot_description/meshes
[0.229s] -- Up-to-date: /home/mhdns/bumperbot_ws/install/bumperbot_description/share/bumperbot_description/meshes/base_link.STL
[0.229s] -- Up-to-date: /home/mhdns/bumperbot_ws/install/bumperbot_description/share/bumperbot_description/meshes/wheel_right_link.STL
[0.229s] -- Up-to-date: /home/mhdns/bumperbot_ws/install/bumperbot_description/share/bumperbot_description/meshes/imu_link.STL
[0.229s] -- Up-to-date: /home/mhdns/bumperbot_ws/install/bumperbot_description/share/bumperbot_description/meshes/wheel_left_link.STL
[0.229s] -- Up-to-date: /home/mhdns/bumperbot_ws/install/bumperbot_description/share/bumperbot_description/meshes/caster_rear_link.STL
[0.229s] -- Up-to-date: /home/mhdns/bumperbot_ws/install/bumperbot_description/share/bumperbot_description/meshes/caster_front_link.STL
[0.229s] -- Up-to-date: /home/mhdns/bumperbot_ws/install/bumperbot_description/share/bumperbot_description/models
[0.229s] -- Up-to-date: /home/mhdns/bumperbot_ws/install/bumperbot_description/share/bumperbot_description/models/sun
[0.230s] -- Up-to-date: /home/mhdns/bumperbot_ws/install/bumperbot_description/share/bumperbot_description/models/sun/model-1_3.sdf:Zone.Identifier
[0.230s] -- Up-to-date: /home/mhdns/bumperbot_ws/install/bumperbot_description/share/bumperbot_description/models/sun/model.sdf:Zone.Identifier
[0.230s] -- Up-to-date: /home/mhdns/bumperbot_ws/install/bumperbot_description/share/bumperbot_description/models/sun/model-1_4.sdf:Zone.Identifier
[0.230s] -- Up-to-date: /home/mhdns/bumperbot_ws/install/bumperbot_description/share/bumperbot_description/models/sun/model-1_4.sdf
[0.230s] -- Up-to-date: /home/mhdns/bumperbot_ws/install/bumperbot_description/share/bumperbot_description/models/sun/model.config:Zone.Identifier
[0.230s] -- Up-to-date: /home/mhdns/bumperbot_ws/install/bumperbot_description/share/bumperbot_description/models/sun/model.config
[0.230s] -- Up-to-date: /home/mhdns/bumperbot_ws/install/bumperbot_description/share/bumperbot_description/models/sun/model-1_3.sdf
[0.230s] -- Up-to-date: /home/mhdns/bumperbot_ws/install/bumperbot_description/share/bumperbot_description/models/sun/model-1_2.sdf
[0.230s] -- Up-to-date: /home/mhdns/bumperbot_ws/install/bumperbot_description/share/bumperbot_description/models/sun/model.sdf
[0.230s] -- Up-to-date: /home/mhdns/bumperbot_ws/install/bumperbot_description/share/bumperbot_description/models/sun/model-1_2.sdf:Zone.Identifier
[0.230s] -- Up-to-date: /home/mhdns/bumperbot_ws/install/bumperbot_description/share/bumperbot_description/models/ground_plane
[0.231s] -- Up-to-date: /home/mhdns/bumperbot_ws/install/bumperbot_description/share/bumperbot_description/models/ground_plane/model-1_3.sdf:Zone.Identifier
[0.231s] -- Up-to-date: /home/mhdns/bumperbot_ws/install/bumperbot_description/share/bumperbot_description/models/ground_plane/model.sdf:Zone.Identifier
[0.231s] -- Up-to-date: /home/mhdns/bumperbot_ws/install/bumperbot_description/share/bumperbot_description/models/ground_plane/model-1_4.sdf:Zone.Identifier
[0.231s] -- Up-to-date: /home/mhdns/bumperbot_ws/install/bumperbot_description/share/bumperbot_description/models/ground_plane/model-1_4.sdf
[0.231s] -- Up-to-date: /home/mhdns/bumperbot_ws/install/bumperbot_description/share/bumperbot_description/models/ground_plane/model.config:Zone.Identifier
[0.231s] -- Up-to-date: /home/mhdns/bumperbot_ws/install/bumperbot_description/share/bumperbot_description/models/ground_plane/model.config
[0.231s] -- Up-to-date: /home/mhdns/bumperbot_ws/install/bumperbot_description/share/bumperbot_description/models/ground_plane/model-1_3.sdf
[0.232s] -- Up-to-date: /home/mhdns/bumperbot_ws/install/bumperbot_description/share/bumperbot_description/models/ground_plane/model-1_2.sdf
[0.232s] -- Up-to-date: /home/mhdns/bumperbot_ws/install/bumperbot_description/share/bumperbot_description/models/ground_plane/model.sdf
[0.232s] -- Up-to-date: /home/mhdns/bumperbot_ws/install/bumperbot_description/share/bumperbot_description/models/ground_plane/model-1_2.sdf:Zone.Identifier
[0.232s] -- Up-to-date: /home/mhdns/bumperbot_ws/install/bumperbot_description/share/bumperbot_description/urdf
[0.232s] -- Up-to-date: /home/mhdns/bumperbot_ws/install/bumperbot_description/share/bumperbot_description/urdf/bumperbot_ros2_control.xacro
[0.232s] -- Up-to-date: /home/mhdns/bumperbot_ws/install/bumperbot_description/share/bumperbot_description/urdf/bumperbot_gazebo.xacro
[0.232s] -- Up-to-date: /home/mhdns/bumperbot_ws/install/bumperbot_description/share/bumperbot_description/urdf/bumperbot.urdf.xacro
[0.232s] -- Up-to-date: /home/mhdns/bumperbot_ws/install/bumperbot_description/share/bumperbot_description/launch
[0.232s] -- Up-to-date: /home/mhdns/bumperbot_ws/install/bumperbot_description/share/bumperbot_description/launch/gazebo.launch.py
[0.233s] -- Up-to-date: /home/mhdns/bumperbot_ws/install/bumperbot_description/share/bumperbot_description/launch/display.launch.py
[0.233s] -- Up-to-date: /home/mhdns/bumperbot_ws/install/bumperbot_description/share/ament_index/resource_index/package_run_dependencies/bumperbot_description
[0.233s] -- Up-to-date: /home/mhdns/bumperbot_ws/install/bumperbot_description/share/ament_index/resource_index/parent_prefix_path/bumperbot_description
[0.233s] -- Up-to-date: /home/mhdns/bumperbot_ws/install/bumperbot_description/share/bumperbot_description/environment/ament_prefix_path.sh
[0.233s] -- Installing: /home/mhdns/bumperbot_ws/install/bumperbot_description/share/bumperbot_description/environment/ament_prefix_path.dsv
[0.234s] -- Up-to-date: /home/mhdns/bumperbot_ws/install/bumperbot_description/share/bumperbot_description/environment/path.sh
[0.234s] -- Installing: /home/mhdns/bumperbot_ws/install/bumperbot_description/share/bumperbot_description/environment/path.dsv
[0.234s] -- Up-to-date: /home/mhdns/bumperbot_ws/install/bumperbot_description/share/bumperbot_description/local_setup.bash
[0.234s] -- Up-to-date: /home/mhdns/bumperbot_ws/install/bumperbot_description/share/bumperbot_description/local_setup.sh
[0.234s] -- Up-to-date: /home/mhdns/bumperbot_ws/install/bumperbot_description/share/bumperbot_description/local_setup.zsh
[0.234s] -- Installing: /home/mhdns/bumperbot_ws/install/bumperbot_description/share/bumperbot_description/local_setup.dsv
[0.234s] -- Installing: /home/mhdns/bumperbot_ws/install/bumperbot_description/share/bumperbot_description/package.dsv
[0.234s] -- Up-to-date: /home/mhdns/bumperbot_ws/install/bumperbot_description/share/ament_index/resource_index/packages/bumperbot_description
[0.235s] -- Up-to-date: /home/mhdns/bumperbot_ws/install/bumperbot_description/share/bumperbot_description/cmake/bumperbot_descriptionConfig.cmake
[0.235s] -- Up-to-date: /home/mhdns/bumperbot_ws/install/bumperbot_description/share/bumperbot_description/cmake/bumperbot_descriptionConfig-version.cmake
[0.235s] -- Up-to-date: /home/mhdns/bumperbot_ws/install/bumperbot_description/share/bumperbot_description/package.xml
[0.235s] Invoked command in '/home/mhdns/bumperbot_ws/build/bumperbot_description' returned '0': /usr/bin/cmake --install /home/mhdns/bumperbot_ws/build/bumperbot_description
