[0.012s] Invoking command in '/home/mhdns/bumperbot_ws/build/bumperbot_controller': /usr/bin/cmake /home/mhdns/bumperbot_ws/src/bumperbot_controller -DCMAKE_EXPORT_COMPILE_COMMANDS=ON -DCMAKE_INSTALL_PREFIX=/home/mhdns/bumperbot_ws/install/bumperbot_controller
[0.042s] -- Found ament_cmake: 1.3.9 (/opt/ros/humble/share/ament_cmake/cmake)
[0.140s] -- Found rclpy: 3.3.13 (/opt/ros/humble/share/rclpy/cmake)
[0.140s] -- Found std_msgs: 4.2.4 (/opt/ros/humble/share/std_msgs/cmake)
[0.223s] -- Found rosidl_generator_c: 3.1.5 (/opt/ros/humble/share/rosidl_generator_c/cmake)
[0.227s] -- Found rosidl_adapter: 3.1.5 (/opt/ros/humble/share/rosidl_adapter/cmake)
[0.236s] -- Found rosidl_generator_cpp: 3.1.5 (/opt/ros/humble/share/rosidl_generator_cpp/cmake)
[0.247s] -- Using all available rosidl_typesupport_c: rosidl_typesupport_fastrtps_c;rosidl_typesupport_introspection_c
[0.263s] -- Using all available rosidl_typesupport_cpp: rosidl_typesupport_fastrtps_cpp;rosidl_typesupport_introspection_cpp
[0.305s] -- Found geometry_msgs: 4.2.4 (/opt/ros/humble/share/geometry_msgs/cmake)
[0.337s] -- Found rclcpp: 16.0.9 (/opt/ros/humble/share/rclcpp/cmake)
[0.385s] -- Found rmw_implementation_cmake: 6.1.2 (/opt/ros/humble/share/rmw_implementation_cmake/cmake)
[0.387s] -- Found rmw_fastrtps_cpp: 6.2.6 (/opt/ros/humble/share/rmw_fastrtps_cpp/cmake)
[3.020s] -- Using RMW implementation 'rmw_fastrtps_cpp' as default
[3.125s] -- Found sensor_msgs: 4.2.4 (/opt/ros/humble/share/sensor_msgs/cmake)
[3.179s] -- Found nav_msgs: 4.2.4 (/opt/ros/humble/share/nav_msgs/cmake)
[3.232s] -- Found tf2: 0.25.7 (/opt/ros/humble/share/tf2/cmake)
[3.240s] -- Found tf2_ros: 0.25.7 (/opt/ros/humble/share/tf2_ros/cmake)
[3.513s] -- Found ament_lint_auto: 0.12.11 (/opt/ros/humble/share/ament_lint_auto/cmake)
[3.553s] -- Added test 'cppcheck' to perform static code analysis on C / C++ code
[3.554s] -- Configured cppcheck include dirs: /home/mhdns/bumperbot_ws/src/bumperbot_controller/include
[3.554s] -- Configured cppcheck exclude dirs and/or files: 
[3.554s] -- Added test 'flake8' to check Python code syntax and style conventions
[3.554s] -- Added test 'lint_cmake' to check CMake code style
[3.555s] -- Added test 'pep257' to check Python code against some of the docstring style conventions in PEP 257
[3.556s] -- Added test 'uncrustify' to check C / C++ code style
[3.556s] -- Configured uncrustify additional arguments: 
[3.556s] -- Added test 'xmllint' to check XML markup files
[3.556s] -- Configuring done
[3.568s] -- Generating done
[3.578s] -- Build files have been written to: /home/mhdns/bumperbot_ws/build/bumperbot_controller
