[0.015s] Invoking command in '/home/mhdns/bumperbot_ws/build/bumperbot_controller': /usr/bin/cmake --build /home/mhdns/bumperbot_ws/build/bumperbot_controller -- -j32 -l32
[0.045s] 
[0.051s] [0/2] cd /home/mhdns/bumperbot_ws/build/bumperbot_controller && /usr/bin/cmake -E copy_directory /home/mhdns/bumperbot_ws/src/bumperbot_controller/bumperbot_controller /home/mhdns/bumperbot_ws/build/bumperbot_controller/ament_cmake_python/bumperbot_controller/bumperbot_controller[K
[0.051s] [1/2] cd /home/mhdns/bumperbot_ws/build/bumperbot_controller && /usr/bin/cmake -E copy_directory /home/mhdns/bumperbot_ws/src/bumperbot_controller/bumperbot_controller /home/mhdns/bumperbot_ws/build/bumperbot_controller/ament_cmake_python/bumperbot_controller/bumperbot_controller[K
[0.207s] [1/2] cd /home/mhdns/bumperbot_ws/build/bumperbot_controller/ament_cmake_python/bumperbot_controller && /usr/bin/python3 setup.py egg_info[K
[0.207s] [2/2] cd /home/mhdns/bumperbot_ws/build/bumperbot_controller/ament_cmake_python/bumperbot_controller && /usr/bin/python3 setup.py egg_info[K
[0.207s] running egg_info
[0.207s] writing bumperbot_controller.egg-info/PKG-INFO
[0.207s] writing dependency_links to bumperbot_controller.egg-info/dependency_links.txt
[0.207s] writing top-level names to bumperbot_controller.egg-info/top_level.txt
[0.207s] reading manifest file 'bumperbot_controller.egg-info/SOURCES.txt'
[0.207s] writing manifest file 'bumperbot_controller.egg-info/SOURCES.txt'
[0.210s] Invoked command in '/home/mhdns/bumperbot_ws/build/bumperbot_controller' returned '0': /usr/bin/cmake --build /home/mhdns/bumperbot_ws/build/bumperbot_controller -- -j32 -l32
[0.223s] Invoking command in '/home/mhdns/bumperbot_ws/build/bumperbot_controller': /usr/bin/cmake --install /home/mhdns/bumperbot_ws/build/bumperbot_controller
[0.227s] -- Install configuration: ""
[0.227s] -- Up-to-date: /home/mhdns/bumperbot_ws/install/bumperbot_controller/share/bumperbot_controller/environment/pythonpath.sh
[0.227s] -- Up-to-date: /home/mhdns/bumperbot_ws/install/bumperbot_controller/share/bumperbot_controller/environment/pythonpath.dsv
[0.227s] -- Up-to-date: /home/mhdns/bumperbot_ws/install/bumperbot_controller/local/lib/python3.10/dist-packages/bumperbot_controller-0.0.0-py3.10.egg-info
[0.228s] -- Installing: /home/mhdns/bumperbot_ws/install/bumperbot_controller/local/lib/python3.10/dist-packages/bumperbot_controller-0.0.0-py3.10.egg-info/PKG-INFO
[0.228s] -- Installing: /home/mhdns/bumperbot_ws/install/bumperbot_controller/local/lib/python3.10/dist-packages/bumperbot_controller-0.0.0-py3.10.egg-info/dependency_links.txt
[0.228s] -- Installing: /home/mhdns/bumperbot_ws/install/bumperbot_controller/local/lib/python3.10/dist-packages/bumperbot_controller-0.0.0-py3.10.egg-info/top_level.txt
[0.228s] -- Installing: /home/mhdns/bumperbot_ws/install/bumperbot_controller/local/lib/python3.10/dist-packages/bumperbot_controller-0.0.0-py3.10.egg-info/SOURCES.txt
[0.229s] -- Up-to-date: /home/mhdns/bumperbot_ws/install/bumperbot_controller/local/lib/python3.10/dist-packages/bumperbot_controller
[0.229s] -- Up-to-date: /home/mhdns/bumperbot_ws/install/bumperbot_controller/local/lib/python3.10/dist-packages/bumperbot_controller/simple_controller.py
[0.229s] -- Up-to-date: /home/mhdns/bumperbot_ws/install/bumperbot_controller/local/lib/python3.10/dist-packages/bumperbot_controller/__init__.py
[0.248s] Listing '/home/mhdns/bumperbot_ws/install/bumperbot_controller/local/lib/python3.10/dist-packages/bumperbot_controller'...
[0.252s] -- Up-to-date: /home/mhdns/bumperbot_ws/install/bumperbot_controller/lib/bumperbot_controller/simple_controller
[0.253s] -- Up-to-date: /home/mhdns/bumperbot_ws/install/bumperbot_controller/share/bumperbot_controller/include
[0.253s] -- Up-to-date: /home/mhdns/bumperbot_ws/install/bumperbot_controller/share/bumperbot_controller/include/bumperbot_controller
[0.253s] -- Up-to-date: /home/mhdns/bumperbot_ws/install/bumperbot_controller/share/bumperbot_controller/include/bumperbot_controller/simple_controller.hpp
[0.253s] -- Up-to-date: /home/mhdns/bumperbot_ws/install/bumperbot_controller/lib/bumperbot_controller/simple_controller.py
[0.253s] -- Up-to-date: /home/mhdns/bumperbot_ws/install/bumperbot_controller/share/bumperbot_controller/config
[0.253s] -- Up-to-date: /home/mhdns/bumperbot_ws/install/bumperbot_controller/share/bumperbot_controller/config/bumperbot_controllers.yaml
[0.253s] -- Up-to-date: /home/mhdns/bumperbot_ws/install/bumperbot_controller/share/bumperbot_controller/config/joy_config.yaml
[0.253s] -- Up-to-date: /home/mhdns/bumperbot_ws/install/bumperbot_controller/share/bumperbot_controller/config/joy_teleop.yaml
[0.253s] -- Up-to-date: /home/mhdns/bumperbot_ws/install/bumperbot_controller/share/bumperbot_controller/launch
[0.254s] -- Up-to-date: /home/mhdns/bumperbot_ws/install/bumperbot_controller/share/bumperbot_controller/launch/joystick_teleop.launch.py
[0.254s] -- Up-to-date: /home/mhdns/bumperbot_ws/install/bumperbot_controller/share/bumperbot_controller/launch/controller.launch.py
[0.254s] -- Up-to-date: /home/mhdns/bumperbot_ws/install/bumperbot_controller/share/ament_index/resource_index/package_run_dependencies/bumperbot_controller
[0.254s] -- Up-to-date: /home/mhdns/bumperbot_ws/install/bumperbot_controller/share/ament_index/resource_index/parent_prefix_path/bumperbot_controller
[0.254s] -- Up-to-date: /home/mhdns/bumperbot_ws/install/bumperbot_controller/share/bumperbot_controller/environment/ament_prefix_path.sh
[0.254s] -- Up-to-date: /home/mhdns/bumperbot_ws/install/bumperbot_controller/share/bumperbot_controller/environment/ament_prefix_path.dsv
[0.254s] -- Up-to-date: /home/mhdns/bumperbot_ws/install/bumperbot_controller/share/bumperbot_controller/environment/path.sh
[0.254s] -- Up-to-date: /home/mhdns/bumperbot_ws/install/bumperbot_controller/share/bumperbot_controller/environment/path.dsv
[0.254s] -- Up-to-date: /home/mhdns/bumperbot_ws/install/bumperbot_controller/share/bumperbot_controller/local_setup.bash
[0.254s] -- Up-to-date: /home/mhdns/bumperbot_ws/install/bumperbot_controller/share/bumperbot_controller/local_setup.sh
[0.254s] -- Up-to-date: /home/mhdns/bumperbot_ws/install/bumperbot_controller/share/bumperbot_controller/local_setup.zsh
[0.254s] -- Up-to-date: /home/mhdns/bumperbot_ws/install/bumperbot_controller/share/bumperbot_controller/local_setup.dsv
[0.254s] -- Installing: /home/mhdns/bumperbot_ws/install/bumperbot_controller/share/bumperbot_controller/package.dsv
[0.255s] -- Up-to-date: /home/mhdns/bumperbot_ws/install/bumperbot_controller/share/ament_index/resource_index/packages/bumperbot_controller
[0.255s] -- Up-to-date: /home/mhdns/bumperbot_ws/install/bumperbot_controller/share/bumperbot_controller/cmake/bumperbot_controllerConfig.cmake
[0.255s] -- Up-to-date: /home/mhdns/bumperbot_ws/install/bumperbot_controller/share/bumperbot_controller/cmake/bumperbot_controllerConfig-version.cmake
[0.255s] -- Up-to-date: /home/mhdns/bumperbot_ws/install/bumperbot_controller/share/bumperbot_controller/package.xml
[0.256s] Invoked command in '/home/mhdns/bumperbot_ws/build/bumperbot_controller' returned '0': /usr/bin/cmake --install /home/mhdns/bumperbot_ws/build/bumperbot_controller
