[0.199s] DEBUG:colcon:Command line arguments: ['/usr/bin/colcon', 'build']
[0.199s] DEBUG:colcon:Parsed command line arguments: Namespace(log_base=None, log_level=None, verb_name='build', build_base='build', install_base='install', merge_install=False, symlink_install=False, test_result_base=None, continue_on_error=False, executor='parallel', parallel_workers=32, event_handlers=None, ignore_user_meta=False, metas=['./colcon.meta'], base_paths=['.'], packages_ignore=None, packages_ignore_regex=None, paths=None, packages_up_to=None, packages_up_to_regex=None, packages_above=None, packages_above_and_dependencies=None, packages_above_depth=None, packages_select_by_dep=None, packages_skip_by_dep=None, packages_skip_up_to=None, packages_select_build_failed=False, packages_skip_build_finished=False, packages_select_test_failures=False, packages_skip_test_passed=False, packages_select=None, packages_skip=None, packages_select_regex=None, packages_skip_regex=None, packages_start=None, packages_end=None, allow_overriding=[], cmake_args=None, cmake_target=None, cmake_target_skip_unavailable=False, cmake_clean_cache=False, cmake_clean_first=False, cmake_force_configure=False, ament_cmake_args=None, catkin_cmake_args=None, catkin_skip_building_tests=False, mixin_files=None, mixin=None, verb_parser=<colcon_mixin.mixin.mixin_argument.MixinArgumentDecorator object at 0x7faa8ac91d50>, verb_extension=<colcon_core.verb.build.BuildVerb object at 0x7faa8ac917e0>, main=<bound method BuildVerb.main of <colcon_core.verb.build.BuildVerb object at 0x7faa8ac917e0>>, mixin_verb=('build',))
[0.429s] Level 1:colcon.colcon_core.package_discovery:discover_packages(colcon_meta) check parameters
[0.430s] Level 1:colcon.colcon_core.package_discovery:discover_packages(recursive) check parameters
[0.430s] Level 1:colcon.colcon_core.package_discovery:discover_packages(ignore) check parameters
[0.430s] Level 1:colcon.colcon_core.package_discovery:discover_packages(path) check parameters
[0.430s] Level 1:colcon.colcon_core.package_discovery:discover_packages(colcon_meta) discover
[0.430s] Level 1:colcon.colcon_core.package_discovery:discover_packages(recursive) discover
[0.430s] INFO:colcon.colcon_core.package_discovery:Crawling recursively for packages in '/home/mhdns/bumperbot_ws/src/bumperbot_msgs'
[0.430s] Level 1:colcon.colcon_core.package_identification:_identify(.) by extensions ['ignore', 'ignore_ament_install']
[0.430s] Level 1:colcon.colcon_core.package_identification:_identify(.) by extension 'ignore'
[0.430s] Level 1:colcon.colcon_core.package_identification:_identify(.) by extension 'ignore_ament_install'
[0.430s] Level 1:colcon.colcon_core.package_identification:_identify(.) by extensions ['colcon_pkg']
[0.430s] Level 1:colcon.colcon_core.package_identification:_identify(.) by extension 'colcon_pkg'
[0.430s] Level 1:colcon.colcon_core.package_identification:_identify(.) by extensions ['colcon_meta']
[0.430s] Level 1:colcon.colcon_core.package_identification:_identify(.) by extension 'colcon_meta'
[0.430s] Level 1:colcon.colcon_core.package_identification:_identify(.) by extensions ['ros']
[0.430s] Level 1:colcon.colcon_core.package_identification:_identify(.) by extension 'ros'
[0.441s] DEBUG:colcon.colcon_core.package_identification:Package '.' with type 'ros.ament_cmake' and name 'bumperbot_msgs'
[0.441s] Level 1:colcon.colcon_core.package_discovery:discover_packages(recursive) using defaults
[0.441s] Level 1:colcon.colcon_core.package_discovery:discover_packages(ignore) discover
[0.441s] Level 1:colcon.colcon_core.package_discovery:discover_packages(ignore) using defaults
[0.441s] Level 1:colcon.colcon_core.package_discovery:discover_packages(path) discover
[0.441s] Level 1:colcon.colcon_core.package_discovery:discover_packages(path) using defaults
[0.462s] Level 1:colcon.colcon_core.package_discovery:discover_packages(prefix_path) check parameters
[0.462s] Level 1:colcon.colcon_core.package_discovery:discover_packages(prefix_path) discover
[0.465s] DEBUG:colcon.colcon_installed_package_information.package_discovery:Found 329 installed packages in /opt/ros/humble
[0.466s] Level 1:colcon.colcon_core.package_discovery:discover_packages(prefix_path) using defaults
[0.500s] Level 5:colcon.colcon_core.verb:set package 'bumperbot_msgs' build argument 'cmake_args' from command line to 'None'
[0.500s] Level 5:colcon.colcon_core.verb:set package 'bumperbot_msgs' build argument 'cmake_target' from command line to 'None'
[0.500s] Level 5:colcon.colcon_core.verb:set package 'bumperbot_msgs' build argument 'cmake_target_skip_unavailable' from command line to 'False'
[0.500s] Level 5:colcon.colcon_core.verb:set package 'bumperbot_msgs' build argument 'cmake_clean_cache' from command line to 'False'
[0.500s] Level 5:colcon.colcon_core.verb:set package 'bumperbot_msgs' build argument 'cmake_clean_first' from command line to 'False'
[0.500s] Level 5:colcon.colcon_core.verb:set package 'bumperbot_msgs' build argument 'cmake_force_configure' from command line to 'False'
[0.500s] Level 5:colcon.colcon_core.verb:set package 'bumperbot_msgs' build argument 'ament_cmake_args' from command line to 'None'
[0.500s] Level 5:colcon.colcon_core.verb:set package 'bumperbot_msgs' build argument 'catkin_cmake_args' from command line to 'None'
[0.500s] Level 5:colcon.colcon_core.verb:set package 'bumperbot_msgs' build argument 'catkin_skip_building_tests' from command line to 'False'
[0.500s] DEBUG:colcon.colcon_core.verb:Building package 'bumperbot_msgs' with the following arguments: {'ament_cmake_args': None, 'build_base': '/home/mhdns/bumperbot_ws/src/bumperbot_msgs/build/bumperbot_msgs', 'catkin_cmake_args': None, 'catkin_skip_building_tests': False, 'cmake_args': None, 'cmake_clean_cache': False, 'cmake_clean_first': False, 'cmake_force_configure': False, 'cmake_target': None, 'cmake_target_skip_unavailable': False, 'install_base': '/home/mhdns/bumperbot_ws/src/bumperbot_msgs/install/bumperbot_msgs', 'merge_install': False, 'path': '/home/mhdns/bumperbot_ws/src/bumperbot_msgs', 'symlink_install': False, 'test_result_base': None}
[0.500s] INFO:colcon.colcon_core.executor:Executing jobs using 'parallel' executor
[0.501s] DEBUG:colcon.colcon_parallel_executor.executor.parallel:run_until_complete
[0.501s] INFO:colcon.colcon_ros.task.ament_cmake.build:Building ROS package in '/home/mhdns/bumperbot_ws/src/bumperbot_msgs' with build type 'ament_cmake'
[0.501s] INFO:colcon.colcon_cmake.task.cmake.build:Building CMake package in '/home/mhdns/bumperbot_ws/src/bumperbot_msgs'
[0.505s] INFO:colcon.colcon_core.plugin_system:Skipping extension 'colcon_core.shell.bat': Not used on non-Windows systems
[0.505s] INFO:colcon.colcon_core.shell:Skip shell extension 'powershell' for command environment: Not usable outside of PowerShell
[0.505s] DEBUG:colcon.colcon_core.shell:Skip shell extension 'dsv' for command environment
[0.511s] DEBUG:colcon.colcon_core.event_handler.log_command:Invoking command in '/home/mhdns/bumperbot_ws/src/bumperbot_msgs/build/bumperbot_msgs': /usr/bin/cmake /home/mhdns/bumperbot_ws/src/bumperbot_msgs -DCMAKE_INSTALL_PREFIX=/home/mhdns/bumperbot_ws/src/bumperbot_msgs/install/bumperbot_msgs
[2.608s] DEBUG:colcon.colcon_core.event_handler.log_command:Invoked command in '/home/mhdns/bumperbot_ws/src/bumperbot_msgs/build/bumperbot_msgs' returned '0': /usr/bin/cmake /home/mhdns/bumperbot_ws/src/bumperbot_msgs -DCMAKE_INSTALL_PREFIX=/home/mhdns/bumperbot_ws/src/bumperbot_msgs/install/bumperbot_msgs
[2.609s] DEBUG:colcon.colcon_core.event_handler.log_command:Invoking command in '/home/mhdns/bumperbot_ws/src/bumperbot_msgs/build/bumperbot_msgs': /usr/bin/cmake --build /home/mhdns/bumperbot_ws/src/bumperbot_msgs/build/bumperbot_msgs -- -j32 -l32
[3.954s] DEBUG:colcon.colcon_core.event_handler.log_command:Invoked command in '/home/mhdns/bumperbot_ws/src/bumperbot_msgs/build/bumperbot_msgs' returned '0': /usr/bin/cmake --build /home/mhdns/bumperbot_ws/src/bumperbot_msgs/build/bumperbot_msgs -- -j32 -l32
[3.973s] DEBUG:colcon.colcon_core.event_handler.log_command:Invoking command in '/home/mhdns/bumperbot_ws/src/bumperbot_msgs/build/bumperbot_msgs': /usr/bin/cmake --install /home/mhdns/bumperbot_ws/src/bumperbot_msgs/build/bumperbot_msgs
[4.025s] Level 1:colcon.colcon_core.environment:create_environment_scripts_only(bumperbot_msgs)
[4.026s] DEBUG:colcon.colcon_core.event_handler.log_command:Invoked command in '/home/mhdns/bumperbot_ws/src/bumperbot_msgs/build/bumperbot_msgs' returned '0': /usr/bin/cmake --install /home/mhdns/bumperbot_ws/src/bumperbot_msgs/build/bumperbot_msgs
[4.031s] Level 1:colcon.colcon_core.environment:checking '/home/mhdns/bumperbot_ws/src/bumperbot_msgs/install/bumperbot_msgs' for CMake module files
[4.031s] Level 1:colcon.colcon_core.environment:checking '/home/mhdns/bumperbot_ws/src/bumperbot_msgs/install/bumperbot_msgs' for CMake config files
[4.031s] Level 1:colcon.colcon_core.shell:create_environment_hook('bumperbot_msgs', 'cmake_prefix_path')
[4.032s] INFO:colcon.colcon_core.shell:Creating environment hook '/home/mhdns/bumperbot_ws/src/bumperbot_msgs/install/bumperbot_msgs/share/bumperbot_msgs/hook/cmake_prefix_path.ps1'
[4.032s] INFO:colcon.colcon_core.shell:Creating environment descriptor '/home/mhdns/bumperbot_ws/src/bumperbot_msgs/install/bumperbot_msgs/share/bumperbot_msgs/hook/cmake_prefix_path.dsv'
[4.033s] INFO:colcon.colcon_core.shell:Creating environment hook '/home/mhdns/bumperbot_ws/src/bumperbot_msgs/install/bumperbot_msgs/share/bumperbot_msgs/hook/cmake_prefix_path.sh'
[4.034s] Level 1:colcon.colcon_core.environment:checking '/home/mhdns/bumperbot_ws/src/bumperbot_msgs/install/bumperbot_msgs/lib'
[4.034s] Level 1:colcon.colcon_core.shell:create_environment_hook('bumperbot_msgs', 'ld_library_path_lib')
[4.034s] INFO:colcon.colcon_core.shell:Creating environment hook '/home/mhdns/bumperbot_ws/src/bumperbot_msgs/install/bumperbot_msgs/share/bumperbot_msgs/hook/ld_library_path_lib.ps1'
[4.034s] INFO:colcon.colcon_core.shell:Creating environment descriptor '/home/mhdns/bumperbot_ws/src/bumperbot_msgs/install/bumperbot_msgs/share/bumperbot_msgs/hook/ld_library_path_lib.dsv'
[4.035s] INFO:colcon.colcon_core.shell:Creating environment hook '/home/mhdns/bumperbot_ws/src/bumperbot_msgs/install/bumperbot_msgs/share/bumperbot_msgs/hook/ld_library_path_lib.sh'
[4.035s] Level 1:colcon.colcon_core.environment:checking '/home/mhdns/bumperbot_ws/src/bumperbot_msgs/install/bumperbot_msgs/bin'
[4.035s] Level 1:colcon.colcon_core.environment:checking '/home/mhdns/bumperbot_ws/src/bumperbot_msgs/install/bumperbot_msgs/lib/pkgconfig/bumperbot_msgs.pc'
[4.035s] Level 1:colcon.colcon_core.environment:checking '/home/mhdns/bumperbot_ws/src/bumperbot_msgs/install/bumperbot_msgs/lib/python3.10/site-packages'
[4.035s] Level 1:colcon.colcon_core.environment:checking '/home/mhdns/bumperbot_ws/src/bumperbot_msgs/install/bumperbot_msgs/bin'
[4.035s] INFO:colcon.colcon_core.shell:Creating package script '/home/mhdns/bumperbot_ws/src/bumperbot_msgs/install/bumperbot_msgs/share/bumperbot_msgs/package.ps1'
[4.036s] INFO:colcon.colcon_core.shell:Creating package descriptor '/home/mhdns/bumperbot_ws/src/bumperbot_msgs/install/bumperbot_msgs/share/bumperbot_msgs/package.dsv'
[4.037s] INFO:colcon.colcon_core.shell:Creating package script '/home/mhdns/bumperbot_ws/src/bumperbot_msgs/install/bumperbot_msgs/share/bumperbot_msgs/package.sh'
[4.037s] INFO:colcon.colcon_core.shell:Creating package script '/home/mhdns/bumperbot_ws/src/bumperbot_msgs/install/bumperbot_msgs/share/bumperbot_msgs/package.bash'
[4.038s] INFO:colcon.colcon_core.shell:Creating package script '/home/mhdns/bumperbot_ws/src/bumperbot_msgs/install/bumperbot_msgs/share/bumperbot_msgs/package.zsh'
[4.038s] Level 1:colcon.colcon_core.environment:create_file_with_runtime_dependencies(/home/mhdns/bumperbot_ws/src/bumperbot_msgs/install/bumperbot_msgs/share/colcon-core/packages/bumperbot_msgs)
[4.051s] Level 1:colcon.colcon_core.environment:create_environment_scripts_only(bumperbot_msgs)
[4.051s] Level 1:colcon.colcon_core.environment:checking '/home/mhdns/bumperbot_ws/src/bumperbot_msgs/install/bumperbot_msgs' for CMake module files
[4.051s] Level 1:colcon.colcon_core.environment:checking '/home/mhdns/bumperbot_ws/src/bumperbot_msgs/install/bumperbot_msgs' for CMake config files
[4.052s] Level 1:colcon.colcon_core.shell:create_environment_hook('bumperbot_msgs', 'cmake_prefix_path')
[4.052s] INFO:colcon.colcon_core.shell:Creating environment hook '/home/mhdns/bumperbot_ws/src/bumperbot_msgs/install/bumperbot_msgs/share/bumperbot_msgs/hook/cmake_prefix_path.ps1'
[4.052s] INFO:colcon.colcon_core.shell:Creating environment descriptor '/home/mhdns/bumperbot_ws/src/bumperbot_msgs/install/bumperbot_msgs/share/bumperbot_msgs/hook/cmake_prefix_path.dsv'
[4.052s] INFO:colcon.colcon_core.shell:Creating environment hook '/home/mhdns/bumperbot_ws/src/bumperbot_msgs/install/bumperbot_msgs/share/bumperbot_msgs/hook/cmake_prefix_path.sh'
[4.053s] Level 1:colcon.colcon_core.environment:checking '/home/mhdns/bumperbot_ws/src/bumperbot_msgs/install/bumperbot_msgs/lib'
[4.053s] Level 1:colcon.colcon_core.shell:create_environment_hook('bumperbot_msgs', 'ld_library_path_lib')
[4.053s] INFO:colcon.colcon_core.shell:Creating environment hook '/home/mhdns/bumperbot_ws/src/bumperbot_msgs/install/bumperbot_msgs/share/bumperbot_msgs/hook/ld_library_path_lib.ps1'
[4.053s] INFO:colcon.colcon_core.shell:Creating environment descriptor '/home/mhdns/bumperbot_ws/src/bumperbot_msgs/install/bumperbot_msgs/share/bumperbot_msgs/hook/ld_library_path_lib.dsv'
[4.053s] INFO:colcon.colcon_core.shell:Creating environment hook '/home/mhdns/bumperbot_ws/src/bumperbot_msgs/install/bumperbot_msgs/share/bumperbot_msgs/hook/ld_library_path_lib.sh'
[4.054s] Level 1:colcon.colcon_core.environment:checking '/home/mhdns/bumperbot_ws/src/bumperbot_msgs/install/bumperbot_msgs/bin'
[4.054s] Level 1:colcon.colcon_core.environment:checking '/home/mhdns/bumperbot_ws/src/bumperbot_msgs/install/bumperbot_msgs/lib/pkgconfig/bumperbot_msgs.pc'
[4.054s] Level 1:colcon.colcon_core.environment:checking '/home/mhdns/bumperbot_ws/src/bumperbot_msgs/install/bumperbot_msgs/lib/python3.10/site-packages'
[4.054s] Level 1:colcon.colcon_core.environment:checking '/home/mhdns/bumperbot_ws/src/bumperbot_msgs/install/bumperbot_msgs/bin'
[4.054s] INFO:colcon.colcon_core.shell:Creating package script '/home/mhdns/bumperbot_ws/src/bumperbot_msgs/install/bumperbot_msgs/share/bumperbot_msgs/package.ps1'
[4.054s] INFO:colcon.colcon_core.shell:Creating package descriptor '/home/mhdns/bumperbot_ws/src/bumperbot_msgs/install/bumperbot_msgs/share/bumperbot_msgs/package.dsv'
[4.055s] INFO:colcon.colcon_core.shell:Creating package script '/home/mhdns/bumperbot_ws/src/bumperbot_msgs/install/bumperbot_msgs/share/bumperbot_msgs/package.sh'
[4.055s] INFO:colcon.colcon_core.shell:Creating package script '/home/mhdns/bumperbot_ws/src/bumperbot_msgs/install/bumperbot_msgs/share/bumperbot_msgs/package.bash'
[4.055s] INFO:colcon.colcon_core.shell:Creating package script '/home/mhdns/bumperbot_ws/src/bumperbot_msgs/install/bumperbot_msgs/share/bumperbot_msgs/package.zsh'
[4.055s] Level 1:colcon.colcon_core.environment:create_file_with_runtime_dependencies(/home/mhdns/bumperbot_ws/src/bumperbot_msgs/install/bumperbot_msgs/share/colcon-core/packages/bumperbot_msgs)
[4.056s] DEBUG:colcon.colcon_parallel_executor.executor.parallel:closing loop
[4.056s] DEBUG:colcon.colcon_parallel_executor.executor.parallel:loop closed
[4.056s] DEBUG:colcon.colcon_parallel_executor.executor.parallel:run_until_complete finished with '0'
[4.056s] DEBUG:colcon.colcon_core.event_reactor:joining thread
[4.065s] INFO:colcon.colcon_core.plugin_system:Skipping extension 'colcon_notification.desktop_notification.terminal_notifier': Not used on non-Darwin systems
[4.065s] INFO:colcon.colcon_core.plugin_system:Skipping extension 'colcon_notification.desktop_notification.win32': Not used on non-Windows systems
[4.065s] INFO:colcon.colcon_notification.desktop_notification:Sending desktop notification using 'notify2'
[4.068s] DEBUG:colcon.colcon_core.event_reactor:joined thread
[4.069s] INFO:colcon.colcon_core.shell:Creating prefix script '/home/mhdns/bumperbot_ws/src/bumperbot_msgs/install/local_setup.ps1'
[4.074s] INFO:colcon.colcon_core.shell:Creating prefix util module '/home/mhdns/bumperbot_ws/src/bumperbot_msgs/install/_local_setup_util_ps1.py'
[4.076s] INFO:colcon.colcon_core.shell:Creating prefix chain script '/home/mhdns/bumperbot_ws/src/bumperbot_msgs/install/setup.ps1'
[4.076s] INFO:colcon.colcon_core.shell:Creating prefix script '/home/mhdns/bumperbot_ws/src/bumperbot_msgs/install/local_setup.sh'
[4.077s] INFO:colcon.colcon_core.shell:Creating prefix util module '/home/mhdns/bumperbot_ws/src/bumperbot_msgs/install/_local_setup_util_sh.py'
[4.077s] INFO:colcon.colcon_core.shell:Creating prefix chain script '/home/mhdns/bumperbot_ws/src/bumperbot_msgs/install/setup.sh'
[4.078s] INFO:colcon.colcon_core.shell:Creating prefix script '/home/mhdns/bumperbot_ws/src/bumperbot_msgs/install/local_setup.bash'
[4.079s] INFO:colcon.colcon_core.shell:Creating prefix chain script '/home/mhdns/bumperbot_ws/src/bumperbot_msgs/install/setup.bash'
[4.079s] INFO:colcon.colcon_core.shell:Creating prefix script '/home/mhdns/bumperbot_ws/src/bumperbot_msgs/install/local_setup.zsh'
[4.080s] INFO:colcon.colcon_core.shell:Creating prefix chain script '/home/mhdns/bumperbot_ws/src/bumperbot_msgs/install/setup.zsh'
