[0.016s] Invoking command in '/home/mhdns/bumperbot_ws/build/bumperbot_description': /usr/bin/cmake --build /home/mhdns/bumperbot_ws/build/bumperbot_description -- -j32 -l32
[0.038s] ninja: no work to do.
[0.044s] Invoked command in '/home/mhdns/bumperbot_ws/build/bumperbot_description' returned '0': /usr/bin/cmake --build /home/mhdns/bumperbot_ws/build/bumperbot_description -- -j32 -l32
[0.059s] Invoking command in '/home/mhdns/bumperbot_ws/build/bumperbot_description': /usr/bin/cmake --install /home/mhdns/bumperbot_ws/build/bumperbot_description
[0.063s] -- Install configuration: ""
[0.063s] -- Up-to-date: /home/mhdns/bumperbot_ws/install/bumperbot_description/share/bumperbot_description/meshes
[0.064s] -- Up-to-date: /home/mhdns/bumperbot_ws/install/bumperbot_description/share/bumperbot_description/meshes/base_link.STL
[0.064s] -- Up-to-date: /home/mhdns/bumperbot_ws/install/bumperbot_description/share/bumperbot_description/meshes/wheel_right_link.STL
[0.064s] -- Up-to-date: /home/mhdns/bumperbot_ws/install/bumperbot_description/share/bumperbot_description/meshes/imu_link.STL
[0.064s] -- Up-to-date: /home/mhdns/bumperbot_ws/install/bumperbot_description/share/bumperbot_description/meshes/wheel_left_link.STL
[0.064s] -- Up-to-date: /home/mhdns/bumperbot_ws/install/bumperbot_description/share/bumperbot_description/meshes/caster_rear_link.STL
[0.064s] -- Up-to-date: /home/mhdns/bumperbot_ws/install/bumperbot_description/share/bumperbot_description/meshes/caster_front_link.STL
[0.064s] -- Up-to-date: /home/mhdns/bumperbot_ws/install/bumperbot_description/share/bumperbot_description/models
[0.064s] -- Up-to-date: /home/mhdns/bumperbot_ws/install/bumperbot_description/share/bumperbot_description/models/sun
[0.065s] -- Up-to-date: /home/mhdns/bumperbot_ws/install/bumperbot_description/share/bumperbot_description/models/sun/model-1_3.sdf:Zone.Identifier
[0.065s] -- Up-to-date: /home/mhdns/bumperbot_ws/install/bumperbot_description/share/bumperbot_description/models/sun/model.sdf:Zone.Identifier
[0.065s] -- Up-to-date: /home/mhdns/bumperbot_ws/install/bumperbot_description/share/bumperbot_description/models/sun/model-1_4.sdf:Zone.Identifier
[0.065s] -- Up-to-date: /home/mhdns/bumperbot_ws/install/bumperbot_description/share/bumperbot_description/models/sun/model-1_4.sdf
[0.065s] -- Up-to-date: /home/mhdns/bumperbot_ws/install/bumperbot_description/share/bumperbot_description/models/sun/model.config:Zone.Identifier
[0.065s] -- Up-to-date: /home/mhdns/bumperbot_ws/install/bumperbot_description/share/bumperbot_description/models/sun/model.config
[0.065s] -- Up-to-date: /home/mhdns/bumperbot_ws/install/bumperbot_description/share/bumperbot_description/models/sun/model-1_3.sdf
[0.065s] -- Up-to-date: /home/mhdns/bumperbot_ws/install/bumperbot_description/share/bumperbot_description/models/sun/model-1_2.sdf
[0.066s] -- Up-to-date: /home/mhdns/bumperbot_ws/install/bumperbot_description/share/bumperbot_description/models/sun/model.sdf
[0.066s] -- Up-to-date: /home/mhdns/bumperbot_ws/install/bumperbot_description/share/bumperbot_description/models/sun/model-1_2.sdf:Zone.Identifier
[0.066s] -- Up-to-date: /home/mhdns/bumperbot_ws/install/bumperbot_description/share/bumperbot_description/models/ground_plane
[0.066s] -- Up-to-date: /home/mhdns/bumperbot_ws/install/bumperbot_description/share/bumperbot_description/models/ground_plane/model-1_3.sdf:Zone.Identifier
[0.066s] -- Up-to-date: /home/mhdns/bumperbot_ws/install/bumperbot_description/share/bumperbot_description/models/ground_plane/model.sdf:Zone.Identifier
[0.066s] -- Up-to-date: /home/mhdns/bumperbot_ws/install/bumperbot_description/share/bumperbot_description/models/ground_plane/model-1_4.sdf:Zone.Identifier
[0.066s] -- Up-to-date: /home/mhdns/bumperbot_ws/install/bumperbot_description/share/bumperbot_description/models/ground_plane/model-1_4.sdf
[0.066s] -- Up-to-date: /home/mhdns/bumperbot_ws/install/bumperbot_description/share/bumperbot_description/models/ground_plane/model.config:Zone.Identifier
[0.066s] -- Up-to-date: /home/mhdns/bumperbot_ws/install/bumperbot_description/share/bumperbot_description/models/ground_plane/model.config
[0.067s] -- Up-to-date: /home/mhdns/bumperbot_ws/install/bumperbot_description/share/bumperbot_description/models/ground_plane/model-1_3.sdf
[0.067s] -- Up-to-date: /home/mhdns/bumperbot_ws/install/bumperbot_description/share/bumperbot_description/models/ground_plane/model-1_2.sdf
[0.067s] -- Up-to-date: /home/mhdns/bumperbot_ws/install/bumperbot_description/share/bumperbot_description/models/ground_plane/model.sdf
[0.067s] -- Up-to-date: /home/mhdns/bumperbot_ws/install/bumperbot_description/share/bumperbot_description/models/ground_plane/model-1_2.sdf:Zone.Identifier
[0.067s] -- Up-to-date: /home/mhdns/bumperbot_ws/install/bumperbot_description/share/bumperbot_description/urdf
[0.067s] -- Up-to-date: /home/mhdns/bumperbot_ws/install/bumperbot_description/share/bumperbot_description/urdf/bumperbot_ros2_control.xacro
[0.067s] -- Up-to-date: /home/mhdns/bumperbot_ws/install/bumperbot_description/share/bumperbot_description/urdf/bumperbot_gazebo.xacro
[0.067s] -- Up-to-date: /home/mhdns/bumperbot_ws/install/bumperbot_description/share/bumperbot_description/urdf/bumperbot.urdf.xacro
[0.068s] -- Up-to-date: /home/mhdns/bumperbot_ws/install/bumperbot_description/share/bumperbot_description/launch
[0.068s] -- Up-to-date: /home/mhdns/bumperbot_ws/install/bumperbot_description/share/bumperbot_description/launch/gazebo.launch.py
[0.068s] -- Up-to-date: /home/mhdns/bumperbot_ws/install/bumperbot_description/share/bumperbot_description/launch/display.launch.py
[0.068s] -- Up-to-date: /home/mhdns/bumperbot_ws/install/bumperbot_description/share/ament_index/resource_index/package_run_dependencies/bumperbot_description
[0.068s] -- Up-to-date: /home/mhdns/bumperbot_ws/install/bumperbot_description/share/ament_index/resource_index/parent_prefix_path/bumperbot_description
[0.068s] -- Up-to-date: /home/mhdns/bumperbot_ws/install/bumperbot_description/share/bumperbot_description/environment/ament_prefix_path.sh
[0.068s] -- Up-to-date: /home/mhdns/bumperbot_ws/install/bumperbot_description/share/bumperbot_description/environment/ament_prefix_path.dsv
[0.068s] -- Up-to-date: /home/mhdns/bumperbot_ws/install/bumperbot_description/share/bumperbot_description/environment/path.sh
[0.069s] -- Up-to-date: /home/mhdns/bumperbot_ws/install/bumperbot_description/share/bumperbot_description/environment/path.dsv
[0.069s] -- Up-to-date: /home/mhdns/bumperbot_ws/install/bumperbot_description/share/bumperbot_description/local_setup.bash
[0.069s] -- Up-to-date: /home/mhdns/bumperbot_ws/install/bumperbot_description/share/bumperbot_description/local_setup.sh
[0.069s] -- Up-to-date: /home/mhdns/bumperbot_ws/install/bumperbot_description/share/bumperbot_description/local_setup.zsh
[0.069s] -- Up-to-date: /home/mhdns/bumperbot_ws/install/bumperbot_description/share/bumperbot_description/local_setup.dsv
[0.069s] -- Installing: /home/mhdns/bumperbot_ws/install/bumperbot_description/share/bumperbot_description/package.dsv
[0.070s] -- Up-to-date: /home/mhdns/bumperbot_ws/install/bumperbot_description/share/ament_index/resource_index/packages/bumperbot_description
[0.070s] -- Up-to-date: /home/mhdns/bumperbot_ws/install/bumperbot_description/share/bumperbot_description/cmake/bumperbot_descriptionConfig.cmake
[0.070s] -- Up-to-date: /home/mhdns/bumperbot_ws/install/bumperbot_description/share/bumperbot_description/cmake/bumperbot_descriptionConfig-version.cmake
[0.071s] -- Up-to-date: /home/mhdns/bumperbot_ws/install/bumperbot_description/share/bumperbot_description/package.xml
[0.071s] Invoked command in '/home/mhdns/bumperbot_ws/build/bumperbot_description' returned '0': /usr/bin/cmake --install /home/mhdns/bumperbot_ws/build/bumperbot_description
