[0.012s] Invoking command in '/home/mhdns/bumperbot_ws/build/bumperbot_description': CMAKE_PREFIX_PATH=${CMAKE_PREFIX_PATH}:/home/mhdns/bumperbot_ws/install/bumperbot_py_examples /usr/bin/cmake --build /home/mhdns/bumperbot_ws/build/bumperbot_description -- -j32 -l32
[0.015s] ninja: no work to do.
[0.162s] Invoked command in '/home/mhdns/bumperbot_ws/build/bumperbot_description' returned '0': CMAKE_PREFIX_PATH=${CMAKE_PREFIX_PATH}:/home/mhdns/bumperbot_ws/install/bumperbot_py_examples /usr/bin/cmake --build /home/mhdns/bumperbot_ws/build/bumperbot_description -- -j32 -l32
[0.176s] Invoking command in '/home/mhdns/bumperbot_ws/build/bumperbot_description': CMAKE_PREFIX_PATH=${CMAKE_PREFIX_PATH}:/home/mhdns/bumperbot_ws/install/bumperbot_py_examples /usr/bin/cmake --install /home/mhdns/bumperbot_ws/build/bumperbot_description
[0.179s] -- Install configuration: ""
[0.179s] -- Up-to-date: /home/mhdns/bumperbot_ws/install/bumperbot_description/share/bumperbot_description/meshes
[0.179s] -- Up-to-date: /home/mhdns/bumperbot_ws/install/bumperbot_description/share/bumperbot_description/meshes/base_link.STL
[0.180s] -- Up-to-date: /home/mhdns/bumperbot_ws/install/bumperbot_description/share/bumperbot_description/meshes/wheel_right_link.STL
[0.180s] -- Up-to-date: /home/mhdns/bumperbot_ws/install/bumperbot_description/share/bumperbot_description/meshes/imu_link.STL
[0.180s] -- Up-to-date: /home/mhdns/bumperbot_ws/install/bumperbot_description/share/bumperbot_description/meshes/wheel_left_link.STL
[0.180s] -- Up-to-date: /home/mhdns/bumperbot_ws/install/bumperbot_description/share/bumperbot_description/meshes/caster_rear_link.STL
[0.180s] -- Up-to-date: /home/mhdns/bumperbot_ws/install/bumperbot_description/share/bumperbot_description/meshes/caster_front_link.STL
[0.180s] -- Up-to-date: /home/mhdns/bumperbot_ws/install/bumperbot_description/share/bumperbot_description/urdf
[0.180s] -- Up-to-date: /home/mhdns/bumperbot_ws/install/bumperbot_description/share/bumperbot_description/urdf/bumperbot.urdf.xacro
[0.180s] -- Up-to-date: /home/mhdns/bumperbot_ws/install/bumperbot_description/share/ament_index/resource_index/package_run_dependencies/bumperbot_description
[0.180s] -- Up-to-date: /home/mhdns/bumperbot_ws/install/bumperbot_description/share/ament_index/resource_index/parent_prefix_path/bumperbot_description
[0.180s] -- Up-to-date: /home/mhdns/bumperbot_ws/install/bumperbot_description/share/bumperbot_description/environment/ament_prefix_path.sh
[0.180s] -- Up-to-date: /home/mhdns/bumperbot_ws/install/bumperbot_description/share/bumperbot_description/environment/ament_prefix_path.dsv
[0.180s] -- Up-to-date: /home/mhdns/bumperbot_ws/install/bumperbot_description/share/bumperbot_description/environment/path.sh
[0.180s] -- Up-to-date: /home/mhdns/bumperbot_ws/install/bumperbot_description/share/bumperbot_description/environment/path.dsv
[0.181s] -- Up-to-date: /home/mhdns/bumperbot_ws/install/bumperbot_description/share/bumperbot_description/local_setup.bash
[0.181s] -- Up-to-date: /home/mhdns/bumperbot_ws/install/bumperbot_description/share/bumperbot_description/local_setup.sh
[0.181s] -- Up-to-date: /home/mhdns/bumperbot_ws/install/bumperbot_description/share/bumperbot_description/local_setup.zsh
[0.181s] -- Up-to-date: /home/mhdns/bumperbot_ws/install/bumperbot_description/share/bumperbot_description/local_setup.dsv
[0.181s] -- Installing: /home/mhdns/bumperbot_ws/install/bumperbot_description/share/bumperbot_description/package.dsv
[0.181s] -- Up-to-date: /home/mhdns/bumperbot_ws/install/bumperbot_description/share/ament_index/resource_index/packages/bumperbot_description
[0.181s] -- Up-to-date: /home/mhdns/bumperbot_ws/install/bumperbot_description/share/bumperbot_description/cmake/bumperbot_descriptionConfig.cmake
[0.181s] -- Up-to-date: /home/mhdns/bumperbot_ws/install/bumperbot_description/share/bumperbot_description/cmake/bumperbot_descriptionConfig-version.cmake
[0.181s] -- Up-to-date: /home/mhdns/bumperbot_ws/install/bumperbot_description/share/bumperbot_description/package.xml
[0.182s] Invoked command in '/home/mhdns/bumperbot_ws/build/bumperbot_description' returned '0': CMAKE_PREFIX_PATH=${CMAKE_PREFIX_PATH}:/home/mhdns/bumperbot_ws/install/bumperbot_py_examples /usr/bin/cmake --install /home/mhdns/bumperbot_ws/build/bumperbot_description
