[0.041s] Invoking command in '/home/mhdns/bumperbot_ws/build/bumperbot_cpp_examples': AMENT_PREFIX_PATH=/home/mhdns/bumperbot_ws/install/bumperbot_msgs:${AMENT_PREFIX_PATH} CMAKE_PREFIX_PATH=/home/mhdns/bumperbot_ws/install/bumperbot_msgs:${CMAKE_PREFIX_PATH} LD_LIBRARY_PATH=/home/mhdns/bumperbot_ws/install/bumperbot_msgs/lib:${LD_LIBRARY_PATH} PYTHONPATH=/home/mhdns/bumperbot_ws/install/bumperbot_msgs/local/lib/python3.10/dist-packages:${PYTHONPATH} /usr/bin/cmake --build /home/mhdns/bumperbot_ws/build/bumperbot_cpp_examples -- -j32 -l32
[0.189s] [  8%] [32mBuilding CXX object CMakeFiles/simple_service_server.dir/src/simple_service_server.cpp.o[0m
[0.189s] [ 50%] Built target simple_parameter
[0.189s] [ 50%] Built target simple_subscriber
[0.189s] [ 58%] Built target simple_publisher
[0.189s] [ 75%] Built target simple_turtlesim_kinematics
[0.189s] [ 91%] Built target simple_tf_kinematics
[1.547s] [01m[K/home/mhdns/bumperbot_ws/src/bumperbot_cpp_examples/src/simple_service_server.cpp:13:21:[m[K [01;31m[Kerror: [m[Kwrong number of template arguments (0, should be 1)
[1.547s]    13 |     rclcpp::Service<[01;31m[K>[m[K::SharedPtr service_;
[1.547s]       |                     [01;31m[K^[m[K
[1.548s] In file included from [01m[K/opt/ros/humble/include/rclcpp/rclcpp/service.hpp:36[m[K,
[1.548s]                  from [01m[K/opt/ros/humble/include/rclcpp/rclcpp/callback_group.hpp:28[m[K,
[1.548s]                  from [01m[K/opt/ros/humble/include/rclcpp/rclcpp/any_executable.hpp:20[m[K,
[1.548s]                  from [01m[K/opt/ros/humble/include/rclcpp/rclcpp/memory_strategy.hpp:25[m[K,
[1.548s]                  from [01m[K/opt/ros/humble/include/rclcpp/rclcpp/memory_strategies.hpp:18[m[K,
[1.548s]                  from [01m[K/opt/ros/humble/include/rclcpp/rclcpp/executor_options.hpp:20[m[K,
[1.548s]                  from [01m[K/opt/ros/humble/include/rclcpp/rclcpp/executor.hpp:37[m[K,
[1.548s]                  from [01m[K/opt/ros/humble/include/rclcpp/rclcpp/executors/multi_threaded_executor.hpp:25[m[K,
[1.548s]                  from [01m[K/opt/ros/humble/include/rclcpp/rclcpp/executors.hpp:21[m[K,
[1.548s]                  from [01m[K/opt/ros/humble/include/rclcpp/rclcpp/rclcpp.hpp:155[m[K,
[1.548s]                  from [01m[K/home/mhdns/bumperbot_ws/src/bumperbot_cpp_examples/src/simple_service_server.cpp:1[m[K:
[1.548s] [01m[K/opt/ros/humble/include/rclcpp/rclcpp/any_service_callback.hpp:55:7:[m[K [01;36m[Knote: [m[Kprovided for ‘[01m[Ktemplate<class ServiceT> class rclcpp::Service[m[K’
[1.548s]    55 | class [01;36m[KService[m[K;
[1.548s]       |       [01;36m[K^~~~~~~[m[K
[1.548s] [01m[K/home/mhdns/bumperbot_ws/src/bumperbot_cpp_examples/src/simple_service_server.cpp:13:24:[m[K [01;31m[Kerror: [m[Kexpected ‘[01m[K;[m[K’ at end of member declaration
[1.548s]    13 |     rclcpp::Service<>::[01;31m[KSharedPtr[m[K service_;
[1.548s]       |                        [01;31m[K^~~~~~~~~[m[K
[1.548s]       |                                 [32m[K;[m[K
[1.549s] [01m[K/home/mhdns/bumperbot_ws/src/bumperbot_cpp_examples/src/simple_service_server.cpp:13:34:[m[K [01;31m[Kerror: [m[K‘[01m[Kservice_[m[K’ does not name a type
[1.549s]    13 |     rclcpp::Service<>::SharedPtr [01;31m[Kservice_[m[K;
[1.549s]       |                                  [01;31m[K^~~~~~~~[m[K
[1.821s] gmake[2]: *** [CMakeFiles/simple_service_server.dir/build.make:76: CMakeFiles/simple_service_server.dir/src/simple_service_server.cpp.o] Error 1
[1.821s] gmake[1]: *** [CMakeFiles/Makefile2:277: CMakeFiles/simple_service_server.dir/all] Error 2
[1.822s] gmake: *** [Makefile:146: all] Error 2
[1.823s] Invoked command in '/home/mhdns/bumperbot_ws/build/bumperbot_cpp_examples' returned '2': AMENT_PREFIX_PATH=/home/mhdns/bumperbot_ws/install/bumperbot_msgs:${AMENT_PREFIX_PATH} CMAKE_PREFIX_PATH=/home/mhdns/bumperbot_ws/install/bumperbot_msgs:${CMAKE_PREFIX_PATH} LD_LIBRARY_PATH=/home/mhdns/bumperbot_ws/install/bumperbot_msgs/lib:${LD_LIBRARY_PATH} PYTHONPATH=/home/mhdns/bumperbot_ws/install/bumperbot_msgs/local/lib/python3.10/dist-packages:${PYTHONPATH} /usr/bin/cmake --build /home/mhdns/bumperbot_ws/build/bumperbot_cpp_examples -- -j32 -l32
