[0.024s] Invoking command in '/home/mhdns/bumperbot_ws/src/build/bumperbot_controller': /usr/bin/cmake /home/mhdns/bumperbot_ws/src/bumperbot_controller -DCMAKE_INSTALL_PREFIX=/home/mhdns/bumperbot_ws/src/install/bumperbot_controller
[0.166s] -- The C compiler identification is GNU 11.4.0
[0.431s] -- The CXX compiler identification is GNU 11.4.0
[0.609s] -- Detecting C compiler ABI info
[0.683s] -- Detecting C compiler ABI info - done
[0.687s] -- Check for working C compiler: /usr/bin/cc - skipped
[0.688s] -- Detecting C compile features
[0.688s] -- Detecting C compile features - done
[0.689s] -- Detecting CXX compiler ABI info
[0.771s] -- Detecting CXX compiler ABI info - done
[0.775s] -- Check for working CXX compiler: /usr/bin/c++ - skipped
[0.775s] -- Detecting CXX compile features
[0.776s] -- Detecting CXX compile features - done
[0.777s] -- Found ament_cmake: 1.3.9 (/opt/ros/humble/share/ament_cmake/cmake)
[0.869s] -- Found Python3: /usr/bin/python3 (found version "3.10.12") found components: Interpreter 
[0.924s] -- Found rclpy: 3.3.13 (/opt/ros/humble/share/rclpy/cmake)
[0.926s] -- Found std_msgs: 4.2.4 (/opt/ros/humble/share/std_msgs/cmake)
[1.016s] -- Found rosidl_generator_c: 3.1.5 (/opt/ros/humble/share/rosidl_generator_c/cmake)
[1.022s] -- Found rosidl_adapter: 3.1.5 (/opt/ros/humble/share/rosidl_adapter/cmake)
[1.032s] -- Found rosidl_generator_cpp: 3.1.5 (/opt/ros/humble/share/rosidl_generator_cpp/cmake)
[1.049s] -- Using all available rosidl_typesupport_c: rosidl_typesupport_fastrtps_c;rosidl_typesupport_introspection_c
[1.070s] -- Using all available rosidl_typesupport_cpp: rosidl_typesupport_fastrtps_cpp;rosidl_typesupport_introspection_cpp
[1.116s] -- Found geometry_msgs: 4.2.4 (/opt/ros/humble/share/geometry_msgs/cmake)
[1.148s] -- Found rclcpp: 16.0.9 (/opt/ros/humble/share/rclcpp/cmake)
[1.186s] -- Found rmw_implementation_cmake: 6.1.2 (/opt/ros/humble/share/rmw_implementation_cmake/cmake)
[1.187s] -- Found rmw_fastrtps_cpp: 6.2.6 (/opt/ros/humble/share/rmw_fastrtps_cpp/cmake)
[1.751s] -- Found OpenSSL: /usr/lib/x86_64-linux-gnu/libcrypto.so (found version "3.0.2")  
[2.081s] -- Found FastRTPS: /opt/ros/humble/include  
[2.672s] -- Using RMW implementation 'rmw_fastrtps_cpp' as default
[2.682s] -- Looking for pthread.h
[2.740s] -- Looking for pthread.h - found
[2.740s] -- Performing Test CMAKE_HAVE_LIBC_PTHREAD
[2.797s] -- Performing Test CMAKE_HAVE_LIBC_PTHREAD - Success
[2.798s] -- Found Threads: TRUE  
[2.952s] -- Found ament_lint_auto: 0.12.11 (/opt/ros/humble/share/ament_lint_auto/cmake)
[3.000s] -- Added test 'cppcheck' to perform static code analysis on C / C++ code
[3.000s] -- Configured cppcheck include dirs: /home/mhdns/bumperbot_ws/src/bumperbot_controller/include
[3.000s] -- Configured cppcheck exclude dirs and/or files: 
[3.001s] -- Added test 'flake8' to check Python code syntax and style conventions
[3.002s] -- Added test 'lint_cmake' to check CMake code style
[3.002s] -- Added test 'pep257' to check Python code against some of the docstring style conventions in PEP 257
[3.003s] -- Added test 'uncrustify' to check C / C++ code style
[3.003s] -- Configured uncrustify additional arguments: 
[3.004s] -- Added test 'xmllint' to check XML markup files
[3.005s] -- Configuring done
[3.012s] -- Generating done
[3.018s] -- Build files have been written to: /home/mhdns/bumperbot_ws/src/build/bumperbot_controller
[3.026s] Invoked command in '/home/mhdns/bumperbot_ws/src/build/bumperbot_controller' returned '0': /usr/bin/cmake /home/mhdns/bumperbot_ws/src/bumperbot_controller -DCMAKE_INSTALL_PREFIX=/home/mhdns/bumperbot_ws/src/install/bumperbot_controller
[3.027s] Invoking command in '/home/mhdns/bumperbot_ws/src/build/bumperbot_controller': /usr/bin/cmake --build /home/mhdns/bumperbot_ws/src/build/bumperbot_controller -- -j32 -l32
[3.033s] 
[3.033s] [0/4] Building CXX object CMakeFiles/simple_controller.dir/src/simple_controller.cpp.o[K
[3.039s] [0/4] cd /home/mhdns/bumperbot_ws/src/build/bumperbot_controller && /usr/bin/cmake -E copy_directory /home/mhdns/bumperbot_ws/src/bumperbot_controller/bumperbot_controller /home/mhdns/bumperbot_ws/src/build/bumperbot_controller/ament_cmake_python/bumperbot_controller/bumperbot_controller[K
[3.040s] [1/4] cd /home/mhdns/bumperbot_ws/src/build/bumperbot_controller && /usr/bin/cmake -E copy_directory /home/mhdns/bumperbot_ws/src/bumperbot_controller/bumperbot_controller /home/mhdns/bumperbot_ws/src/build/bumperbot_controller/ament_cmake_python/bumperbot_controller/bumperbot_controller[K
[3.191s] [1/4] cd /home/mhdns/bumperbot_ws/src/build/bumperbot_controller/ament_cmake_python/bumperbot_controller && /usr/bin/python3 setup.py egg_info[K
[3.191s] [2/4] cd /home/mhdns/bumperbot_ws/src/build/bumperbot_controller/ament_cmake_python/bumperbot_controller && /usr/bin/python3 setup.py egg_info[K
[3.191s] running egg_info
[3.191s] creating bumperbot_controller.egg-info
[3.191s] writing bumperbot_controller.egg-info/PKG-INFO
[3.191s] writing dependency_links to bumperbot_controller.egg-info/dependency_links.txt
[3.191s] writing top-level names to bumperbot_controller.egg-info/top_level.txt
[3.191s] writing manifest file 'bumperbot_controller.egg-info/SOURCES.txt'
[3.191s] reading manifest file 'bumperbot_controller.egg-info/SOURCES.txt'
[3.191s] writing manifest file 'bumperbot_controller.egg-info/SOURCES.txt'
[10.053s] 
[10.055s] [3/4] Building CXX object CMakeFiles/simple_controller.dir/src/simple_controller.cpp.o[K
