[0.102s] DEBUG:colcon:Command line arguments: ['/usr/bin/colcon', 'build', '--cmake-args', '-DCMAKE_EXPORT_COMPILE_COMMANDS=ON']
[0.102s] DEBUG:colcon:Parsed command line arguments: Namespace(log_base=None, log_level=None, verb_name='build', build_base='build', install_base='install', merge_install=False, symlink_install=False, test_result_base=None, continue_on_error=False, executor='parallel', parallel_workers=32, event_handlers=None, ignore_user_meta=False, metas=['./colcon.meta'], base_paths=['.'], packages_ignore=None, packages_ignore_regex=None, paths=None, packages_up_to=None, packages_up_to_regex=None, packages_above=None, packages_above_and_dependencies=None, packages_above_depth=None, packages_select_by_dep=None, packages_skip_by_dep=None, packages_skip_up_to=None, packages_select_build_failed=False, packages_skip_build_finished=False, packages_select_test_failures=False, packages_skip_test_passed=False, packages_select=None, packages_skip=None, packages_select_regex=None, packages_skip_regex=None, packages_start=None, packages_end=None, allow_overriding=[], cmake_args=['-DCMAKE_EXPORT_COMPILE_COMMANDS=ON'], cmake_target=None, cmake_target_skip_unavailable=False, cmake_clean_cache=False, cmake_clean_first=False, cmake_force_configure=False, ament_cmake_args=None, catkin_cmake_args=None, catkin_skip_building_tests=False, mixin_files=None, mixin=None, verb_parser=<colcon_mixin.mixin.mixin_argument.MixinArgumentDecorator object at 0x7f59896a1d80>, verb_extension=<colcon_core.verb.build.BuildVerb object at 0x7f59896a1810>, main=<bound method BuildVerb.main of <colcon_core.verb.build.BuildVerb object at 0x7f59896a1810>>, mixin_verb=('build',))
[0.195s] Level 1:colcon.colcon_core.package_discovery:discover_packages(colcon_meta) check parameters
[0.195s] Level 1:colcon.colcon_core.package_discovery:discover_packages(recursive) check parameters
[0.195s] Level 1:colcon.colcon_core.package_discovery:discover_packages(ignore) check parameters
[0.195s] Level 1:colcon.colcon_core.package_discovery:discover_packages(path) check parameters
[0.195s] Level 1:colcon.colcon_core.package_discovery:discover_packages(colcon_meta) discover
[0.195s] Level 1:colcon.colcon_core.package_discovery:discover_packages(recursive) discover
[0.195s] INFO:colcon.colcon_core.package_discovery:Crawling recursively for packages in '/home/mhdns/bumperbot_ws'
[0.196s] Level 1:colcon.colcon_core.package_identification:_identify(.) by extensions ['ignore', 'ignore_ament_install']
[0.196s] Level 1:colcon.colcon_core.package_identification:_identify(.) by extension 'ignore'
[0.196s] Level 1:colcon.colcon_core.package_identification:_identify(.) by extension 'ignore_ament_install'
[0.196s] Level 1:colcon.colcon_core.package_identification:_identify(.) by extensions ['colcon_pkg']
[0.196s] Level 1:colcon.colcon_core.package_identification:_identify(.) by extension 'colcon_pkg'
[0.196s] Level 1:colcon.colcon_core.package_identification:_identify(.) by extensions ['colcon_meta']
[0.196s] Level 1:colcon.colcon_core.package_identification:_identify(.) by extension 'colcon_meta'
[0.196s] Level 1:colcon.colcon_core.package_identification:_identify(.) by extensions ['ros']
[0.196s] Level 1:colcon.colcon_core.package_identification:_identify(.) by extension 'ros'
[0.202s] Level 1:colcon.colcon_core.package_identification:_identify(.) by extensions ['cmake', 'python']
[0.203s] Level 1:colcon.colcon_core.package_identification:_identify(.) by extension 'cmake'
[0.203s] Level 1:colcon.colcon_core.package_identification:_identify(.) by extension 'python'
[0.203s] Level 1:colcon.colcon_core.package_identification:_identify(.) by extensions ['python_setup_py']
[0.203s] Level 1:colcon.colcon_core.package_identification:_identify(.) by extension 'python_setup_py'
[0.203s] Level 1:colcon.colcon_core.package_identification:_identify(build) by extensions ['ignore', 'ignore_ament_install']
[0.203s] Level 1:colcon.colcon_core.package_identification:_identify(build) by extension 'ignore'
[0.203s] Level 1:colcon.colcon_core.package_identification:_identify(build) ignored
[0.203s] Level 1:colcon.colcon_core.package_identification:_identify(install) by extensions ['ignore', 'ignore_ament_install']
[0.203s] Level 1:colcon.colcon_core.package_identification:_identify(install) by extension 'ignore'
[0.203s] Level 1:colcon.colcon_core.package_identification:_identify(install) ignored
[0.203s] Level 1:colcon.colcon_core.package_identification:_identify(log) by extensions ['ignore', 'ignore_ament_install']
[0.203s] Level 1:colcon.colcon_core.package_identification:_identify(log) by extension 'ignore'
[0.203s] Level 1:colcon.colcon_core.package_identification:_identify(log) ignored
[0.203s] Level 1:colcon.colcon_core.package_identification:_identify(src) by extensions ['ignore', 'ignore_ament_install']
[0.203s] Level 1:colcon.colcon_core.package_identification:_identify(src) by extension 'ignore'
[0.203s] Level 1:colcon.colcon_core.package_identification:_identify(src) by extension 'ignore_ament_install'
[0.203s] Level 1:colcon.colcon_core.package_identification:_identify(src) by extensions ['colcon_pkg']
[0.203s] Level 1:colcon.colcon_core.package_identification:_identify(src) by extension 'colcon_pkg'
[0.203s] Level 1:colcon.colcon_core.package_identification:_identify(src) by extensions ['colcon_meta']
[0.203s] Level 1:colcon.colcon_core.package_identification:_identify(src) by extension 'colcon_meta'
[0.203s] Level 1:colcon.colcon_core.package_identification:_identify(src) by extensions ['ros']
[0.203s] Level 1:colcon.colcon_core.package_identification:_identify(src) by extension 'ros'
[0.203s] Level 1:colcon.colcon_core.package_identification:_identify(src) by extensions ['cmake', 'python']
[0.204s] Level 1:colcon.colcon_core.package_identification:_identify(src) by extension 'cmake'
[0.204s] Level 1:colcon.colcon_core.package_identification:_identify(src) by extension 'python'
[0.204s] Level 1:colcon.colcon_core.package_identification:_identify(src) by extensions ['python_setup_py']
[0.204s] Level 1:colcon.colcon_core.package_identification:_identify(src) by extension 'python_setup_py'
[0.204s] Level 1:colcon.colcon_core.package_identification:_identify(src/bumperbot_controller) by extensions ['ignore', 'ignore_ament_install']
[0.204s] Level 1:colcon.colcon_core.package_identification:_identify(src/bumperbot_controller) by extension 'ignore'
[0.204s] Level 1:colcon.colcon_core.package_identification:_identify(src/bumperbot_controller) by extension 'ignore_ament_install'
[0.204s] Level 1:colcon.colcon_core.package_identification:_identify(src/bumperbot_controller) by extensions ['colcon_pkg']
[0.204s] Level 1:colcon.colcon_core.package_identification:_identify(src/bumperbot_controller) by extension 'colcon_pkg'
[0.204s] Level 1:colcon.colcon_core.package_identification:_identify(src/bumperbot_controller) by extensions ['colcon_meta']
[0.204s] Level 1:colcon.colcon_core.package_identification:_identify(src/bumperbot_controller) by extension 'colcon_meta'
[0.204s] Level 1:colcon.colcon_core.package_identification:_identify(src/bumperbot_controller) by extensions ['ros']
[0.204s] Level 1:colcon.colcon_core.package_identification:_identify(src/bumperbot_controller) by extension 'ros'
[0.205s] DEBUG:colcon.colcon_core.package_identification:Package 'src/bumperbot_controller' with type 'ros.ament_cmake' and name 'bumperbot_controller'
[0.205s] Level 1:colcon.colcon_core.package_identification:_identify(src/bumperbot_cpp_examples) by extensions ['ignore', 'ignore_ament_install']
[0.206s] Level 1:colcon.colcon_core.package_identification:_identify(src/bumperbot_cpp_examples) by extension 'ignore'
[0.206s] Level 1:colcon.colcon_core.package_identification:_identify(src/bumperbot_cpp_examples) by extension 'ignore_ament_install'
[0.206s] Level 1:colcon.colcon_core.package_identification:_identify(src/bumperbot_cpp_examples) by extensions ['colcon_pkg']
[0.206s] Level 1:colcon.colcon_core.package_identification:_identify(src/bumperbot_cpp_examples) by extension 'colcon_pkg'
[0.206s] Level 1:colcon.colcon_core.package_identification:_identify(src/bumperbot_cpp_examples) by extensions ['colcon_meta']
[0.206s] Level 1:colcon.colcon_core.package_identification:_identify(src/bumperbot_cpp_examples) by extension 'colcon_meta'
[0.206s] Level 1:colcon.colcon_core.package_identification:_identify(src/bumperbot_cpp_examples) by extensions ['ros']
[0.206s] Level 1:colcon.colcon_core.package_identification:_identify(src/bumperbot_cpp_examples) by extension 'ros'
[0.206s] DEBUG:colcon.colcon_core.package_identification:Package 'src/bumperbot_cpp_examples' with type 'ros.ament_cmake' and name 'bumperbot_cpp_examples'
[0.206s] Level 1:colcon.colcon_core.package_identification:_identify(src/bumperbot_description) by extensions ['ignore', 'ignore_ament_install']
[0.206s] Level 1:colcon.colcon_core.package_identification:_identify(src/bumperbot_description) by extension 'ignore'
[0.207s] Level 1:colcon.colcon_core.package_identification:_identify(src/bumperbot_description) by extension 'ignore_ament_install'
[0.207s] Level 1:colcon.colcon_core.package_identification:_identify(src/bumperbot_description) by extensions ['colcon_pkg']
[0.207s] Level 1:colcon.colcon_core.package_identification:_identify(src/bumperbot_description) by extension 'colcon_pkg'
[0.207s] Level 1:colcon.colcon_core.package_identification:_identify(src/bumperbot_description) by extensions ['colcon_meta']
[0.207s] Level 1:colcon.colcon_core.package_identification:_identify(src/bumperbot_description) by extension 'colcon_meta'
[0.207s] Level 1:colcon.colcon_core.package_identification:_identify(src/bumperbot_description) by extensions ['ros']
[0.207s] Level 1:colcon.colcon_core.package_identification:_identify(src/bumperbot_description) by extension 'ros'
[0.207s] DEBUG:colcon.colcon_core.package_identification:Package 'src/bumperbot_description' with type 'ros.ament_cmake' and name 'bumperbot_description'
[0.207s] Level 1:colcon.colcon_core.package_identification:_identify(src/bumperbot_msgs) by extensions ['ignore', 'ignore_ament_install']
[0.207s] Level 1:colcon.colcon_core.package_identification:_identify(src/bumperbot_msgs) by extension 'ignore'
[0.207s] Level 1:colcon.colcon_core.package_identification:_identify(src/bumperbot_msgs) by extension 'ignore_ament_install'
[0.207s] Level 1:colcon.colcon_core.package_identification:_identify(src/bumperbot_msgs) by extensions ['colcon_pkg']
[0.207s] Level 1:colcon.colcon_core.package_identification:_identify(src/bumperbot_msgs) by extension 'colcon_pkg'
[0.207s] Level 1:colcon.colcon_core.package_identification:_identify(src/bumperbot_msgs) by extensions ['colcon_meta']
[0.207s] Level 1:colcon.colcon_core.package_identification:_identify(src/bumperbot_msgs) by extension 'colcon_meta'
[0.207s] Level 1:colcon.colcon_core.package_identification:_identify(src/bumperbot_msgs) by extensions ['ros']
[0.207s] Level 1:colcon.colcon_core.package_identification:_identify(src/bumperbot_msgs) by extension 'ros'
[0.208s] DEBUG:colcon.colcon_core.package_identification:Package 'src/bumperbot_msgs' with type 'ros.ament_cmake' and name 'bumperbot_msgs'
[0.208s] Level 1:colcon.colcon_core.package_identification:_identify(src/bumperbot_py_examples) by extensions ['ignore', 'ignore_ament_install']
[0.208s] Level 1:colcon.colcon_core.package_identification:_identify(src/bumperbot_py_examples) by extension 'ignore'
[0.208s] Level 1:colcon.colcon_core.package_identification:_identify(src/bumperbot_py_examples) by extension 'ignore_ament_install'
[0.208s] Level 1:colcon.colcon_core.package_identification:_identify(src/bumperbot_py_examples) by extensions ['colcon_pkg']
[0.208s] Level 1:colcon.colcon_core.package_identification:_identify(src/bumperbot_py_examples) by extension 'colcon_pkg'
[0.208s] Level 1:colcon.colcon_core.package_identification:_identify(src/bumperbot_py_examples) by extensions ['colcon_meta']
[0.208s] Level 1:colcon.colcon_core.package_identification:_identify(src/bumperbot_py_examples) by extension 'colcon_meta'
[0.208s] Level 1:colcon.colcon_core.package_identification:_identify(src/bumperbot_py_examples) by extensions ['ros']
[0.208s] Level 1:colcon.colcon_core.package_identification:_identify(src/bumperbot_py_examples) by extension 'ros'
[0.208s] DEBUG:colcon.colcon_core.package_identification:Package 'src/bumperbot_py_examples' with type 'ros.ament_python' and name 'bumperbot_py_examples'
[0.208s] Level 1:colcon.colcon_core.package_discovery:discover_packages(recursive) using defaults
[0.208s] Level 1:colcon.colcon_core.package_discovery:discover_packages(ignore) discover
[0.208s] Level 1:colcon.colcon_core.package_discovery:discover_packages(ignore) using defaults
[0.208s] Level 1:colcon.colcon_core.package_discovery:discover_packages(path) discover
[0.208s] Level 1:colcon.colcon_core.package_discovery:discover_packages(path) using defaults
[0.220s] Level 1:colcon.colcon_core.package_discovery:discover_packages(prefix_path) check parameters
[0.220s] Level 1:colcon.colcon_core.package_discovery:discover_packages(prefix_path) discover
[0.222s] DEBUG:colcon.colcon_installed_package_information.package_discovery:Found 329 installed packages in /opt/ros/humble
[0.223s] Level 1:colcon.colcon_core.package_discovery:discover_packages(prefix_path) using defaults
[0.253s] Level 5:colcon.colcon_core.verb:set package 'bumperbot_controller' build argument 'cmake_args' from command line to '['-DCMAKE_EXPORT_COMPILE_COMMANDS=ON']'
[0.253s] Level 5:colcon.colcon_core.verb:set package 'bumperbot_controller' build argument 'cmake_target' from command line to 'None'
[0.253s] Level 5:colcon.colcon_core.verb:set package 'bumperbot_controller' build argument 'cmake_target_skip_unavailable' from command line to 'False'
[0.253s] Level 5:colcon.colcon_core.verb:set package 'bumperbot_controller' build argument 'cmake_clean_cache' from command line to 'False'
[0.253s] Level 5:colcon.colcon_core.verb:set package 'bumperbot_controller' build argument 'cmake_clean_first' from command line to 'False'
[0.253s] Level 5:colcon.colcon_core.verb:set package 'bumperbot_controller' build argument 'cmake_force_configure' from command line to 'False'
[0.253s] Level 5:colcon.colcon_core.verb:set package 'bumperbot_controller' build argument 'ament_cmake_args' from command line to 'None'
[0.254s] Level 5:colcon.colcon_core.verb:set package 'bumperbot_controller' build argument 'catkin_cmake_args' from command line to 'None'
[0.254s] Level 5:colcon.colcon_core.verb:set package 'bumperbot_controller' build argument 'catkin_skip_building_tests' from command line to 'False'
[0.254s] DEBUG:colcon.colcon_core.verb:Building package 'bumperbot_controller' with the following arguments: {'ament_cmake_args': None, 'build_base': '/home/mhdns/bumperbot_ws/build/bumperbot_controller', 'catkin_cmake_args': None, 'catkin_skip_building_tests': False, 'cmake_args': ['-DCMAKE_EXPORT_COMPILE_COMMANDS=ON'], 'cmake_clean_cache': False, 'cmake_clean_first': False, 'cmake_force_configure': False, 'cmake_target': None, 'cmake_target_skip_unavailable': False, 'install_base': '/home/mhdns/bumperbot_ws/install/bumperbot_controller', 'merge_install': False, 'path': '/home/mhdns/bumperbot_ws/src/bumperbot_controller', 'symlink_install': False, 'test_result_base': None}
[0.254s] Level 5:colcon.colcon_core.verb:set package 'bumperbot_description' build argument 'cmake_args' from command line to '['-DCMAKE_EXPORT_COMPILE_COMMANDS=ON']'
[0.254s] Level 5:colcon.colcon_core.verb:set package 'bumperbot_description' build argument 'cmake_target' from command line to 'None'
[0.254s] Level 5:colcon.colcon_core.verb:set package 'bumperbot_description' build argument 'cmake_target_skip_unavailable' from command line to 'False'
[0.254s] Level 5:colcon.colcon_core.verb:set package 'bumperbot_description' build argument 'cmake_clean_cache' from command line to 'False'
[0.254s] Level 5:colcon.colcon_core.verb:set package 'bumperbot_description' build argument 'cmake_clean_first' from command line to 'False'
[0.254s] Level 5:colcon.colcon_core.verb:set package 'bumperbot_description' build argument 'cmake_force_configure' from command line to 'False'
[0.254s] Level 5:colcon.colcon_core.verb:set package 'bumperbot_description' build argument 'ament_cmake_args' from command line to 'None'
[0.254s] Level 5:colcon.colcon_core.verb:set package 'bumperbot_description' build argument 'catkin_cmake_args' from command line to 'None'
[0.254s] Level 5:colcon.colcon_core.verb:set package 'bumperbot_description' build argument 'catkin_skip_building_tests' from command line to 'False'
[0.254s] DEBUG:colcon.colcon_core.verb:Building package 'bumperbot_description' with the following arguments: {'ament_cmake_args': None, 'build_base': '/home/mhdns/bumperbot_ws/build/bumperbot_description', 'catkin_cmake_args': None, 'catkin_skip_building_tests': False, 'cmake_args': ['-DCMAKE_EXPORT_COMPILE_COMMANDS=ON'], 'cmake_clean_cache': False, 'cmake_clean_first': False, 'cmake_force_configure': False, 'cmake_target': None, 'cmake_target_skip_unavailable': False, 'install_base': '/home/mhdns/bumperbot_ws/install/bumperbot_description', 'merge_install': False, 'path': '/home/mhdns/bumperbot_ws/src/bumperbot_description', 'symlink_install': False, 'test_result_base': None}
[0.254s] Level 5:colcon.colcon_core.verb:set package 'bumperbot_msgs' build argument 'cmake_args' from command line to '['-DCMAKE_EXPORT_COMPILE_COMMANDS=ON']'
[0.254s] Level 5:colcon.colcon_core.verb:set package 'bumperbot_msgs' build argument 'cmake_target' from command line to 'None'
[0.254s] Level 5:colcon.colcon_core.verb:set package 'bumperbot_msgs' build argument 'cmake_target_skip_unavailable' from command line to 'False'
[0.254s] Level 5:colcon.colcon_core.verb:set package 'bumperbot_msgs' build argument 'cmake_clean_cache' from command line to 'False'
[0.254s] Level 5:colcon.colcon_core.verb:set package 'bumperbot_msgs' build argument 'cmake_clean_first' from command line to 'False'
[0.254s] Level 5:colcon.colcon_core.verb:set package 'bumperbot_msgs' build argument 'cmake_force_configure' from command line to 'False'
[0.254s] Level 5:colcon.colcon_core.verb:set package 'bumperbot_msgs' build argument 'ament_cmake_args' from command line to 'None'
[0.254s] Level 5:colcon.colcon_core.verb:set package 'bumperbot_msgs' build argument 'catkin_cmake_args' from command line to 'None'
[0.254s] Level 5:colcon.colcon_core.verb:set package 'bumperbot_msgs' build argument 'catkin_skip_building_tests' from command line to 'False'
[0.254s] DEBUG:colcon.colcon_core.verb:Building package 'bumperbot_msgs' with the following arguments: {'ament_cmake_args': None, 'build_base': '/home/mhdns/bumperbot_ws/build/bumperbot_msgs', 'catkin_cmake_args': None, 'catkin_skip_building_tests': False, 'cmake_args': ['-DCMAKE_EXPORT_COMPILE_COMMANDS=ON'], 'cmake_clean_cache': False, 'cmake_clean_first': False, 'cmake_force_configure': False, 'cmake_target': None, 'cmake_target_skip_unavailable': False, 'install_base': '/home/mhdns/bumperbot_ws/install/bumperbot_msgs', 'merge_install': False, 'path': '/home/mhdns/bumperbot_ws/src/bumperbot_msgs', 'symlink_install': False, 'test_result_base': None}
[0.254s] Level 5:colcon.colcon_core.verb:set package 'bumperbot_cpp_examples' build argument 'cmake_args' from command line to '['-DCMAKE_EXPORT_COMPILE_COMMANDS=ON']'
[0.255s] Level 5:colcon.colcon_core.verb:set package 'bumperbot_cpp_examples' build argument 'cmake_target' from command line to 'None'
[0.255s] Level 5:colcon.colcon_core.verb:set package 'bumperbot_cpp_examples' build argument 'cmake_target_skip_unavailable' from command line to 'False'
[0.255s] Level 5:colcon.colcon_core.verb:set package 'bumperbot_cpp_examples' build argument 'cmake_clean_cache' from command line to 'False'
[0.255s] Level 5:colcon.colcon_core.verb:set package 'bumperbot_cpp_examples' build argument 'cmake_clean_first' from command line to 'False'
[0.255s] Level 5:colcon.colcon_core.verb:set package 'bumperbot_cpp_examples' build argument 'cmake_force_configure' from command line to 'False'
[0.255s] Level 5:colcon.colcon_core.verb:set package 'bumperbot_cpp_examples' build argument 'ament_cmake_args' from command line to 'None'
[0.255s] Level 5:colcon.colcon_core.verb:set package 'bumperbot_cpp_examples' build argument 'catkin_cmake_args' from command line to 'None'
[0.255s] Level 5:colcon.colcon_core.verb:set package 'bumperbot_cpp_examples' build argument 'catkin_skip_building_tests' from command line to 'False'
[0.255s] DEBUG:colcon.colcon_core.verb:Building package 'bumperbot_cpp_examples' with the following arguments: {'ament_cmake_args': None, 'build_base': '/home/mhdns/bumperbot_ws/build/bumperbot_cpp_examples', 'catkin_cmake_args': None, 'catkin_skip_building_tests': False, 'cmake_args': ['-DCMAKE_EXPORT_COMPILE_COMMANDS=ON'], 'cmake_clean_cache': False, 'cmake_clean_first': False, 'cmake_force_configure': False, 'cmake_target': None, 'cmake_target_skip_unavailable': False, 'install_base': '/home/mhdns/bumperbot_ws/install/bumperbot_cpp_examples', 'merge_install': False, 'path': '/home/mhdns/bumperbot_ws/src/bumperbot_cpp_examples', 'symlink_install': False, 'test_result_base': None}
[0.255s] Level 5:colcon.colcon_core.verb:set package 'bumperbot_py_examples' build argument 'cmake_args' from command line to '['-DCMAKE_EXPORT_COMPILE_COMMANDS=ON']'
[0.255s] Level 5:colcon.colcon_core.verb:set package 'bumperbot_py_examples' build argument 'cmake_target' from command line to 'None'
[0.255s] Level 5:colcon.colcon_core.verb:set package 'bumperbot_py_examples' build argument 'cmake_target_skip_unavailable' from command line to 'False'
[0.255s] Level 5:colcon.colcon_core.verb:set package 'bumperbot_py_examples' build argument 'cmake_clean_cache' from command line to 'False'
[0.255s] Level 5:colcon.colcon_core.verb:set package 'bumperbot_py_examples' build argument 'cmake_clean_first' from command line to 'False'
[0.255s] Level 5:colcon.colcon_core.verb:set package 'bumperbot_py_examples' build argument 'cmake_force_configure' from command line to 'False'
[0.255s] Level 5:colcon.colcon_core.verb:set package 'bumperbot_py_examples' build argument 'ament_cmake_args' from command line to 'None'
[0.255s] Level 5:colcon.colcon_core.verb:set package 'bumperbot_py_examples' build argument 'catkin_cmake_args' from command line to 'None'
[0.255s] Level 5:colcon.colcon_core.verb:set package 'bumperbot_py_examples' build argument 'catkin_skip_building_tests' from command line to 'False'
[0.255s] DEBUG:colcon.colcon_core.verb:Building package 'bumperbot_py_examples' with the following arguments: {'ament_cmake_args': None, 'build_base': '/home/mhdns/bumperbot_ws/build/bumperbot_py_examples', 'catkin_cmake_args': None, 'catkin_skip_building_tests': False, 'cmake_args': ['-DCMAKE_EXPORT_COMPILE_COMMANDS=ON'], 'cmake_clean_cache': False, 'cmake_clean_first': False, 'cmake_force_configure': False, 'cmake_target': None, 'cmake_target_skip_unavailable': False, 'install_base': '/home/mhdns/bumperbot_ws/install/bumperbot_py_examples', 'merge_install': False, 'path': '/home/mhdns/bumperbot_ws/src/bumperbot_py_examples', 'symlink_install': False, 'test_result_base': None}
[0.255s] INFO:colcon.colcon_core.executor:Executing jobs using 'parallel' executor
[0.256s] DEBUG:colcon.colcon_parallel_executor.executor.parallel:run_until_complete
[0.256s] INFO:colcon.colcon_ros.task.ament_cmake.build:Building ROS package in '/home/mhdns/bumperbot_ws/src/bumperbot_msgs' with build type 'ament_cmake'
[0.256s] INFO:colcon.colcon_cmake.task.cmake.build:Building CMake package in '/home/mhdns/bumperbot_ws/src/bumperbot_msgs'
[0.257s] INFO:colcon.colcon_core.plugin_system:Skipping extension 'colcon_core.shell.bat': Not used on non-Windows systems
[0.258s] INFO:colcon.colcon_core.shell:Skip shell extension 'powershell' for command environment: Not usable outside of PowerShell
[0.258s] DEBUG:colcon.colcon_core.shell:Skip shell extension 'dsv' for command environment
[0.260s] INFO:colcon.colcon_ros.task.ament_cmake.build:Building ROS package in '/home/mhdns/bumperbot_ws/src/bumperbot_controller' with build type 'ament_cmake'
[0.260s] INFO:colcon.colcon_cmake.task.cmake.build:Building CMake package in '/home/mhdns/bumperbot_ws/src/bumperbot_controller'
[0.260s] INFO:colcon.colcon_core.shell:Skip shell extension 'powershell' for command environment: Not usable outside of PowerShell
[0.260s] DEBUG:colcon.colcon_core.shell:Skip shell extension 'dsv' for command environment
[0.262s] INFO:colcon.colcon_ros.task.ament_cmake.build:Building ROS package in '/home/mhdns/bumperbot_ws/src/bumperbot_description' with build type 'ament_cmake'
[0.262s] INFO:colcon.colcon_cmake.task.cmake.build:Building CMake package in '/home/mhdns/bumperbot_ws/src/bumperbot_description'
[0.263s] INFO:colcon.colcon_core.shell:Skip shell extension 'powershell' for command environment: Not usable outside of PowerShell
[0.263s] DEBUG:colcon.colcon_core.shell:Skip shell extension 'dsv' for command environment
[0.268s] DEBUG:colcon.colcon_core.event_handler.log_command:Invoking command in '/home/mhdns/bumperbot_ws/build/bumperbot_msgs': /usr/bin/cmake --build /home/mhdns/bumperbot_ws/build/bumperbot_msgs -- -j32 -l32
[0.271s] DEBUG:colcon.colcon_core.event_handler.log_command:Invoking command in '/home/mhdns/bumperbot_ws/build/bumperbot_controller': /usr/bin/cmake --build /home/mhdns/bumperbot_ws/build/bumperbot_controller -- -j32 -l32
[0.273s] DEBUG:colcon.colcon_core.event_handler.log_command:Invoking command in '/home/mhdns/bumperbot_ws/build/bumperbot_description': /usr/bin/cmake --build /home/mhdns/bumperbot_ws/build/bumperbot_description -- -j32 -l32
[0.279s] DEBUG:colcon.colcon_core.event_handler.log_command:Invoked command in '/home/mhdns/bumperbot_ws/build/bumperbot_description' returned '0': /usr/bin/cmake --build /home/mhdns/bumperbot_ws/build/bumperbot_description -- -j32 -l32
[0.292s] DEBUG:colcon.colcon_core.event_handler.log_command:Invoking command in '/home/mhdns/bumperbot_ws/build/bumperbot_description': /usr/bin/cmake --install /home/mhdns/bumperbot_ws/build/bumperbot_description
[0.300s] Level 1:colcon.colcon_core.environment:create_environment_scripts_only(bumperbot_description)
[0.302s] DEBUG:colcon.colcon_core.event_handler.log_command:Invoked command in '/home/mhdns/bumperbot_ws/build/bumperbot_description' returned '0': /usr/bin/cmake --install /home/mhdns/bumperbot_ws/build/bumperbot_description
[0.304s] Level 1:colcon.colcon_core.environment:checking '/home/mhdns/bumperbot_ws/install/bumperbot_description' for CMake module files
[0.304s] Level 1:colcon.colcon_core.environment:checking '/home/mhdns/bumperbot_ws/install/bumperbot_description' for CMake config files
[0.304s] Level 1:colcon.colcon_core.shell:create_environment_hook('bumperbot_description', 'cmake_prefix_path')
[0.304s] INFO:colcon.colcon_core.shell:Creating environment hook '/home/mhdns/bumperbot_ws/install/bumperbot_description/share/bumperbot_description/hook/cmake_prefix_path.ps1'
[0.305s] INFO:colcon.colcon_core.shell:Creating environment descriptor '/home/mhdns/bumperbot_ws/install/bumperbot_description/share/bumperbot_description/hook/cmake_prefix_path.dsv'
[0.305s] INFO:colcon.colcon_core.shell:Creating environment hook '/home/mhdns/bumperbot_ws/install/bumperbot_description/share/bumperbot_description/hook/cmake_prefix_path.sh'
[0.305s] Level 1:colcon.colcon_core.environment:checking '/home/mhdns/bumperbot_ws/install/bumperbot_description/bin'
[0.306s] Level 1:colcon.colcon_core.environment:checking '/home/mhdns/bumperbot_ws/install/bumperbot_description/lib/pkgconfig/bumperbot_description.pc'
[0.306s] Level 1:colcon.colcon_core.environment:checking '/home/mhdns/bumperbot_ws/install/bumperbot_description/lib/python3.10/site-packages'
[0.306s] Level 1:colcon.colcon_core.environment:checking '/home/mhdns/bumperbot_ws/install/bumperbot_description/bin'
[0.306s] INFO:colcon.colcon_core.shell:Creating package script '/home/mhdns/bumperbot_ws/install/bumperbot_description/share/bumperbot_description/package.ps1'
[0.306s] INFO:colcon.colcon_core.shell:Creating package descriptor '/home/mhdns/bumperbot_ws/install/bumperbot_description/share/bumperbot_description/package.dsv'
[0.307s] INFO:colcon.colcon_core.shell:Creating package script '/home/mhdns/bumperbot_ws/install/bumperbot_description/share/bumperbot_description/package.sh'
[0.307s] INFO:colcon.colcon_core.shell:Creating package script '/home/mhdns/bumperbot_ws/install/bumperbot_description/share/bumperbot_description/package.bash'
[0.307s] INFO:colcon.colcon_core.shell:Creating package script '/home/mhdns/bumperbot_ws/install/bumperbot_description/share/bumperbot_description/package.zsh'
[0.308s] Level 1:colcon.colcon_core.environment:create_file_with_runtime_dependencies(/home/mhdns/bumperbot_ws/install/bumperbot_description/share/colcon-core/packages/bumperbot_description)
[0.318s] Level 1:colcon.colcon_core.environment:create_environment_scripts_only(bumperbot_description)
[0.318s] Level 1:colcon.colcon_core.environment:checking '/home/mhdns/bumperbot_ws/install/bumperbot_description' for CMake module files
[0.318s] Level 1:colcon.colcon_core.environment:checking '/home/mhdns/bumperbot_ws/install/bumperbot_description' for CMake config files
[0.319s] Level 1:colcon.colcon_core.shell:create_environment_hook('bumperbot_description', 'cmake_prefix_path')
[0.319s] INFO:colcon.colcon_core.shell:Creating environment hook '/home/mhdns/bumperbot_ws/install/bumperbot_description/share/bumperbot_description/hook/cmake_prefix_path.ps1'
[0.319s] INFO:colcon.colcon_core.shell:Creating environment descriptor '/home/mhdns/bumperbot_ws/install/bumperbot_description/share/bumperbot_description/hook/cmake_prefix_path.dsv'
[0.319s] INFO:colcon.colcon_core.shell:Creating environment hook '/home/mhdns/bumperbot_ws/install/bumperbot_description/share/bumperbot_description/hook/cmake_prefix_path.sh'
[0.319s] Level 1:colcon.colcon_core.environment:checking '/home/mhdns/bumperbot_ws/install/bumperbot_description/bin'
[0.320s] Level 1:colcon.colcon_core.environment:checking '/home/mhdns/bumperbot_ws/install/bumperbot_description/lib/pkgconfig/bumperbot_description.pc'
[0.320s] Level 1:colcon.colcon_core.environment:checking '/home/mhdns/bumperbot_ws/install/bumperbot_description/lib/python3.10/site-packages'
[0.320s] Level 1:colcon.colcon_core.environment:checking '/home/mhdns/bumperbot_ws/install/bumperbot_description/bin'
[0.320s] INFO:colcon.colcon_core.shell:Creating package script '/home/mhdns/bumperbot_ws/install/bumperbot_description/share/bumperbot_description/package.ps1'
[0.320s] INFO:colcon.colcon_core.shell:Creating package descriptor '/home/mhdns/bumperbot_ws/install/bumperbot_description/share/bumperbot_description/package.dsv'
[0.320s] INFO:colcon.colcon_core.shell:Creating package script '/home/mhdns/bumperbot_ws/install/bumperbot_description/share/bumperbot_description/package.sh'
[0.321s] INFO:colcon.colcon_core.shell:Creating package script '/home/mhdns/bumperbot_ws/install/bumperbot_description/share/bumperbot_description/package.bash'
[0.321s] INFO:colcon.colcon_core.shell:Creating package script '/home/mhdns/bumperbot_ws/install/bumperbot_description/share/bumperbot_description/package.zsh'
[0.321s] Level 1:colcon.colcon_core.environment:create_file_with_runtime_dependencies(/home/mhdns/bumperbot_ws/install/bumperbot_description/share/colcon-core/packages/bumperbot_description)
[0.434s] DEBUG:colcon.colcon_core.event_handler.log_command:Invoked command in '/home/mhdns/bumperbot_ws/build/bumperbot_msgs' returned '0': /usr/bin/cmake --build /home/mhdns/bumperbot_ws/build/bumperbot_msgs -- -j32 -l32
[0.446s] DEBUG:colcon.colcon_core.event_handler.log_command:Invoking command in '/home/mhdns/bumperbot_ws/build/bumperbot_msgs': /usr/bin/cmake --install /home/mhdns/bumperbot_ws/build/bumperbot_msgs
[0.481s] Level 1:colcon.colcon_core.environment:create_environment_scripts_only(bumperbot_msgs)
[0.481s] Level 1:colcon.colcon_core.environment:checking '/home/mhdns/bumperbot_ws/install/bumperbot_msgs' for CMake module files
[0.481s] DEBUG:colcon.colcon_core.event_handler.log_command:Invoked command in '/home/mhdns/bumperbot_ws/build/bumperbot_msgs' returned '0': /usr/bin/cmake --install /home/mhdns/bumperbot_ws/build/bumperbot_msgs
[0.482s] Level 1:colcon.colcon_core.environment:checking '/home/mhdns/bumperbot_ws/install/bumperbot_msgs' for CMake config files
[0.482s] Level 1:colcon.colcon_core.shell:create_environment_hook('bumperbot_msgs', 'cmake_prefix_path')
[0.482s] INFO:colcon.colcon_core.shell:Creating environment hook '/home/mhdns/bumperbot_ws/install/bumperbot_msgs/share/bumperbot_msgs/hook/cmake_prefix_path.ps1'
[0.482s] INFO:colcon.colcon_core.shell:Creating environment descriptor '/home/mhdns/bumperbot_ws/install/bumperbot_msgs/share/bumperbot_msgs/hook/cmake_prefix_path.dsv'
[0.483s] INFO:colcon.colcon_core.shell:Creating environment hook '/home/mhdns/bumperbot_ws/install/bumperbot_msgs/share/bumperbot_msgs/hook/cmake_prefix_path.sh'
[0.483s] Level 1:colcon.colcon_core.environment:checking '/home/mhdns/bumperbot_ws/install/bumperbot_msgs/lib'
[0.483s] Level 1:colcon.colcon_core.shell:create_environment_hook('bumperbot_msgs', 'ld_library_path_lib')
[0.483s] INFO:colcon.colcon_core.shell:Creating environment hook '/home/mhdns/bumperbot_ws/install/bumperbot_msgs/share/bumperbot_msgs/hook/ld_library_path_lib.ps1'
[0.483s] INFO:colcon.colcon_core.shell:Creating environment descriptor '/home/mhdns/bumperbot_ws/install/bumperbot_msgs/share/bumperbot_msgs/hook/ld_library_path_lib.dsv'
[0.484s] INFO:colcon.colcon_core.shell:Creating environment hook '/home/mhdns/bumperbot_ws/install/bumperbot_msgs/share/bumperbot_msgs/hook/ld_library_path_lib.sh'
[0.484s] Level 1:colcon.colcon_core.environment:checking '/home/mhdns/bumperbot_ws/install/bumperbot_msgs/bin'
[0.484s] Level 1:colcon.colcon_core.environment:checking '/home/mhdns/bumperbot_ws/install/bumperbot_msgs/lib/pkgconfig/bumperbot_msgs.pc'
[0.484s] Level 1:colcon.colcon_core.environment:checking '/home/mhdns/bumperbot_ws/install/bumperbot_msgs/lib/python3.10/site-packages'
[0.484s] Level 1:colcon.colcon_core.environment:checking '/home/mhdns/bumperbot_ws/install/bumperbot_msgs/bin'
[0.484s] INFO:colcon.colcon_core.shell:Creating package script '/home/mhdns/bumperbot_ws/install/bumperbot_msgs/share/bumperbot_msgs/package.ps1'
[0.485s] INFO:colcon.colcon_core.shell:Creating package descriptor '/home/mhdns/bumperbot_ws/install/bumperbot_msgs/share/bumperbot_msgs/package.dsv'
[0.485s] INFO:colcon.colcon_core.shell:Creating package script '/home/mhdns/bumperbot_ws/install/bumperbot_msgs/share/bumperbot_msgs/package.sh'
[0.485s] INFO:colcon.colcon_core.shell:Creating package script '/home/mhdns/bumperbot_ws/install/bumperbot_msgs/share/bumperbot_msgs/package.bash'
[0.485s] INFO:colcon.colcon_core.shell:Creating package script '/home/mhdns/bumperbot_ws/install/bumperbot_msgs/share/bumperbot_msgs/package.zsh'
[0.485s] Level 1:colcon.colcon_core.environment:create_file_with_runtime_dependencies(/home/mhdns/bumperbot_ws/install/bumperbot_msgs/share/colcon-core/packages/bumperbot_msgs)
[0.498s] Level 1:colcon.colcon_core.environment:create_environment_scripts_only(bumperbot_msgs)
[0.498s] Level 1:colcon.colcon_core.environment:checking '/home/mhdns/bumperbot_ws/install/bumperbot_msgs' for CMake module files
[0.498s] Level 1:colcon.colcon_core.environment:checking '/home/mhdns/bumperbot_ws/install/bumperbot_msgs' for CMake config files
[0.499s] Level 1:colcon.colcon_core.shell:create_environment_hook('bumperbot_msgs', 'cmake_prefix_path')
[0.499s] INFO:colcon.colcon_core.shell:Creating environment hook '/home/mhdns/bumperbot_ws/install/bumperbot_msgs/share/bumperbot_msgs/hook/cmake_prefix_path.ps1'
[0.499s] INFO:colcon.colcon_core.shell:Creating environment descriptor '/home/mhdns/bumperbot_ws/install/bumperbot_msgs/share/bumperbot_msgs/hook/cmake_prefix_path.dsv'
[0.499s] INFO:colcon.colcon_core.shell:Creating environment hook '/home/mhdns/bumperbot_ws/install/bumperbot_msgs/share/bumperbot_msgs/hook/cmake_prefix_path.sh'
[0.499s] Level 1:colcon.colcon_core.environment:checking '/home/mhdns/bumperbot_ws/install/bumperbot_msgs/lib'
[0.500s] Level 1:colcon.colcon_core.shell:create_environment_hook('bumperbot_msgs', 'ld_library_path_lib')
[0.500s] INFO:colcon.colcon_core.shell:Creating environment hook '/home/mhdns/bumperbot_ws/install/bumperbot_msgs/share/bumperbot_msgs/hook/ld_library_path_lib.ps1'
[0.500s] INFO:colcon.colcon_core.shell:Creating environment descriptor '/home/mhdns/bumperbot_ws/install/bumperbot_msgs/share/bumperbot_msgs/hook/ld_library_path_lib.dsv'
[0.500s] INFO:colcon.colcon_core.shell:Creating environment hook '/home/mhdns/bumperbot_ws/install/bumperbot_msgs/share/bumperbot_msgs/hook/ld_library_path_lib.sh'
[0.500s] Level 1:colcon.colcon_core.environment:checking '/home/mhdns/bumperbot_ws/install/bumperbot_msgs/bin'
[0.500s] Level 1:colcon.colcon_core.environment:checking '/home/mhdns/bumperbot_ws/install/bumperbot_msgs/lib/pkgconfig/bumperbot_msgs.pc'
[0.500s] Level 1:colcon.colcon_core.environment:checking '/home/mhdns/bumperbot_ws/install/bumperbot_msgs/lib/python3.10/site-packages'
[0.500s] Level 1:colcon.colcon_core.environment:checking '/home/mhdns/bumperbot_ws/install/bumperbot_msgs/bin'
[0.501s] INFO:colcon.colcon_core.shell:Creating package script '/home/mhdns/bumperbot_ws/install/bumperbot_msgs/share/bumperbot_msgs/package.ps1'
[0.501s] INFO:colcon.colcon_core.shell:Creating package descriptor '/home/mhdns/bumperbot_ws/install/bumperbot_msgs/share/bumperbot_msgs/package.dsv'
[0.501s] INFO:colcon.colcon_core.shell:Creating package script '/home/mhdns/bumperbot_ws/install/bumperbot_msgs/share/bumperbot_msgs/package.sh'
[0.502s] INFO:colcon.colcon_core.shell:Creating package script '/home/mhdns/bumperbot_ws/install/bumperbot_msgs/share/bumperbot_msgs/package.bash'
[0.502s] INFO:colcon.colcon_core.shell:Creating package script '/home/mhdns/bumperbot_ws/install/bumperbot_msgs/share/bumperbot_msgs/package.zsh'
[0.502s] Level 1:colcon.colcon_core.environment:create_file_with_runtime_dependencies(/home/mhdns/bumperbot_ws/install/bumperbot_msgs/share/colcon-core/packages/bumperbot_msgs)
[0.502s] INFO:colcon.colcon_ros.task.ament_cmake.build:Building ROS package in '/home/mhdns/bumperbot_ws/src/bumperbot_cpp_examples' with build type 'ament_cmake'
[0.502s] INFO:colcon.colcon_cmake.task.cmake.build:Building CMake package in '/home/mhdns/bumperbot_ws/src/bumperbot_cpp_examples'
[0.503s] INFO:colcon.colcon_core.shell:Skip shell extension 'powershell' for command environment: Not usable outside of PowerShell
[0.503s] DEBUG:colcon.colcon_core.shell:Skip shell extension 'dsv' for command environment
[0.505s] INFO:colcon.colcon_ros.task.ament_python.build:Building ROS package in '/home/mhdns/bumperbot_ws/src/bumperbot_py_examples' with build type 'ament_python'
[0.505s] Level 1:colcon.colcon_core.shell:create_environment_hook('bumperbot_py_examples', 'ament_prefix_path')
[0.506s] INFO:colcon.colcon_core.shell:Creating environment hook '/home/mhdns/bumperbot_ws/install/bumperbot_py_examples/share/bumperbot_py_examples/hook/ament_prefix_path.ps1'
[0.506s] INFO:colcon.colcon_core.shell:Creating environment descriptor '/home/mhdns/bumperbot_ws/install/bumperbot_py_examples/share/bumperbot_py_examples/hook/ament_prefix_path.dsv'
[0.506s] INFO:colcon.colcon_core.shell:Creating environment hook '/home/mhdns/bumperbot_ws/install/bumperbot_py_examples/share/bumperbot_py_examples/hook/ament_prefix_path.sh'
[0.506s] INFO:colcon.colcon_core.shell:Skip shell extension 'powershell' for command environment: Not usable outside of PowerShell
[0.506s] DEBUG:colcon.colcon_core.shell:Skip shell extension 'dsv' for command environment
[0.692s] INFO:colcon.colcon_core.task.python.build:Building Python package in '/home/mhdns/bumperbot_ws/src/bumperbot_py_examples'
[0.692s] INFO:colcon.colcon_core.shell:Skip shell extension 'powershell' for command environment: Not usable outside of PowerShell
[0.692s] DEBUG:colcon.colcon_core.shell:Skip shell extension 'dsv' for command environment
[0.697s] DEBUG:colcon.colcon_core.event_handler.log_command:Invoking command in '/home/mhdns/bumperbot_ws/build/bumperbot_cpp_examples': AMENT_PREFIX_PATH=/home/mhdns/bumperbot_ws/install/bumperbot_msgs:${AMENT_PREFIX_PATH} CMAKE_PREFIX_PATH=/home/mhdns/bumperbot_ws/install/bumperbot_msgs:${CMAKE_PREFIX_PATH} LD_LIBRARY_PATH=/home/mhdns/bumperbot_ws/install/bumperbot_msgs/lib:${LD_LIBRARY_PATH} PYTHONPATH=/home/mhdns/bumperbot_ws/install/bumperbot_msgs/local/lib/python3.10/dist-packages:${PYTHONPATH} /usr/bin/cmake --build /home/mhdns/bumperbot_ws/build/bumperbot_cpp_examples -- -j32 -l32
[0.740s] DEBUG:colcon.colcon_core.event_handler.log_command:Invoked command in '/home/mhdns/bumperbot_ws/build/bumperbot_cpp_examples' returned '0': AMENT_PREFIX_PATH=/home/mhdns/bumperbot_ws/install/bumperbot_msgs:${AMENT_PREFIX_PATH} CMAKE_PREFIX_PATH=/home/mhdns/bumperbot_ws/install/bumperbot_msgs:${CMAKE_PREFIX_PATH} LD_LIBRARY_PATH=/home/mhdns/bumperbot_ws/install/bumperbot_msgs/lib:${LD_LIBRARY_PATH} PYTHONPATH=/home/mhdns/bumperbot_ws/install/bumperbot_msgs/local/lib/python3.10/dist-packages:${PYTHONPATH} /usr/bin/cmake --build /home/mhdns/bumperbot_ws/build/bumperbot_cpp_examples -- -j32 -l32
[0.766s] DEBUG:colcon.colcon_core.event_handler.log_command:Invoking command in '/home/mhdns/bumperbot_ws/build/bumperbot_cpp_examples': AMENT_PREFIX_PATH=/home/mhdns/bumperbot_ws/install/bumperbot_msgs:${AMENT_PREFIX_PATH} CMAKE_PREFIX_PATH=/home/mhdns/bumperbot_ws/install/bumperbot_msgs:${CMAKE_PREFIX_PATH} LD_LIBRARY_PATH=/home/mhdns/bumperbot_ws/install/bumperbot_msgs/lib:${LD_LIBRARY_PATH} PYTHONPATH=/home/mhdns/bumperbot_ws/install/bumperbot_msgs/local/lib/python3.10/dist-packages:${PYTHONPATH} /usr/bin/cmake --install /home/mhdns/bumperbot_ws/build/bumperbot_cpp_examples
[0.773s] Level 1:colcon.colcon_core.environment:create_environment_scripts_only(bumperbot_cpp_examples)
[0.774s] Level 1:colcon.colcon_core.environment:checking '/home/mhdns/bumperbot_ws/install/bumperbot_cpp_examples' for CMake module files
[0.774s] DEBUG:colcon.colcon_core.event_handler.log_command:Invoked command in '/home/mhdns/bumperbot_ws/build/bumperbot_cpp_examples' returned '0': AMENT_PREFIX_PATH=/home/mhdns/bumperbot_ws/install/bumperbot_msgs:${AMENT_PREFIX_PATH} CMAKE_PREFIX_PATH=/home/mhdns/bumperbot_ws/install/bumperbot_msgs:${CMAKE_PREFIX_PATH} LD_LIBRARY_PATH=/home/mhdns/bumperbot_ws/install/bumperbot_msgs/lib:${LD_LIBRARY_PATH} PYTHONPATH=/home/mhdns/bumperbot_ws/install/bumperbot_msgs/local/lib/python3.10/dist-packages:${PYTHONPATH} /usr/bin/cmake --install /home/mhdns/bumperbot_ws/build/bumperbot_cpp_examples
[0.774s] Level 1:colcon.colcon_core.environment:checking '/home/mhdns/bumperbot_ws/install/bumperbot_cpp_examples' for CMake config files
[0.775s] Level 1:colcon.colcon_core.shell:create_environment_hook('bumperbot_cpp_examples', 'cmake_prefix_path')
[0.775s] INFO:colcon.colcon_core.shell:Creating environment hook '/home/mhdns/bumperbot_ws/install/bumperbot_cpp_examples/share/bumperbot_cpp_examples/hook/cmake_prefix_path.ps1'
[0.775s] INFO:colcon.colcon_core.shell:Creating environment descriptor '/home/mhdns/bumperbot_ws/install/bumperbot_cpp_examples/share/bumperbot_cpp_examples/hook/cmake_prefix_path.dsv'
[0.775s] INFO:colcon.colcon_core.shell:Creating environment hook '/home/mhdns/bumperbot_ws/install/bumperbot_cpp_examples/share/bumperbot_cpp_examples/hook/cmake_prefix_path.sh'
[0.775s] Level 1:colcon.colcon_core.environment:checking '/home/mhdns/bumperbot_ws/install/bumperbot_cpp_examples/lib'
[0.775s] Level 1:colcon.colcon_core.environment:checking '/home/mhdns/bumperbot_ws/install/bumperbot_cpp_examples/bin'
[0.776s] Level 1:colcon.colcon_core.environment:checking '/home/mhdns/bumperbot_ws/install/bumperbot_cpp_examples/lib/pkgconfig/bumperbot_cpp_examples.pc'
[0.776s] Level 1:colcon.colcon_core.environment:checking '/home/mhdns/bumperbot_ws/install/bumperbot_cpp_examples/lib/python3.10/site-packages'
[0.776s] Level 1:colcon.colcon_core.environment:checking '/home/mhdns/bumperbot_ws/install/bumperbot_cpp_examples/bin'
[0.776s] INFO:colcon.colcon_core.shell:Creating package script '/home/mhdns/bumperbot_ws/install/bumperbot_cpp_examples/share/bumperbot_cpp_examples/package.ps1'
[0.776s] INFO:colcon.colcon_core.shell:Creating package descriptor '/home/mhdns/bumperbot_ws/install/bumperbot_cpp_examples/share/bumperbot_cpp_examples/package.dsv'
[0.776s] INFO:colcon.colcon_core.shell:Creating package script '/home/mhdns/bumperbot_ws/install/bumperbot_cpp_examples/share/bumperbot_cpp_examples/package.sh'
[0.777s] INFO:colcon.colcon_core.shell:Creating package script '/home/mhdns/bumperbot_ws/install/bumperbot_cpp_examples/share/bumperbot_cpp_examples/package.bash'
[0.777s] INFO:colcon.colcon_core.shell:Creating package script '/home/mhdns/bumperbot_ws/install/bumperbot_cpp_examples/share/bumperbot_cpp_examples/package.zsh'
[0.777s] Level 1:colcon.colcon_core.environment:create_file_with_runtime_dependencies(/home/mhdns/bumperbot_ws/install/bumperbot_cpp_examples/share/colcon-core/packages/bumperbot_cpp_examples)
[0.803s] Level 1:colcon.colcon_core.environment:create_environment_scripts_only(bumperbot_cpp_examples)
[0.803s] Level 1:colcon.colcon_core.environment:checking '/home/mhdns/bumperbot_ws/install/bumperbot_cpp_examples' for CMake module files
[0.804s] Level 1:colcon.colcon_core.environment:checking '/home/mhdns/bumperbot_ws/install/bumperbot_cpp_examples' for CMake config files
[0.804s] Level 1:colcon.colcon_core.shell:create_environment_hook('bumperbot_cpp_examples', 'cmake_prefix_path')
[0.804s] INFO:colcon.colcon_core.shell:Creating environment hook '/home/mhdns/bumperbot_ws/install/bumperbot_cpp_examples/share/bumperbot_cpp_examples/hook/cmake_prefix_path.ps1'
[0.804s] INFO:colcon.colcon_core.shell:Creating environment descriptor '/home/mhdns/bumperbot_ws/install/bumperbot_cpp_examples/share/bumperbot_cpp_examples/hook/cmake_prefix_path.dsv'
[0.804s] INFO:colcon.colcon_core.shell:Creating environment hook '/home/mhdns/bumperbot_ws/install/bumperbot_cpp_examples/share/bumperbot_cpp_examples/hook/cmake_prefix_path.sh'
[0.805s] Level 1:colcon.colcon_core.environment:checking '/home/mhdns/bumperbot_ws/install/bumperbot_cpp_examples/lib'
[0.805s] Level 1:colcon.colcon_core.environment:checking '/home/mhdns/bumperbot_ws/install/bumperbot_cpp_examples/bin'
[0.805s] Level 1:colcon.colcon_core.environment:checking '/home/mhdns/bumperbot_ws/install/bumperbot_cpp_examples/lib/pkgconfig/bumperbot_cpp_examples.pc'
[0.805s] Level 1:colcon.colcon_core.environment:checking '/home/mhdns/bumperbot_ws/install/bumperbot_cpp_examples/lib/python3.10/site-packages'
[0.805s] Level 1:colcon.colcon_core.environment:checking '/home/mhdns/bumperbot_ws/install/bumperbot_cpp_examples/bin'
[0.805s] INFO:colcon.colcon_core.shell:Creating package script '/home/mhdns/bumperbot_ws/install/bumperbot_cpp_examples/share/bumperbot_cpp_examples/package.ps1'
[0.806s] INFO:colcon.colcon_core.shell:Creating package descriptor '/home/mhdns/bumperbot_ws/install/bumperbot_cpp_examples/share/bumperbot_cpp_examples/package.dsv'
[0.806s] INFO:colcon.colcon_core.shell:Creating package script '/home/mhdns/bumperbot_ws/install/bumperbot_cpp_examples/share/bumperbot_cpp_examples/package.sh'
[0.806s] INFO:colcon.colcon_core.shell:Creating package script '/home/mhdns/bumperbot_ws/install/bumperbot_cpp_examples/share/bumperbot_cpp_examples/package.bash'
[0.806s] INFO:colcon.colcon_core.shell:Creating package script '/home/mhdns/bumperbot_ws/install/bumperbot_cpp_examples/share/bumperbot_cpp_examples/package.zsh'
[0.806s] Level 1:colcon.colcon_core.environment:create_file_with_runtime_dependencies(/home/mhdns/bumperbot_ws/install/bumperbot_cpp_examples/share/colcon-core/packages/bumperbot_cpp_examples)
[0.950s] DEBUG:colcon.colcon_core.event_handler.log_command:Invoking command in '/home/mhdns/bumperbot_ws/src/bumperbot_py_examples': AMENT_PREFIX_PATH=/home/mhdns/bumperbot_ws/install/bumperbot_msgs:${AMENT_PREFIX_PATH} CMAKE_PREFIX_PATH=/home/mhdns/bumperbot_ws/install/bumperbot_msgs:${CMAKE_PREFIX_PATH} LD_LIBRARY_PATH=/home/mhdns/bumperbot_ws/install/bumperbot_msgs/lib:${LD_LIBRARY_PATH} PYTHONPATH=/home/mhdns/bumperbot_ws/build/bumperbot_py_examples/prefix_override:/usr/lib/python3/dist-packages/colcon_core/task/python/colcon_distutils_commands:/home/mhdns/bumperbot_ws/install/bumperbot_py_examples/lib/python3.10/site-packages:/home/mhdns/bumperbot_ws/install/bumperbot_msgs/local/lib/python3.10/dist-packages:${PYTHONPATH} /usr/bin/python3 -W ignore:setup.py install is deprecated setup.py egg_info --egg-base ../../build/bumperbot_py_examples build --build-base /home/mhdns/bumperbot_ws/build/bumperbot_py_examples/build install --record /home/mhdns/bumperbot_ws/build/bumperbot_py_examples/install.log --single-version-externally-managed install_data
[1.122s] Level 1:colcon.colcon_core.environment:checking '/home/mhdns/bumperbot_ws/install/bumperbot_py_examples' for CMake module files
[1.123s] DEBUG:colcon.colcon_core.event_handler.log_command:Invoked command in '/home/mhdns/bumperbot_ws/src/bumperbot_py_examples' returned '0': AMENT_PREFIX_PATH=/home/mhdns/bumperbot_ws/install/bumperbot_msgs:${AMENT_PREFIX_PATH} CMAKE_PREFIX_PATH=/home/mhdns/bumperbot_ws/install/bumperbot_msgs:${CMAKE_PREFIX_PATH} LD_LIBRARY_PATH=/home/mhdns/bumperbot_ws/install/bumperbot_msgs/lib:${LD_LIBRARY_PATH} PYTHONPATH=/home/mhdns/bumperbot_ws/build/bumperbot_py_examples/prefix_override:/usr/lib/python3/dist-packages/colcon_core/task/python/colcon_distutils_commands:/home/mhdns/bumperbot_ws/install/bumperbot_py_examples/lib/python3.10/site-packages:/home/mhdns/bumperbot_ws/install/bumperbot_msgs/local/lib/python3.10/dist-packages:${PYTHONPATH} /usr/bin/python3 -W ignore:setup.py install is deprecated setup.py egg_info --egg-base ../../build/bumperbot_py_examples build --build-base /home/mhdns/bumperbot_ws/build/bumperbot_py_examples/build install --record /home/mhdns/bumperbot_ws/build/bumperbot_py_examples/install.log --single-version-externally-managed install_data
[1.123s] Level 1:colcon.colcon_core.environment:checking '/home/mhdns/bumperbot_ws/install/bumperbot_py_examples' for CMake config files
[1.123s] Level 1:colcon.colcon_core.environment:checking '/home/mhdns/bumperbot_ws/install/bumperbot_py_examples/lib'
[1.123s] Level 1:colcon.colcon_core.environment:checking '/home/mhdns/bumperbot_ws/install/bumperbot_py_examples/bin'
[1.124s] Level 1:colcon.colcon_core.environment:checking '/home/mhdns/bumperbot_ws/install/bumperbot_py_examples/lib/pkgconfig/bumperbot_py_examples.pc'
[1.124s] Level 1:colcon.colcon_core.environment:checking '/home/mhdns/bumperbot_ws/install/bumperbot_py_examples/lib/python3.10/site-packages'
[1.124s] Level 1:colcon.colcon_core.shell:create_environment_hook('bumperbot_py_examples', 'pythonpath')
[1.124s] INFO:colcon.colcon_core.shell:Creating environment hook '/home/mhdns/bumperbot_ws/install/bumperbot_py_examples/share/bumperbot_py_examples/hook/pythonpath.ps1'
[1.124s] INFO:colcon.colcon_core.shell:Creating environment descriptor '/home/mhdns/bumperbot_ws/install/bumperbot_py_examples/share/bumperbot_py_examples/hook/pythonpath.dsv'
[1.124s] INFO:colcon.colcon_core.shell:Creating environment hook '/home/mhdns/bumperbot_ws/install/bumperbot_py_examples/share/bumperbot_py_examples/hook/pythonpath.sh'
[1.125s] Level 1:colcon.colcon_core.environment:checking '/home/mhdns/bumperbot_ws/install/bumperbot_py_examples/bin'
[1.125s] Level 1:colcon.colcon_core.environment:create_environment_scripts_only(bumperbot_py_examples)
[1.125s] INFO:colcon.colcon_core.shell:Creating package script '/home/mhdns/bumperbot_ws/install/bumperbot_py_examples/share/bumperbot_py_examples/package.ps1'
[1.125s] INFO:colcon.colcon_core.shell:Creating package descriptor '/home/mhdns/bumperbot_ws/install/bumperbot_py_examples/share/bumperbot_py_examples/package.dsv'
[1.125s] INFO:colcon.colcon_core.shell:Creating package script '/home/mhdns/bumperbot_ws/install/bumperbot_py_examples/share/bumperbot_py_examples/package.sh'
[1.126s] INFO:colcon.colcon_core.shell:Creating package script '/home/mhdns/bumperbot_ws/install/bumperbot_py_examples/share/bumperbot_py_examples/package.bash'
[1.126s] INFO:colcon.colcon_core.shell:Creating package script '/home/mhdns/bumperbot_ws/install/bumperbot_py_examples/share/bumperbot_py_examples/package.zsh'
[1.126s] Level 1:colcon.colcon_core.environment:create_file_with_runtime_dependencies(/home/mhdns/bumperbot_ws/install/bumperbot_py_examples/share/colcon-core/packages/bumperbot_py_examples)
[8.366s] DEBUG:colcon.colcon_core.event_handler.log_command:Invoked command in '/home/mhdns/bumperbot_ws/build/bumperbot_controller' returned '0': /usr/bin/cmake --build /home/mhdns/bumperbot_ws/build/bumperbot_controller -- -j32 -l32
[8.378s] DEBUG:colcon.colcon_core.event_handler.log_command:Invoking command in '/home/mhdns/bumperbot_ws/build/bumperbot_controller': /usr/bin/cmake --install /home/mhdns/bumperbot_ws/build/bumperbot_controller
[8.412s] Level 1:colcon.colcon_core.environment:create_environment_scripts_only(bumperbot_controller)
[8.412s] DEBUG:colcon.colcon_core.event_handler.log_command:Invoked command in '/home/mhdns/bumperbot_ws/build/bumperbot_controller' returned '0': /usr/bin/cmake --install /home/mhdns/bumperbot_ws/build/bumperbot_controller
[8.412s] Level 1:colcon.colcon_core.environment:checking '/home/mhdns/bumperbot_ws/install/bumperbot_controller' for CMake module files
[8.412s] Level 1:colcon.colcon_core.environment:checking '/home/mhdns/bumperbot_ws/install/bumperbot_controller' for CMake config files
[8.413s] Level 1:colcon.colcon_core.shell:create_environment_hook('bumperbot_controller', 'cmake_prefix_path')
[8.413s] INFO:colcon.colcon_core.shell:Creating environment hook '/home/mhdns/bumperbot_ws/install/bumperbot_controller/share/bumperbot_controller/hook/cmake_prefix_path.ps1'
[8.413s] INFO:colcon.colcon_core.shell:Creating environment descriptor '/home/mhdns/bumperbot_ws/install/bumperbot_controller/share/bumperbot_controller/hook/cmake_prefix_path.dsv'
[8.413s] INFO:colcon.colcon_core.shell:Creating environment hook '/home/mhdns/bumperbot_ws/install/bumperbot_controller/share/bumperbot_controller/hook/cmake_prefix_path.sh'
[8.414s] Level 1:colcon.colcon_core.environment:checking '/home/mhdns/bumperbot_ws/install/bumperbot_controller/lib'
[8.414s] Level 1:colcon.colcon_core.environment:checking '/home/mhdns/bumperbot_ws/install/bumperbot_controller/bin'
[8.414s] Level 1:colcon.colcon_core.environment:checking '/home/mhdns/bumperbot_ws/install/bumperbot_controller/lib/pkgconfig/bumperbot_controller.pc'
[8.414s] Level 1:colcon.colcon_core.environment:checking '/home/mhdns/bumperbot_ws/install/bumperbot_controller/lib/python3.10/site-packages'
[8.414s] Level 1:colcon.colcon_core.environment:checking '/home/mhdns/bumperbot_ws/install/bumperbot_controller/bin'
[8.414s] INFO:colcon.colcon_core.shell:Creating package script '/home/mhdns/bumperbot_ws/install/bumperbot_controller/share/bumperbot_controller/package.ps1'
[8.415s] INFO:colcon.colcon_core.shell:Creating package descriptor '/home/mhdns/bumperbot_ws/install/bumperbot_controller/share/bumperbot_controller/package.dsv'
[8.415s] INFO:colcon.colcon_core.shell:Creating package script '/home/mhdns/bumperbot_ws/install/bumperbot_controller/share/bumperbot_controller/package.sh'
[8.415s] INFO:colcon.colcon_core.shell:Creating package script '/home/mhdns/bumperbot_ws/install/bumperbot_controller/share/bumperbot_controller/package.bash'
[8.415s] INFO:colcon.colcon_core.shell:Creating package script '/home/mhdns/bumperbot_ws/install/bumperbot_controller/share/bumperbot_controller/package.zsh'
[8.415s] Level 1:colcon.colcon_core.environment:create_file_with_runtime_dependencies(/home/mhdns/bumperbot_ws/install/bumperbot_controller/share/colcon-core/packages/bumperbot_controller)
[8.426s] Level 1:colcon.colcon_core.environment:create_environment_scripts_only(bumperbot_controller)
[8.426s] Level 1:colcon.colcon_core.environment:checking '/home/mhdns/bumperbot_ws/install/bumperbot_controller' for CMake module files
[8.427s] Level 1:colcon.colcon_core.environment:checking '/home/mhdns/bumperbot_ws/install/bumperbot_controller' for CMake config files
[8.427s] Level 1:colcon.colcon_core.shell:create_environment_hook('bumperbot_controller', 'cmake_prefix_path')
[8.427s] INFO:colcon.colcon_core.shell:Creating environment hook '/home/mhdns/bumperbot_ws/install/bumperbot_controller/share/bumperbot_controller/hook/cmake_prefix_path.ps1'
[8.427s] INFO:colcon.colcon_core.shell:Creating environment descriptor '/home/mhdns/bumperbot_ws/install/bumperbot_controller/share/bumperbot_controller/hook/cmake_prefix_path.dsv'
[8.427s] INFO:colcon.colcon_core.shell:Creating environment hook '/home/mhdns/bumperbot_ws/install/bumperbot_controller/share/bumperbot_controller/hook/cmake_prefix_path.sh'
[8.428s] Level 1:colcon.colcon_core.environment:checking '/home/mhdns/bumperbot_ws/install/bumperbot_controller/lib'
[8.428s] Level 1:colcon.colcon_core.environment:checking '/home/mhdns/bumperbot_ws/install/bumperbot_controller/bin'
[8.428s] Level 1:colcon.colcon_core.environment:checking '/home/mhdns/bumperbot_ws/install/bumperbot_controller/lib/pkgconfig/bumperbot_controller.pc'
[8.428s] Level 1:colcon.colcon_core.environment:checking '/home/mhdns/bumperbot_ws/install/bumperbot_controller/lib/python3.10/site-packages'
[8.428s] Level 1:colcon.colcon_core.environment:checking '/home/mhdns/bumperbot_ws/install/bumperbot_controller/bin'
[8.428s] INFO:colcon.colcon_core.shell:Creating package script '/home/mhdns/bumperbot_ws/install/bumperbot_controller/share/bumperbot_controller/package.ps1'
[8.428s] INFO:colcon.colcon_core.shell:Creating package descriptor '/home/mhdns/bumperbot_ws/install/bumperbot_controller/share/bumperbot_controller/package.dsv'
[8.429s] INFO:colcon.colcon_core.shell:Creating package script '/home/mhdns/bumperbot_ws/install/bumperbot_controller/share/bumperbot_controller/package.sh'
[8.429s] INFO:colcon.colcon_core.shell:Creating package script '/home/mhdns/bumperbot_ws/install/bumperbot_controller/share/bumperbot_controller/package.bash'
[8.429s] INFO:colcon.colcon_core.shell:Creating package script '/home/mhdns/bumperbot_ws/install/bumperbot_controller/share/bumperbot_controller/package.zsh'
[8.429s] Level 1:colcon.colcon_core.environment:create_file_with_runtime_dependencies(/home/mhdns/bumperbot_ws/install/bumperbot_controller/share/colcon-core/packages/bumperbot_controller)
[8.430s] DEBUG:colcon.colcon_parallel_executor.executor.parallel:closing loop
[8.430s] DEBUG:colcon.colcon_parallel_executor.executor.parallel:loop closed
[8.430s] DEBUG:colcon.colcon_parallel_executor.executor.parallel:run_until_complete finished with '0'
[8.430s] DEBUG:colcon.colcon_core.event_reactor:joining thread
[8.434s] INFO:colcon.colcon_core.plugin_system:Skipping extension 'colcon_notification.desktop_notification.terminal_notifier': Not used on non-Darwin systems
[8.434s] INFO:colcon.colcon_core.plugin_system:Skipping extension 'colcon_notification.desktop_notification.win32': Not used on non-Windows systems
[8.434s] INFO:colcon.colcon_notification.desktop_notification:Sending desktop notification using 'notify2'
[8.437s] DEBUG:colcon.colcon_core.event_reactor:joined thread
[8.437s] INFO:colcon.colcon_core.shell:Creating prefix script '/home/mhdns/bumperbot_ws/install/local_setup.ps1'
[8.438s] INFO:colcon.colcon_core.shell:Creating prefix util module '/home/mhdns/bumperbot_ws/install/_local_setup_util_ps1.py'
[8.438s] INFO:colcon.colcon_core.shell:Creating prefix chain script '/home/mhdns/bumperbot_ws/install/setup.ps1'
[8.439s] INFO:colcon.colcon_core.shell:Creating prefix script '/home/mhdns/bumperbot_ws/install/local_setup.sh'
[8.439s] INFO:colcon.colcon_core.shell:Creating prefix util module '/home/mhdns/bumperbot_ws/install/_local_setup_util_sh.py'
[8.439s] INFO:colcon.colcon_core.shell:Creating prefix chain script '/home/mhdns/bumperbot_ws/install/setup.sh'
[8.440s] INFO:colcon.colcon_core.shell:Creating prefix script '/home/mhdns/bumperbot_ws/install/local_setup.bash'
[8.440s] INFO:colcon.colcon_core.shell:Creating prefix chain script '/home/mhdns/bumperbot_ws/install/setup.bash'
[8.440s] INFO:colcon.colcon_core.shell:Creating prefix script '/home/mhdns/bumperbot_ws/install/local_setup.zsh'
[8.441s] INFO:colcon.colcon_core.shell:Creating prefix chain script '/home/mhdns/bumperbot_ws/install/setup.zsh'
