[0.018s] Invoking command in '/home/mhdns/bumperbot_ws/build/bumperbot_cpp_examples': /usr/bin/cmake --build /home/mhdns/bumperbot_ws/build/bumperbot_cpp_examples -- -j32 -l32
[0.078s] [ 20%] Built target simple_tf_kinematics
[0.078s] [100%] Built target simple_subscriber
[0.078s] [100%] Built target simple_publisher
[0.078s] [100%] Built target simple_parameter
[0.078s] [100%] Built target simple_turtlesim_kinematics
[0.202s] Invoked command in '/home/mhdns/bumperbot_ws/build/bumperbot_cpp_examples' returned '0': /usr/bin/cmake --build /home/mhdns/bumperbot_ws/build/bumperbot_cpp_examples -- -j32 -l32
[0.253s] Invoking command in '/home/mhdns/bumperbot_ws/build/bumperbot_cpp_examples': /usr/bin/cmake --install /home/mhdns/bumperbot_ws/build/bumperbot_cpp_examples
[0.257s] -- Install configuration: ""
[0.257s] -- Up-to-date: /home/mhdns/bumperbot_ws/install/bumperbot_cpp_examples/include/include
[0.257s] -- Up-to-date: /home/mhdns/bumperbot_ws/install/bumperbot_cpp_examples/include/include/bumperbot_cpp_examples
[0.258s] -- Up-to-date: /home/mhdns/bumperbot_ws/install/bumperbot_cpp_examples/include/include/bumperbot_cpp_examples/simple_tf_kinematics.hpp
[0.258s] -- Up-to-date: /home/mhdns/bumperbot_ws/install/bumperbot_cpp_examples/include/include/bumperbot_cpp_examples/simple_turtlesim_kinematics.hpp
[0.258s] -- Up-to-date: /home/mhdns/bumperbot_ws/install/bumperbot_cpp_examples/lib/bumperbot_cpp_examples/simple_publisher
[0.259s] -- Up-to-date: /home/mhdns/bumperbot_ws/install/bumperbot_cpp_examples/lib/bumperbot_cpp_examples/simple_subscriber
[0.260s] -- Up-to-date: /home/mhdns/bumperbot_ws/install/bumperbot_cpp_examples/lib/bumperbot_cpp_examples/simple_parameter
[0.260s] -- Up-to-date: /home/mhdns/bumperbot_ws/install/bumperbot_cpp_examples/lib/bumperbot_cpp_examples/simple_turtlesim_kinematics
[0.261s] -- Up-to-date: /home/mhdns/bumperbot_ws/install/bumperbot_cpp_examples/lib/bumperbot_cpp_examples/simple_tf_kinematics
[0.261s] -- Up-to-date: /home/mhdns/bumperbot_ws/install/bumperbot_cpp_examples/share/ament_index/resource_index/package_run_dependencies/bumperbot_cpp_examples
[0.262s] -- Up-to-date: /home/mhdns/bumperbot_ws/install/bumperbot_cpp_examples/share/ament_index/resource_index/parent_prefix_path/bumperbot_cpp_examples
[0.262s] -- Up-to-date: /home/mhdns/bumperbot_ws/install/bumperbot_cpp_examples/share/bumperbot_cpp_examples/environment/ament_prefix_path.sh
[0.262s] -- Up-to-date: /home/mhdns/bumperbot_ws/install/bumperbot_cpp_examples/share/bumperbot_cpp_examples/environment/ament_prefix_path.dsv
[0.262s] -- Up-to-date: /home/mhdns/bumperbot_ws/install/bumperbot_cpp_examples/share/bumperbot_cpp_examples/environment/path.sh
[0.262s] -- Up-to-date: /home/mhdns/bumperbot_ws/install/bumperbot_cpp_examples/share/bumperbot_cpp_examples/environment/path.dsv
[0.262s] -- Up-to-date: /home/mhdns/bumperbot_ws/install/bumperbot_cpp_examples/share/bumperbot_cpp_examples/local_setup.bash
[0.262s] -- Up-to-date: /home/mhdns/bumperbot_ws/install/bumperbot_cpp_examples/share/bumperbot_cpp_examples/local_setup.sh
[0.262s] -- Up-to-date: /home/mhdns/bumperbot_ws/install/bumperbot_cpp_examples/share/bumperbot_cpp_examples/local_setup.zsh
[0.262s] -- Up-to-date: /home/mhdns/bumperbot_ws/install/bumperbot_cpp_examples/share/bumperbot_cpp_examples/local_setup.dsv
[0.262s] -- Installing: /home/mhdns/bumperbot_ws/install/bumperbot_cpp_examples/share/bumperbot_cpp_examples/package.dsv
[0.263s] -- Up-to-date: /home/mhdns/bumperbot_ws/install/bumperbot_cpp_examples/share/ament_index/resource_index/packages/bumperbot_cpp_examples
[0.263s] -- Up-to-date: /home/mhdns/bumperbot_ws/install/bumperbot_cpp_examples/share/bumperbot_cpp_examples/cmake/bumperbot_cpp_examplesConfig.cmake
[0.263s] -- Up-to-date: /home/mhdns/bumperbot_ws/install/bumperbot_cpp_examples/share/bumperbot_cpp_examples/cmake/bumperbot_cpp_examplesConfig-version.cmake
[0.263s] -- Up-to-date: /home/mhdns/bumperbot_ws/install/bumperbot_cpp_examples/share/bumperbot_cpp_examples/package.xml
[0.265s] Invoked command in '/home/mhdns/bumperbot_ws/build/bumperbot_cpp_examples' returned '0': /usr/bin/cmake --install /home/mhdns/bumperbot_ws/build/bumperbot_cpp_examples
