[0.013s] Invoking command in '/home/mhdns/bumperbot_ws/build/bumperbot_cpp_examples': CMAKE_PREFIX_PATH=${CMAKE_PREFIX_PATH}:/home/mhdns/bumperbot_ws/install/bumperbot_py_examples /usr/bin/cmake --build /home/mhdns/bumperbot_ws/build/bumperbot_cpp_examples -- -j32 -l32
[0.042s] [ 66%] Built target simple_subscriber
[0.042s] [ 66%] Built target simple_publisher
[0.042s] [ 83%] [32mBuilding CXX object CMakeFiles/simple_parameter.dir/src/simple_parameter.cpp.o[0m
[1.933s] [100%] [32m[1mLinking CXX executable simple_parameter[0m
[2.041s] [100%] Built target simple_parameter
[2.047s] Invoked command in '/home/mhdns/bumperbot_ws/build/bumperbot_cpp_examples' returned '0': CMAKE_PREFIX_PATH=${CMAKE_PREFIX_PATH}:/home/mhdns/bumperbot_ws/install/bumperbot_py_examples /usr/bin/cmake --build /home/mhdns/bumperbot_ws/build/bumperbot_cpp_examples -- -j32 -l32
[2.065s] Invoking command in '/home/mhdns/bumperbot_ws/build/bumperbot_cpp_examples': CMAKE_PREFIX_PATH=${CMAKE_PREFIX_PATH}:/home/mhdns/bumperbot_ws/install/bumperbot_py_examples /usr/bin/cmake --install /home/mhdns/bumperbot_ws/build/bumperbot_cpp_examples
[2.068s] -- Install configuration: ""
[2.068s] -- Up-to-date: /home/mhdns/bumperbot_ws/install/bumperbot_cpp_examples/lib/bumperbot_cpp_examples/simple_publisher
[2.069s] -- Up-to-date: /home/mhdns/bumperbot_ws/install/bumperbot_cpp_examples/lib/bumperbot_cpp_examples/simple_subscriber
[2.069s] -- Installing: /home/mhdns/bumperbot_ws/install/bumperbot_cpp_examples/lib/bumperbot_cpp_examples/simple_parameter
[2.069s] -- Set runtime path of "/home/mhdns/bumperbot_ws/install/bumperbot_cpp_examples/lib/bumperbot_cpp_examples/simple_parameter" to ""
[2.069s] -- Up-to-date: /home/mhdns/bumperbot_ws/install/bumperbot_cpp_examples/share/ament_index/resource_index/package_run_dependencies/bumperbot_cpp_examples
[2.070s] -- Up-to-date: /home/mhdns/bumperbot_ws/install/bumperbot_cpp_examples/share/ament_index/resource_index/parent_prefix_path/bumperbot_cpp_examples
[2.070s] -- Up-to-date: /home/mhdns/bumperbot_ws/install/bumperbot_cpp_examples/share/bumperbot_cpp_examples/environment/ament_prefix_path.sh
[2.070s] -- Up-to-date: /home/mhdns/bumperbot_ws/install/bumperbot_cpp_examples/share/bumperbot_cpp_examples/environment/ament_prefix_path.dsv
[2.070s] -- Up-to-date: /home/mhdns/bumperbot_ws/install/bumperbot_cpp_examples/share/bumperbot_cpp_examples/environment/path.sh
[2.070s] -- Up-to-date: /home/mhdns/bumperbot_ws/install/bumperbot_cpp_examples/share/bumperbot_cpp_examples/environment/path.dsv
[2.070s] -- Up-to-date: /home/mhdns/bumperbot_ws/install/bumperbot_cpp_examples/share/bumperbot_cpp_examples/local_setup.bash
[2.070s] -- Up-to-date: /home/mhdns/bumperbot_ws/install/bumperbot_cpp_examples/share/bumperbot_cpp_examples/local_setup.sh
[2.070s] -- Up-to-date: /home/mhdns/bumperbot_ws/install/bumperbot_cpp_examples/share/bumperbot_cpp_examples/local_setup.zsh
[2.070s] -- Up-to-date: /home/mhdns/bumperbot_ws/install/bumperbot_cpp_examples/share/bumperbot_cpp_examples/local_setup.dsv
[2.070s] -- Installing: /home/mhdns/bumperbot_ws/install/bumperbot_cpp_examples/share/bumperbot_cpp_examples/package.dsv
[2.071s] -- Up-to-date: /home/mhdns/bumperbot_ws/install/bumperbot_cpp_examples/share/ament_index/resource_index/packages/bumperbot_cpp_examples
[2.071s] -- Up-to-date: /home/mhdns/bumperbot_ws/install/bumperbot_cpp_examples/share/bumperbot_cpp_examples/cmake/bumperbot_cpp_examplesConfig.cmake
[2.071s] -- Up-to-date: /home/mhdns/bumperbot_ws/install/bumperbot_cpp_examples/share/bumperbot_cpp_examples/cmake/bumperbot_cpp_examplesConfig-version.cmake
[2.071s] -- Up-to-date: /home/mhdns/bumperbot_ws/install/bumperbot_cpp_examples/share/bumperbot_cpp_examples/package.xml
[2.072s] Invoked command in '/home/mhdns/bumperbot_ws/build/bumperbot_cpp_examples' returned '0': CMAKE_PREFIX_PATH=${CMAKE_PREFIX_PATH}:/home/mhdns/bumperbot_ws/install/bumperbot_py_examples /usr/bin/cmake --install /home/mhdns/bumperbot_ws/build/bumperbot_cpp_examples
