[0.110s] DEBUG:colcon:Command line arguments: ['/usr/bin/colcon', 'build', '--cmake-args', '-DCMAKE_EXPORT_COMPILE_COMMANDS=ON']
[0.110s] DEBUG:colcon:Parsed command line arguments: Namespace(log_base=None, log_level=None, verb_name='build', build_base='build', install_base='install', merge_install=False, symlink_install=False, test_result_base=None, continue_on_error=False, executor='parallel', parallel_workers=32, event_handlers=None, ignore_user_meta=False, metas=['./colcon.meta'], base_paths=['.'], packages_ignore=None, packages_ignore_regex=None, paths=None, packages_up_to=None, packages_up_to_regex=None, packages_above=None, packages_above_and_dependencies=None, packages_above_depth=None, packages_select_by_dep=None, packages_skip_by_dep=None, packages_skip_up_to=None, packages_select_build_failed=False, packages_skip_build_finished=False, packages_select_test_failures=False, packages_skip_test_passed=False, packages_select=None, packages_skip=None, packages_select_regex=None, packages_skip_regex=None, packages_start=None, packages_end=None, allow_overriding=[], cmake_args=['-DCMAKE_EXPORT_COMPILE_COMMANDS=ON'], cmake_target=None, cmake_target_skip_unavailable=False, cmake_clean_cache=False, cmake_clean_first=False, cmake_force_configure=False, ament_cmake_args=None, catkin_cmake_args=None, catkin_skip_building_tests=False, mixin_files=None, mixin=None, verb_parser=<colcon_mixin.mixin.mixin_argument.MixinArgumentDecorator object at 0x7f3e392d1d80>, verb_extension=<colcon_core.verb.build.BuildVerb object at 0x7f3e392d1810>, main=<bound method BuildVerb.main of <colcon_core.verb.build.BuildVerb object at 0x7f3e392d1810>>, mixin_verb=('build',))
[0.208s] Level 1:colcon.colcon_core.package_discovery:discover_packages(colcon_meta) check parameters
[0.208s] Level 1:colcon.colcon_core.package_discovery:discover_packages(recursive) check parameters
[0.208s] Level 1:colcon.colcon_core.package_discovery:discover_packages(ignore) check parameters
[0.208s] Level 1:colcon.colcon_core.package_discovery:discover_packages(path) check parameters
[0.208s] Level 1:colcon.colcon_core.package_discovery:discover_packages(colcon_meta) discover
[0.208s] Level 1:colcon.colcon_core.package_discovery:discover_packages(recursive) discover
[0.208s] INFO:colcon.colcon_core.package_discovery:Crawling recursively for packages in '/home/mhdns/bumperbot_ws'
[0.209s] Level 1:colcon.colcon_core.package_identification:_identify(.) by extensions ['ignore', 'ignore_ament_install']
[0.209s] Level 1:colcon.colcon_core.package_identification:_identify(.) by extension 'ignore'
[0.209s] Level 1:colcon.colcon_core.package_identification:_identify(.) by extension 'ignore_ament_install'
[0.209s] Level 1:colcon.colcon_core.package_identification:_identify(.) by extensions ['colcon_pkg']
[0.209s] Level 1:colcon.colcon_core.package_identification:_identify(.) by extension 'colcon_pkg'
[0.209s] Level 1:colcon.colcon_core.package_identification:_identify(.) by extensions ['colcon_meta']
[0.209s] Level 1:colcon.colcon_core.package_identification:_identify(.) by extension 'colcon_meta'
[0.209s] Level 1:colcon.colcon_core.package_identification:_identify(.) by extensions ['ros']
[0.209s] Level 1:colcon.colcon_core.package_identification:_identify(.) by extension 'ros'
[0.216s] Level 1:colcon.colcon_core.package_identification:_identify(.) by extensions ['cmake', 'python']
[0.216s] Level 1:colcon.colcon_core.package_identification:_identify(.) by extension 'cmake'
[0.216s] Level 1:colcon.colcon_core.package_identification:_identify(.) by extension 'python'
[0.216s] Level 1:colcon.colcon_core.package_identification:_identify(.) by extensions ['python_setup_py']
[0.216s] Level 1:colcon.colcon_core.package_identification:_identify(.) by extension 'python_setup_py'
[0.216s] Level 1:colcon.colcon_core.package_identification:_identify(build) by extensions ['ignore', 'ignore_ament_install']
[0.216s] Level 1:colcon.colcon_core.package_identification:_identify(build) by extension 'ignore'
[0.216s] Level 1:colcon.colcon_core.package_identification:_identify(build) ignored
[0.216s] Level 1:colcon.colcon_core.package_identification:_identify(install) by extensions ['ignore', 'ignore_ament_install']
[0.216s] Level 1:colcon.colcon_core.package_identification:_identify(install) by extension 'ignore'
[0.216s] Level 1:colcon.colcon_core.package_identification:_identify(install) ignored
[0.216s] Level 1:colcon.colcon_core.package_identification:_identify(log) by extensions ['ignore', 'ignore_ament_install']
[0.216s] Level 1:colcon.colcon_core.package_identification:_identify(log) by extension 'ignore'
[0.217s] Level 1:colcon.colcon_core.package_identification:_identify(log) ignored
[0.217s] Level 1:colcon.colcon_core.package_identification:_identify(src) by extensions ['ignore', 'ignore_ament_install']
[0.217s] Level 1:colcon.colcon_core.package_identification:_identify(src) by extension 'ignore'
[0.217s] Level 1:colcon.colcon_core.package_identification:_identify(src) by extension 'ignore_ament_install'
[0.217s] Level 1:colcon.colcon_core.package_identification:_identify(src) by extensions ['colcon_pkg']
[0.217s] Level 1:colcon.colcon_core.package_identification:_identify(src) by extension 'colcon_pkg'
[0.217s] Level 1:colcon.colcon_core.package_identification:_identify(src) by extensions ['colcon_meta']
[0.217s] Level 1:colcon.colcon_core.package_identification:_identify(src) by extension 'colcon_meta'
[0.217s] Level 1:colcon.colcon_core.package_identification:_identify(src) by extensions ['ros']
[0.217s] Level 1:colcon.colcon_core.package_identification:_identify(src) by extension 'ros'
[0.217s] Level 1:colcon.colcon_core.package_identification:_identify(src) by extensions ['cmake', 'python']
[0.217s] Level 1:colcon.colcon_core.package_identification:_identify(src) by extension 'cmake'
[0.217s] Level 1:colcon.colcon_core.package_identification:_identify(src) by extension 'python'
[0.217s] Level 1:colcon.colcon_core.package_identification:_identify(src) by extensions ['python_setup_py']
[0.217s] Level 1:colcon.colcon_core.package_identification:_identify(src) by extension 'python_setup_py'
[0.217s] Level 1:colcon.colcon_core.package_identification:_identify(src/bumperbot_controller) by extensions ['ignore', 'ignore_ament_install']
[0.217s] Level 1:colcon.colcon_core.package_identification:_identify(src/bumperbot_controller) by extension 'ignore'
[0.217s] Level 1:colcon.colcon_core.package_identification:_identify(src/bumperbot_controller) by extension 'ignore_ament_install'
[0.217s] Level 1:colcon.colcon_core.package_identification:_identify(src/bumperbot_controller) by extensions ['colcon_pkg']
[0.217s] Level 1:colcon.colcon_core.package_identification:_identify(src/bumperbot_controller) by extension 'colcon_pkg'
[0.217s] Level 1:colcon.colcon_core.package_identification:_identify(src/bumperbot_controller) by extensions ['colcon_meta']
[0.217s] Level 1:colcon.colcon_core.package_identification:_identify(src/bumperbot_controller) by extension 'colcon_meta'
[0.217s] Level 1:colcon.colcon_core.package_identification:_identify(src/bumperbot_controller) by extensions ['ros']
[0.217s] Level 1:colcon.colcon_core.package_identification:_identify(src/bumperbot_controller) by extension 'ros'
[0.219s] DEBUG:colcon.colcon_core.package_identification:Package 'src/bumperbot_controller' with type 'ros.ament_cmake' and name 'bumperbot_controller'
[0.219s] Level 1:colcon.colcon_core.package_identification:_identify(src/bumperbot_cpp_examples) by extensions ['ignore', 'ignore_ament_install']
[0.219s] Level 1:colcon.colcon_core.package_identification:_identify(src/bumperbot_cpp_examples) by extension 'ignore'
[0.219s] Level 1:colcon.colcon_core.package_identification:_identify(src/bumperbot_cpp_examples) by extension 'ignore_ament_install'
[0.219s] Level 1:colcon.colcon_core.package_identification:_identify(src/bumperbot_cpp_examples) by extensions ['colcon_pkg']
[0.219s] Level 1:colcon.colcon_core.package_identification:_identify(src/bumperbot_cpp_examples) by extension 'colcon_pkg'
[0.219s] Level 1:colcon.colcon_core.package_identification:_identify(src/bumperbot_cpp_examples) by extensions ['colcon_meta']
[0.219s] Level 1:colcon.colcon_core.package_identification:_identify(src/bumperbot_cpp_examples) by extension 'colcon_meta'
[0.219s] Level 1:colcon.colcon_core.package_identification:_identify(src/bumperbot_cpp_examples) by extensions ['ros']
[0.219s] Level 1:colcon.colcon_core.package_identification:_identify(src/bumperbot_cpp_examples) by extension 'ros'
[0.220s] DEBUG:colcon.colcon_core.package_identification:Package 'src/bumperbot_cpp_examples' with type 'ros.ament_cmake' and name 'bumperbot_cpp_examples'
[0.220s] Level 1:colcon.colcon_core.package_identification:_identify(src/bumperbot_description) by extensions ['ignore', 'ignore_ament_install']
[0.220s] Level 1:colcon.colcon_core.package_identification:_identify(src/bumperbot_description) by extension 'ignore'
[0.220s] Level 1:colcon.colcon_core.package_identification:_identify(src/bumperbot_description) by extension 'ignore_ament_install'
[0.220s] Level 1:colcon.colcon_core.package_identification:_identify(src/bumperbot_description) by extensions ['colcon_pkg']
[0.220s] Level 1:colcon.colcon_core.package_identification:_identify(src/bumperbot_description) by extension 'colcon_pkg'
[0.220s] Level 1:colcon.colcon_core.package_identification:_identify(src/bumperbot_description) by extensions ['colcon_meta']
[0.220s] Level 1:colcon.colcon_core.package_identification:_identify(src/bumperbot_description) by extension 'colcon_meta'
[0.220s] Level 1:colcon.colcon_core.package_identification:_identify(src/bumperbot_description) by extensions ['ros']
[0.220s] Level 1:colcon.colcon_core.package_identification:_identify(src/bumperbot_description) by extension 'ros'
[0.221s] DEBUG:colcon.colcon_core.package_identification:Package 'src/bumperbot_description' with type 'ros.ament_cmake' and name 'bumperbot_description'
[0.221s] Level 1:colcon.colcon_core.package_identification:_identify(src/bumperbot_msgs) by extensions ['ignore', 'ignore_ament_install']
[0.221s] Level 1:colcon.colcon_core.package_identification:_identify(src/bumperbot_msgs) by extension 'ignore'
[0.221s] Level 1:colcon.colcon_core.package_identification:_identify(src/bumperbot_msgs) by extension 'ignore_ament_install'
[0.221s] Level 1:colcon.colcon_core.package_identification:_identify(src/bumperbot_msgs) by extensions ['colcon_pkg']
[0.221s] Level 1:colcon.colcon_core.package_identification:_identify(src/bumperbot_msgs) by extension 'colcon_pkg'
[0.221s] Level 1:colcon.colcon_core.package_identification:_identify(src/bumperbot_msgs) by extensions ['colcon_meta']
[0.221s] Level 1:colcon.colcon_core.package_identification:_identify(src/bumperbot_msgs) by extension 'colcon_meta'
[0.221s] Level 1:colcon.colcon_core.package_identification:_identify(src/bumperbot_msgs) by extensions ['ros']
[0.221s] Level 1:colcon.colcon_core.package_identification:_identify(src/bumperbot_msgs) by extension 'ros'
[0.221s] DEBUG:colcon.colcon_core.package_identification:Package 'src/bumperbot_msgs' with type 'ros.ament_cmake' and name 'bumperbot_msgs'
[0.221s] Level 1:colcon.colcon_core.package_identification:_identify(src/bumperbot_py_examples) by extensions ['ignore', 'ignore_ament_install']
[0.222s] Level 1:colcon.colcon_core.package_identification:_identify(src/bumperbot_py_examples) by extension 'ignore'
[0.222s] Level 1:colcon.colcon_core.package_identification:_identify(src/bumperbot_py_examples) by extension 'ignore_ament_install'
[0.222s] Level 1:colcon.colcon_core.package_identification:_identify(src/bumperbot_py_examples) by extensions ['colcon_pkg']
[0.222s] Level 1:colcon.colcon_core.package_identification:_identify(src/bumperbot_py_examples) by extension 'colcon_pkg'
[0.222s] Level 1:colcon.colcon_core.package_identification:_identify(src/bumperbot_py_examples) by extensions ['colcon_meta']
[0.222s] Level 1:colcon.colcon_core.package_identification:_identify(src/bumperbot_py_examples) by extension 'colcon_meta'
[0.222s] Level 1:colcon.colcon_core.package_identification:_identify(src/bumperbot_py_examples) by extensions ['ros']
[0.222s] Level 1:colcon.colcon_core.package_identification:_identify(src/bumperbot_py_examples) by extension 'ros'
[0.222s] DEBUG:colcon.colcon_core.package_identification:Package 'src/bumperbot_py_examples' with type 'ros.ament_python' and name 'bumperbot_py_examples'
[0.222s] Level 1:colcon.colcon_core.package_discovery:discover_packages(recursive) using defaults
[0.222s] Level 1:colcon.colcon_core.package_discovery:discover_packages(ignore) discover
[0.222s] Level 1:colcon.colcon_core.package_discovery:discover_packages(ignore) using defaults
[0.222s] Level 1:colcon.colcon_core.package_discovery:discover_packages(path) discover
[0.222s] Level 1:colcon.colcon_core.package_discovery:discover_packages(path) using defaults
[0.234s] Level 1:colcon.colcon_core.package_discovery:discover_packages(prefix_path) check parameters
[0.234s] Level 1:colcon.colcon_core.package_discovery:discover_packages(prefix_path) discover
[0.236s] DEBUG:colcon.colcon_installed_package_information.package_discovery:Found 329 installed packages in /opt/ros/humble
[0.237s] Level 1:colcon.colcon_core.package_discovery:discover_packages(prefix_path) using defaults
[0.270s] Level 5:colcon.colcon_core.verb:set package 'bumperbot_controller' build argument 'cmake_args' from command line to '['-DCMAKE_EXPORT_COMPILE_COMMANDS=ON']'
[0.270s] Level 5:colcon.colcon_core.verb:set package 'bumperbot_controller' build argument 'cmake_target' from command line to 'None'
[0.270s] Level 5:colcon.colcon_core.verb:set package 'bumperbot_controller' build argument 'cmake_target_skip_unavailable' from command line to 'False'
[0.270s] Level 5:colcon.colcon_core.verb:set package 'bumperbot_controller' build argument 'cmake_clean_cache' from command line to 'False'
[0.270s] Level 5:colcon.colcon_core.verb:set package 'bumperbot_controller' build argument 'cmake_clean_first' from command line to 'False'
[0.270s] Level 5:colcon.colcon_core.verb:set package 'bumperbot_controller' build argument 'cmake_force_configure' from command line to 'False'
[0.270s] Level 5:colcon.colcon_core.verb:set package 'bumperbot_controller' build argument 'ament_cmake_args' from command line to 'None'
[0.270s] Level 5:colcon.colcon_core.verb:set package 'bumperbot_controller' build argument 'catkin_cmake_args' from command line to 'None'
[0.270s] Level 5:colcon.colcon_core.verb:set package 'bumperbot_controller' build argument 'catkin_skip_building_tests' from command line to 'False'
[0.270s] DEBUG:colcon.colcon_core.verb:Building package 'bumperbot_controller' with the following arguments: {'ament_cmake_args': None, 'build_base': '/home/mhdns/bumperbot_ws/build/bumperbot_controller', 'catkin_cmake_args': None, 'catkin_skip_building_tests': False, 'cmake_args': ['-DCMAKE_EXPORT_COMPILE_COMMANDS=ON'], 'cmake_clean_cache': False, 'cmake_clean_first': False, 'cmake_force_configure': False, 'cmake_target': None, 'cmake_target_skip_unavailable': False, 'install_base': '/home/mhdns/bumperbot_ws/install/bumperbot_controller', 'merge_install': False, 'path': '/home/mhdns/bumperbot_ws/src/bumperbot_controller', 'symlink_install': False, 'test_result_base': None}
[0.271s] Level 5:colcon.colcon_core.verb:set package 'bumperbot_description' build argument 'cmake_args' from command line to '['-DCMAKE_EXPORT_COMPILE_COMMANDS=ON']'
[0.271s] Level 5:colcon.colcon_core.verb:set package 'bumperbot_description' build argument 'cmake_target' from command line to 'None'
[0.271s] Level 5:colcon.colcon_core.verb:set package 'bumperbot_description' build argument 'cmake_target_skip_unavailable' from command line to 'False'
[0.271s] Level 5:colcon.colcon_core.verb:set package 'bumperbot_description' build argument 'cmake_clean_cache' from command line to 'False'
[0.271s] Level 5:colcon.colcon_core.verb:set package 'bumperbot_description' build argument 'cmake_clean_first' from command line to 'False'
[0.271s] Level 5:colcon.colcon_core.verb:set package 'bumperbot_description' build argument 'cmake_force_configure' from command line to 'False'
[0.271s] Level 5:colcon.colcon_core.verb:set package 'bumperbot_description' build argument 'ament_cmake_args' from command line to 'None'
[0.271s] Level 5:colcon.colcon_core.verb:set package 'bumperbot_description' build argument 'catkin_cmake_args' from command line to 'None'
[0.271s] Level 5:colcon.colcon_core.verb:set package 'bumperbot_description' build argument 'catkin_skip_building_tests' from command line to 'False'
[0.271s] DEBUG:colcon.colcon_core.verb:Building package 'bumperbot_description' with the following arguments: {'ament_cmake_args': None, 'build_base': '/home/mhdns/bumperbot_ws/build/bumperbot_description', 'catkin_cmake_args': None, 'catkin_skip_building_tests': False, 'cmake_args': ['-DCMAKE_EXPORT_COMPILE_COMMANDS=ON'], 'cmake_clean_cache': False, 'cmake_clean_first': False, 'cmake_force_configure': False, 'cmake_target': None, 'cmake_target_skip_unavailable': False, 'install_base': '/home/mhdns/bumperbot_ws/install/bumperbot_description', 'merge_install': False, 'path': '/home/mhdns/bumperbot_ws/src/bumperbot_description', 'symlink_install': False, 'test_result_base': None}
[0.271s] Level 5:colcon.colcon_core.verb:set package 'bumperbot_msgs' build argument 'cmake_args' from command line to '['-DCMAKE_EXPORT_COMPILE_COMMANDS=ON']'
[0.271s] Level 5:colcon.colcon_core.verb:set package 'bumperbot_msgs' build argument 'cmake_target' from command line to 'None'
[0.271s] Level 5:colcon.colcon_core.verb:set package 'bumperbot_msgs' build argument 'cmake_target_skip_unavailable' from command line to 'False'
[0.271s] Level 5:colcon.colcon_core.verb:set package 'bumperbot_msgs' build argument 'cmake_clean_cache' from command line to 'False'
[0.271s] Level 5:colcon.colcon_core.verb:set package 'bumperbot_msgs' build argument 'cmake_clean_first' from command line to 'False'
[0.271s] Level 5:colcon.colcon_core.verb:set package 'bumperbot_msgs' build argument 'cmake_force_configure' from command line to 'False'
[0.271s] Level 5:colcon.colcon_core.verb:set package 'bumperbot_msgs' build argument 'ament_cmake_args' from command line to 'None'
[0.271s] Level 5:colcon.colcon_core.verb:set package 'bumperbot_msgs' build argument 'catkin_cmake_args' from command line to 'None'
[0.271s] Level 5:colcon.colcon_core.verb:set package 'bumperbot_msgs' build argument 'catkin_skip_building_tests' from command line to 'False'
[0.271s] DEBUG:colcon.colcon_core.verb:Building package 'bumperbot_msgs' with the following arguments: {'ament_cmake_args': None, 'build_base': '/home/mhdns/bumperbot_ws/build/bumperbot_msgs', 'catkin_cmake_args': None, 'catkin_skip_building_tests': False, 'cmake_args': ['-DCMAKE_EXPORT_COMPILE_COMMANDS=ON'], 'cmake_clean_cache': False, 'cmake_clean_first': False, 'cmake_force_configure': False, 'cmake_target': None, 'cmake_target_skip_unavailable': False, 'install_base': '/home/mhdns/bumperbot_ws/install/bumperbot_msgs', 'merge_install': False, 'path': '/home/mhdns/bumperbot_ws/src/bumperbot_msgs', 'symlink_install': False, 'test_result_base': None}
[0.271s] Level 5:colcon.colcon_core.verb:set package 'bumperbot_cpp_examples' build argument 'cmake_args' from command line to '['-DCMAKE_EXPORT_COMPILE_COMMANDS=ON']'
[0.271s] Level 5:colcon.colcon_core.verb:set package 'bumperbot_cpp_examples' build argument 'cmake_target' from command line to 'None'
[0.271s] Level 5:colcon.colcon_core.verb:set package 'bumperbot_cpp_examples' build argument 'cmake_target_skip_unavailable' from command line to 'False'
[0.271s] Level 5:colcon.colcon_core.verb:set package 'bumperbot_cpp_examples' build argument 'cmake_clean_cache' from command line to 'False'
[0.271s] Level 5:colcon.colcon_core.verb:set package 'bumperbot_cpp_examples' build argument 'cmake_clean_first' from command line to 'False'
[0.271s] Level 5:colcon.colcon_core.verb:set package 'bumperbot_cpp_examples' build argument 'cmake_force_configure' from command line to 'False'
[0.271s] Level 5:colcon.colcon_core.verb:set package 'bumperbot_cpp_examples' build argument 'ament_cmake_args' from command line to 'None'
[0.271s] Level 5:colcon.colcon_core.verb:set package 'bumperbot_cpp_examples' build argument 'catkin_cmake_args' from command line to 'None'
[0.271s] Level 5:colcon.colcon_core.verb:set package 'bumperbot_cpp_examples' build argument 'catkin_skip_building_tests' from command line to 'False'
[0.272s] DEBUG:colcon.colcon_core.verb:Building package 'bumperbot_cpp_examples' with the following arguments: {'ament_cmake_args': None, 'build_base': '/home/mhdns/bumperbot_ws/build/bumperbot_cpp_examples', 'catkin_cmake_args': None, 'catkin_skip_building_tests': False, 'cmake_args': ['-DCMAKE_EXPORT_COMPILE_COMMANDS=ON'], 'cmake_clean_cache': False, 'cmake_clean_first': False, 'cmake_force_configure': False, 'cmake_target': None, 'cmake_target_skip_unavailable': False, 'install_base': '/home/mhdns/bumperbot_ws/install/bumperbot_cpp_examples', 'merge_install': False, 'path': '/home/mhdns/bumperbot_ws/src/bumperbot_cpp_examples', 'symlink_install': False, 'test_result_base': None}
[0.272s] Level 5:colcon.colcon_core.verb:set package 'bumperbot_py_examples' build argument 'cmake_args' from command line to '['-DCMAKE_EXPORT_COMPILE_COMMANDS=ON']'
[0.272s] Level 5:colcon.colcon_core.verb:set package 'bumperbot_py_examples' build argument 'cmake_target' from command line to 'None'
[0.272s] Level 5:colcon.colcon_core.verb:set package 'bumperbot_py_examples' build argument 'cmake_target_skip_unavailable' from command line to 'False'
[0.272s] Level 5:colcon.colcon_core.verb:set package 'bumperbot_py_examples' build argument 'cmake_clean_cache' from command line to 'False'
[0.272s] Level 5:colcon.colcon_core.verb:set package 'bumperbot_py_examples' build argument 'cmake_clean_first' from command line to 'False'
[0.272s] Level 5:colcon.colcon_core.verb:set package 'bumperbot_py_examples' build argument 'cmake_force_configure' from command line to 'False'
[0.272s] Level 5:colcon.colcon_core.verb:set package 'bumperbot_py_examples' build argument 'ament_cmake_args' from command line to 'None'
[0.272s] Level 5:colcon.colcon_core.verb:set package 'bumperbot_py_examples' build argument 'catkin_cmake_args' from command line to 'None'
[0.272s] Level 5:colcon.colcon_core.verb:set package 'bumperbot_py_examples' build argument 'catkin_skip_building_tests' from command line to 'False'
[0.272s] DEBUG:colcon.colcon_core.verb:Building package 'bumperbot_py_examples' with the following arguments: {'ament_cmake_args': None, 'build_base': '/home/mhdns/bumperbot_ws/build/bumperbot_py_examples', 'catkin_cmake_args': None, 'catkin_skip_building_tests': False, 'cmake_args': ['-DCMAKE_EXPORT_COMPILE_COMMANDS=ON'], 'cmake_clean_cache': False, 'cmake_clean_first': False, 'cmake_force_configure': False, 'cmake_target': None, 'cmake_target_skip_unavailable': False, 'install_base': '/home/mhdns/bumperbot_ws/install/bumperbot_py_examples', 'merge_install': False, 'path': '/home/mhdns/bumperbot_ws/src/bumperbot_py_examples', 'symlink_install': False, 'test_result_base': None}
[0.272s] INFO:colcon.colcon_core.executor:Executing jobs using 'parallel' executor
[0.273s] DEBUG:colcon.colcon_parallel_executor.executor.parallel:run_until_complete
[0.273s] INFO:colcon.colcon_ros.task.ament_cmake.build:Building ROS package in '/home/mhdns/bumperbot_ws/src/bumperbot_msgs' with build type 'ament_cmake'
[0.273s] INFO:colcon.colcon_cmake.task.cmake.build:Building CMake package in '/home/mhdns/bumperbot_ws/src/bumperbot_msgs'
[0.275s] INFO:colcon.colcon_core.plugin_system:Skipping extension 'colcon_core.shell.bat': Not used on non-Windows systems
[0.275s] INFO:colcon.colcon_core.shell:Skip shell extension 'powershell' for command environment: Not usable outside of PowerShell
[0.275s] DEBUG:colcon.colcon_core.shell:Skip shell extension 'dsv' for command environment
[0.277s] INFO:colcon.colcon_ros.task.ament_cmake.build:Building ROS package in '/home/mhdns/bumperbot_ws/src/bumperbot_controller' with build type 'ament_cmake'
[0.277s] INFO:colcon.colcon_cmake.task.cmake.build:Building CMake package in '/home/mhdns/bumperbot_ws/src/bumperbot_controller'
[0.277s] INFO:colcon.colcon_core.shell:Skip shell extension 'powershell' for command environment: Not usable outside of PowerShell
[0.277s] DEBUG:colcon.colcon_core.shell:Skip shell extension 'dsv' for command environment
[0.279s] INFO:colcon.colcon_ros.task.ament_cmake.build:Building ROS package in '/home/mhdns/bumperbot_ws/src/bumperbot_description' with build type 'ament_cmake'
[0.279s] INFO:colcon.colcon_cmake.task.cmake.build:Building CMake package in '/home/mhdns/bumperbot_ws/src/bumperbot_description'
[0.279s] INFO:colcon.colcon_core.shell:Skip shell extension 'powershell' for command environment: Not usable outside of PowerShell
[0.279s] DEBUG:colcon.colcon_core.shell:Skip shell extension 'dsv' for command environment
[0.285s] DEBUG:colcon.colcon_core.event_handler.log_command:Invoking command in '/home/mhdns/bumperbot_ws/build/bumperbot_msgs': /usr/bin/cmake --build /home/mhdns/bumperbot_ws/build/bumperbot_msgs -- -j32 -l32
[0.288s] DEBUG:colcon.colcon_core.event_handler.log_command:Invoking command in '/home/mhdns/bumperbot_ws/build/bumperbot_controller': /usr/bin/cmake --build /home/mhdns/bumperbot_ws/build/bumperbot_controller -- -j32 -l32
[0.291s] DEBUG:colcon.colcon_core.event_handler.log_command:Invoking command in '/home/mhdns/bumperbot_ws/build/bumperbot_description': /usr/bin/cmake --build /home/mhdns/bumperbot_ws/build/bumperbot_description -- -j32 -l32
[0.295s] DEBUG:colcon.colcon_core.event_handler.log_command:Invoked command in '/home/mhdns/bumperbot_ws/build/bumperbot_description' returned '0': /usr/bin/cmake --build /home/mhdns/bumperbot_ws/build/bumperbot_description -- -j32 -l32
[0.308s] DEBUG:colcon.colcon_core.event_handler.log_command:Invoking command in '/home/mhdns/bumperbot_ws/build/bumperbot_description': /usr/bin/cmake --install /home/mhdns/bumperbot_ws/build/bumperbot_description
[0.317s] Level 1:colcon.colcon_core.environment:create_environment_scripts_only(bumperbot_description)
[0.320s] DEBUG:colcon.colcon_core.event_handler.log_command:Invoked command in '/home/mhdns/bumperbot_ws/build/bumperbot_description' returned '0': /usr/bin/cmake --install /home/mhdns/bumperbot_ws/build/bumperbot_description
[0.322s] Level 1:colcon.colcon_core.environment:checking '/home/mhdns/bumperbot_ws/install/bumperbot_description' for CMake module files
[0.322s] Level 1:colcon.colcon_core.environment:checking '/home/mhdns/bumperbot_ws/install/bumperbot_description' for CMake config files
[0.322s] Level 1:colcon.colcon_core.shell:create_environment_hook('bumperbot_description', 'cmake_prefix_path')
[0.322s] INFO:colcon.colcon_core.shell:Creating environment hook '/home/mhdns/bumperbot_ws/install/bumperbot_description/share/bumperbot_description/hook/cmake_prefix_path.ps1'
[0.323s] INFO:colcon.colcon_core.shell:Creating environment descriptor '/home/mhdns/bumperbot_ws/install/bumperbot_description/share/bumperbot_description/hook/cmake_prefix_path.dsv'
[0.323s] INFO:colcon.colcon_core.shell:Creating environment hook '/home/mhdns/bumperbot_ws/install/bumperbot_description/share/bumperbot_description/hook/cmake_prefix_path.sh'
[0.324s] Level 1:colcon.colcon_core.environment:checking '/home/mhdns/bumperbot_ws/install/bumperbot_description/bin'
[0.324s] Level 1:colcon.colcon_core.environment:checking '/home/mhdns/bumperbot_ws/install/bumperbot_description/lib/pkgconfig/bumperbot_description.pc'
[0.324s] Level 1:colcon.colcon_core.environment:checking '/home/mhdns/bumperbot_ws/install/bumperbot_description/lib/python3.10/site-packages'
[0.324s] Level 1:colcon.colcon_core.environment:checking '/home/mhdns/bumperbot_ws/install/bumperbot_description/bin'
[0.324s] INFO:colcon.colcon_core.shell:Creating package script '/home/mhdns/bumperbot_ws/install/bumperbot_description/share/bumperbot_description/package.ps1'
[0.325s] INFO:colcon.colcon_core.shell:Creating package descriptor '/home/mhdns/bumperbot_ws/install/bumperbot_description/share/bumperbot_description/package.dsv'
[0.325s] INFO:colcon.colcon_core.shell:Creating package script '/home/mhdns/bumperbot_ws/install/bumperbot_description/share/bumperbot_description/package.sh'
[0.325s] INFO:colcon.colcon_core.shell:Creating package script '/home/mhdns/bumperbot_ws/install/bumperbot_description/share/bumperbot_description/package.bash'
[0.326s] INFO:colcon.colcon_core.shell:Creating package script '/home/mhdns/bumperbot_ws/install/bumperbot_description/share/bumperbot_description/package.zsh'
[0.327s] Level 1:colcon.colcon_core.environment:create_file_with_runtime_dependencies(/home/mhdns/bumperbot_ws/install/bumperbot_description/share/colcon-core/packages/bumperbot_description)
[0.336s] Level 1:colcon.colcon_core.environment:create_environment_scripts_only(bumperbot_description)
[0.336s] Level 1:colcon.colcon_core.environment:checking '/home/mhdns/bumperbot_ws/install/bumperbot_description' for CMake module files
[0.337s] Level 1:colcon.colcon_core.environment:checking '/home/mhdns/bumperbot_ws/install/bumperbot_description' for CMake config files
[0.337s] Level 1:colcon.colcon_core.shell:create_environment_hook('bumperbot_description', 'cmake_prefix_path')
[0.337s] INFO:colcon.colcon_core.shell:Creating environment hook '/home/mhdns/bumperbot_ws/install/bumperbot_description/share/bumperbot_description/hook/cmake_prefix_path.ps1'
[0.337s] INFO:colcon.colcon_core.shell:Creating environment descriptor '/home/mhdns/bumperbot_ws/install/bumperbot_description/share/bumperbot_description/hook/cmake_prefix_path.dsv'
[0.337s] INFO:colcon.colcon_core.shell:Creating environment hook '/home/mhdns/bumperbot_ws/install/bumperbot_description/share/bumperbot_description/hook/cmake_prefix_path.sh'
[0.338s] Level 1:colcon.colcon_core.environment:checking '/home/mhdns/bumperbot_ws/install/bumperbot_description/bin'
[0.338s] Level 1:colcon.colcon_core.environment:checking '/home/mhdns/bumperbot_ws/install/bumperbot_description/lib/pkgconfig/bumperbot_description.pc'
[0.338s] Level 1:colcon.colcon_core.environment:checking '/home/mhdns/bumperbot_ws/install/bumperbot_description/lib/python3.10/site-packages'
[0.338s] Level 1:colcon.colcon_core.environment:checking '/home/mhdns/bumperbot_ws/install/bumperbot_description/bin'
[0.338s] INFO:colcon.colcon_core.shell:Creating package script '/home/mhdns/bumperbot_ws/install/bumperbot_description/share/bumperbot_description/package.ps1'
[0.338s] INFO:colcon.colcon_core.shell:Creating package descriptor '/home/mhdns/bumperbot_ws/install/bumperbot_description/share/bumperbot_description/package.dsv'
[0.339s] INFO:colcon.colcon_core.shell:Creating package script '/home/mhdns/bumperbot_ws/install/bumperbot_description/share/bumperbot_description/package.sh'
[0.339s] INFO:colcon.colcon_core.shell:Creating package script '/home/mhdns/bumperbot_ws/install/bumperbot_description/share/bumperbot_description/package.bash'
[0.339s] INFO:colcon.colcon_core.shell:Creating package script '/home/mhdns/bumperbot_ws/install/bumperbot_description/share/bumperbot_description/package.zsh'
[0.339s] Level 1:colcon.colcon_core.environment:create_file_with_runtime_dependencies(/home/mhdns/bumperbot_ws/install/bumperbot_description/share/colcon-core/packages/bumperbot_description)
[0.477s] DEBUG:colcon.colcon_core.event_handler.log_command:Invoked command in '/home/mhdns/bumperbot_ws/build/bumperbot_msgs' returned '0': /usr/bin/cmake --build /home/mhdns/bumperbot_ws/build/bumperbot_msgs -- -j32 -l32
[0.491s] DEBUG:colcon.colcon_core.event_handler.log_command:Invoking command in '/home/mhdns/bumperbot_ws/build/bumperbot_msgs': /usr/bin/cmake --install /home/mhdns/bumperbot_ws/build/bumperbot_msgs
[0.529s] Level 1:colcon.colcon_core.environment:create_environment_scripts_only(bumperbot_msgs)
[0.529s] Level 1:colcon.colcon_core.environment:checking '/home/mhdns/bumperbot_ws/install/bumperbot_msgs' for CMake module files
[0.530s] DEBUG:colcon.colcon_core.event_handler.log_command:Invoked command in '/home/mhdns/bumperbot_ws/build/bumperbot_msgs' returned '0': /usr/bin/cmake --install /home/mhdns/bumperbot_ws/build/bumperbot_msgs
[0.530s] Level 1:colcon.colcon_core.environment:checking '/home/mhdns/bumperbot_ws/install/bumperbot_msgs' for CMake config files
[0.530s] Level 1:colcon.colcon_core.shell:create_environment_hook('bumperbot_msgs', 'cmake_prefix_path')
[0.531s] INFO:colcon.colcon_core.shell:Creating environment hook '/home/mhdns/bumperbot_ws/install/bumperbot_msgs/share/bumperbot_msgs/hook/cmake_prefix_path.ps1'
[0.531s] INFO:colcon.colcon_core.shell:Creating environment descriptor '/home/mhdns/bumperbot_ws/install/bumperbot_msgs/share/bumperbot_msgs/hook/cmake_prefix_path.dsv'
[0.531s] INFO:colcon.colcon_core.shell:Creating environment hook '/home/mhdns/bumperbot_ws/install/bumperbot_msgs/share/bumperbot_msgs/hook/cmake_prefix_path.sh'
[0.532s] Level 1:colcon.colcon_core.environment:checking '/home/mhdns/bumperbot_ws/install/bumperbot_msgs/lib'
[0.532s] Level 1:colcon.colcon_core.shell:create_environment_hook('bumperbot_msgs', 'ld_library_path_lib')
[0.532s] INFO:colcon.colcon_core.shell:Creating environment hook '/home/mhdns/bumperbot_ws/install/bumperbot_msgs/share/bumperbot_msgs/hook/ld_library_path_lib.ps1'
[0.532s] INFO:colcon.colcon_core.shell:Creating environment descriptor '/home/mhdns/bumperbot_ws/install/bumperbot_msgs/share/bumperbot_msgs/hook/ld_library_path_lib.dsv'
[0.532s] INFO:colcon.colcon_core.shell:Creating environment hook '/home/mhdns/bumperbot_ws/install/bumperbot_msgs/share/bumperbot_msgs/hook/ld_library_path_lib.sh'
[0.532s] Level 1:colcon.colcon_core.environment:checking '/home/mhdns/bumperbot_ws/install/bumperbot_msgs/bin'
[0.532s] Level 1:colcon.colcon_core.environment:checking '/home/mhdns/bumperbot_ws/install/bumperbot_msgs/lib/pkgconfig/bumperbot_msgs.pc'
[0.533s] Level 1:colcon.colcon_core.environment:checking '/home/mhdns/bumperbot_ws/install/bumperbot_msgs/lib/python3.10/site-packages'
[0.533s] Level 1:colcon.colcon_core.environment:checking '/home/mhdns/bumperbot_ws/install/bumperbot_msgs/bin'
[0.533s] INFO:colcon.colcon_core.shell:Creating package script '/home/mhdns/bumperbot_ws/install/bumperbot_msgs/share/bumperbot_msgs/package.ps1'
[0.533s] INFO:colcon.colcon_core.shell:Creating package descriptor '/home/mhdns/bumperbot_ws/install/bumperbot_msgs/share/bumperbot_msgs/package.dsv'
[0.533s] INFO:colcon.colcon_core.shell:Creating package script '/home/mhdns/bumperbot_ws/install/bumperbot_msgs/share/bumperbot_msgs/package.sh'
[0.534s] INFO:colcon.colcon_core.shell:Creating package script '/home/mhdns/bumperbot_ws/install/bumperbot_msgs/share/bumperbot_msgs/package.bash'
[0.534s] INFO:colcon.colcon_core.shell:Creating package script '/home/mhdns/bumperbot_ws/install/bumperbot_msgs/share/bumperbot_msgs/package.zsh'
[0.534s] Level 1:colcon.colcon_core.environment:create_file_with_runtime_dependencies(/home/mhdns/bumperbot_ws/install/bumperbot_msgs/share/colcon-core/packages/bumperbot_msgs)
[0.549s] Level 1:colcon.colcon_core.environment:create_environment_scripts_only(bumperbot_msgs)
[0.549s] Level 1:colcon.colcon_core.environment:checking '/home/mhdns/bumperbot_ws/install/bumperbot_msgs' for CMake module files
[0.550s] Level 1:colcon.colcon_core.environment:checking '/home/mhdns/bumperbot_ws/install/bumperbot_msgs' for CMake config files
[0.550s] Level 1:colcon.colcon_core.shell:create_environment_hook('bumperbot_msgs', 'cmake_prefix_path')
[0.550s] INFO:colcon.colcon_core.shell:Creating environment hook '/home/mhdns/bumperbot_ws/install/bumperbot_msgs/share/bumperbot_msgs/hook/cmake_prefix_path.ps1'
[0.550s] INFO:colcon.colcon_core.shell:Creating environment descriptor '/home/mhdns/bumperbot_ws/install/bumperbot_msgs/share/bumperbot_msgs/hook/cmake_prefix_path.dsv'
[0.551s] INFO:colcon.colcon_core.shell:Creating environment hook '/home/mhdns/bumperbot_ws/install/bumperbot_msgs/share/bumperbot_msgs/hook/cmake_prefix_path.sh'
[0.551s] Level 1:colcon.colcon_core.environment:checking '/home/mhdns/bumperbot_ws/install/bumperbot_msgs/lib'
[0.551s] Level 1:colcon.colcon_core.shell:create_environment_hook('bumperbot_msgs', 'ld_library_path_lib')
[0.551s] INFO:colcon.colcon_core.shell:Creating environment hook '/home/mhdns/bumperbot_ws/install/bumperbot_msgs/share/bumperbot_msgs/hook/ld_library_path_lib.ps1'
[0.552s] INFO:colcon.colcon_core.shell:Creating environment descriptor '/home/mhdns/bumperbot_ws/install/bumperbot_msgs/share/bumperbot_msgs/hook/ld_library_path_lib.dsv'
[0.552s] INFO:colcon.colcon_core.shell:Creating environment hook '/home/mhdns/bumperbot_ws/install/bumperbot_msgs/share/bumperbot_msgs/hook/ld_library_path_lib.sh'
[0.552s] Level 1:colcon.colcon_core.environment:checking '/home/mhdns/bumperbot_ws/install/bumperbot_msgs/bin'
[0.552s] Level 1:colcon.colcon_core.environment:checking '/home/mhdns/bumperbot_ws/install/bumperbot_msgs/lib/pkgconfig/bumperbot_msgs.pc'
[0.552s] Level 1:colcon.colcon_core.environment:checking '/home/mhdns/bumperbot_ws/install/bumperbot_msgs/lib/python3.10/site-packages'
[0.552s] Level 1:colcon.colcon_core.environment:checking '/home/mhdns/bumperbot_ws/install/bumperbot_msgs/bin'
[0.552s] INFO:colcon.colcon_core.shell:Creating package script '/home/mhdns/bumperbot_ws/install/bumperbot_msgs/share/bumperbot_msgs/package.ps1'
[0.553s] INFO:colcon.colcon_core.shell:Creating package descriptor '/home/mhdns/bumperbot_ws/install/bumperbot_msgs/share/bumperbot_msgs/package.dsv'
[0.553s] INFO:colcon.colcon_core.shell:Creating package script '/home/mhdns/bumperbot_ws/install/bumperbot_msgs/share/bumperbot_msgs/package.sh'
[0.553s] INFO:colcon.colcon_core.shell:Creating package script '/home/mhdns/bumperbot_ws/install/bumperbot_msgs/share/bumperbot_msgs/package.bash'
[0.554s] INFO:colcon.colcon_core.shell:Creating package script '/home/mhdns/bumperbot_ws/install/bumperbot_msgs/share/bumperbot_msgs/package.zsh'
[0.554s] Level 1:colcon.colcon_core.environment:create_file_with_runtime_dependencies(/home/mhdns/bumperbot_ws/install/bumperbot_msgs/share/colcon-core/packages/bumperbot_msgs)
[0.554s] INFO:colcon.colcon_ros.task.ament_cmake.build:Building ROS package in '/home/mhdns/bumperbot_ws/src/bumperbot_cpp_examples' with build type 'ament_cmake'
[0.554s] INFO:colcon.colcon_cmake.task.cmake.build:Building CMake package in '/home/mhdns/bumperbot_ws/src/bumperbot_cpp_examples'
[0.554s] INFO:colcon.colcon_core.shell:Skip shell extension 'powershell' for command environment: Not usable outside of PowerShell
[0.555s] DEBUG:colcon.colcon_core.shell:Skip shell extension 'dsv' for command environment
[0.557s] INFO:colcon.colcon_ros.task.ament_python.build:Building ROS package in '/home/mhdns/bumperbot_ws/src/bumperbot_py_examples' with build type 'ament_python'
[0.557s] Level 1:colcon.colcon_core.shell:create_environment_hook('bumperbot_py_examples', 'ament_prefix_path')
[0.558s] INFO:colcon.colcon_core.shell:Creating environment hook '/home/mhdns/bumperbot_ws/install/bumperbot_py_examples/share/bumperbot_py_examples/hook/ament_prefix_path.ps1'
[0.558s] INFO:colcon.colcon_core.shell:Creating environment descriptor '/home/mhdns/bumperbot_ws/install/bumperbot_py_examples/share/bumperbot_py_examples/hook/ament_prefix_path.dsv'
[0.558s] INFO:colcon.colcon_core.shell:Creating environment hook '/home/mhdns/bumperbot_ws/install/bumperbot_py_examples/share/bumperbot_py_examples/hook/ament_prefix_path.sh'
[0.559s] INFO:colcon.colcon_core.shell:Skip shell extension 'powershell' for command environment: Not usable outside of PowerShell
[0.559s] DEBUG:colcon.colcon_core.shell:Skip shell extension 'dsv' for command environment
[0.604s] DEBUG:colcon.colcon_core.event_handler.log_command:Invoking command in '/home/mhdns/bumperbot_ws/build/bumperbot_cpp_examples': AMENT_PREFIX_PATH=/home/mhdns/bumperbot_ws/install/bumperbot_msgs:${AMENT_PREFIX_PATH} CMAKE_PREFIX_PATH=/home/mhdns/bumperbot_ws/install/bumperbot_msgs:${CMAKE_PREFIX_PATH} LD_LIBRARY_PATH=/home/mhdns/bumperbot_ws/install/bumperbot_msgs/lib:${LD_LIBRARY_PATH} PYTHONPATH=/home/mhdns/bumperbot_ws/install/bumperbot_msgs/local/lib/python3.10/dist-packages:${PYTHONPATH} /usr/bin/cmake --build /home/mhdns/bumperbot_ws/build/bumperbot_cpp_examples -- -j32 -l32
[0.765s] INFO:colcon.colcon_core.task.python.build:Building Python package in '/home/mhdns/bumperbot_ws/src/bumperbot_py_examples'
[0.765s] INFO:colcon.colcon_core.shell:Skip shell extension 'powershell' for command environment: Not usable outside of PowerShell
[0.765s] DEBUG:colcon.colcon_core.shell:Skip shell extension 'dsv' for command environment
[0.768s] DEBUG:colcon.colcon_core.event_handler.log_command:Invoked command in '/home/mhdns/bumperbot_ws/build/bumperbot_cpp_examples' returned '0': AMENT_PREFIX_PATH=/home/mhdns/bumperbot_ws/install/bumperbot_msgs:${AMENT_PREFIX_PATH} CMAKE_PREFIX_PATH=/home/mhdns/bumperbot_ws/install/bumperbot_msgs:${CMAKE_PREFIX_PATH} LD_LIBRARY_PATH=/home/mhdns/bumperbot_ws/install/bumperbot_msgs/lib:${LD_LIBRARY_PATH} PYTHONPATH=/home/mhdns/bumperbot_ws/install/bumperbot_msgs/local/lib/python3.10/dist-packages:${PYTHONPATH} /usr/bin/cmake --build /home/mhdns/bumperbot_ws/build/bumperbot_cpp_examples -- -j32 -l32
[0.795s] DEBUG:colcon.colcon_core.event_handler.log_command:Invoking command in '/home/mhdns/bumperbot_ws/build/bumperbot_cpp_examples': AMENT_PREFIX_PATH=/home/mhdns/bumperbot_ws/install/bumperbot_msgs:${AMENT_PREFIX_PATH} CMAKE_PREFIX_PATH=/home/mhdns/bumperbot_ws/install/bumperbot_msgs:${CMAKE_PREFIX_PATH} LD_LIBRARY_PATH=/home/mhdns/bumperbot_ws/install/bumperbot_msgs/lib:${LD_LIBRARY_PATH} PYTHONPATH=/home/mhdns/bumperbot_ws/install/bumperbot_msgs/local/lib/python3.10/dist-packages:${PYTHONPATH} /usr/bin/cmake --install /home/mhdns/bumperbot_ws/build/bumperbot_cpp_examples
[0.803s] Level 1:colcon.colcon_core.environment:create_environment_scripts_only(bumperbot_cpp_examples)
[0.803s] DEBUG:colcon.colcon_core.event_handler.log_command:Invoked command in '/home/mhdns/bumperbot_ws/build/bumperbot_cpp_examples' returned '0': AMENT_PREFIX_PATH=/home/mhdns/bumperbot_ws/install/bumperbot_msgs:${AMENT_PREFIX_PATH} CMAKE_PREFIX_PATH=/home/mhdns/bumperbot_ws/install/bumperbot_msgs:${CMAKE_PREFIX_PATH} LD_LIBRARY_PATH=/home/mhdns/bumperbot_ws/install/bumperbot_msgs/lib:${LD_LIBRARY_PATH} PYTHONPATH=/home/mhdns/bumperbot_ws/install/bumperbot_msgs/local/lib/python3.10/dist-packages:${PYTHONPATH} /usr/bin/cmake --install /home/mhdns/bumperbot_ws/build/bumperbot_cpp_examples
[0.804s] Level 1:colcon.colcon_core.environment:checking '/home/mhdns/bumperbot_ws/install/bumperbot_cpp_examples' for CMake module files
[0.804s] Level 1:colcon.colcon_core.environment:checking '/home/mhdns/bumperbot_ws/install/bumperbot_cpp_examples' for CMake config files
[0.804s] Level 1:colcon.colcon_core.shell:create_environment_hook('bumperbot_cpp_examples', 'cmake_prefix_path')
[0.804s] INFO:colcon.colcon_core.shell:Creating environment hook '/home/mhdns/bumperbot_ws/install/bumperbot_cpp_examples/share/bumperbot_cpp_examples/hook/cmake_prefix_path.ps1'
[0.805s] INFO:colcon.colcon_core.shell:Creating environment descriptor '/home/mhdns/bumperbot_ws/install/bumperbot_cpp_examples/share/bumperbot_cpp_examples/hook/cmake_prefix_path.dsv'
[0.805s] INFO:colcon.colcon_core.shell:Creating environment hook '/home/mhdns/bumperbot_ws/install/bumperbot_cpp_examples/share/bumperbot_cpp_examples/hook/cmake_prefix_path.sh'
[0.805s] Level 1:colcon.colcon_core.environment:checking '/home/mhdns/bumperbot_ws/install/bumperbot_cpp_examples/lib'
[0.805s] Level 1:colcon.colcon_core.environment:checking '/home/mhdns/bumperbot_ws/install/bumperbot_cpp_examples/bin'
[0.805s] Level 1:colcon.colcon_core.environment:checking '/home/mhdns/bumperbot_ws/install/bumperbot_cpp_examples/lib/pkgconfig/bumperbot_cpp_examples.pc'
[0.805s] Level 1:colcon.colcon_core.environment:checking '/home/mhdns/bumperbot_ws/install/bumperbot_cpp_examples/lib/python3.10/site-packages'
[0.805s] Level 1:colcon.colcon_core.environment:checking '/home/mhdns/bumperbot_ws/install/bumperbot_cpp_examples/bin'
[0.806s] INFO:colcon.colcon_core.shell:Creating package script '/home/mhdns/bumperbot_ws/install/bumperbot_cpp_examples/share/bumperbot_cpp_examples/package.ps1'
[0.806s] INFO:colcon.colcon_core.shell:Creating package descriptor '/home/mhdns/bumperbot_ws/install/bumperbot_cpp_examples/share/bumperbot_cpp_examples/package.dsv'
[0.806s] INFO:colcon.colcon_core.shell:Creating package script '/home/mhdns/bumperbot_ws/install/bumperbot_cpp_examples/share/bumperbot_cpp_examples/package.sh'
[0.806s] INFO:colcon.colcon_core.shell:Creating package script '/home/mhdns/bumperbot_ws/install/bumperbot_cpp_examples/share/bumperbot_cpp_examples/package.bash'
[0.807s] INFO:colcon.colcon_core.shell:Creating package script '/home/mhdns/bumperbot_ws/install/bumperbot_cpp_examples/share/bumperbot_cpp_examples/package.zsh'
[0.807s] Level 1:colcon.colcon_core.environment:create_file_with_runtime_dependencies(/home/mhdns/bumperbot_ws/install/bumperbot_cpp_examples/share/colcon-core/packages/bumperbot_cpp_examples)
[0.832s] Level 1:colcon.colcon_core.environment:create_environment_scripts_only(bumperbot_cpp_examples)
[0.832s] Level 1:colcon.colcon_core.environment:checking '/home/mhdns/bumperbot_ws/install/bumperbot_cpp_examples' for CMake module files
[0.833s] Level 1:colcon.colcon_core.environment:checking '/home/mhdns/bumperbot_ws/install/bumperbot_cpp_examples' for CMake config files
[0.833s] Level 1:colcon.colcon_core.shell:create_environment_hook('bumperbot_cpp_examples', 'cmake_prefix_path')
[0.833s] INFO:colcon.colcon_core.shell:Creating environment hook '/home/mhdns/bumperbot_ws/install/bumperbot_cpp_examples/share/bumperbot_cpp_examples/hook/cmake_prefix_path.ps1'
[0.833s] INFO:colcon.colcon_core.shell:Creating environment descriptor '/home/mhdns/bumperbot_ws/install/bumperbot_cpp_examples/share/bumperbot_cpp_examples/hook/cmake_prefix_path.dsv'
[0.833s] INFO:colcon.colcon_core.shell:Creating environment hook '/home/mhdns/bumperbot_ws/install/bumperbot_cpp_examples/share/bumperbot_cpp_examples/hook/cmake_prefix_path.sh'
[0.834s] Level 1:colcon.colcon_core.environment:checking '/home/mhdns/bumperbot_ws/install/bumperbot_cpp_examples/lib'
[0.834s] Level 1:colcon.colcon_core.environment:checking '/home/mhdns/bumperbot_ws/install/bumperbot_cpp_examples/bin'
[0.834s] Level 1:colcon.colcon_core.environment:checking '/home/mhdns/bumperbot_ws/install/bumperbot_cpp_examples/lib/pkgconfig/bumperbot_cpp_examples.pc'
[0.834s] Level 1:colcon.colcon_core.environment:checking '/home/mhdns/bumperbot_ws/install/bumperbot_cpp_examples/lib/python3.10/site-packages'
[0.834s] Level 1:colcon.colcon_core.environment:checking '/home/mhdns/bumperbot_ws/install/bumperbot_cpp_examples/bin'
[0.834s] INFO:colcon.colcon_core.shell:Creating package script '/home/mhdns/bumperbot_ws/install/bumperbot_cpp_examples/share/bumperbot_cpp_examples/package.ps1'
[0.835s] INFO:colcon.colcon_core.shell:Creating package descriptor '/home/mhdns/bumperbot_ws/install/bumperbot_cpp_examples/share/bumperbot_cpp_examples/package.dsv'
[0.835s] INFO:colcon.colcon_core.shell:Creating package script '/home/mhdns/bumperbot_ws/install/bumperbot_cpp_examples/share/bumperbot_cpp_examples/package.sh'
[0.835s] INFO:colcon.colcon_core.shell:Creating package script '/home/mhdns/bumperbot_ws/install/bumperbot_cpp_examples/share/bumperbot_cpp_examples/package.bash'
[0.835s] INFO:colcon.colcon_core.shell:Creating package script '/home/mhdns/bumperbot_ws/install/bumperbot_cpp_examples/share/bumperbot_cpp_examples/package.zsh'
[0.835s] Level 1:colcon.colcon_core.environment:create_file_with_runtime_dependencies(/home/mhdns/bumperbot_ws/install/bumperbot_cpp_examples/share/colcon-core/packages/bumperbot_cpp_examples)
[1.027s] DEBUG:colcon.colcon_core.event_handler.log_command:Invoking command in '/home/mhdns/bumperbot_ws/src/bumperbot_py_examples': AMENT_PREFIX_PATH=/home/mhdns/bumperbot_ws/install/bumperbot_msgs:${AMENT_PREFIX_PATH} CMAKE_PREFIX_PATH=/home/mhdns/bumperbot_ws/install/bumperbot_msgs:${CMAKE_PREFIX_PATH} LD_LIBRARY_PATH=/home/mhdns/bumperbot_ws/install/bumperbot_msgs/lib:${LD_LIBRARY_PATH} PYTHONPATH=/home/mhdns/bumperbot_ws/build/bumperbot_py_examples/prefix_override:/usr/lib/python3/dist-packages/colcon_core/task/python/colcon_distutils_commands:/home/mhdns/bumperbot_ws/install/bumperbot_py_examples/lib/python3.10/site-packages:/home/mhdns/bumperbot_ws/install/bumperbot_msgs/local/lib/python3.10/dist-packages:${PYTHONPATH} /usr/bin/python3 -W ignore:setup.py install is deprecated setup.py egg_info --egg-base ../../build/bumperbot_py_examples build --build-base /home/mhdns/bumperbot_ws/build/bumperbot_py_examples/build install --record /home/mhdns/bumperbot_ws/build/bumperbot_py_examples/install.log --single-version-externally-managed install_data
[1.202s] Level 1:colcon.colcon_core.environment:checking '/home/mhdns/bumperbot_ws/install/bumperbot_py_examples' for CMake module files
[1.202s] DEBUG:colcon.colcon_core.event_handler.log_command:Invoked command in '/home/mhdns/bumperbot_ws/src/bumperbot_py_examples' returned '0': AMENT_PREFIX_PATH=/home/mhdns/bumperbot_ws/install/bumperbot_msgs:${AMENT_PREFIX_PATH} CMAKE_PREFIX_PATH=/home/mhdns/bumperbot_ws/install/bumperbot_msgs:${CMAKE_PREFIX_PATH} LD_LIBRARY_PATH=/home/mhdns/bumperbot_ws/install/bumperbot_msgs/lib:${LD_LIBRARY_PATH} PYTHONPATH=/home/mhdns/bumperbot_ws/build/bumperbot_py_examples/prefix_override:/usr/lib/python3/dist-packages/colcon_core/task/python/colcon_distutils_commands:/home/mhdns/bumperbot_ws/install/bumperbot_py_examples/lib/python3.10/site-packages:/home/mhdns/bumperbot_ws/install/bumperbot_msgs/local/lib/python3.10/dist-packages:${PYTHONPATH} /usr/bin/python3 -W ignore:setup.py install is deprecated setup.py egg_info --egg-base ../../build/bumperbot_py_examples build --build-base /home/mhdns/bumperbot_ws/build/bumperbot_py_examples/build install --record /home/mhdns/bumperbot_ws/build/bumperbot_py_examples/install.log --single-version-externally-managed install_data
[1.202s] Level 1:colcon.colcon_core.environment:checking '/home/mhdns/bumperbot_ws/install/bumperbot_py_examples' for CMake config files
[1.203s] Level 1:colcon.colcon_core.environment:checking '/home/mhdns/bumperbot_ws/install/bumperbot_py_examples/lib'
[1.203s] Level 1:colcon.colcon_core.environment:checking '/home/mhdns/bumperbot_ws/install/bumperbot_py_examples/bin'
[1.203s] Level 1:colcon.colcon_core.environment:checking '/home/mhdns/bumperbot_ws/install/bumperbot_py_examples/lib/pkgconfig/bumperbot_py_examples.pc'
[1.203s] Level 1:colcon.colcon_core.environment:checking '/home/mhdns/bumperbot_ws/install/bumperbot_py_examples/lib/python3.10/site-packages'
[1.203s] Level 1:colcon.colcon_core.shell:create_environment_hook('bumperbot_py_examples', 'pythonpath')
[1.203s] INFO:colcon.colcon_core.shell:Creating environment hook '/home/mhdns/bumperbot_ws/install/bumperbot_py_examples/share/bumperbot_py_examples/hook/pythonpath.ps1'
[1.203s] INFO:colcon.colcon_core.shell:Creating environment descriptor '/home/mhdns/bumperbot_ws/install/bumperbot_py_examples/share/bumperbot_py_examples/hook/pythonpath.dsv'
[1.204s] INFO:colcon.colcon_core.shell:Creating environment hook '/home/mhdns/bumperbot_ws/install/bumperbot_py_examples/share/bumperbot_py_examples/hook/pythonpath.sh'
[1.204s] Level 1:colcon.colcon_core.environment:checking '/home/mhdns/bumperbot_ws/install/bumperbot_py_examples/bin'
[1.204s] Level 1:colcon.colcon_core.environment:create_environment_scripts_only(bumperbot_py_examples)
[1.204s] INFO:colcon.colcon_core.shell:Creating package script '/home/mhdns/bumperbot_ws/install/bumperbot_py_examples/share/bumperbot_py_examples/package.ps1'
[1.205s] INFO:colcon.colcon_core.shell:Creating package descriptor '/home/mhdns/bumperbot_ws/install/bumperbot_py_examples/share/bumperbot_py_examples/package.dsv'
[1.205s] INFO:colcon.colcon_core.shell:Creating package script '/home/mhdns/bumperbot_ws/install/bumperbot_py_examples/share/bumperbot_py_examples/package.sh'
[1.205s] INFO:colcon.colcon_core.shell:Creating package script '/home/mhdns/bumperbot_ws/install/bumperbot_py_examples/share/bumperbot_py_examples/package.bash'
[1.205s] INFO:colcon.colcon_core.shell:Creating package script '/home/mhdns/bumperbot_ws/install/bumperbot_py_examples/share/bumperbot_py_examples/package.zsh'
[1.205s] Level 1:colcon.colcon_core.environment:create_file_with_runtime_dependencies(/home/mhdns/bumperbot_ws/install/bumperbot_py_examples/share/colcon-core/packages/bumperbot_py_examples)
[6.880s] DEBUG:colcon.colcon_core.event_handler.log_command:Invoked command in '/home/mhdns/bumperbot_ws/build/bumperbot_controller' returned '0': /usr/bin/cmake --build /home/mhdns/bumperbot_ws/build/bumperbot_controller -- -j32 -l32
[6.893s] DEBUG:colcon.colcon_core.event_handler.log_command:Invoking command in '/home/mhdns/bumperbot_ws/build/bumperbot_controller': /usr/bin/cmake --install /home/mhdns/bumperbot_ws/build/bumperbot_controller
[6.932s] Level 1:colcon.colcon_core.environment:create_environment_scripts_only(bumperbot_controller)
[6.933s] Level 1:colcon.colcon_core.environment:checking '/home/mhdns/bumperbot_ws/install/bumperbot_controller' for CMake module files
[6.933s] DEBUG:colcon.colcon_core.event_handler.log_command:Invoked command in '/home/mhdns/bumperbot_ws/build/bumperbot_controller' returned '0': /usr/bin/cmake --install /home/mhdns/bumperbot_ws/build/bumperbot_controller
[6.933s] Level 1:colcon.colcon_core.environment:checking '/home/mhdns/bumperbot_ws/install/bumperbot_controller' for CMake config files
[6.933s] Level 1:colcon.colcon_core.shell:create_environment_hook('bumperbot_controller', 'cmake_prefix_path')
[6.934s] INFO:colcon.colcon_core.shell:Creating environment hook '/home/mhdns/bumperbot_ws/install/bumperbot_controller/share/bumperbot_controller/hook/cmake_prefix_path.ps1'
[6.934s] INFO:colcon.colcon_core.shell:Creating environment descriptor '/home/mhdns/bumperbot_ws/install/bumperbot_controller/share/bumperbot_controller/hook/cmake_prefix_path.dsv'
[6.934s] INFO:colcon.colcon_core.shell:Creating environment hook '/home/mhdns/bumperbot_ws/install/bumperbot_controller/share/bumperbot_controller/hook/cmake_prefix_path.sh'
[6.934s] Level 1:colcon.colcon_core.environment:checking '/home/mhdns/bumperbot_ws/install/bumperbot_controller/lib'
[6.934s] Level 1:colcon.colcon_core.environment:checking '/home/mhdns/bumperbot_ws/install/bumperbot_controller/bin'
[6.935s] Level 1:colcon.colcon_core.environment:checking '/home/mhdns/bumperbot_ws/install/bumperbot_controller/lib/pkgconfig/bumperbot_controller.pc'
[6.935s] Level 1:colcon.colcon_core.environment:checking '/home/mhdns/bumperbot_ws/install/bumperbot_controller/lib/python3.10/site-packages'
[6.935s] Level 1:colcon.colcon_core.environment:checking '/home/mhdns/bumperbot_ws/install/bumperbot_controller/bin'
[6.935s] INFO:colcon.colcon_core.shell:Creating package script '/home/mhdns/bumperbot_ws/install/bumperbot_controller/share/bumperbot_controller/package.ps1'
[6.935s] INFO:colcon.colcon_core.shell:Creating package descriptor '/home/mhdns/bumperbot_ws/install/bumperbot_controller/share/bumperbot_controller/package.dsv'
[6.935s] INFO:colcon.colcon_core.shell:Creating package script '/home/mhdns/bumperbot_ws/install/bumperbot_controller/share/bumperbot_controller/package.sh'
[6.936s] INFO:colcon.colcon_core.shell:Creating package script '/home/mhdns/bumperbot_ws/install/bumperbot_controller/share/bumperbot_controller/package.bash'
[6.936s] INFO:colcon.colcon_core.shell:Creating package script '/home/mhdns/bumperbot_ws/install/bumperbot_controller/share/bumperbot_controller/package.zsh'
[6.936s] Level 1:colcon.colcon_core.environment:create_file_with_runtime_dependencies(/home/mhdns/bumperbot_ws/install/bumperbot_controller/share/colcon-core/packages/bumperbot_controller)
[6.949s] Level 1:colcon.colcon_core.environment:create_environment_scripts_only(bumperbot_controller)
[6.949s] Level 1:colcon.colcon_core.environment:checking '/home/mhdns/bumperbot_ws/install/bumperbot_controller' for CMake module files
[6.949s] Level 1:colcon.colcon_core.environment:checking '/home/mhdns/bumperbot_ws/install/bumperbot_controller' for CMake config files
[6.950s] Level 1:colcon.colcon_core.shell:create_environment_hook('bumperbot_controller', 'cmake_prefix_path')
[6.950s] INFO:colcon.colcon_core.shell:Creating environment hook '/home/mhdns/bumperbot_ws/install/bumperbot_controller/share/bumperbot_controller/hook/cmake_prefix_path.ps1'
[6.950s] INFO:colcon.colcon_core.shell:Creating environment descriptor '/home/mhdns/bumperbot_ws/install/bumperbot_controller/share/bumperbot_controller/hook/cmake_prefix_path.dsv'
[6.950s] INFO:colcon.colcon_core.shell:Creating environment hook '/home/mhdns/bumperbot_ws/install/bumperbot_controller/share/bumperbot_controller/hook/cmake_prefix_path.sh'
[6.951s] Level 1:colcon.colcon_core.environment:checking '/home/mhdns/bumperbot_ws/install/bumperbot_controller/lib'
[6.951s] Level 1:colcon.colcon_core.environment:checking '/home/mhdns/bumperbot_ws/install/bumperbot_controller/bin'
[6.951s] Level 1:colcon.colcon_core.environment:checking '/home/mhdns/bumperbot_ws/install/bumperbot_controller/lib/pkgconfig/bumperbot_controller.pc'
[6.951s] Level 1:colcon.colcon_core.environment:checking '/home/mhdns/bumperbot_ws/install/bumperbot_controller/lib/python3.10/site-packages'
[6.951s] Level 1:colcon.colcon_core.environment:checking '/home/mhdns/bumperbot_ws/install/bumperbot_controller/bin'
[6.951s] INFO:colcon.colcon_core.shell:Creating package script '/home/mhdns/bumperbot_ws/install/bumperbot_controller/share/bumperbot_controller/package.ps1'
[6.952s] INFO:colcon.colcon_core.shell:Creating package descriptor '/home/mhdns/bumperbot_ws/install/bumperbot_controller/share/bumperbot_controller/package.dsv'
[6.952s] INFO:colcon.colcon_core.shell:Creating package script '/home/mhdns/bumperbot_ws/install/bumperbot_controller/share/bumperbot_controller/package.sh'
[6.952s] INFO:colcon.colcon_core.shell:Creating package script '/home/mhdns/bumperbot_ws/install/bumperbot_controller/share/bumperbot_controller/package.bash'
[6.952s] INFO:colcon.colcon_core.shell:Creating package script '/home/mhdns/bumperbot_ws/install/bumperbot_controller/share/bumperbot_controller/package.zsh'
[6.953s] Level 1:colcon.colcon_core.environment:create_file_with_runtime_dependencies(/home/mhdns/bumperbot_ws/install/bumperbot_controller/share/colcon-core/packages/bumperbot_controller)
[6.953s] DEBUG:colcon.colcon_parallel_executor.executor.parallel:closing loop
[6.953s] DEBUG:colcon.colcon_parallel_executor.executor.parallel:loop closed
[6.953s] DEBUG:colcon.colcon_parallel_executor.executor.parallel:run_until_complete finished with '0'
[6.953s] DEBUG:colcon.colcon_core.event_reactor:joining thread
[6.957s] INFO:colcon.colcon_core.plugin_system:Skipping extension 'colcon_notification.desktop_notification.terminal_notifier': Not used on non-Darwin systems
[6.957s] INFO:colcon.colcon_core.plugin_system:Skipping extension 'colcon_notification.desktop_notification.win32': Not used on non-Windows systems
[6.957s] INFO:colcon.colcon_notification.desktop_notification:Sending desktop notification using 'notify2'
[6.960s] DEBUG:colcon.colcon_core.event_reactor:joined thread
[6.960s] INFO:colcon.colcon_core.shell:Creating prefix script '/home/mhdns/bumperbot_ws/install/local_setup.ps1'
[6.961s] INFO:colcon.colcon_core.shell:Creating prefix util module '/home/mhdns/bumperbot_ws/install/_local_setup_util_ps1.py'
[6.962s] INFO:colcon.colcon_core.shell:Creating prefix chain script '/home/mhdns/bumperbot_ws/install/setup.ps1'
[6.963s] INFO:colcon.colcon_core.shell:Creating prefix script '/home/mhdns/bumperbot_ws/install/local_setup.sh'
[6.963s] INFO:colcon.colcon_core.shell:Creating prefix util module '/home/mhdns/bumperbot_ws/install/_local_setup_util_sh.py'
[6.963s] INFO:colcon.colcon_core.shell:Creating prefix chain script '/home/mhdns/bumperbot_ws/install/setup.sh'
[6.964s] INFO:colcon.colcon_core.shell:Creating prefix script '/home/mhdns/bumperbot_ws/install/local_setup.bash'
[6.964s] INFO:colcon.colcon_core.shell:Creating prefix chain script '/home/mhdns/bumperbot_ws/install/setup.bash'
[6.964s] INFO:colcon.colcon_core.shell:Creating prefix script '/home/mhdns/bumperbot_ws/install/local_setup.zsh'
[6.965s] INFO:colcon.colcon_core.shell:Creating prefix chain script '/home/mhdns/bumperbot_ws/install/setup.zsh'
